Welcome to MED2.0
Genome file is /home3/katelyn/PATRIC/fna/1003177.7.fna
sequence size: 134742
GC%: 0.36204

Number of exactcted ORFs: 1031
Select root ORFs and first running of TIS model...
 iteration      Selected as coding    rejected as non-coding
       0                       17                        8
       1                       22                       62
       2                       20                      134
       3                        5                       99
       4                        1                       76
       5                        0                       32
       6                        0                       12
       7                        0                        0
Selected root coding ORFs number: 65
Rejected non-coding ORFs number: 423
Remaining ORFs number: 543

Select coding ORFs from remianing ORFs using a Fisher discriminant function...
Remaining: 350
Process overlapping genes...
Totally predict 243 genes.
Second run of TIS model.
Extract TUI and TUL genes (length >300bp)
TUI genes number: 89
TUL genes number: 46
Compare TUI TIS model with TUL TIS model...
Train TUI TIS model..
Train TUL TIS model..
Lamda > 0: TUL TIS model is similar to TUI TIS model.
Re-train TIS model......
Choose final TIS...
Predicted genes have been saved in file: /home3/katelyn/PATRIC/fna/1003177.7.fna.MED
Detailed information for predicted TIS has been saved in /home3/katelyn/PATRIC/fna/1003177.7.fna.MED.para
