Welcome to MED2.0
Genome file is /home3/katelyn/PATRIC/fna/1010614.10.fna
sequence size: 18168
GC%: 0.28908

Number of exactcted ORFs: 108
Select root ORFs and first running of TIS model...
 iteration      Selected as coding    rejected as non-coding
       0                        0                        0
Selected root coding ORFs number: 0
Rejected non-coding ORFs number: 0
Remaining ORFs number: 108

Select coding ORFs from remianing ORFs using a Fisher discriminant function...
Remaining: 31
Process overlapping genes...
Totally predict 18 genes.
Second run of TIS model.
Extract TUI and TUL genes (length >300bp)
TUI genes number: 10
TUL genes number: 3
Compare TUI TIS model with TUL TIS model...
Train TUI TIS model..
Train TUL TIS model..
Lamda > 0: TUL TIS model is similar to TUI TIS model.
Re-train TIS model....
Choose final TIS...
Predicted genes have been saved in file: /home3/katelyn/PATRIC/fna/1010614.10.fna.MED
Detailed information for predicted TIS has been saved in /home3/katelyn/PATRIC/fna/1010614.10.fna.MED.para
