Welcome to MED2.0
Genome file is /home3/katelyn/PATRIC/fna/101570.9.fna
sequence size: 46900
GC%: 0.485928

Number of exactcted ORFs: 497
Select root ORFs and first running of TIS model...
 iteration      Selected as coding    rejected as non-coding
       0                       11                       30
       1                        6                       61
       2                        4                       27
       3                        0                        8
       4                        0                        1
       5                        0                        0
Selected root coding ORFs number: 21
Rejected non-coding ORFs number: 127
Remaining ORFs number: 349

Select coding ORFs from remianing ORFs using a Fisher discriminant function...
Remaining: 233
Process overlapping genes...
Totally predict 89 genes.
Second run of TIS model.
Extract TUI and TUL genes (length >300bp)
TUI genes number: 35
TUL genes number: 12
Compare TUI TIS model with TUL TIS model...
Train TUI TIS model..
Train TUL TIS model..
Lamda > 0: TUL TIS model is similar to TUI TIS model.
Re-train TIS model....
Choose final TIS...
Predicted genes have been saved in file: /home3/katelyn/PATRIC/fna/101570.9.fna.MED
Detailed information for predicted TIS has been saved in /home3/katelyn/PATRIC/fna/101570.9.fna.MED.para
