Welcome to MED2.0
Genome file is /home3/katelyn/PATRIC/fna/1028375.10.fna
sequence size: 138339
GC%: 0.304216

Number of exactcted ORFs: 723
Select root ORFs and first running of TIS model...
 iteration      Selected as coding    rejected as non-coding
       0                       15                        2
       1                       62                       32
       2                       49                      137
       3                        7                       60
       4                        0                       16
       5                        0                        4
       6                        0                        0
Selected root coding ORFs number: 133
Rejected non-coding ORFs number: 251
Remaining ORFs number: 339

Select coding ORFs from remianing ORFs using a Fisher discriminant function...
Remaining: 278
Process overlapping genes...
Totally predict 216 genes.
Second run of TIS model.
Extract TUI and TUL genes (length >300bp)
TUI genes number: 87
TUL genes number: 52
Compare TUI TIS model with TUL TIS model...
Train TUI TIS model..
Train TUL TIS model..
Lamda > 0: TUL TIS model is similar to TUI TIS model.
Re-train TIS model....
Choose final TIS...
Predicted genes have been saved in file: /home3/katelyn/PATRIC/fna/1028375.10.fna.MED
Detailed information for predicted TIS has been saved in /home3/katelyn/PATRIC/fna/1028375.10.fna.MED.para
