Welcome to MED2.0
Genome file is /home3/katelyn/PATRIC/fna/1029988.9.fna
sequence size: 243050
GC%: 0.512899

Number of exactcted ORFs: 2492
Select root ORFs and first running of TIS model...
 iteration      Selected as coding    rejected as non-coding
       0                      132                      196
       1                       47                      611
       2                        3                      236
       3                        0                       65
       4                        0                       51
       5                        0                       53
       6                        0                       27
       7                        0                       12
       8                        0                        3
       9                        0                        1
      10                        0                        1
      11                        0                        0
Selected root coding ORFs number: 182
Rejected non-coding ORFs number: 1256
Remaining ORFs number: 1054

Select coding ORFs from remianing ORFs using a Fisher discriminant function...
Remaining: 631
Process overlapping genes...
Totally predict 289 genes.
Second run of TIS model.
Extract TUI and TUL genes (length >300bp)
TUI genes number: 141
TUL genes number: 94
Compare TUI TIS model with TUL TIS model...
Train TUI TIS model..
Train TUL TIS model..
Lamda > 0: TUL TIS model is similar to TUI TIS model.
Re-train TIS model....
Choose final TIS...
Predicted genes have been saved in file: /home3/katelyn/PATRIC/fna/1029988.9.fna.MED
Detailed information for predicted TIS has been saved in /home3/katelyn/PATRIC/fna/1029988.9.fna.MED.para
