Welcome to MED2.0
Genome file is /home3/katelyn/PATRIC/fna/1032362.10.fna
sequence size: 41090
GC%: 0.308299

Number of exactcted ORFs: 238
Select root ORFs and first running of TIS model...
 iteration      Selected as coding    rejected as non-coding
       0                        6                        0
       1                        8                        0
       2                        3                        0
       3                        1                        0
       4                        0                        0
Selected root coding ORFs number: 18
Rejected non-coding ORFs number: 0
Remaining ORFs number: 220

Select coding ORFs from remianing ORFs using a Fisher discriminant function...
Remaining: 168
Process overlapping genes...
Totally predict 65 genes.
Second run of TIS model.
Extract TUI and TUL genes (length >300bp)
TUI genes number: 21
TUL genes number: 15
Compare TUI TIS model with TUL TIS model...
Train TUI TIS model..
Train TUL TIS model..
Lamda > 0: TUL TIS model is similar to TUI TIS model.
Re-train TIS model....
Choose final TIS...
Predicted genes have been saved in file: /home3/katelyn/PATRIC/fna/1032362.10.fna.MED
Detailed information for predicted TIS has been saved in /home3/katelyn/PATRIC/fna/1032362.10.fna.MED.para
