Welcome to MED2.0
Genome file is /home3/katelyn/PATRIC/fna/1034149.6.fna
sequence size: 68346
GC%: 0.664501

Number of exactcted ORFs: 780
Select root ORFs and first running of TIS model...
 iteration      Selected as coding    rejected as non-coding
       0                       62                      363
       1                        5                       80
       2                        0                        9
       3                        0                        1
       4                        0                        1
       5                        0                        0
Selected root coding ORFs number: 67
Rejected non-coding ORFs number: 496
Remaining ORFs number: 217
Select coding ORFs from remianing ORFs using Fisher discriminant functions...
Remaining: 140
Process overlapping genes...
Totally predict 101 genes.
Second run of TIS model.
Extract TUI and TUL genes (length >300bp)
TUI genes number: 33
TUL genes number: 37
Compare TUI TIS model with TUL TIS model...
Train TUI TIS model..
Train TUL TIS model..
Lamda < 0: TUL TIS model differs from TUI TIS model
Re-train TUI TIS model..
Re-train TUL TIS model......
Choose final TIS...
Predicted genes have been saved in file: /home3/katelyn/PATRIC/fna/1034149.6.fna.MED
Detailed information for predicted TIS has been saved in /home3/katelyn/PATRIC/fna/1034149.6.fna.MED.para
