Welcome to MED2.0
Genome file is /home3/katelyn/PATRIC/fna/1034102.5.fna
sequence size: 51547
GC%: 0.615458

Number of exactcted ORFs: 577
Select root ORFs and first running of TIS model...
 iteration      Selected as coding    rejected as non-coding
       0                       64                      165
       1                        9                       54
       2                        0                       10
       3                        0                        1
       4                        0                        0
Selected root coding ORFs number: 73
Rejected non-coding ORFs number: 270
Remaining ORFs number: 234
Select coding ORFs from remianing ORFs using Fisher discriminant functions...
Remaining: 146
Process overlapping genes...
Totally predict 105 genes.
Second run of TIS model.
Extract TUI and TUL genes (length >300bp)
TUI genes number: 36
TUL genes number: 24
Compare TUI TIS model with TUL TIS model...
Train TUI TIS model..
Train TUL TIS model..
Lamda > 0: TUL TIS model is similar to TUI TIS model.
Re-train TIS model.......
Choose final TIS...
Predicted genes have been saved in file: /home3/katelyn/PATRIC/fna/1034102.5.fna.MED
Detailed information for predicted TIS has been saved in /home3/katelyn/PATRIC/fna/1034102.5.fna.MED.para
