Welcome to MED2.0
Genome file is /home3/katelyn/PATRIC/fna/1035482.5.fna
sequence size: 69118
GC%: 0.663272

Number of exactcted ORFs: 786
Select root ORFs and first running of TIS model...
 iteration      Selected as coding    rejected as non-coding
       0                       64                      370
       1                        7                       80
       2                        0                        5
       3                        0                        0
Selected root coding ORFs number: 71
Rejected non-coding ORFs number: 491
Remaining ORFs number: 224
Select coding ORFs from remianing ORFs using Fisher discriminant functions...
Remaining: 161
Process overlapping genes...
Totally predict 102 genes.
Second run of TIS model.
Extract TUI and TUL genes (length >300bp)
TUI genes number: 36
TUL genes number: 34
Compare TUI TIS model with TUL TIS model...
Train TUI TIS model..
Train TUL TIS model..
Lamda > 0: TUL TIS model is similar to TUI TIS model.
Re-train TIS model....
Choose final TIS...
Predicted genes have been saved in file: /home3/katelyn/PATRIC/fna/1035482.5.fna.MED
Detailed information for predicted TIS has been saved in /home3/katelyn/PATRIC/fna/1035482.5.fna.MED.para
