Welcome to MED2.0
Genome file is /home3/katelyn/PATRIC/fna/1035662.10.fna
sequence size: 23931
GC%: 0.503489

Number of exactcted ORFs: 270
Select root ORFs and first running of TIS model...
 iteration      Selected as coding    rejected as non-coding
       0                       14                       28
       1                        5                       29
       2                        1                        8
       3                        0                        0
Selected root coding ORFs number: 20
Rejected non-coding ORFs number: 65
Remaining ORFs number: 185

Select coding ORFs from remianing ORFs using a Fisher discriminant function...
Remaining: 117
Process overlapping genes...
Totally predict 45 genes.
Second run of TIS model.
Extract TUI and TUL genes (length >300bp)
TUI genes number: 24
TUL genes number: 6
Compare TUI TIS model with TUL TIS model...
Train TUI TIS model..
Train TUL TIS model..
Lamda > 0: TUL TIS model is similar to TUI TIS model.
Re-train TIS model...
Choose final TIS...
Predicted genes have been saved in file: /home3/katelyn/PATRIC/fna/1035662.10.fna.MED
Detailed information for predicted TIS has been saved in /home3/katelyn/PATRIC/fna/1035662.10.fna.MED.para
