Welcome to MED2.0
Genome file is /home3/katelyn/PATRIC/fna/1041526.9.fna
sequence size: 139738
GC%: 0.302194

Number of exactcted ORFs: 729
Select root ORFs and first running of TIS model...
 iteration      Selected as coding    rejected as non-coding
       0                       15                        1
       1                       59                       22
       2                       48                      117
       3                        8                       67
       4                        1                       22
       5                        0                       17
       6                        0                        9
       7                        0                       13
       8                        0                       12
       9                        0                        7
      10                        0                        3
      11                        0                        0
Selected root coding ORFs number: 131
Rejected non-coding ORFs number: 290
Remaining ORFs number: 308

Select coding ORFs from remianing ORFs using a Fisher discriminant function...
Remaining: 243
Process overlapping genes...
Totally predict 213 genes.
Second run of TIS model.
Extract TUI and TUL genes (length >300bp)
TUI genes number: 92
TUL genes number: 44
Compare TUI TIS model with TUL TIS model...
Train TUI TIS model..
Train TUL TIS model..
Lamda > 0: TUL TIS model is similar to TUI TIS model.
Re-train TIS model..
Choose final TIS...
Predicted genes have been saved in file: /home3/katelyn/PATRIC/fna/1041526.9.fna.MED
Detailed information for predicted TIS has been saved in /home3/katelyn/PATRIC/fna/1041526.9.fna.MED.para
