Welcome to MED2.0
Genome file is /home3/katelyn/PATRIC/fna/1041527.9.fna
sequence size: 132123
GC%: 0.303089

Number of exactcted ORFs: 699
Select root ORFs and first running of TIS model...
 iteration      Selected as coding    rejected as non-coding
       0                       60                        9
       1                       81                       47
       2                       12                      103
       3                        0                       56
       4                        0                       22
       5                        0                        9
       6                        0                        3
       7                        0                        2
       8                        0                        0
Selected root coding ORFs number: 153
Rejected non-coding ORFs number: 251
Remaining ORFs number: 295

Select coding ORFs from remianing ORFs using a Fisher discriminant function...
Remaining: 252
Process overlapping genes...
Totally predict 194 genes.
Second run of TIS model.
Extract TUI and TUL genes (length >300bp)
TUI genes number: 82
TUL genes number: 43
Compare TUI TIS model with TUL TIS model...
Train TUI TIS model..
Train TUL TIS model..
Lamda > 0: TUL TIS model is similar to TUI TIS model.
Re-train TIS model...
Choose final TIS...
Predicted genes have been saved in file: /home3/katelyn/PATRIC/fna/1041527.9.fna.MED
Detailed information for predicted TIS has been saved in /home3/katelyn/PATRIC/fna/1041527.9.fna.MED.para
