Welcome to MED2.0
Genome file is /home3/katelyn/PATRIC/fna/1051673.9.fna
sequence size: 39282
GC%: 0.519373

Number of exactcted ORFs: 411
Select root ORFs and first running of TIS model...
 iteration      Selected as coding    rejected as non-coding
       0                       15                       20
       1                        4                       93
       2                        1                       54
       3                        0                       14
       4                        0                        2
       5                        0                        4
       6                        0                        8
       7                        0                       10
       8                        0                        3
       9                        0                        2
      10                        0                        0
Selected root coding ORFs number: 20
Rejected non-coding ORFs number: 210
Remaining ORFs number: 181

Select coding ORFs from remianing ORFs using a Fisher discriminant function...
Remaining: 74
Process overlapping genes...
Totally predict 48 genes.
Second run of TIS model.
Extract TUI and TUL genes (length >300bp)
TUI genes number: 13
TUL genes number: 18
Compare TUI TIS model with TUL TIS model...
Train TUI TIS model..
Train TUL TIS model..
Lamda > 0: TUL TIS model is similar to TUI TIS model.
Re-train TIS model....
Choose final TIS...
Predicted genes have been saved in file: /home3/katelyn/PATRIC/fna/1051673.9.fna.MED
Detailed information for predicted TIS has been saved in /home3/katelyn/PATRIC/fna/1051673.9.fna.MED.para
