Welcome to MED2.0
Genome file is /home3/katelyn/PATRIC/fna/10702.9.fna
sequence size: 49220
GC%: 0.711377

Number of exactcted ORFs: 447
Select root ORFs and first running of TIS model...
 iteration      Selected as coding    rejected as non-coding
Extrem low percentage for certain TIS.
Will omit the start codon column in the weight
matrix of starts
       0                       27                      236
Extrem low percentage for certain TIS.
Will omit the start codon column in the weight
matrix of starts
       1                        4                       36
Extrem low percentage for certain TIS.
Will omit the start codon column in the weight
matrix of starts
       2                        2                        5
Extrem low percentage for certain TIS.
Will omit the start codon column in the weight
matrix of starts
       3                        2                        1
Extrem low percentage for certain TIS.
Will omit the start codon column in the weight
matrix of starts
       4                        1                        0
Extrem low percentage for certain TIS.
Will omit the start codon column in the weight
matrix of starts
       5                        0                        0
Extrem low percentage for certain TIS.
Will omit the start codon column in the weight
matrix of starts
Selected root coding ORFs number: 36
Rejected non-coding ORFs number: 306
Remaining ORFs number: 105
Select coding ORFs from remianing ORFs using Fisher discriminant functions...
Remaining: 89
Process overlapping genes...
Totally predict 77 genes.
Second run of TIS model.
Extract TUI and TUL genes (length >300bp)
TUI genes number: 25
TUL genes number: 23
Compare TUI TIS model with TUL TIS model...
Train TUI TIS model.Extrem low percentage for certain TIS.
Will omit the start codon column in the weight
matrix of starts
.Extrem low percentage for certain TIS.
Will omit the start codon column in the weight
matrix of starts

Train TUL TIS model.Extrem low percentage for certain TIS.
Will omit the start codon column in the weight
matrix of starts
.
Lamda > 0: TUL TIS model is similar to TUI TIS model.
Re-train TIS model..Extrem low percentage for certain TIS.
Will omit the start codon column in the weight
matrix of starts
.Extrem low percentage for certain TIS.
Will omit the start codon column in the weight
matrix of starts
.Extrem low percentage for certain TIS.
Will omit the start codon column in the weight
matrix of starts
.Extrem low percentage for certain TIS.
Will omit the start codon column in the weight
matrix of starts
.Extrem low percentage for certain TIS.
Will omit the start codon column in the weight
matrix of starts

Choose final TIS...
Predicted genes have been saved in file: /home3/katelyn/PATRIC/fna/10702.9.fna.MED
Detailed information for predicted TIS has been saved in /home3/katelyn/PATRIC/fna/10702.9.fna.MED.para
