Welcome to MED2.0
Genome file is /home3/katelyn/PATRIC/fna/10704.9.fna
sequence size: 60195
GC%: 0.589517

Number of exactcted ORFs: 755
Select root ORFs and first running of TIS model...
 iteration      Selected as coding    rejected as non-coding
       0                       78                       92
       1                       19                       45
       2                        8                       10
       3                       10                        2
       4                        6                        0
       5                        1                        0
       6                        0                        0
Selected root coding ORFs number: 122
Rejected non-coding ORFs number: 204
Remaining ORFs number: 429
Select coding ORFs from remianing ORFs using Fisher discriminant functions...
Remaining: 337
Process overlapping genes...
Totally predict 128 genes.
Second run of TIS model.
Extract TUI and TUL genes (length >300bp)
TUI genes number: 37
TUL genes number: 33
Compare TUI TIS model with TUL TIS model...
Train TUI TIS model..
Train TUL TIS model..
Lamda < 0: TUL TIS model differs from TUI TIS model
Re-train TUI TIS model....
Re-train TUL TIS model..
Choose final TIS...
Predicted genes have been saved in file: /home3/katelyn/PATRIC/fna/10704.9.fna.MED
Detailed information for predicted TIS has been saved in /home3/katelyn/PATRIC/fna/10704.9.fna.MED.para
