Welcome to MED2.0
Genome file is /home3/katelyn/PATRIC/fna/1071177.9.fna
sequence size: 35725
GC%: 0.444675

Number of exactcted ORFs: 308
Select root ORFs and first running of TIS model...
 iteration      Selected as coding    rejected as non-coding
       0                        4                        3
       1                        3                        9
       2                        0                       32
       3                        0                       28
       4                        0                       18
       5                        0                        8
       6                        0                        6
       7                        0                        5
       8                        0                        0
Selected root coding ORFs number: 7
Rejected non-coding ORFs number: 109
Remaining ORFs number: 192

Select coding ORFs from remianing ORFs using a Fisher discriminant function...
Remaining: 119
Process overlapping genes...
Totally predict 56 genes.
Second run of TIS model.
Extract TUI and TUL genes (length >300bp)
TUI genes number: 23
TUL genes number: 14
Compare TUI TIS model with TUL TIS model...
Train TUI TIS model..
Train TUL TIS model..
Lamda < 0: TUL TIS model differs from TUI TIS model
Re-train TUI TIS model..
Re-train TUL TIS model...
Choose final TIS...
Predicted genes have been saved in file: /home3/katelyn/PATRIC/fna/1071177.9.fna.MED
Detailed information for predicted TIS has been saved in /home3/katelyn/PATRIC/fna/1071177.9.fna.MED.para
