Welcome to MED2.0
Genome file is /home3/katelyn/PATRIC/fna/1071506.8.fna
sequence size: 50844
GC%: 0.639525

Number of exactcted ORFs: 479
Select root ORFs and first running of TIS model...
 iteration      Selected as coding    rejected as non-coding
       0                       65                      165
       1                        5                       18
       2                        0                        3
       3                        0                        0
Selected root coding ORFs number: 70
Rejected non-coding ORFs number: 252
Remaining ORFs number: 157
Select coding ORFs from remianing ORFs using Fisher discriminant functions...
Remaining: 141
Process overlapping genes...
Totally predict 91 genes.
Second run of TIS model.
Extract TUI and TUL genes (length >300bp)
TUI genes number: 29
TUL genes number: 21
Compare TUI TIS model with TUL TIS model...
Train TUI TIS model..
Train TUL TIS model..
Lamda > 0: TUL TIS model is similar to TUI TIS model.
Re-train TIS model...
Choose final TIS...
Predicted genes have been saved in file: /home3/katelyn/PATRIC/fna/1071506.8.fna.MED
Detailed information for predicted TIS has been saved in /home3/katelyn/PATRIC/fna/1071506.8.fna.MED.para
