Welcome to MED2.0
Genome file is /home3/katelyn/PATRIC/fna/10717.11.fna
sequence size: 39325
GC%: 0.426904

Number of exactcted ORFs: 383
Select root ORFs and first running of TIS model...
 iteration      Selected as coding    rejected as non-coding
       0                       13                       17
       1                       12                       49
       2                        6                       22
       3                        0                       10
       4                        0                        2
       5                        0                        1
       6                        0                        0
Selected root coding ORFs number: 31
Rejected non-coding ORFs number: 101
Remaining ORFs number: 251

Select coding ORFs from remianing ORFs using a Fisher discriminant function...
Remaining: 145
Process overlapping genes...
Totally predict 63 genes.
Second run of TIS model.
Extract TUI and TUL genes (length >300bp)
TUI genes number: 31
TUL genes number: 11
Compare TUI TIS model with TUL TIS model...
Train TUI TIS model..
Train TUL TIS model..
Lamda > 0: TUL TIS model is similar to TUI TIS model.
Re-train TIS model.....
Choose final TIS...
Predicted genes have been saved in file: /home3/katelyn/PATRIC/fna/10717.11.fna.MED
Detailed information for predicted TIS has been saved in /home3/katelyn/PATRIC/fna/10717.11.fna.MED.para
