Welcome to MED2.0
Genome file is /home3/katelyn/PATRIC/fna/10760.57.fna
sequence size: 39096
GC%: 0.476673

Number of exactcted ORFs: 370
Select root ORFs and first running of TIS model...
 iteration      Selected as coding    rejected as non-coding
       0                       11                       24
       1                        3                       75
       2                        0                       49
       3                        0                       11
       4                        0                        0
Selected root coding ORFs number: 14
Rejected non-coding ORFs number: 159
Remaining ORFs number: 197

Select coding ORFs from remianing ORFs using a Fisher discriminant function...
Remaining: 105
Process overlapping genes...
Totally predict 55 genes.
Second run of TIS model.
Extract TUI and TUL genes (length >300bp)
TUI genes number: 13
TUL genes number: 15
Compare TUI TIS model with TUL TIS model...
Train TUI TIS model..
Train TUL TIS model..
Lamda > 0: TUL TIS model is similar to TUI TIS model.
Re-train TIS model....
Choose final TIS...
Predicted genes have been saved in file: /home3/katelyn/PATRIC/fna/10760.57.fna.MED
Detailed information for predicted TIS has been saved in /home3/katelyn/PATRIC/fna/10760.57.fna.MED.para
