Welcome to MED2.0
Genome file is /home3/katelyn/PATRIC/fna/10760.53.fna
sequence size: 39778
GC%: 0.483835

Number of exactcted ORFs: 384
Select root ORFs and first running of TIS model...
 iteration      Selected as coding    rejected as non-coding
       0                       11                       22
       1                        2                       79
       2                        0                       51
       3                        0                       13
       4                        0                        3
       5                        0                        2
       6                        0                        0
Selected root coding ORFs number: 13
Rejected non-coding ORFs number: 170
Remaining ORFs number: 201

Select coding ORFs from remianing ORFs using a Fisher discriminant function...
Remaining: 128
Process overlapping genes...
Totally predict 51 genes.
Second run of TIS model.
Extract TUI and TUL genes (length >300bp)
TUI genes number: 14
TUL genes number: 16
Compare TUI TIS model with TUL TIS model...
Train TUI TIS model..
Train TUL TIS model..
Lamda > 0: TUL TIS model is similar to TUI TIS model.
Re-train TIS model....
Choose final TIS...
Predicted genes have been saved in file: /home3/katelyn/PATRIC/fna/10760.53.fna.MED
Detailed information for predicted TIS has been saved in /home3/katelyn/PATRIC/fna/10760.53.fna.MED.para
