Welcome to MED2.0
Genome file is /home3/katelyn/PATRIC/fna/1079998.13.fna
sequence size: 176043
GC%: 0.391189

Number of exactcted ORFs: 1577
Select root ORFs and first running of TIS model...
 iteration      Selected as coding    rejected as non-coding
       0                       20                       16
       1                       25                       69
       2                       16                      189
       3                       11                      177
       4                        1                      100
       5                        0                       44
       6                        0                       18
       7                        0                       12
       8                        0                        6
       9                        0                        0
Selected root coding ORFs number: 73
Rejected non-coding ORFs number: 631
Remaining ORFs number: 873

Select coding ORFs from remianing ORFs using a Fisher discriminant function...
Remaining: 746
Process overlapping genes...
Totally predict 243 genes.
Second run of TIS model.
Extract TUI and TUL genes (length >300bp)
TUI genes number: 86
TUL genes number: 44
Compare TUI TIS model with TUL TIS model...
Train TUI TIS model..
Train TUL TIS model..
Lamda > 0: TUL TIS model is similar to TUI TIS model.
Re-train TIS model...
Choose final TIS...
Predicted genes have been saved in file: /home3/katelyn/PATRIC/fna/1079998.13.fna.MED
Detailed information for predicted TIS has been saved in /home3/katelyn/PATRIC/fna/1079998.13.fna.MED.para
