Welcome to MED2.0
Genome file is /home3/katelyn/PATRIC/fna/1084721.7.fna
sequence size: 68307
GC%: 0.664441

Number of exactcted ORFs: 778
Select root ORFs and first running of TIS model...
 iteration      Selected as coding    rejected as non-coding
       0                       60                      367
       1                        7                       78
       2                        0                        7
       3                        0                        0
Selected root coding ORFs number: 67
Rejected non-coding ORFs number: 505
Remaining ORFs number: 206
Select coding ORFs from remianing ORFs using Fisher discriminant functions...
Remaining: 148
Process overlapping genes...
Totally predict 98 genes.
Second run of TIS model.
Extract TUI and TUL genes (length >300bp)
TUI genes number: 32
TUL genes number: 36
Compare TUI TIS model with TUL TIS model...
Train TUI TIS model..
Train TUL TIS model..
Lamda > 0: TUL TIS model is similar to TUI TIS model.
Re-train TIS model....
Choose final TIS...
Predicted genes have been saved in file: /home3/katelyn/PATRIC/fna/1084721.7.fna.MED
Detailed information for predicted TIS has been saved in /home3/katelyn/PATRIC/fna/1084721.7.fna.MED.para
