Welcome to MED2.0
Genome file is /home3/katelyn/PATRIC/fna/1089131.6.fna
sequence size: 156758
GC%: 0.647597

Number of exactcted ORFs: 1554
Select root ORFs and first running of TIS model...
 iteration      Selected as coding    rejected as non-coding
       0                      170                      624
       1                       14                      112
       2                        2                       15
       3                        0                        3
       4                        0                        0
Selected root coding ORFs number: 186
Rejected non-coding ORFs number: 837
Remaining ORFs number: 531
Select coding ORFs from remianing ORFs using Fisher discriminant functions...
Remaining: 400
Process overlapping genes...
Totally predict 258 genes.
Second run of TIS model.
Extract TUI and TUL genes (length >300bp)
TUI genes number: 84
TUL genes number: 94
Compare TUI TIS model with TUL TIS model...
Train TUI TIS model..
Train TUL TIS model..
Lamda > 0: TUL TIS model is similar to TUI TIS model.
Re-train TIS model.......
Choose final TIS...
Predicted genes have been saved in file: /home3/katelyn/PATRIC/fna/1089131.6.fna.MED
Detailed information for predicted TIS has been saved in /home3/katelyn/PATRIC/fna/1089131.6.fna.MED.para
