Welcome to MED2.0
Genome file is /home3/katelyn/PATRIC/fna/1090133.13.fna
sequence size: 39646
GC%: 0.474953

Number of exactcted ORFs: 436
Select root ORFs and first running of TIS model...
 iteration      Selected as coding    rejected as non-coding
       0                       11                       17
       1                        0                       39
       2                        0                       27
       3                        0                       12
       4                        0                        5
       5                        0                        0
Selected root coding ORFs number: 11
Rejected non-coding ORFs number: 100
Remaining ORFs number: 325

Select coding ORFs from remianing ORFs using a Fisher discriminant function...
Remaining: 295
Process overlapping genes...
Totally predict 75 genes.
Second run of TIS model.
Extract TUI and TUL genes (length >300bp)
TUI genes number: 26
TUL genes number: 12
Compare TUI TIS model with TUL TIS model...
Train TUI TIS model..
Train TUL TIS model..
Lamda > 0: TUL TIS model is similar to TUI TIS model.
Re-train TIS model...
Choose final TIS...
Predicted genes have been saved in file: /home3/katelyn/PATRIC/fna/1090133.13.fna.MED
Detailed information for predicted TIS has been saved in /home3/katelyn/PATRIC/fna/1090133.13.fna.MED.para
