Welcome to MED2.0
Genome file is /home3/katelyn/PATRIC/fna/1090133.12.fna
sequence size: 39646
GC%: 0.474953

Number of exactcted ORFs: 433
Select root ORFs and first running of TIS model...
 iteration      Selected as coding    rejected as non-coding
       0                        9                       15
       1                        0                       35
       2                        0                       27
       3                        0                       13
       4                        0                        4
       5                        0                        1
       6                        0                        3
       7                        0                        0
Selected root coding ORFs number: 9
Rejected non-coding ORFs number: 98
Remaining ORFs number: 326

Select coding ORFs from remianing ORFs using a Fisher discriminant function...
Remaining: 200
Process overlapping genes...
Totally predict 70 genes.
Second run of TIS model.
Extract TUI and TUL genes (length >300bp)
TUI genes number: 26
TUL genes number: 13
Compare TUI TIS model with TUL TIS model...
Train TUI TIS model..
Train TUL TIS model..
Lamda > 0: TUL TIS model is similar to TUI TIS model.
Re-train TIS model....
Choose final TIS...
Predicted genes have been saved in file: /home3/katelyn/PATRIC/fna/1090133.12.fna.MED
Detailed information for predicted TIS has been saved in /home3/katelyn/PATRIC/fna/1090133.12.fna.MED.para
