Welcome to MED2.0
Genome file is /home3/katelyn/PATRIC/fna/1109715.8.fna
sequence size: 46586
GC%: 0.585712

Number of exactcted ORFs: 528
Select root ORFs and first running of TIS model...
 iteration      Selected as coding    rejected as non-coding
       0                       48                       86
       1                        8                       42
       2                        0                       12
       3                        0                        0
Selected root coding ORFs number: 56
Rejected non-coding ORFs number: 214
Remaining ORFs number: 258
Select coding ORFs from remianing ORFs using Fisher discriminant functions...
Remaining: 187
Process overlapping genes...
Totally predict 81 genes.
Second run of TIS model.
Extract TUI and TUL genes (length >300bp)
TUI genes number: 32
TUL genes number: 23
Compare TUI TIS model with TUL TIS model...
Train TUI TIS model..
Train TUL TIS model..
Lamda > 0: TUL TIS model is similar to TUI TIS model.
Re-train TIS model......
Choose final TIS...
Predicted genes have been saved in file: /home3/katelyn/PATRIC/fna/1109715.8.fna.MED
Detailed information for predicted TIS has been saved in /home3/katelyn/PATRIC/fna/1109715.8.fna.MED.para
