Welcome to MED2.0
Genome file is /home3/katelyn/PATRIC/fna/1114179.9.fna
sequence size: 46271
GC%: 0.532018

Number of exactcted ORFs: 520
Select root ORFs and first running of TIS model...
 iteration      Selected as coding    rejected as non-coding
       0                       13                       58
       1                        9                      105
       2                        2                       34
       3                        0                        3
       4                        0                        0
Selected root coding ORFs number: 24
Rejected non-coding ORFs number: 200
Remaining ORFs number: 296

Select coding ORFs from remianing ORFs using a Fisher discriminant function...
Remaining: 229
Process overlapping genes...
Totally predict 75 genes.
Second run of TIS model.
Extract TUI and TUL genes (length >300bp)
TUI genes number: 19
TUL genes number: 25
Compare TUI TIS model with TUL TIS model...
Train TUI TIS model..
Train TUL TIS model..
Lamda < 0: TUL TIS model differs from TUI TIS model
Re-train TUI TIS model...
Re-train TUL TIS model..
Choose final TIS...
Predicted genes have been saved in file: /home3/katelyn/PATRIC/fna/1114179.9.fna.MED
Detailed information for predicted TIS has been saved in /home3/katelyn/PATRIC/fna/1114179.9.fna.MED.para
