Welcome to MED2.0
Genome file is /home3/katelyn/PATRIC/fna/1124849.8.fna
sequence size: 284757
GC%: 0.434553

Number of exactcted ORFs: 2358
Select root ORFs and first running of TIS model...
 iteration      Selected as coding    rejected as non-coding
       0                      150                      115
       1                       54                      429
       2                        1                      233
       3                        0                       57
       4                        0                       18
       5                        0                       15
       6                        0                       14
       7                        0                        6
       8                        0                        4
       9                        0                        0
Selected root coding ORFs number: 205
Rejected non-coding ORFs number: 891
Remaining ORFs number: 1262

Select coding ORFs from remianing ORFs using a Fisher discriminant function...
Remaining: 615
Process overlapping genes...
Totally predict 317 genes.
Second run of TIS model.
Extract TUI and TUL genes (length >300bp)
TUI genes number: 150
TUL genes number: 111
Compare TUI TIS model with TUL TIS model...
Train TUI TIS model..
Train TUL TIS model..
Lamda > 0: TUL TIS model is similar to TUI TIS model.
Re-train TIS model....
Choose final TIS...
Predicted genes have been saved in file: /home3/katelyn/PATRIC/fna/1124849.8.fna.MED
Detailed information for predicted TIS has been saved in /home3/katelyn/PATRIC/fna/1124849.8.fna.MED.para
