Welcome to MED2.0
Genome file is /home3/katelyn/PATRIC/fna/112596.9.fna
sequence size: 65653
GC%: 0.34492

Number of exactcted ORFs: 408
Select root ORFs and first running of TIS model...
 iteration      Selected as coding    rejected as non-coding
       0                       14                        1
       1                       11                        5
       2                        4                       12
       3                        0                       31
       4                        0                       40
       5                        0                       40
       6                        0                       36
       7                        0                       11
       8                        0                        8
       9                        0                        1
      10                        0                        0
Selected root coding ORFs number: 29
Rejected non-coding ORFs number: 185
Remaining ORFs number: 194

Select coding ORFs from remianing ORFs using a Fisher discriminant function...
Remaining: 165
Process overlapping genes...
Totally predict 71 genes.
Second run of TIS model.
Extract TUI and TUL genes (length >300bp)
TUI genes number: 29
TUL genes number: 21
Compare TUI TIS model with TUL TIS model...
Train TUI TIS model..
Train TUL TIS model..
Lamda > 0: TUL TIS model is similar to TUI TIS model.
Re-train TIS model....
Choose final TIS...
Predicted genes have been saved in file: /home3/katelyn/PATRIC/fna/112596.9.fna.MED
Detailed information for predicted TIS has been saved in /home3/katelyn/PATRIC/fna/112596.9.fna.MED.para
