Welcome to MED2.0
Genome file is /home3/katelyn/PATRIC/fna/1126949.6.fna
sequence size: 162598
GC%: 0.377096

Number of exactcted ORFs: 1118
Select root ORFs and first running of TIS model...
 iteration      Selected as coding    rejected as non-coding
       0                       60                       87
       1                       59                      205
       2                       17                       92
       3                        2                       26
       4                        0                       17
       5                        0                        7
       6                        0                        2
       7                        0                        2
       8                        0                        0
Selected root coding ORFs number: 138
Rejected non-coding ORFs number: 438
Remaining ORFs number: 542

Select coding ORFs from remianing ORFs using a Fisher discriminant function...
Remaining: 356
Process overlapping genes...
Totally predict 295 genes.
Second run of TIS model.
Extract TUI and TUL genes (length >300bp)
TUI genes number: 103
TUL genes number: 47
Compare TUI TIS model with TUL TIS model...
Train TUI TIS model..
Train TUL TIS model..
Lamda > 0: TUL TIS model is similar to TUI TIS model.
Re-train TIS model..
Choose final TIS...
Predicted genes have been saved in file: /home3/katelyn/PATRIC/fna/1126949.6.fna.MED
Detailed information for predicted TIS has been saved in /home3/katelyn/PATRIC/fna/1126949.6.fna.MED.para
