Welcome to MED2.0
Genome file is /home3/katelyn/PATRIC/fna/1131317.8.fna
sequence size: 136947
GC%: 0.436987

Number of exactcted ORFs: 1363
Select root ORFs and first running of TIS model...
 iteration      Selected as coding    rejected as non-coding
       0                       48                       59
       1                       29                      169
       2                       11                      142
       3                        1                       49
       4                        0                       21
       5                        0                        4
       6                        0                        3
       7                        0                        3
       8                        0                        0
Selected root coding ORFs number: 89
Rejected non-coding ORFs number: 450
Remaining ORFs number: 824

Select coding ORFs from remianing ORFs using a Fisher discriminant function...
Remaining: 340
Process overlapping genes...
Totally predict 229 genes.
Second run of TIS model.
Extract TUI and TUL genes (length >300bp)
TUI genes number: 87
TUL genes number: 49
Compare TUI TIS model with TUL TIS model...
Train TUI TIS model..
Train TUL TIS model..
Lamda > 0: TUL TIS model is similar to TUI TIS model.
Re-train TIS model.......
Choose final TIS...
Predicted genes have been saved in file: /home3/katelyn/PATRIC/fna/1131317.8.fna.MED
Detailed information for predicted TIS has been saved in /home3/katelyn/PATRIC/fna/1131317.8.fna.MED.para
