Welcome to MED2.0
Genome file is /home3/katelyn/PATRIC/fna/1131316.8.fna
sequence size: 40489
GC%: 0.651165

Number of exactcted ORFs: 443
Select root ORFs and first running of TIS model...
 iteration      Selected as coding    rejected as non-coding
       0                       37                      143
       1                        6                       40
       2                        1                        6
       3                        0                        2
       4                        0                        0
Selected root coding ORFs number: 44
Rejected non-coding ORFs number: 240
Remaining ORFs number: 159
Select coding ORFs from remianing ORFs using Fisher discriminant functions...
Remaining: 102
Process overlapping genes...
Totally predict 72 genes.
Second run of TIS model.
Extract TUI and TUL genes (length >300bp)
TUI genes number: 25
TUL genes number: 20
Compare TUI TIS model with TUL TIS model...
Train TUI TIS model..
Train TUL TIS model..
Lamda > 0: TUL TIS model is similar to TUI TIS model.
Re-train TIS model..
Choose final TIS...
Predicted genes have been saved in file: /home3/katelyn/PATRIC/fna/1131316.8.fna.MED
Detailed information for predicted TIS has been saved in /home3/katelyn/PATRIC/fna/1131316.8.fna.MED.para
