Welcome to MED2.0
Genome file is /home3/katelyn/PATRIC/fna/1136534.8.fna
sequence size: 93839
GC%: 0.380428

Number of exactcted ORFs: 770
Select root ORFs and first running of TIS model...
 iteration      Selected as coding    rejected as non-coding
       0                       59                       66
       1                       31                      164
       2                        5                       63
       3                        0                       23
       4                        0                        3
       5                        0                        0
Selected root coding ORFs number: 95
Rejected non-coding ORFs number: 319
Remaining ORFs number: 356

Select coding ORFs from remianing ORFs using a Fisher discriminant function...
Remaining: 246
Process overlapping genes...
Totally predict 159 genes.
Second run of TIS model.
Extract TUI and TUL genes (length >300bp)
TUI genes number: 74
TUL genes number: 31
Compare TUI TIS model with TUL TIS model...
Train TUI TIS model..
Train TUL TIS model..
Lamda > 0: TUL TIS model is similar to TUI TIS model.
Re-train TIS model.....
Choose final TIS...
Predicted genes have been saved in file: /home3/katelyn/PATRIC/fna/1136534.8.fna.MED
Detailed information for predicted TIS has been saved in /home3/katelyn/PATRIC/fna/1136534.8.fna.MED.para
