Welcome to MED2.0
Genome file is /home3/katelyn/PATRIC/fna/1137745.8.fna
sequence size: 161440
GC%: 0.404578

Number of exactcted ORFs: 1233
Select root ORFs and first running of TIS model...
 iteration      Selected as coding    rejected as non-coding
       0                       47                       20
       1                       27                       47
       2                        5                       65
       3                        0                       52
       4                        0                       36
       5                        0                       23
       6                        0                       18
       7                        0                        9
       8                        0                        5
       9                        0                        0
Selected root coding ORFs number: 79
Rejected non-coding ORFs number: 275
Remaining ORFs number: 879

Select coding ORFs from remianing ORFs using a Fisher discriminant function...
Remaining: 521
Process overlapping genes...
Totally predict 196 genes.
Second run of TIS model.
Extract TUI and TUL genes (length >300bp)
TUI genes number: 71
TUL genes number: 51
Compare TUI TIS model with TUL TIS model...
Train TUI TIS model..
Train TUL TIS model..
Lamda < 0: TUL TIS model differs from TUI TIS model
Re-train TUI TIS model...
Re-train TUL TIS model....
Choose final TIS...
Predicted genes have been saved in file: /home3/katelyn/PATRIC/fna/1137745.8.fna.MED
Detailed information for predicted TIS has been saved in /home3/katelyn/PATRIC/fna/1137745.8.fna.MED.para
