Welcome to MED2.0
Genome file is /home3/katelyn/PATRIC/fna/1141138.9.fna
sequence size: 178193
GC%: 0.445225

Number of exactcted ORFs: 1773
Select root ORFs and first running of TIS model...
 iteration      Selected as coding    rejected as non-coding
       0                      112                      114
       1                       52                      275
       2                        2                      157
       3                        0                       61
       4                        0                       33
       5                        0                       18
       6                        0                        9
       7                        0                        3
       8                        0                        0
Selected root coding ORFs number: 166
Rejected non-coding ORFs number: 670
Remaining ORFs number: 937

Select coding ORFs from remianing ORFs using a Fisher discriminant function...
Remaining: 507
Process overlapping genes...
Totally predict 276 genes.
Second run of TIS model.
Extract TUI and TUL genes (length >300bp)
TUI genes number: 131
TUL genes number: 59
Compare TUI TIS model with TUL TIS model...
Train TUI TIS model..
Train TUL TIS model..
Lamda > 0: TUL TIS model is similar to TUI TIS model.
Re-train TIS model....
Choose final TIS...
Predicted genes have been saved in file: /home3/katelyn/PATRIC/fna/1141138.9.fna.MED
Detailed information for predicted TIS has been saved in /home3/katelyn/PATRIC/fna/1141138.9.fna.MED.para
