Welcome to MED2.0
Genome file is /home3/katelyn/PATRIC/fna/1141525.12.fna
sequence size: 42965
GC%: 0.622646

Number of exactcted ORFs: 432
Select root ORFs and first running of TIS model...
 iteration      Selected as coding    rejected as non-coding
       0                       38                      165
       1                        2                       45
       2                        0                        2
       3                        0                        0
Selected root coding ORFs number: 40
Rejected non-coding ORFs number: 307
Remaining ORFs number: 85
Select coding ORFs from remianing ORFs using Fisher discriminant functions...
Remaining: 64
Process overlapping genes...
Totally predict 55 genes.
Second run of TIS model.
Extract TUI and TUL genes (length >300bp)
TUI genes number: 25
TUL genes number: 12
Compare TUI TIS model with TUL TIS model...
Train TUI TIS model..
Train TUL TIS model.Extrem low percentage for certain TIS.
Will omit the start codon column in the weight
matrix of starts
.Extrem low percentage for certain TIS.
Will omit the start codon column in the weight
matrix of starts

Lamda > 0: TUL TIS model is similar to TUI TIS model.
Re-train TIS model..Extrem low percentage for certain TIS.
Will omit the start codon column in the weight
matrix of starts
.Extrem low percentage for certain TIS.
Will omit the start codon column in the weight
matrix of starts

Choose final TIS...
Predicted genes have been saved in file: /home3/katelyn/PATRIC/fna/1141525.12.fna.MED
Detailed information for predicted TIS has been saved in /home3/katelyn/PATRIC/fna/1141525.12.fna.MED.para
