Welcome to MED2.0
Genome file is /home3/katelyn/PATRIC/fna/1141141.8.fna
sequence size: 167396
GC%: 0.352374

Number of exactcted ORFs: 1255
Select root ORFs and first running of TIS model...
 iteration      Selected as coding    rejected as non-coding
       0                       83                       17
       1                       59                       49
       2                       15                       63
       3                        1                       51
       4                        0                       39
       5                        0                       35
       6                        0                       11
       7                        0                       10
       8                        0                        2
       9                        0                        0
Selected root coding ORFs number: 158
Rejected non-coding ORFs number: 277
Remaining ORFs number: 820

Select coding ORFs from remianing ORFs using a Fisher discriminant function...
Remaining: 502
Process overlapping genes...
Totally predict 289 genes.
Second run of TIS model.
Extract TUI and TUL genes (length >300bp)
TUI genes number: 119
TUL genes number: 52
Compare TUI TIS model with TUL TIS model...
Train TUI TIS model..
Train TUL TIS model..
Lamda > 0: TUL TIS model is similar to TUI TIS model.
Re-train TIS model....
Choose final TIS...
Predicted genes have been saved in file: /home3/katelyn/PATRIC/fna/1141141.8.fna.MED
Detailed information for predicted TIS has been saved in /home3/katelyn/PATRIC/fna/1141141.8.fna.MED.para
