Welcome to MED2.0
Genome file is /home3/katelyn/PATRIC/fna/1147143.8.fna
sequence size: 40710
GC%: 0.499116

Number of exactcted ORFs: 432
Select root ORFs and first running of TIS model...
 iteration      Selected as coding    rejected as non-coding
       0                        7                       37
       1                        3                       68
       2                        2                       37
       3                        0                        8
       4                        0                        1
       5                        0                        0
Selected root coding ORFs number: 12
Rejected non-coding ORFs number: 151
Remaining ORFs number: 269

Select coding ORFs from remianing ORFs using a Fisher discriminant function...
Remaining: 125
Process overlapping genes...
Totally predict 70 genes.
Second run of TIS model.
Extract TUI and TUL genes (length >300bp)
TUI genes number: 35
TUL genes number: 12
Compare TUI TIS model with TUL TIS model...
Train TUI TIS model..
Train TUL TIS model..
Lamda < 0: TUL TIS model differs from TUI TIS model
Re-train TUI TIS model...
Re-train TUL TIS model..
Choose final TIS...
Predicted genes have been saved in file: /home3/katelyn/PATRIC/fna/1147143.8.fna.MED
Detailed information for predicted TIS has been saved in /home3/katelyn/PATRIC/fna/1147143.8.fna.MED.para
