Welcome to MED2.0
Genome file is /home3/katelyn/PATRIC/fna/1147144.8.fna
sequence size: 45366
GC%: 0.519552

Number of exactcted ORFs: 494
Select root ORFs and first running of TIS model...
 iteration      Selected as coding    rejected as non-coding
       0                        9                       37
       1                        2                       98
       2                        0                       54
       3                        0                       16
       4                        0                        4
       5                        0                        0
Selected root coding ORFs number: 11
Rejected non-coding ORFs number: 209
Remaining ORFs number: 274

Select coding ORFs from remianing ORFs using a Fisher discriminant function...
Remaining: 130
Process overlapping genes...
Totally predict 71 genes.
Second run of TIS model.
Extract TUI and TUL genes (length >300bp)
TUI genes number: 33
TUL genes number: 13
Compare TUI TIS model with TUL TIS model...
Train TUI TIS model..
Train TUL TIS model..
Lamda > 0: TUL TIS model is similar to TUI TIS model.
Re-train TIS model....
Choose final TIS...
Predicted genes have been saved in file: /home3/katelyn/PATRIC/fna/1147144.8.fna.MED
Detailed information for predicted TIS has been saved in /home3/katelyn/PATRIC/fna/1147144.8.fna.MED.para
