Welcome to MED2.0
Genome file is /home3/katelyn/PATRIC/fna/1150990.8.fna
sequence size: 60364
GC%: 0.510685

Number of exactcted ORFs: 573
Select root ORFs and first running of TIS model...
 iteration      Selected as coding    rejected as non-coding
       0                       15                       60
       1                       10                      102
       2                        4                       39
       3                        0                       10
       4                        0                        3
       5                        0                        0
Selected root coding ORFs number: 29
Rejected non-coding ORFs number: 214
Remaining ORFs number: 330

Select coding ORFs from remianing ORFs using a Fisher discriminant function...
Remaining: 212
Process overlapping genes...
Totally predict 87 genes.
Second run of TIS model.
Extract TUI and TUL genes (length >300bp)
TUI genes number: 45
TUL genes number: 17
Compare TUI TIS model with TUL TIS model...
Train TUI TIS model..
Train TUL TIS model..
Lamda > 0: TUL TIS model is similar to TUI TIS model.
Re-train TIS model....
Choose final TIS...
Predicted genes have been saved in file: /home3/katelyn/PATRIC/fna/1150990.8.fna.MED
Detailed information for predicted TIS has been saved in /home3/katelyn/PATRIC/fna/1150990.8.fna.MED.para
