Welcome to MED2.0
Genome file is /home3/katelyn/PATRIC/fna/1158680.9.fna
sequence size: 66116
GC%: 0.555493

Number of exactcted ORFs: 691
Select root ORFs and first running of TIS model...
 iteration      Selected as coding    rejected as non-coding
       0                       17                       66
       1                       10                      147
       2                        3                       44
       3                        3                        9
       4                        0                        2
       5                        0                        1
       6                        0                        0
Selected root coding ORFs number: 33
Rejected non-coding ORFs number: 269
Remaining ORFs number: 389

Select coding ORFs from remianing ORFs using a Fisher discriminant function...
Remaining: 281
Process overlapping genes...
Totally predict 95 genes.
Second run of TIS model.
Extract TUI and TUL genes (length >300bp)
TUI genes number: 31
TUL genes number: 35
Compare TUI TIS model with TUL TIS model...
Train TUI TIS model..
Train TUL TIS model..
Lamda > 0: TUL TIS model is similar to TUI TIS model.
Re-train TIS model.....
Choose final TIS...
Predicted genes have been saved in file: /home3/katelyn/PATRIC/fna/1158680.9.fna.MED
Detailed information for predicted TIS has been saved in /home3/katelyn/PATRIC/fna/1158680.9.fna.MED.para
