Welcome to MED2.0
Genome file is /home3/katelyn/PATRIC/fna/1161934.6.fna
sequence size: 50332
GC%: 0.606652

Number of exactcted ORFs: 576
Select root ORFs and first running of TIS model...
 iteration      Selected as coding    rejected as non-coding
       0                       63                      177
       1                        3                       53
       2                        0                        5
       3                        0                        0
Selected root coding ORFs number: 66
Rejected non-coding ORFs number: 274
Remaining ORFs number: 236
Select coding ORFs from remianing ORFs using Fisher discriminant functions...
Remaining: 128
Process overlapping genes...
Totally predict 92 genes.
Second run of TIS model.
Extract TUI and TUL genes (length >300bp)
TUI genes number: 36
TUL genes number: 16
Compare TUI TIS model with TUL TIS model...
Train TUI TIS model..
Train TUL TIS model..
Lamda > 0: TUL TIS model is similar to TUI TIS model.
Re-train TIS model....
Choose final TIS...
Predicted genes have been saved in file: /home3/katelyn/PATRIC/fna/1161934.6.fna.MED
Detailed information for predicted TIS has been saved in /home3/katelyn/PATRIC/fna/1161934.6.fna.MED.para
