Welcome to MED2.0
Genome file is /home3/katelyn/PATRIC/fna/1161933.6.fna
sequence size: 51094
GC%: 0.649567

Number of exactcted ORFs: 552
Select root ORFs and first running of TIS model...
 iteration      Selected as coding    rejected as non-coding
       0                       55                      242
       1                        6                       39
       2                        0                        5
       3                        0                        0
Selected root coding ORFs number: 61
Rejected non-coding ORFs number: 330
Remaining ORFs number: 161
Select coding ORFs from remianing ORFs using Fisher discriminant functions...
Remaining: 113
Process overlapping genes...
Totally predict 90 genes.
Second run of TIS model.
Extract TUI and TUL genes (length >300bp)
TUI genes number: 33
TUL genes number: 24
Compare TUI TIS model with TUL TIS model...
Train TUI TIS model..
Train TUL TIS model..
Lamda > 0: TUL TIS model is similar to TUI TIS model.
Re-train TIS model...
Choose final TIS...
Predicted genes have been saved in file: /home3/katelyn/PATRIC/fna/1161933.6.fna.MED
Detailed information for predicted TIS has been saved in /home3/katelyn/PATRIC/fna/1161933.6.fna.MED.para
