Welcome to MED2.0
Genome file is /home3/katelyn/PATRIC/fna/1165161.7.fna
sequence size: 32275
GC%: 0.345376

Number of exactcted ORFs: 230
Select root ORFs and first running of TIS model...
 iteration      Selected as coding    rejected as non-coding
       0                        9                        2
       1                       13                        7
       2                       10                       15
       3                        2                       18
       4                        0                        9
       5                        0                        4
       6                        0                        1
       7                        0                        0
Selected root coding ORFs number: 34
Rejected non-coding ORFs number: 56
Remaining ORFs number: 140

Select coding ORFs from remianing ORFs using a Fisher discriminant function...
Remaining: 115
Process overlapping genes...
Totally predict 65 genes.
Second run of TIS model.
Extract TUI and TUL genes (length >300bp)
TUI genes number: 27
TUL genes number: 4
Compare TUI TIS model with TUL TIS model...
Train TUI TIS model..
Train TUL TIS model..
Lamda > 0: TUL TIS model is similar to TUI TIS model.
Re-train TIS model...
Choose final TIS...
Predicted genes have been saved in file: /home3/katelyn/PATRIC/fna/1165161.7.fna.MED
Detailed information for predicted TIS has been saved in /home3/katelyn/PATRIC/fna/1165161.7.fna.MED.para
