Welcome to MED2.0
Genome file is /home3/katelyn/PATRIC/fna/1165139.7.fna
sequence size: 32546
GC%: 0.347539

Number of exactcted ORFs: 228
Select root ORFs and first running of TIS model...
 iteration      Selected as coding    rejected as non-coding
       0                        6                        3
       1                       15                        9
       2                        7                       10
       3                        4                        8
       4                        0                        5
       5                        0                        1
       6                        0                        0
Selected root coding ORFs number: 32
Rejected non-coding ORFs number: 36
Remaining ORFs number: 160

Select coding ORFs from remianing ORFs using a Fisher discriminant function...
Remaining: 116
Process overlapping genes...
Totally predict 62 genes.
Second run of TIS model.
Extract TUI and TUL genes (length >300bp)
TUI genes number: 25
TUL genes number: 6
Compare TUI TIS model with TUL TIS model...
Train TUI TIS model..
Train TUL TIS model..
Lamda > 0: TUL TIS model is similar to TUI TIS model.
Re-train TIS model....
Choose final TIS...
Predicted genes have been saved in file: /home3/katelyn/PATRIC/fna/1165139.7.fna.MED
Detailed information for predicted TIS has been saved in /home3/katelyn/PATRIC/fna/1165139.7.fna.MED.para
