Welcome to MED2.0
Genome file is /home3/katelyn/PATRIC/fna/1165154.7.fna
sequence size: 30876
GC%: 0.348556

Number of exactcted ORFs: 218
Select root ORFs and first running of TIS model...
 iteration      Selected as coding    rejected as non-coding
       0                        5                        1
       1                       13                        3
       2                        4                       10
       3                        0                       10
       4                        0                        5
       5                        0                        2
       6                        0                        1
       7                        0                        2
       8                        0                        2
       9                        0                        1
      10                        0                        0
Selected root coding ORFs number: 22
Rejected non-coding ORFs number: 37
Remaining ORFs number: 159

Select coding ORFs from remianing ORFs using a Fisher discriminant function...
Remaining: 83
Process overlapping genes...
Totally predict 61 genes.
Second run of TIS model.
Extract TUI and TUL genes (length >300bp)
TUI genes number: 21
TUL genes number: 8
Compare TUI TIS model with TUL TIS model...
Train TUI TIS model..
Train TUL TIS model..
Lamda > 0: TUL TIS model is similar to TUI TIS model.
Re-train TIS model...
Choose final TIS...
Predicted genes have been saved in file: /home3/katelyn/PATRIC/fna/1165154.7.fna.MED
Detailed information for predicted TIS has been saved in /home3/katelyn/PATRIC/fna/1165154.7.fna.MED.para
