Welcome to MED2.0
Genome file is /home3/katelyn/PATRIC/fna/1165152.7.fna
sequence size: 31772
GC%: 0.346437

Number of exactcted ORFs: 224
Select root ORFs and first running of TIS model...
 iteration      Selected as coding    rejected as non-coding
       0                        6                        1
       1                       13                        3
       2                        5                       11
       3                        1                        9
       4                        0                       12
       5                        0                        4
       6                        0                        2
       7                        0                        1
       8                        0                        0
Selected root coding ORFs number: 25
Rejected non-coding ORFs number: 43
Remaining ORFs number: 156

Select coding ORFs from remianing ORFs using a Fisher discriminant function...
Remaining: 108
Process overlapping genes...
Totally predict 63 genes.
Second run of TIS model.
Extract TUI and TUL genes (length >300bp)
TUI genes number: 26
TUL genes number: 6
Compare TUI TIS model with TUL TIS model...
Train TUI TIS model..
Train TUL TIS model..
Lamda > 0: TUL TIS model is similar to TUI TIS model.
Re-train TIS model...
Choose final TIS...
Predicted genes have been saved in file: /home3/katelyn/PATRIC/fna/1165152.7.fna.MED
Detailed information for predicted TIS has been saved in /home3/katelyn/PATRIC/fna/1165152.7.fna.MED.para
