Welcome to MED2.0
Genome file is /home3/katelyn/PATRIC/fna/1168479.8.fna
sequence size: 35652
GC%: 0.358746

Number of exactcted ORFs: 250
Select root ORFs and first running of TIS model...
 iteration      Selected as coding    rejected as non-coding
       0                        7                        3
       1                        9                       24
       2                        2                       19
       3                        1                       17
       4                        0                       10
       5                        0                        4
       6                        0                        1
       7                        0                        0
Selected root coding ORFs number: 19
Rejected non-coding ORFs number: 78
Remaining ORFs number: 153

Select coding ORFs from remianing ORFs using a Fisher discriminant function...
Remaining: 151
Process overlapping genes...
Totally predict 69 genes.
Second run of TIS model.
Extract TUI and TUL genes (length >300bp)
TUI genes number: 30
TUL genes number: 6
Compare TUI TIS model with TUL TIS model...
Train TUI TIS model..
Train TUL TIS model..
Lamda > 0: TUL TIS model is similar to TUI TIS model.
Re-train TIS model...
Choose final TIS...
Predicted genes have been saved in file: /home3/katelyn/PATRIC/fna/1168479.8.fna.MED
Detailed information for predicted TIS has been saved in /home3/katelyn/PATRIC/fna/1168479.8.fna.MED.para
