Welcome to MED2.0
Genome file is /home3/katelyn/PATRIC/fna/1168548.8.fna
sequence size: 39783
GC%: 0.47651

Number of exactcted ORFs: 443
Select root ORFs and first running of TIS model...
 iteration      Selected as coding    rejected as non-coding
       0                       10                       11
       1                        7                       39
       2                        2                       25
       3                        1                        4
       4                        0                        1
       5                        0                        0
Selected root coding ORFs number: 20
Rejected non-coding ORFs number: 80
Remaining ORFs number: 343

Select coding ORFs from remianing ORFs using a Fisher discriminant function...
Remaining: 332
Process overlapping genes...
Totally predict 84 genes.
Second run of TIS model.
Extract TUI and TUL genes (length >300bp)
TUI genes number: 26
TUL genes number: 12
Compare TUI TIS model with TUL TIS model...
Train TUI TIS model..
Train TUL TIS model..
Lamda > 0: TUL TIS model is similar to TUI TIS model.
Re-train TIS model...
Choose final TIS...
Predicted genes have been saved in file: /home3/katelyn/PATRIC/fna/1168548.8.fna.MED
Detailed information for predicted TIS has been saved in /home3/katelyn/PATRIC/fna/1168548.8.fna.MED.para
