Welcome to MED2.0
Genome file is /home3/katelyn/PATRIC/fna/1173743.8.fna
sequence size: 38275
GC%: 0.347511

Number of exactcted ORFs: 313
Select root ORFs and first running of TIS model...
 iteration      Selected as coding    rejected as non-coding
       0                       16                        8
       1                       10                       18
       2                        2                       37
       3                        0                       24
       4                        0                        7
       5                        0                        2
       6                        0                        0
Selected root coding ORFs number: 28
Rejected non-coding ORFs number: 96
Remaining ORFs number: 189

Select coding ORFs from remianing ORFs using a Fisher discriminant function...
Remaining: 149
Process overlapping genes...
Totally predict 77 genes.
Second run of TIS model.
Extract TUI and TUL genes (length >300bp)
TUI genes number: 28
TUL genes number: 9
Compare TUI TIS model with TUL TIS model...
Train TUI TIS model..
Train TUL TIS model..
Lamda > 0: TUL TIS model is similar to TUI TIS model.
Re-train TIS model....
Choose final TIS...
Predicted genes have been saved in file: /home3/katelyn/PATRIC/fna/1173743.8.fna.MED
Detailed information for predicted TIS has been saved in /home3/katelyn/PATRIC/fna/1173743.8.fna.MED.para
