Welcome to MED2.0
Genome file is /home3/katelyn/PATRIC/fna/1173749.11.fna
sequence size: 42215
GC%: 0.510672

Number of exactcted ORFs: 405
Select root ORFs and first running of TIS model...
 iteration      Selected as coding    rejected as non-coding
       0                        9                       28
       1                        6                       83
       2                        2                       29
       3                        1                        5
       4                        0                        2
       5                        0                        1
       6                        0                        0
Selected root coding ORFs number: 18
Rejected non-coding ORFs number: 148
Remaining ORFs number: 239

Select coding ORFs from remianing ORFs using a Fisher discriminant function...
Remaining: 197
Process overlapping genes...
Totally predict 72 genes.
Second run of TIS model.
Extract TUI and TUL genes (length >300bp)
TUI genes number: 24
TUL genes number: 16
Compare TUI TIS model with TUL TIS model...
Train TUI TIS model..
Train TUL TIS model..
Lamda < 0: TUL TIS model differs from TUI TIS model
Re-train TUI TIS model...
Re-train TUL TIS model..
Choose final TIS...
Predicted genes have been saved in file: /home3/katelyn/PATRIC/fna/1173749.11.fna.MED
Detailed information for predicted TIS has been saved in /home3/katelyn/PATRIC/fna/1173749.11.fna.MED.para
