Welcome to MED2.0
Genome file is /home3/katelyn/PATRIC/fna/1173764.8.fna
sequence size: 133048
GC%: 0.35966

Number of exactcted ORFs: 753
Select root ORFs and first running of TIS model...
 iteration      Selected as coding    rejected as non-coding
       0                       72                       36
       1                       35                      104
       2                        5                       87
       3                        0                       35
       4                        0                       13
       5                        0                        7
       6                        0                        8
       7                        0                        6
       8                        0                        0
Selected root coding ORFs number: 112
Rejected non-coding ORFs number: 296
Remaining ORFs number: 345

Select coding ORFs from remianing ORFs using a Fisher discriminant function...
Remaining: 260
Process overlapping genes...
Totally predict 191 genes.
Second run of TIS model.
Extract TUI and TUL genes (length >300bp)
TUI genes number: 82
TUL genes number: 49
Compare TUI TIS model with TUL TIS model...
Train TUI TIS model..
Train TUL TIS model..
Lamda > 0: TUL TIS model is similar to TUI TIS model.
Re-train TIS model...
Choose final TIS...
Predicted genes have been saved in file: /home3/katelyn/PATRIC/fna/1173764.8.fna.MED
Detailed information for predicted TIS has been saved in /home3/katelyn/PATRIC/fna/1173764.8.fna.MED.para
