Welcome to MED2.0
Genome file is /home3/katelyn/PATRIC/fna/1173135.9.fna
sequence size: 53996
GC%: 0.404493

Number of exactcted ORFs: 403
Select root ORFs and first running of TIS model...
 iteration      Selected as coding    rejected as non-coding
       0                       14                        9
       1                       15                       26
       2                        7                       33
       3                        1                       22
       4                        0                        7
       5                        0                        2
       6                        0                        0
Selected root coding ORFs number: 37
Rejected non-coding ORFs number: 99
Remaining ORFs number: 267

Select coding ORFs from remianing ORFs using a Fisher discriminant function...
Remaining: 164
Process overlapping genes...
Totally predict 98 genes.
Second run of TIS model.
Extract TUI and TUL genes (length >300bp)
TUI genes number: 28
TUL genes number: 27
Compare TUI TIS model with TUL TIS model...
Train TUI TIS model..
Train TUL TIS model..
Lamda > 0: TUL TIS model is similar to TUI TIS model.
Re-train TIS model....
Choose final TIS...
Predicted genes have been saved in file: /home3/katelyn/PATRIC/fna/1173135.9.fna.MED
Detailed information for predicted TIS has been saved in /home3/katelyn/PATRIC/fna/1173135.9.fna.MED.para
