Welcome to MED2.0
Genome file is /home3/katelyn/PATRIC/fna/1173769.8.fna
sequence size: 29742
GC%: 0.528377

Number of exactcted ORFs: 294
Select root ORFs and first running of TIS model...
 iteration      Selected as coding    rejected as non-coding
       0                        9                        7
       1                        6                       32
       2                        1                       21
       3                        0                       14
       4                        0                        8
       5                        0                        3
       6                        0                        3
       7                        0                        0
Selected root coding ORFs number: 16
Rejected non-coding ORFs number: 88
Remaining ORFs number: 190

Select coding ORFs from remianing ORFs using a Fisher discriminant function...
Remaining: 203
Process overlapping genes...
Totally predict 50 genes.
Second run of TIS model.
Extract TUI and TUL genes (length >300bp)
TUI genes number: 15
TUL genes number: 13
Compare TUI TIS model with TUL TIS model...
Train TUI TIS model..
Train TUL TIS model..
Lamda > 0: TUL TIS model is similar to TUI TIS model.
Re-train TIS model...
Choose final TIS...
Predicted genes have been saved in file: /home3/katelyn/PATRIC/fna/1173769.8.fna.MED
Detailed information for predicted TIS has been saved in /home3/katelyn/PATRIC/fna/1173769.8.fna.MED.para
