Welcome to MED2.0
Genome file is /home3/katelyn/PATRIC/fna/1176426.7.fna
sequence size: 154466
GC%: 0.647618

Number of exactcted ORFs: 1529
Select root ORFs and first running of TIS model...
 iteration      Selected as coding    rejected as non-coding
       0                      163                      609
       1                       16                      124
       2                        2                       17
       3                        0                        1
       4                        0                        0
Selected root coding ORFs number: 181
Rejected non-coding ORFs number: 862
Remaining ORFs number: 486
Select coding ORFs from remianing ORFs using Fisher discriminant functions...
Remaining: 359
Process overlapping genes...
Totally predict 246 genes.
Second run of TIS model.
Extract TUI and TUL genes (length >300bp)
TUI genes number: 77
TUL genes number: 89
Compare TUI TIS model with TUL TIS model...
Train TUI TIS model..
Train TUL TIS model..
Lamda > 0: TUL TIS model is similar to TUI TIS model.
Re-train TIS model...
Choose final TIS...
Predicted genes have been saved in file: /home3/katelyn/PATRIC/fna/1176426.7.fna.MED
Detailed information for predicted TIS has been saved in /home3/katelyn/PATRIC/fna/1176426.7.fna.MED.para
