Welcome to MED2.0
Genome file is /home3/katelyn/PATRIC/fna/1176422.8.fna
sequence size: 44988
GC%: 0.418534

Number of exactcted ORFs: 350
Select root ORFs and first running of TIS model...
 iteration      Selected as coding    rejected as non-coding
       0                       24                       26
       1                       12                       99
       2                        3                       48
       3                        0                       13
       4                        0                        4
       5                        0                        0
Selected root coding ORFs number: 39
Rejected non-coding ORFs number: 190
Remaining ORFs number: 121

Select coding ORFs from remianing ORFs using a Fisher discriminant function...
Remaining: 114
Process overlapping genes...
Totally predict 68 genes.
Second run of TIS model.
