Welcome to MED2.0
Genome file is /home3/katelyn/PATRIC/fna/1182515.7.fna
sequence size: 34719
GC%: 0.41568

Number of exactcted ORFs: 313
Select root ORFs and first running of TIS model...
 iteration      Selected as coding    rejected as non-coding
       0                       20                       16
       1                        8                       25
       2                        0                       16
       3                        0                        7
       4                        0                        2
       5                        0                        0
Selected root coding ORFs number: 28
Rejected non-coding ORFs number: 66
Remaining ORFs number: 219

Select coding ORFs from remianing ORFs using a Fisher discriminant function...
Remaining: 142
Process overlapping genes...
Totally predict 59 genes.
Second run of TIS model.
Extract TUI and TUL genes (length >300bp)
TUI genes number: 23
TUL genes number: 12
Compare TUI TIS model with TUL TIS model...
Train TUI TIS model..
Train TUL TIS model..
Lamda < 0: TUL TIS model differs from TUI TIS model
Re-train TUI TIS model...
Re-train TUL TIS model...
Choose final TIS...
Predicted genes have been saved in file: /home3/katelyn/PATRIC/fna/1182515.7.fna.MED
Detailed information for predicted TIS has been saved in /home3/katelyn/PATRIC/fna/1182515.7.fna.MED.para
