Welcome to MED2.0
Genome file is /home3/katelyn/PATRIC/fna/1194091.11.fna
sequence size: 43871
GC%: 0.541793

Number of exactcted ORFs: 430
Select root ORFs and first running of TIS model...
 iteration      Selected as coding    rejected as non-coding
       0                        6                       36
       1                        5                      109
       2                        3                       43
       3                        2                        4
       4                        0                        3
       5                        0                        2
       6                        0                        3
       7                        0                        0
Selected root coding ORFs number: 16
Rejected non-coding ORFs number: 200
Remaining ORFs number: 214

Select coding ORFs from remianing ORFs using a Fisher discriminant function...
Remaining: 140
Process overlapping genes...
Totally predict 54 genes.
Second run of TIS model.
Extract TUI and TUL genes (length >300bp)
TUI genes number: 22
TUL genes number: 12
Compare TUI TIS model with TUL TIS model...
Train TUI TIS model..
Train TUL TIS model..
Lamda < 0: TUL TIS model differs from TUI TIS model
Re-train TUI TIS model...
Re-train TUL TIS model...
Choose final TIS...
Predicted genes have been saved in file: /home3/katelyn/PATRIC/fna/1194091.11.fna.MED
Detailed information for predicted TIS has been saved in /home3/katelyn/PATRIC/fna/1194091.11.fna.MED.para
