Welcome to MED2.0
Genome file is /home3/katelyn/PATRIC/fna/1195071.9.fna
sequence size: 41392
GC%: 0.355987

Number of exactcted ORFs: 315
Select root ORFs and first running of TIS model...
 iteration      Selected as coding    rejected as non-coding
       0                       28                        6
       1                       25                       17
       2                        3                       19
       3                        0                       26
       4                        0                       15
       5                        0                        5
       6                        0                        0
Selected root coding ORFs number: 56
Rejected non-coding ORFs number: 88
Remaining ORFs number: 171

Select coding ORFs from remianing ORFs using a Fisher discriminant function...
Remaining: 119
Process overlapping genes...
Totally predict 72 genes.
Second run of TIS model.
Extract TUI and TUL genes (length >300bp)
TUI genes number: 37
TUL genes number: 7
Compare TUI TIS model with TUL TIS model...
Train TUI TIS model..
Train TUL TIS model..
Lamda > 0: TUL TIS model is similar to TUI TIS model.
Re-train TIS model....
Choose final TIS...
Predicted genes have been saved in file: /home3/katelyn/PATRIC/fna/1195071.9.fna.MED
Detailed information for predicted TIS has been saved in /home3/katelyn/PATRIC/fna/1195071.9.fna.MED.para
