Welcome to MED2.0
Genome file is /home3/katelyn/PATRIC/fna/1195068.9.fna
sequence size: 45242
GC%: 0.344636

Number of exactcted ORFs: 338
Select root ORFs and first running of TIS model...
 iteration      Selected as coding    rejected as non-coding
       0                        4                        2
       1                       19                       29
       2                       18                       51
       3                        3                       22
       4                        1                        7
       5                        0                        1
       6                        0                        1
       7                        0                        1
       8                        0                        0
Selected root coding ORFs number: 45
Rejected non-coding ORFs number: 114
Remaining ORFs number: 179

Select coding ORFs from remianing ORFs using a Fisher discriminant function...
Remaining: 129
Process overlapping genes...
Totally predict 77 genes.
Second run of TIS model.
Extract TUI and TUL genes (length >300bp)
TUI genes number: 33
TUL genes number: 14
Compare TUI TIS model with TUL TIS model...
Train TUI TIS model..
Train TUL TIS model..
Lamda > 0: TUL TIS model is similar to TUI TIS model.
Re-train TIS model....
Choose final TIS...
Predicted genes have been saved in file: /home3/katelyn/PATRIC/fna/1195068.9.fna.MED
Detailed information for predicted TIS has been saved in /home3/katelyn/PATRIC/fna/1195068.9.fna.MED.para
