Welcome to MED2.0
Genome file is /home3/katelyn/PATRIC/fna/1197951.9.fna
sequence size: 38889
GC%: 0.461004

Number of exactcted ORFs: 340
Select root ORFs and first running of TIS model...
 iteration      Selected as coding    rejected as non-coding
       0                       20                       10
       1                        8                       15
       2                        0                       19
       3                        0                       25
       4                        0                       17
       5                        0                        6
       6                        0                        5
       7                        0                        2
       8                        0                        0
Selected root coding ORFs number: 28
Rejected non-coding ORFs number: 99
Remaining ORFs number: 213

Select coding ORFs from remianing ORFs using a Fisher discriminant function...
Remaining: 107
Process overlapping genes...
Totally predict 58 genes.
Second run of TIS model.
Extract TUI and TUL genes (length >300bp)
TUI genes number: 27
TUL genes number: 10
Compare TUI TIS model with TUL TIS model...
Train TUI TIS model..
Train TUL TIS model..
Lamda > 0: TUL TIS model is similar to TUI TIS model.
Re-train TIS model....
Choose final TIS...
Predicted genes have been saved in file: /home3/katelyn/PATRIC/fna/1197951.9.fna.MED
Detailed information for predicted TIS has been saved in /home3/katelyn/PATRIC/fna/1197951.9.fna.MED.para
