Welcome to MED2.0
Genome file is /home3/katelyn/PATRIC/fna/1198014.8.fna
sequence size: 161978
GC%: 0.413001

Number of exactcted ORFs: 1632
Select root ORFs and first running of TIS model...
 iteration      Selected as coding    rejected as non-coding
       0                       35                       56
       1                       17                      180
       2                        4                      184
       3                        0                       98
       4                        0                       43
       5                        0                       13
       6                        0                        5
       7                        0                        1
       8                        0                        0
Selected root coding ORFs number: 56
Rejected non-coding ORFs number: 580
Remaining ORFs number: 996

Select coding ORFs from remianing ORFs using a Fisher discriminant function...
Remaining: 451
Process overlapping genes...
Totally predict 257 genes.
Second run of TIS model.
Extract TUI and TUL genes (length >300bp)
TUI genes number: 102
TUL genes number: 58
Compare TUI TIS model with TUL TIS model...
Train TUI TIS model..
Train TUL TIS model..
Lamda > 0: TUL TIS model is similar to TUI TIS model.
Re-train TIS model....
Choose final TIS...
Predicted genes have been saved in file: /home3/katelyn/PATRIC/fna/1198014.8.fna.MED
Detailed information for predicted TIS has been saved in /home3/katelyn/PATRIC/fna/1198014.8.fna.MED.para
