Welcome to MED2.0
Genome file is /home3/katelyn/PATRIC/fna/1204539.8.fna
sequence size: 122024
GC%: 0.406141

Number of exactcted ORFs: 828
Select root ORFs and first running of TIS model...
 iteration      Selected as coding    rejected as non-coding
       0                       45                        9
       1                       35                       19
       2                       10                       18
       3                        3                       12
       4                        0                        6
       5                        0                        0
Selected root coding ORFs number: 93
Rejected non-coding ORFs number: 64
Remaining ORFs number: 671

Select coding ORFs from remianing ORFs using a Fisher discriminant function...
Remaining: 502
Process overlapping genes...
Totally predict 237 genes.
Second run of TIS model.
Extract TUI and TUL genes (length >300bp)
TUI genes number: 72
TUL genes number: 41
Compare TUI TIS model with TUL TIS model...
Train TUI TIS model..
Train TUL TIS model..
Lamda > 0: TUL TIS model is similar to TUI TIS model.
Re-train TIS model...
Choose final TIS...
Predicted genes have been saved in file: /home3/katelyn/PATRIC/fna/1204539.8.fna.MED
Detailed information for predicted TIS has been saved in /home3/katelyn/PATRIC/fna/1204539.8.fna.MED.para
