Welcome to MED2.0
Genome file is /home3/katelyn/PATRIC/fna/1204535.9.fna
sequence size: 31674
GC%: 0.29971

Number of exactcted ORFs: 204
Select root ORFs and first running of TIS model...
 iteration      Selected as coding    rejected as non-coding
       0                        0                        0
Selected root coding ORFs number: 0
Rejected non-coding ORFs number: 0
Remaining ORFs number: 204

Select coding ORFs from remianing ORFs using a Fisher discriminant function...
Remaining: 106
Process overlapping genes...
Totally predict 60 genes.
Second run of TIS model.
Extract TUI and TUL genes (length >300bp)
TUI genes number: 21
TUL genes number: 8
Compare TUI TIS model with TUL TIS model...
Train TUI TIS model..
Train TUL TIS model..
Lamda > 0: TUL TIS model is similar to TUI TIS model.
Re-train TIS model...
Choose final TIS...
Predicted genes have been saved in file: /home3/katelyn/PATRIC/fna/1204535.9.fna.MED
Detailed information for predicted TIS has been saved in /home3/katelyn/PATRIC/fna/1204535.9.fna.MED.para
