Welcome to MED2.0
Genome file is /home3/katelyn/PATRIC/fna/1204523.8.fna
sequence size: 157308
GC%: 0.45032

Number of exactcted ORFs: 1593
Select root ORFs and first running of TIS model...
 iteration      Selected as coding    rejected as non-coding
       0                       58                       93
       1                       34                      237
       2                        3                      118
       3                        3                       27
       4                        0                        6
       5                        0                        3
       6                        0                        0
Selected root coding ORFs number: 98
Rejected non-coding ORFs number: 484
Remaining ORFs number: 1011

Select coding ORFs from remianing ORFs using a Fisher discriminant function...
Remaining: 427
Process overlapping genes...
Totally predict 214 genes.
Second run of TIS model.
Extract TUI and TUL genes (length >300bp)
TUI genes number: 90
TUL genes number: 71
Compare TUI TIS model with TUL TIS model...
Train TUI TIS model..
Train TUL TIS model..
Lamda > 0: TUL TIS model is similar to TUI TIS model.
Re-train TIS model.....
Choose final TIS...
Predicted genes have been saved in file: /home3/katelyn/PATRIC/fna/1204523.8.fna.MED
Detailed information for predicted TIS has been saved in /home3/katelyn/PATRIC/fna/1204523.8.fna.MED.para
