Welcome to MED2.0
Genome file is /home3/katelyn/PATRIC/fna/1206545.9.fna
sequence size: 159991
GC%: 0.467045

Number of exactcted ORFs: 1605
Select root ORFs and first running of TIS model...
 iteration      Selected as coding    rejected as non-coding
       0                       63                      124
       1                       19                      289
       2                        3                      140
       3                        0                       27
       4                        0                       10
       5                        0                        1
       6                        0                        0
Selected root coding ORFs number: 85
Rejected non-coding ORFs number: 591
Remaining ORFs number: 929

Select coding ORFs from remianing ORFs using a Fisher discriminant function...
Remaining: 357
Process overlapping genes...
Totally predict 206 genes.
Second run of TIS model.
Extract TUI and TUL genes (length >300bp)
TUI genes number: 81
TUL genes number: 79
Compare TUI TIS model with TUL TIS model...
Train TUI TIS model..
Train TUL TIS model..
Lamda > 0: TUL TIS model is similar to TUI TIS model.
Re-train TIS model.....
Choose final TIS...
Predicted genes have been saved in file: /home3/katelyn/PATRIC/fna/1206545.9.fna.MED
Detailed information for predicted TIS has been saved in /home3/katelyn/PATRIC/fna/1206545.9.fna.MED.para
