Welcome to MED2.0
Genome file is /home3/katelyn/PATRIC/fna/1206558.9.fna
sequence size: 168809
GC%: 0.345438

Number of exactcted ORFs: 1161
Select root ORFs and first running of TIS model...
 iteration      Selected as coding    rejected as non-coding
       0                       23                        4
       1                       39                       28
       2                       15                       43
       3                        3                       38
       4                        1                       57
       5                        0                       42
       6                        0                       21
       7                        0                       11
       8                        0                        5
       9                        0                        6
      10                        0                        2
      11                        0                        2
      12                        0                        0
Selected root coding ORFs number: 81
Rejected non-coding ORFs number: 259
Remaining ORFs number: 821

Select coding ORFs from remianing ORFs using a Fisher discriminant function...
Remaining: 433
Process overlapping genes...
Totally predict 281 genes.
Second run of TIS model.
Extract TUI and TUL genes (length >300bp)
TUI genes number: 121
TUL genes number: 56
Compare TUI TIS model with TUL TIS model...
Train TUI TIS model..
Train TUL TIS model..
Lamda > 0: TUL TIS model is similar to TUI TIS model.
Re-train TIS model...
Choose final TIS...
Predicted genes have been saved in file: /home3/katelyn/PATRIC/fna/1206558.9.fna.MED
Detailed information for predicted TIS has been saved in /home3/katelyn/PATRIC/fna/1206558.9.fna.MED.para
