Welcome to MED2.0
Genome file is /home3/katelyn/PATRIC/fna/1208587.10.fna
sequence size: 58305
GC%: 0.398731

Number of exactcted ORFs: 431
Select root ORFs and first running of TIS model...
 iteration      Selected as coding    rejected as non-coding
       0                       19                       16
       1                       19                       35
       2                        8                       33
       3                        0                       17
       4                        0                        4
       5                        0                        2
       6                        0                        0
Selected root coding ORFs number: 46
Rejected non-coding ORFs number: 107
Remaining ORFs number: 278

Select coding ORFs from remianing ORFs using a Fisher discriminant function...
Remaining: 139
Process overlapping genes...
Totally predict 101 genes.
Second run of TIS model.
Extract TUI and TUL genes (length >300bp)
TUI genes number: 38
TUL genes number: 25
Compare TUI TIS model with TUL TIS model...
Train TUI TIS model..
Train TUL TIS model..
Lamda > 0: TUL TIS model is similar to TUI TIS model.
Re-train TIS model....
Choose final TIS...
Predicted genes have been saved in file: /home3/katelyn/PATRIC/fna/1208587.10.fna.MED
Detailed information for predicted TIS has been saved in /home3/katelyn/PATRIC/fna/1208587.10.fna.MED.para
