Welcome to MED2.0
Genome file is /home3/katelyn/PATRIC/fna/1211386.7.fna
sequence size: 43827
GC%: 0.49182

Number of exactcted ORFs: 415
Select root ORFs and first running of TIS model...
 iteration      Selected as coding    rejected as non-coding
       0                       14                       37
       1                        5                       38
       2                        0                       21
       3                        0                       15
       4                        0                        7
       5                        0                        4
       6                        0                        1
       7                        0                        0
Selected root coding ORFs number: 19
Rejected non-coding ORFs number: 123
Remaining ORFs number: 273

Select coding ORFs from remianing ORFs using a Fisher discriminant function...
Remaining: 186
Process overlapping genes...
Totally predict 57 genes.
Second run of TIS model.
Extract TUI and TUL genes (length >300bp)
TUI genes number: 26
TUL genes number: 7
Compare TUI TIS model with TUL TIS model...
Train TUI TIS model..
Train TUL TIS model..
Lamda < 0: TUL TIS model differs from TUI TIS model
Re-train TUI TIS model....
Re-train TUL TIS model..
Choose final TIS...
Predicted genes have been saved in file: /home3/katelyn/PATRIC/fna/1211386.7.fna.MED
Detailed information for predicted TIS has been saved in /home3/katelyn/PATRIC/fna/1211386.7.fna.MED.para
