Welcome to MED2.0
Genome file is /home3/katelyn/PATRIC/fna/1211278.6.fna
sequence size: 51160
GC%: 0.669859

Number of exactcted ORFs: 466
Select root ORFs and first running of TIS model...
 iteration      Selected as coding    rejected as non-coding
       0                       58                      204
       1                        3                       25
       2                        0                        4
       3                        0                        1
       4                        0                        0
Selected root coding ORFs number: 61
Rejected non-coding ORFs number: 268
Remaining ORFs number: 137
Select coding ORFs from remianing ORFs using Fisher discriminant functions...
Remaining: 101
Process overlapping genes...
Totally predict 81 genes.
Second run of TIS model.
Extract TUI and TUL genes (length >300bp)
TUI genes number: 29
TUL genes number: 26
Compare TUI TIS model with TUL TIS model...
Train TUI TIS model..
Train TUL TIS model..
Lamda > 0: TUL TIS model is similar to TUI TIS model.
Re-train TIS model..
Choose final TIS...
Predicted genes have been saved in file: /home3/katelyn/PATRIC/fna/1211278.6.fna.MED
Detailed information for predicted TIS has been saved in /home3/katelyn/PATRIC/fna/1211278.6.fna.MED.para
