Welcome to MED2.0
Genome file is /home3/katelyn/PATRIC/fna/1211642.8.fna
sequence size: 218929
GC%: 0.661498

Number of exactcted ORFs: 1961
Select root ORFs and first running of TIS model...
 iteration      Selected as coding    rejected as non-coding
       0                      248                      777
       1                       28                      126
       2                        0                       27
       3                        0                        3
       4                        0                        1
       5                        0                        1
       6                        0                        1
       7                        0                        0
Selected root coding ORFs number: 276
Rejected non-coding ORFs number: 1043
Remaining ORFs number: 642
Select coding ORFs from remianing ORFs using Fisher discriminant functions...
Remaining: 533
Process overlapping genes...
Totally predict 374 genes.
Second run of TIS model.
Extract TUI and TUL genes (length >300bp)
TUI genes number: 131
TUL genes number: 113
Compare TUI TIS model with TUL TIS model...
Train TUI TIS model..
Train TUL TIS model..
Lamda < 0: TUL TIS model differs from TUI TIS model
Re-train TUI TIS model....
Re-train TUL TIS model...
Choose final TIS...
Predicted genes have been saved in file: /home3/katelyn/PATRIC/fna/1211642.8.fna.MED
Detailed information for predicted TIS has been saved in /home3/katelyn/PATRIC/fna/1211642.8.fna.MED.para
