Welcome to MED2.0
Genome file is /home3/katelyn/PATRIC/fna/1216926.10.fna
sequence size: 50552
GC%: 0.455551

Number of exactcted ORFs: 494
Select root ORFs and first running of TIS model...
 iteration      Selected as coding    rejected as non-coding
       0                       26                       12
       1                       12                       30
       2                        0                       26
       3                        0                        9
       4                        0                        4
       5                        0                        2
       6                        0                        1
       7                        0                        1
       8                        0                        1
       9                        0                        0
Selected root coding ORFs number: 38
Rejected non-coding ORFs number: 86
Remaining ORFs number: 370

Select coding ORFs from remianing ORFs using a Fisher discriminant function...
Remaining: 232
Process overlapping genes...
Totally predict 105 genes.
Second run of TIS model.
Extract TUI and TUL genes (length >300bp)
TUI genes number: 27
TUL genes number: 20
Compare TUI TIS model with TUL TIS model...
Train TUI TIS model..
Train TUL TIS model..
Lamda > 0: TUL TIS model is similar to TUI TIS model.
Re-train TIS model...
Choose final TIS...
Predicted genes have been saved in file: /home3/katelyn/PATRIC/fna/1216926.10.fna.MED
Detailed information for predicted TIS has been saved in /home3/katelyn/PATRIC/fna/1216926.10.fna.MED.para
