Welcome to MED2.0
Genome file is /home3/katelyn/PATRIC/fna/1220602.5.fna
sequence size: 46486
GC%: 0.493503

Number of exactcted ORFs: 447
Select root ORFs and first running of TIS model...
 iteration      Selected as coding    rejected as non-coding
       0                       16                       44
       1                        2                      124
       2                        0                       59
       3                        0                        8
       4                        0                        1
       5                        0                        0
Selected root coding ORFs number: 18
Rejected non-coding ORFs number: 236
Remaining ORFs number: 193

Select coding ORFs from remianing ORFs using a Fisher discriminant function...
Remaining: 171
Process overlapping genes...
Totally predict 67 genes.
Second run of TIS model.
Extract TUI and TUL genes (length >300bp)
TUI genes number: 24
TUL genes number: 17
Compare TUI TIS model with TUL TIS model...
Train TUI TIS model..
Train TUL TIS model..
Lamda > 0: TUL TIS model is similar to TUI TIS model.
Re-train TIS model...
Choose final TIS...
Predicted genes have been saved in file: /home3/katelyn/PATRIC/fna/1220602.5.fna.MED
Detailed information for predicted TIS has been saved in /home3/katelyn/PATRIC/fna/1220602.5.fna.MED.para
