Welcome to MED2.0
Genome file is /home3/katelyn/PATRIC/fna/1220601.6.fna
sequence size: 43444
GC%: 0.591773

Number of exactcted ORFs: 447
Select root ORFs and first running of TIS model...
 iteration      Selected as coding    rejected as non-coding
       0                       45                      133
       1                        6                       33
       2                        0                        3
       3                        0                        0
Selected root coding ORFs number: 51
Rejected non-coding ORFs number: 189
Remaining ORFs number: 207
Select coding ORFs from remianing ORFs using Fisher discriminant functions...
Remaining: 146
Process overlapping genes...
Totally predict 67 genes.
Second run of TIS model.
Extract TUI and TUL genes (length >300bp)
TUI genes number: 17
TUL genes number: 18
Compare TUI TIS model with TUL TIS model...
Train TUI TIS model..
Train TUL TIS model..
Lamda > 0: TUL TIS model is similar to TUI TIS model.
Re-train TIS model...
Choose final TIS...
Predicted genes have been saved in file: /home3/katelyn/PATRIC/fna/1220601.6.fna.MED
Detailed information for predicted TIS has been saved in /home3/katelyn/PATRIC/fna/1220601.6.fna.MED.para
