Welcome to MED2.0
Genome file is /home3/katelyn/PATRIC/fna/1221835.11.fna
sequence size: 45364
GC%: 0.39053

Number of exactcted ORFs: 361
Select root ORFs and first running of TIS model...
 iteration      Selected as coding    rejected as non-coding
       0                       16                        4
       1                       14                        3
       2                        3                        2
       3                        0                        3
       4                        0                        5
       5                        0                        2
       6                        0                        0
Selected root coding ORFs number: 33
Rejected non-coding ORFs number: 19
Remaining ORFs number: 309

Select coding ORFs from remianing ORFs using a Fisher discriminant function...
Remaining: 251
Process overlapping genes...
Totally predict 74 genes.
Second run of TIS model.
Extract TUI and TUL genes (length >300bp)
TUI genes number: 29
TUL genes number: 21
Compare TUI TIS model with TUL TIS model...
Train TUI TIS model..
Train TUL TIS model..
Lamda < 0: TUL TIS model differs from TUI TIS model
Re-train TUI TIS model...
Re-train TUL TIS model....
Choose final TIS...
Predicted genes have been saved in file: /home3/katelyn/PATRIC/fna/1221835.11.fna.MED
Detailed information for predicted TIS has been saved in /home3/katelyn/PATRIC/fna/1221835.11.fna.MED.para
