Welcome to MED2.0
Genome file is /home3/katelyn/PATRIC/fna/1225806.6.fna
sequence size: 43028
GC%: 0.368063

Number of exactcted ORFs: 322
Select root ORFs and first running of TIS model...
 iteration      Selected as coding    rejected as non-coding
       0                       14                        3
       1                       18                        1
       2                        2                        2
       3                        0                        3
       4                        0                        2
       5                        0                        3
       6                        0                        0
Selected root coding ORFs number: 34
Rejected non-coding ORFs number: 14
Remaining ORFs number: 274

Select coding ORFs from remianing ORFs using a Fisher discriminant function...
Remaining: 185
Process overlapping genes...
Totally predict 81 genes.
Second run of TIS model.
Extract TUI and TUL genes (length >300bp)
TUI genes number: 25
TUL genes number: 13
Compare TUI TIS model with TUL TIS model...
Train TUI TIS model..
Train TUL TIS model..
Lamda > 0: TUL TIS model is similar to TUI TIS model.
Re-train TIS model.....
Choose final TIS...
Predicted genes have been saved in file: /home3/katelyn/PATRIC/fna/1225806.6.fna.MED
Detailed information for predicted TIS has been saved in /home3/katelyn/PATRIC/fna/1225806.6.fna.MED.para
