Welcome to MED2.0
Genome file is /home3/katelyn/PATRIC/fna/1225795.6.fna
sequence size: 80617
GC%: 0.369624

Number of exactcted ORFs: 644
Select root ORFs and first running of TIS model...
 iteration      Selected as coding    rejected as non-coding
       0                       22                        8
       1                       52                       35
       2                       14                       53
       3                        1                       35
       4                        0                       18
       5                        0                       13
       6                        0                        6
       7                        0                        2
       8                        0                        0
Selected root coding ORFs number: 89
Rejected non-coding ORFs number: 170
Remaining ORFs number: 385

Select coding ORFs from remianing ORFs using a Fisher discriminant function...
Remaining: 247
Process overlapping genes...
Totally predict 143 genes.
Second run of TIS model.
Extract TUI and TUL genes (length >300bp)
TUI genes number: 50
TUL genes number: 30
Compare TUI TIS model with TUL TIS model...
Train TUI TIS model..
Train TUL TIS model..
Lamda > 0: TUL TIS model is similar to TUI TIS model.
Re-train TIS model...
Choose final TIS...
Predicted genes have been saved in file: /home3/katelyn/PATRIC/fna/1225795.6.fna.MED
Detailed information for predicted TIS has been saved in /home3/katelyn/PATRIC/fna/1225795.6.fna.MED.para
