Welcome to MED2.0
Genome file is /home3/katelyn/PATRIC/fna/1226252.6.fna
sequence size: 63369
GC%: 0.494769

Number of exactcted ORFs: 682
Select root ORFs and first running of TIS model...
 iteration      Selected as coding    rejected as non-coding
       0                       19                       29
       1                       10                       63
       2                        2                       58
       3                        0                       14
       4                        0                        4
       5                        0                        2
       6                        0                        4
       7                        0                        1
       8                        0                        0
Selected root coding ORFs number: 31
Rejected non-coding ORFs number: 175
Remaining ORFs number: 476

Select coding ORFs from remianing ORFs using a Fisher discriminant function...
Remaining: 286
Process overlapping genes...
Totally predict 104 genes.
Second run of TIS model.
Extract TUI and TUL genes (length >300bp)
TUI genes number: 29
TUL genes number: 26
Compare TUI TIS model with TUL TIS model...
Train TUI TIS model..
Train TUL TIS model..
Lamda > 0: TUL TIS model is similar to TUI TIS model.
Re-train TIS model.....
Choose final TIS...
Predicted genes have been saved in file: /home3/katelyn/PATRIC/fna/1226252.6.fna.MED
Detailed information for predicted TIS has been saved in /home3/katelyn/PATRIC/fna/1226252.6.fna.MED.para
