Welcome to MED2.0
Genome file is /home3/katelyn/PATRIC/fna/1226260.6.fna
sequence size: 58326
GC%: 0.513802

Number of exactcted ORFs: 592
Select root ORFs and first running of TIS model...
 iteration      Selected as coding    rejected as non-coding
       0                       14                       15
       1                       11                       45
       2                        1                       35
       3                        0                       18
       4                        0                        4
       5                        0                        4
       6                        0                        0
Selected root coding ORFs number: 26
Rejected non-coding ORFs number: 121
Remaining ORFs number: 445

Select coding ORFs from remianing ORFs using a Fisher discriminant function...
Remaining: 259
Process overlapping genes...
Totally predict 86 genes.
Second run of TIS model.
Extract TUI and TUL genes (length >300bp)
TUI genes number: 31
TUL genes number: 25
Compare TUI TIS model with TUL TIS model...
Train TUI TIS model..
Train TUL TIS model..
Lamda > 0: TUL TIS model is similar to TUI TIS model.
Re-train TIS model...
Choose final TIS...
Predicted genes have been saved in file: /home3/katelyn/PATRIC/fna/1226260.6.fna.MED
Detailed information for predicted TIS has been saved in /home3/katelyn/PATRIC/fna/1226260.6.fna.MED.para
