Welcome to MED2.0
Genome file is /home3/katelyn/PATRIC/fna/1226254.6.fna
sequence size: 63253
GC%: 0.494506

Number of exactcted ORFs: 681
Select root ORFs and first running of TIS model...
 iteration      Selected as coding    rejected as non-coding
       0                       18                       55
       1                        7                       92
       2                        1                       60
       3                        0                        8
       4                        0                        3
       5                        0                        0
Selected root coding ORFs number: 26
Rejected non-coding ORFs number: 218
Remaining ORFs number: 437

Select coding ORFs from remianing ORFs using a Fisher discriminant function...
Remaining: 310
Process overlapping genes...
Totally predict 110 genes.
Second run of TIS model.
Extract TUI and TUL genes (length >300bp)
TUI genes number: 31
TUL genes number: 25
Compare TUI TIS model with TUL TIS model...
Train TUI TIS model..
Train TUL TIS model..
Lamda < 0: TUL TIS model differs from TUI TIS model
Re-train TUI TIS model....
Re-train TUL TIS model...
Choose final TIS...
Predicted genes have been saved in file: /home3/katelyn/PATRIC/fna/1226254.6.fna.MED
Detailed information for predicted TIS has been saved in /home3/katelyn/PATRIC/fna/1226254.6.fna.MED.para
