Welcome to MED2.0
Genome file is /home3/katelyn/PATRIC/fna/1229753.18.fna
sequence size: 147737
GC%: 0.391479

Number of exactcted ORFs: 1338
Select root ORFs and first running of TIS model...
 iteration      Selected as coding    rejected as non-coding
       0                       80                       25
       1                       49                       74
       2                        9                      107
       3                        0                       71
       4                        0                       41
       5                        0                       15
       6                        0                        6
       7                        0                        3
       8                        0                        1
       9                        0                        0
Selected root coding ORFs number: 138
Rejected non-coding ORFs number: 343
Remaining ORFs number: 857

Select coding ORFs from remianing ORFs using a Fisher discriminant function...
Remaining: 471
Process overlapping genes...
Totally predict 289 genes.
Second run of TIS model.
Extract TUI and TUL genes (length >300bp)
TUI genes number: 125
TUL genes number: 33
Compare TUI TIS model with TUL TIS model...
Train TUI TIS model..
Train TUL TIS model..
Lamda > 0: TUL TIS model is similar to TUI TIS model.
Re-train TIS model...
Choose final TIS...
Predicted genes have been saved in file: /home3/katelyn/PATRIC/fna/1229753.18.fna.MED
Detailed information for predicted TIS has been saved in /home3/katelyn/PATRIC/fna/1229753.18.fna.MED.para
