Welcome to MED2.0
Genome file is /home3/katelyn/PATRIC/fna/1229789.8.fna
sequence size: 29506
GC%: 0.537619

Number of exactcted ORFs: 297
Select root ORFs and first running of TIS model...
 iteration      Selected as coding    rejected as non-coding
       0                        0                        0
Selected root coding ORFs number: 0
Rejected non-coding ORFs number: 0
Remaining ORFs number: 297

Select coding ORFs from remianing ORFs using a Fisher discriminant function...
Remaining: 42
Process overlapping genes...
Totally predict 35 genes.
Second run of TIS model.
Extract TUI and TUL genes (length >300bp)
TUI genes number: 7
TUL genes number: 9
Compare TUI TIS model with TUL TIS model...
Train TUI TIS model..
Train TUL TIS model..
Lamda > 0: TUL TIS model is similar to TUI TIS model.
Re-train TIS model..
Choose final TIS...
Predicted genes have been saved in file: /home3/katelyn/PATRIC/fna/1229789.8.fna.MED
Detailed information for predicted TIS has been saved in /home3/katelyn/PATRIC/fna/1229789.8.fna.MED.para
