Welcome to MED2.0
Genome file is /home3/katelyn/PATRIC/fna/1230469.6.fna
sequence size: 37159
GC%: 0.406093

Number of exactcted ORFs: 397
Select root ORFs and first running of TIS model...
 iteration      Selected as coding    rejected as non-coding
       0                       12                       14
       1                       14                       46
       2                        5                       37
       3                        0                        6
       4                        0                        1
       5                        0                        0
Selected root coding ORFs number: 31
Rejected non-coding ORFs number: 104
Remaining ORFs number: 262

Select coding ORFs from remianing ORFs using a Fisher discriminant function...
Remaining: 239
Process overlapping genes...
Totally predict 66 genes.
Second run of TIS model.
Extract TUI and TUL genes (length >300bp)
TUI genes number: 24
TUL genes number: 15
Compare TUI TIS model with TUL TIS model...
Train TUI TIS model..
Train TUL TIS model..
Lamda > 0: TUL TIS model is similar to TUI TIS model.
Re-train TIS model..
Choose final TIS...
Predicted genes have been saved in file: /home3/katelyn/PATRIC/fna/1230469.6.fna.MED
Detailed information for predicted TIS has been saved in /home3/katelyn/PATRIC/fna/1230469.6.fna.MED.para
