Welcome to MED2.0
Genome file is /home3/katelyn/PATRIC/fna/1235657.5.fna
sequence size: 29453
GC%: 0.538179

Number of exactcted ORFs: 303
Select root ORFs and first running of TIS model...
 iteration      Selected as coding    rejected as non-coding
       0                        0                        0
Selected root coding ORFs number: 0
Rejected non-coding ORFs number: 0
Remaining ORFs number: 303

Select coding ORFs from remianing ORFs using a Fisher discriminant function...
Remaining: 86
Process overlapping genes...
Totally predict 42 genes.
Second run of TIS model.
Extract TUI and TUL genes (length >300bp)
TUI genes number: 11
TUL genes number: 12
Compare TUI TIS model with TUL TIS model...
Train TUI TIS model..
Train TUL TIS model..
Lamda < 0: TUL TIS model differs from TUI TIS model
Re-train TUI TIS model..
Re-train TUL TIS model..
Choose final TIS...
Predicted genes have been saved in file: /home3/katelyn/PATRIC/fna/1235657.5.fna.MED
Detailed information for predicted TIS has been saved in /home3/katelyn/PATRIC/fna/1235657.5.fna.MED.para
