Welcome to MED2.0
Genome file is /home3/katelyn/PATRIC/fna/1237159.10.fna
sequence size: 77448
GC%: 0.420489

Number of exactcted ORFs: 697
Select root ORFs and first running of TIS model...
 iteration      Selected as coding    rejected as non-coding
       0                       31                       24
       1                        9                       63
       2                        2                       56
       3                        0                       34
       4                        0                       11
       5                        0                        1
       6                        0                        1
       7                        0                        0
Selected root coding ORFs number: 42
Rejected non-coding ORFs number: 190
Remaining ORFs number: 465

Select coding ORFs from remianing ORFs using a Fisher discriminant function...
Remaining: 250
Process overlapping genes...
Totally predict 143 genes.
Second run of TIS model.
Extract TUI and TUL genes (length >300bp)
TUI genes number: 39
TUL genes number: 24
Compare TUI TIS model with TUL TIS model...
Train TUI TIS model..
Train TUL TIS model..
Lamda > 0: TUL TIS model is similar to TUI TIS model.
Re-train TIS model....
Choose final TIS...
Predicted genes have been saved in file: /home3/katelyn/PATRIC/fna/1237159.10.fna.MED
Detailed information for predicted TIS has been saved in /home3/katelyn/PATRIC/fna/1237159.10.fna.MED.para
