Welcome to MED2.0
Genome file is /home3/katelyn/PATRIC/fna/12402.8.fna
sequence size: 42935
GC%: 0.396413

Number of exactcted ORFs: 368
Select root ORFs and first running of TIS model...
 iteration      Selected as coding    rejected as non-coding
       0                        7                        2
       1                        9                       17
       2                        2                       36
       3                        0                       27
       4                        0                       14
       5                        0                        5
       6                        0                        1
       7                        0                        0
Selected root coding ORFs number: 18
Rejected non-coding ORFs number: 102
Remaining ORFs number: 248

Select coding ORFs from remianing ORFs using a Fisher discriminant function...
Remaining: 143
Process overlapping genes...
Totally predict 80 genes.
Second run of TIS model.
Extract TUI and TUL genes (length >300bp)
TUI genes number: 38
TUL genes number: 11
Compare TUI TIS model with TUL TIS model...
Train TUI TIS model..
Train TUL TIS model..
Lamda > 0: TUL TIS model is similar to TUI TIS model.
Re-train TIS model...
Choose final TIS...
Predicted genes have been saved in file: /home3/katelyn/PATRIC/fna/12402.8.fna.MED
Detailed information for predicted TIS has been saved in /home3/katelyn/PATRIC/fna/12402.8.fna.MED.para
