Welcome to MED2.0
Genome file is /home3/katelyn/PATRIC/fna/1243183.10.fna
sequence size: 43665
GC%: 0.374969

Number of exactcted ORFs: 355
Select root ORFs and first running of TIS model...
 iteration      Selected as coding    rejected as non-coding
       0                        7                        4
       1                       11                       10
       2                        7                       11
       3                        6                        8
       4                        0                        7
       5                        0                        3
       6                        0                        2
       7                        0                        2
       8                        0                        0
Selected root coding ORFs number: 31
Rejected non-coding ORFs number: 47
Remaining ORFs number: 277

Select coding ORFs from remianing ORFs using a Fisher discriminant function...
Remaining: 225
Process overlapping genes...
Totally predict 88 genes.
Second run of TIS model.
Extract TUI and TUL genes (length >300bp)
TUI genes number: 33
TUL genes number: 14
Compare TUI TIS model with TUL TIS model...
Train TUI TIS model..
Train TUL TIS model..
Lamda > 0: TUL TIS model is similar to TUI TIS model.
Re-train TIS model....
Choose final TIS...
Predicted genes have been saved in file: /home3/katelyn/PATRIC/fna/1243183.10.fna.MED
Detailed information for predicted TIS has been saved in /home3/katelyn/PATRIC/fna/1243183.10.fna.MED.para
