Welcome to MED2.0
Genome file is /home3/katelyn/PATRIC/fna/1262521.8.fna
sequence size: 28015
GC%: 0.360521

Number of exactcted ORFs: 197
Select root ORFs and first running of TIS model...
 iteration      Selected as coding    rejected as non-coding
       0                        4                        4
       1                        4                        7
       2                        2                       22
       3                        0                       19
       4                        0                        6
       5                        0                        1
       6                        0                        1
       7                        0                        0
Selected root coding ORFs number: 10
Rejected non-coding ORFs number: 60
Remaining ORFs number: 127

Select coding ORFs from remianing ORFs using a Fisher discriminant function...
Remaining: 78
Process overlapping genes...
Totally predict 45 genes.
Second run of TIS model.
Extract TUI and TUL genes (length >300bp)
TUI genes number: 16
TUL genes number: 11
Compare TUI TIS model with TUL TIS model...
Train TUI TIS model..
Train TUL TIS model..
Lamda > 0: TUL TIS model is similar to TUI TIS model.
Re-train TIS model...
Choose final TIS...
Predicted genes have been saved in file: /home3/katelyn/PATRIC/fna/1262521.8.fna.MED
Detailed information for predicted TIS has been saved in /home3/katelyn/PATRIC/fna/1262521.8.fna.MED.para
