Welcome to MED2.0
Genome file is /home3/katelyn/PATRIC/fna/1262517.8.fna
sequence size: 28193
GC%: 0.366368

Number of exactcted ORFs: 236
Select root ORFs and first running of TIS model...
 iteration      Selected as coding    rejected as non-coding
       0                       10                        8
       1                       12                       19
       2                        3                       14
       3                        0                        0
Selected root coding ORFs number: 25
Rejected non-coding ORFs number: 41
Remaining ORFs number: 170

Select coding ORFs from remianing ORFs using a Fisher discriminant function...
Remaining: 97
Process overlapping genes...
Totally predict 43 genes.
Second run of TIS model.
Extract TUI and TUL genes (length >300bp)
TUI genes number: 19
TUL genes number: 9
Compare TUI TIS model with TUL TIS model...
Train TUI TIS model..
Train TUL TIS model..
Lamda > 0: TUL TIS model is similar to TUI TIS model.
Re-train TIS model..
Choose final TIS...
Predicted genes have been saved in file: /home3/katelyn/PATRIC/fna/1262517.8.fna.MED
Detailed information for predicted TIS has been saved in /home3/katelyn/PATRIC/fna/1262517.8.fna.MED.para
