Welcome to MED2.0
Genome file is /home3/katelyn/PATRIC/fna/1267169.8.fna
sequence size: 37375
GC%: 0.383411

Number of exactcted ORFs: 299
Select root ORFs and first running of TIS model...
 iteration      Selected as coding    rejected as non-coding
       0                       14                        4
       1                       21                        8
       2                        1                       20
       3                        0                       17
       4                        0                        7
       5                        0                        3
       6                        0                        2
       7                        0                        0
Selected root coding ORFs number: 36
Rejected non-coding ORFs number: 61
Remaining ORFs number: 202

Select coding ORFs from remianing ORFs using a Fisher discriminant function...
Remaining: 120
Process overlapping genes...
Totally predict 58 genes.
Second run of TIS model.
Extract TUI and TUL genes (length >300bp)
TUI genes number: 30
TUL genes number: 9
Compare TUI TIS model with TUL TIS model...
Train TUI TIS model..
Train TUL TIS model..
Lamda > 0: TUL TIS model is similar to TUI TIS model.
Re-train TIS model....
Choose final TIS...
Predicted genes have been saved in file: /home3/katelyn/PATRIC/fna/1267169.8.fna.MED
Detailed information for predicted TIS has been saved in /home3/katelyn/PATRIC/fna/1267169.8.fna.MED.para
