Welcome to MED2.0
Genome file is /home3/katelyn/PATRIC/fna/1273706.6.fna
sequence size: 43017
GC%: 0.44508

Number of exactcted ORFs: 399
Select root ORFs and first running of TIS model...
 iteration      Selected as coding    rejected as non-coding
       0                        9                        7
       1                       10                       23
       2                        3                       19
       3                        0                        9
       4                        0                        3
       5                        0                        2
       6                        0                        2
       7                        0                        2
       8                        0                        0
Selected root coding ORFs number: 22
Rejected non-coding ORFs number: 67
Remaining ORFs number: 310

Select coding ORFs from remianing ORFs using a Fisher discriminant function...
Remaining: 260
Process overlapping genes...
Totally predict 81 genes.
Second run of TIS model.
Extract TUI and TUL genes (length >300bp)
TUI genes number: 22
TUL genes number: 18
Compare TUI TIS model with TUL TIS model...
Train TUI TIS model..
Train TUL TIS model..
Lamda > 0: TUL TIS model is similar to TUI TIS model.
Re-train TIS model.....
Choose final TIS...
Predicted genes have been saved in file: /home3/katelyn/PATRIC/fna/1273706.6.fna.MED
Detailed information for predicted TIS has been saved in /home3/katelyn/PATRIC/fna/1273706.6.fna.MED.para
