Welcome to MED2.0
Genome file is /home3/katelyn/PATRIC/fna/1273743.6.fna
sequence size: 49362
GC%: 0.419007

Number of exactcted ORFs: 453
Select root ORFs and first running of TIS model...
 iteration      Selected as coding    rejected as non-coding
       0                       20                       19
       1                       16                       54
       2                        4                       23
       3                        0                        6
       4                        0                        1
       5                        0                        0
Selected root coding ORFs number: 40
Rejected non-coding ORFs number: 103
Remaining ORFs number: 310

Select coding ORFs from remianing ORFs using a Fisher discriminant function...
Remaining: 236
Process overlapping genes...
Totally predict 92 genes.
Second run of TIS model.
Extract TUI and TUL genes (length >300bp)
TUI genes number: 39
TUL genes number: 14
Compare TUI TIS model with TUL TIS model...
Train TUI TIS model..
Train TUL TIS model..
Lamda > 0: TUL TIS model is similar to TUI TIS model.
Re-train TIS model....
Choose final TIS...
Predicted genes have been saved in file: /home3/katelyn/PATRIC/fna/1273743.6.fna.MED
Detailed information for predicted TIS has been saved in /home3/katelyn/PATRIC/fna/1273743.6.fna.MED.para
