Welcome to MED2.0
Genome file is /home3/katelyn/PATRIC/fna/1277892.6.fna
sequence size: 38940
GC%: 0.399435

Number of exactcted ORFs: 356
Select root ORFs and first running of TIS model...
 iteration      Selected as coding    rejected as non-coding
       0                        4                        2
       1                        5                       23
       2                        4                       32
       3                        0                       22
       4                        0                       16
       5                        0                       16
       6                        0                       14
       7                        0                        2
       8                        0                        0
Selected root coding ORFs number: 13
Rejected non-coding ORFs number: 127
Remaining ORFs number: 216

Select coding ORFs from remianing ORFs using a Fisher discriminant function...
Remaining: 104
Process overlapping genes...
Totally predict 61 genes.
Second run of TIS model.
Extract TUI and TUL genes (length >300bp)
TUI genes number: 34
TUL genes number: 6
Compare TUI TIS model with TUL TIS model...
Train TUI TIS model..
Train TUL TIS model..
Lamda > 0: TUL TIS model is similar to TUI TIS model.
Re-train TIS model.....
Choose final TIS...
Predicted genes have been saved in file: /home3/katelyn/PATRIC/fna/1277892.6.fna.MED
Detailed information for predicted TIS has been saved in /home3/katelyn/PATRIC/fna/1277892.6.fna.MED.para
