Welcome to MED2.0
Genome file is /home3/katelyn/PATRIC/fna/1278423.21.fna
sequence size: 179558
GC%: 0.410976

Number of exactcted ORFs: 1654
Select root ORFs and first running of TIS model...
 iteration      Selected as coding    rejected as non-coding
       0                       35                       49
       1                       33                      197
       2                       14                      216
       3                        1                      138
       4                        0                       49
       5                        0                       20
       6                        0                       10
       7                        0                        7
       8                        0                        0
Selected root coding ORFs number: 83
Rejected non-coding ORFs number: 686
Remaining ORFs number: 885

Select coding ORFs from remianing ORFs using a Fisher discriminant function...
Remaining: 357
Process overlapping genes...
Totally predict 223 genes.
Second run of TIS model.
Extract TUI and TUL genes (length >300bp)
TUI genes number: 99
TUL genes number: 35
Compare TUI TIS model with TUL TIS model...
Train TUI TIS model..
Train TUL TIS model..
Lamda < 0: TUL TIS model differs from TUI TIS model
Re-train TUI TIS model....
Re-train TUL TIS model...
Choose final TIS...
Predicted genes have been saved in file: /home3/katelyn/PATRIC/fna/1278423.21.fna.MED
Detailed information for predicted TIS has been saved in /home3/katelyn/PATRIC/fna/1278423.21.fna.MED.para
