Welcome to MED2.0
Genome file is /home3/katelyn/PATRIC/fna/1278402.45.fna
sequence size: 173821
GC%: 0.395781

Number of exactcted ORFs: 1511
Select root ORFs and first running of TIS model...
 iteration      Selected as coding    rejected as non-coding
       0                       33                       37
       1                       37                      197
       2                       17                      246
       3                        3                      102
       4                        0                       36
       5                        0                       13
       6                        0                        9
       7                        0                        2
       8                        0                        0
Selected root coding ORFs number: 90
Rejected non-coding ORFs number: 642
Remaining ORFs number: 779

Select coding ORFs from remianing ORFs using a Fisher discriminant function...
Remaining: 417
Process overlapping genes...
Totally predict 220 genes.
Second run of TIS model.
Extract TUI and TUL genes (length >300bp)
TUI genes number: 93
TUL genes number: 35
Compare TUI TIS model with TUL TIS model...
Train TUI TIS model..
Train TUL TIS model..
Lamda < 0: TUL TIS model differs from TUI TIS model
Re-train TUI TIS model.....
Re-train TUL TIS model...
Choose final TIS...
Predicted genes have been saved in file: /home3/katelyn/PATRIC/fna/1278402.45.fna.MED
Detailed information for predicted TIS has been saved in /home3/katelyn/PATRIC/fna/1278402.45.fna.MED.para
