Welcome to MED2.0
Genome file is /home3/katelyn/PATRIC/fna/1278402.53.fna
sequence size: 174046
GC%: 0.395694

Number of exactcted ORFs: 1511
Select root ORFs and first running of TIS model...
 iteration      Selected as coding    rejected as non-coding
       0                       36                       48
       1                       32                      200
       2                       12                      233
       3                        4                      123
       4                        0                       39
       5                        0                       13
       6                        0                        7
       7                        0                        3
       8                        0                        0
Selected root coding ORFs number: 84
Rejected non-coding ORFs number: 666
Remaining ORFs number: 761

Select coding ORFs from remianing ORFs using a Fisher discriminant function...
Remaining: 520
Process overlapping genes...
Totally predict 228 genes.
Second run of TIS model.
Extract TUI and TUL genes (length >300bp)
TUI genes number: 93
TUL genes number: 33
Compare TUI TIS model with TUL TIS model...
Train TUI TIS model..
Train TUL TIS model..
Lamda > 0: TUL TIS model is similar to TUI TIS model.
Re-train TIS model...
Choose final TIS...
Predicted genes have been saved in file: /home3/katelyn/PATRIC/fna/1278402.53.fna.MED
Detailed information for predicted TIS has been saved in /home3/katelyn/PATRIC/fna/1278402.53.fna.MED.para
