Welcome to MED2.0
Genome file is /home3/katelyn/PATRIC/fna/1278485.23.fna
sequence size: 197868
GC%: 0.403431

Number of exactcted ORFs: 1769
Select root ORFs and first running of TIS model...
 iteration      Selected as coding    rejected as non-coding
       0                       46                       45
       1                       60                      164
       2                        8                      226
       3                        0                      161
       4                        0                       76
       5                        0                       27
       6                        0                        7
       7                        0                        0
Selected root coding ORFs number: 114
Rejected non-coding ORFs number: 706
Remaining ORFs number: 949

Select coding ORFs from remianing ORFs using a Fisher discriminant function...
Remaining: 540
Process overlapping genes...
Totally predict 243 genes.
Second run of TIS model.
Extract TUI and TUL genes (length >300bp)
TUI genes number: 104
TUL genes number: 38
Compare TUI TIS model with TUL TIS model...
Train TUI TIS model..
Train TUL TIS model..
Lamda < 0: TUL TIS model differs from TUI TIS model
Re-train TUI TIS model....
Re-train TUL TIS model...
Choose final TIS...
Predicted genes have been saved in file: /home3/katelyn/PATRIC/fna/1278485.23.fna.MED
Detailed information for predicted TIS has been saved in /home3/katelyn/PATRIC/fna/1278485.23.fna.MED.para
