Welcome to MED2.0
Genome file is /home3/katelyn/PATRIC/fna/1278423.23.fna
sequence size: 179565
GC%: 0.411071

Number of exactcted ORFs: 1660
Select root ORFs and first running of TIS model...
 iteration      Selected as coding    rejected as non-coding
       0                       37                       39
       1                       44                      177
       2                       16                      227
       3                        0                      129
       4                        0                       53
       5                        0                       18
       6                        0                        8
       7                        0                        8
       8                        0                        2
       9                        0                        0
Selected root coding ORFs number: 97
Rejected non-coding ORFs number: 661
Remaining ORFs number: 902

Select coding ORFs from remianing ORFs using a Fisher discriminant function...
Remaining: 369
Process overlapping genes...
Totally predict 224 genes.
Second run of TIS model.
Extract TUI and TUL genes (length >300bp)
TUI genes number: 99
TUL genes number: 35
Compare TUI TIS model with TUL TIS model...
Train TUI TIS model..
Train TUL TIS model..
Lamda < 0: TUL TIS model differs from TUI TIS model
Re-train TUI TIS model....
Re-train TUL TIS model...
Choose final TIS...
Predicted genes have been saved in file: /home3/katelyn/PATRIC/fna/1278423.23.fna.MED
Detailed information for predicted TIS has been saved in /home3/katelyn/PATRIC/fna/1278423.23.fna.MED.para
