Welcome to MED2.0
Genome file is /home3/katelyn/PATRIC/fna/1278402.63.fna
sequence size: 174137
GC%: 0.395108

Number of exactcted ORFs: 1533
Select root ORFs and first running of TIS model...
 iteration      Selected as coding    rejected as non-coding
       0                       47                       44
       1                       41                      174
       2                        7                      197
       3                        1                      104
       4                        0                       33
       5                        0                       13
       6                        0                        7
       7                        0                        7
       8                        0                        2
       9                        0                        0
Selected root coding ORFs number: 96
Rejected non-coding ORFs number: 581
Remaining ORFs number: 856

Select coding ORFs from remianing ORFs using a Fisher discriminant function...
Remaining: 334
Process overlapping genes...
Totally predict 224 genes.
Second run of TIS model.
Extract TUI and TUL genes (length >300bp)
TUI genes number: 86
TUL genes number: 39
Compare TUI TIS model with TUL TIS model...
Train TUI TIS model..
Train TUL TIS model..
Lamda > 0: TUL TIS model is similar to TUI TIS model.
Re-train TIS model..
Choose final TIS...
Predicted genes have been saved in file: /home3/katelyn/PATRIC/fna/1278402.63.fna.MED
Detailed information for predicted TIS has been saved in /home3/katelyn/PATRIC/fna/1278402.63.fna.MED.para
