Welcome to MED2.0
Genome file is /home3/katelyn/PATRIC/fna/1278485.26.fna
sequence size: 192972
GC%: 0.406168

Number of exactcted ORFs: 1711
Select root ORFs and first running of TIS model...
 iteration      Selected as coding    rejected as non-coding
       0                       37                       54
       1                       50                      215
       2                        4                      280
       3                        0                      132
       4                        0                       49
       5                        0                       26
       6                        0                        9
       7                        0                        5
       8                        0                        2
       9                        0                        2
      10                        0                        0
Selected root coding ORFs number: 91
Rejected non-coding ORFs number: 774
Remaining ORFs number: 846

Select coding ORFs from remianing ORFs using a Fisher discriminant function...
Remaining: 482
Process overlapping genes...
Totally predict 236 genes.
Second run of TIS model.
Extract TUI and TUL genes (length >300bp)
TUI genes number: 99
TUL genes number: 35
Compare TUI TIS model with TUL TIS model...
Train TUI TIS model..
Train TUL TIS model..
Lamda < 0: TUL TIS model differs from TUI TIS model
Re-train TUI TIS model...
Re-train TUL TIS model...
Choose final TIS...
Predicted genes have been saved in file: /home3/katelyn/PATRIC/fna/1278485.26.fna.MED
Detailed information for predicted TIS has been saved in /home3/katelyn/PATRIC/fna/1278485.26.fna.MED.para
