Welcome to MED2.0
Genome file is /home3/katelyn/PATRIC/fna/1278402.52.fna
sequence size: 174351
GC%: 0.395392

Number of exactcted ORFs: 1515
Select root ORFs and first running of TIS model...
 iteration      Selected as coding    rejected as non-coding
       0                       43                       42
       1                       31                      190
       2                        9                      232
       3                        1                      135
       4                        0                       31
       5                        0                       12
       6                        0                        6
       7                        0                        1
       8                        0                        0
Selected root coding ORFs number: 84
Rejected non-coding ORFs number: 649
Remaining ORFs number: 782

Select coding ORFs from remianing ORFs using a Fisher discriminant function...
Remaining: 547
Process overlapping genes...
Totally predict 230 genes.
Second run of TIS model.
Extract TUI and TUL genes (length >300bp)
TUI genes number: 92
TUL genes number: 34
Compare TUI TIS model with TUL TIS model...
Train TUI TIS model..
Train TUL TIS model..
Lamda > 0: TUL TIS model is similar to TUI TIS model.
Re-train TIS model...
Choose final TIS...
Predicted genes have been saved in file: /home3/katelyn/PATRIC/fna/1278402.52.fna.MED
Detailed information for predicted TIS has been saved in /home3/katelyn/PATRIC/fna/1278402.52.fna.MED.para
