Welcome to MED2.0
Genome file is /home3/katelyn/PATRIC/fna/1278402.47.fna
sequence size: 174204
GC%: 0.395708

Number of exactcted ORFs: 1527
Select root ORFs and first running of TIS model...
 iteration      Selected as coding    rejected as non-coding
       0                       37                       47
       1                       31                      201
       2                       11                      238
       3                        1                      120
       4                        0                       41
       5                        0                       14
       6                        0                        6
       7                        0                        2
       8                        0                        0
Selected root coding ORFs number: 80
Rejected non-coding ORFs number: 669
Remaining ORFs number: 778

Select coding ORFs from remianing ORFs using a Fisher discriminant function...
Remaining: 568
Process overlapping genes...
Totally predict 232 genes.
Second run of TIS model.
Extract TUI and TUL genes (length >300bp)
TUI genes number: 92
TUL genes number: 34
Compare TUI TIS model with TUL TIS model...
Train TUI TIS model..
Train TUL TIS model..
Lamda > 0: TUL TIS model is similar to TUI TIS model.
Re-train TIS model....
Choose final TIS...
Predicted genes have been saved in file: /home3/katelyn/PATRIC/fna/1278402.47.fna.MED
Detailed information for predicted TIS has been saved in /home3/katelyn/PATRIC/fna/1278402.47.fna.MED.para
