Welcome to MED2.0
Genome file is /home3/katelyn/PATRIC/fna/1278423.24.fna
sequence size: 179558
GC%: 0.410976

Number of exactcted ORFs: 1658
Select root ORFs and first running of TIS model...
 iteration      Selected as coding    rejected as non-coding
       0                       36                       47
       1                       42                      209
       2                       16                      189
       3                        4                      126
       4                        0                       49
       5                        0                       16
       6                        0                        9
       7                        0                        6
       8                        0                        2
       9                        0                        1
      10                        0                        0
Selected root coding ORFs number: 98
Rejected non-coding ORFs number: 654
Remaining ORFs number: 906

Select coding ORFs from remianing ORFs using a Fisher discriminant function...
Remaining: 375
Process overlapping genes...
Totally predict 223 genes.
Second run of TIS model.
Extract TUI and TUL genes (length >300bp)
TUI genes number: 98
TUL genes number: 38
Compare TUI TIS model with TUL TIS model...
Train TUI TIS model..
Train TUL TIS model..
Lamda < 0: TUL TIS model differs from TUI TIS model
Re-train TUI TIS model...
Re-train TUL TIS model...
Choose final TIS...
Predicted genes have been saved in file: /home3/katelyn/PATRIC/fna/1278423.24.fna.MED
Detailed information for predicted TIS has been saved in /home3/katelyn/PATRIC/fna/1278423.24.fna.MED.para
