Welcome to MED2.0
Genome file is /home3/katelyn/PATRIC/fna/1278402.50.fna
sequence size: 174790
GC%: 0.395732

Number of exactcted ORFs: 1527
Select root ORFs and first running of TIS model...
 iteration      Selected as coding    rejected as non-coding
       0                       31                       34
       1                       35                      213
       2                       19                      294
       3                        2                      103
       4                        0                       20
       5                        0                        8
       6                        0                        8
       7                        0                        1
       8                        0                        0
Selected root coding ORFs number: 87
Rejected non-coding ORFs number: 681
Remaining ORFs number: 759

Select coding ORFs from remianing ORFs using a Fisher discriminant function...
Remaining: 456
Process overlapping genes...
Totally predict 225 genes.
Second run of TIS model.
Extract TUI and TUL genes (length >300bp)
TUI genes number: 93
TUL genes number: 35
Compare TUI TIS model with TUL TIS model...
Train TUI TIS model..
Train TUL TIS model..
Lamda > 0: TUL TIS model is similar to TUI TIS model.
Re-train TIS model.....
Choose final TIS...
Predicted genes have been saved in file: /home3/katelyn/PATRIC/fna/1278402.50.fna.MED
Detailed information for predicted TIS has been saved in /home3/katelyn/PATRIC/fna/1278402.50.fna.MED.para
