Welcome to MED2.0
Genome file is /home3/katelyn/PATRIC/fna/1278402.58.fna
sequence size: 174352
GC%: 0.395579

Number of exactcted ORFs: 1518
Select root ORFs and first running of TIS model...
 iteration      Selected as coding    rejected as non-coding
       0                       27                       47
       1                       28                      231
       2                       20                      251
       3                        6                      106
       4                        1                       26
       5                        0                       10
       6                        0                        5
       7                        0                        1
       8                        0                        0
Selected root coding ORFs number: 82
Rejected non-coding ORFs number: 677
Remaining ORFs number: 759

Select coding ORFs from remianing ORFs using a Fisher discriminant function...
Remaining: 402
Process overlapping genes...
Totally predict 226 genes.
Second run of TIS model.
Extract TUI and TUL genes (length >300bp)
TUI genes number: 91
TUL genes number: 35
Compare TUI TIS model with TUL TIS model...
Train TUI TIS model..
Train TUL TIS model..
Lamda > 0: TUL TIS model is similar to TUI TIS model.
Re-train TIS model....
Choose final TIS...
Predicted genes have been saved in file: /home3/katelyn/PATRIC/fna/1278402.58.fna.MED
Detailed information for predicted TIS has been saved in /home3/katelyn/PATRIC/fna/1278402.58.fna.MED.para
