Welcome to MED2.0
Genome file is /home3/katelyn/PATRIC/fna/1278402.54.fna
sequence size: 174193
GC%: 0.39563

Number of exactcted ORFs: 1515
Select root ORFs and first running of TIS model...
 iteration      Selected as coding    rejected as non-coding
       0                       22                       41
       1                       29                      229
       2                       17                      257
       3                        9                      118
       4                        0                       34
       5                        0                        7
       6                        0                        4
       7                        0                        2
       8                        0                        0
Selected root coding ORFs number: 77
Rejected non-coding ORFs number: 692
Remaining ORFs number: 746

Select coding ORFs from remianing ORFs using a Fisher discriminant function...
Remaining: 525
Process overlapping genes...
Totally predict 230 genes.
Second run of TIS model.
Extract TUI and TUL genes (length >300bp)
TUI genes number: 91
TUL genes number: 35
Compare TUI TIS model with TUL TIS model...
Train TUI TIS model..
Train TUL TIS model..
Lamda > 0: TUL TIS model is similar to TUI TIS model.
Re-train TIS model.....
Choose final TIS...
Predicted genes have been saved in file: /home3/katelyn/PATRIC/fna/1278402.54.fna.MED
Detailed information for predicted TIS has been saved in /home3/katelyn/PATRIC/fna/1278402.54.fna.MED.para
