Welcome to MED2.0
Genome file is /home3/katelyn/PATRIC/fna/1278402.55.fna
sequence size: 174353
GC%: 0.395583

Number of exactcted ORFs: 1519
Select root ORFs and first running of TIS model...
 iteration      Selected as coding    rejected as non-coding
       0                       27                       48
       1                       29                      236
       2                       20                      240
       3                        5                      109
       4                        0                       31
       5                        0                       12
       6                        0                        8
       7                        0                        3
       8                        0                        0
Selected root coding ORFs number: 81
Rejected non-coding ORFs number: 687
Remaining ORFs number: 751

Select coding ORFs from remianing ORFs using a Fisher discriminant function...
Remaining: 571
Process overlapping genes...
Totally predict 230 genes.
Second run of TIS model.
Extract TUI and TUL genes (length >300bp)
TUI genes number: 91
TUL genes number: 35
Compare TUI TIS model with TUL TIS model...
Train TUI TIS model..
Train TUL TIS model..
Lamda > 0: TUL TIS model is similar to TUI TIS model.
Re-train TIS model.....
Choose final TIS...
Predicted genes have been saved in file: /home3/katelyn/PATRIC/fna/1278402.55.fna.MED
Detailed information for predicted TIS has been saved in /home3/katelyn/PATRIC/fna/1278402.55.fna.MED.para
