Welcome to MED2.0
Genome file is /home3/katelyn/PATRIC/fna/1279083.8.fna
sequence size: 41386
GC%: 0.567752

Number of exactcted ORFs: 446
Select root ORFs and first running of TIS model...
 iteration      Selected as coding    rejected as non-coding
       0                       49                       89
       1                       18                       26
       2                       16                        3
       3                        7                        1
       4                        2                        0
       5                        0                        0
Selected root coding ORFs number: 92
Rejected non-coding ORFs number: 154
Remaining ORFs number: 200
Select coding ORFs from remianing ORFs using Fisher discriminant functions...
Remaining: 187
Process overlapping genes...
Totally predict 67 genes.
Second run of TIS model.
Extract TUI and TUL genes (length >300bp)
TUI genes number: 21
TUL genes number: 14
Compare TUI TIS model with TUL TIS model...
Train TUI TIS model..
Train TUL TIS model..
Lamda < 0: TUL TIS model differs from TUI TIS model
Re-train TUI TIS model..
Re-train TUL TIS model.....
Choose final TIS...
Predicted genes have been saved in file: /home3/katelyn/PATRIC/fna/1279083.8.fna.MED
Detailed information for predicted TIS has been saved in /home3/katelyn/PATRIC/fna/1279083.8.fna.MED.para
