Welcome to MED2.0
Genome file is /home3/katelyn/PATRIC/fna/1283076.8.fna
sequence size: 147284
GC%: 0.334483

Number of exactcted ORFs: 1019
Select root ORFs and first running of TIS model...
 iteration      Selected as coding    rejected as non-coding
       0                       60                       41
       1                       76                      199
       2                        7                      156
       3                        0                       64
       4                        0                       29
       5                        0                        9
       6                        0                        7
       7                        0                        5
       8                        0                        1
       9                        0                        0
Selected root coding ORFs number: 143
Rejected non-coding ORFs number: 511
Remaining ORFs number: 365

Select coding ORFs from remianing ORFs using a Fisher discriminant function...
Remaining: 254
Process overlapping genes...
Totally predict 208 genes.
Second run of TIS model.
Extract TUI and TUL genes (length >300bp)
TUI genes number: 122
TUL genes number: 29
Compare TUI TIS model with TUL TIS model...
Train TUI TIS model..
Train TUL TIS model..
Lamda > 0: TUL TIS model is similar to TUI TIS model.
Re-train TIS model...
Choose final TIS...
Predicted genes have been saved in file: /home3/katelyn/PATRIC/fna/1283076.8.fna.MED
Detailed information for predicted TIS has been saved in /home3/katelyn/PATRIC/fna/1283076.8.fna.MED.para
