Welcome to MED2.0
Genome file is /home3/katelyn/PATRIC/fna/1289596.6.fna
sequence size: 42703
GC%: 0.405943

Number of exactcted ORFs: 375
Select root ORFs and first running of TIS model...
 iteration      Selected as coding    rejected as non-coding
       0                       14                        6
       1                        9                       20
       2                        1                       30
       3                        0                       15
       4                        0                        4
       5                        0                        1
       6                        0                        0
Selected root coding ORFs number: 24
Rejected non-coding ORFs number: 76
Remaining ORFs number: 275

Select coding ORFs from remianing ORFs using a Fisher discriminant function...
Remaining: 158
Process overlapping genes...
Totally predict 86 genes.
Second run of TIS model.
Extract TUI and TUL genes (length >300bp)
TUI genes number: 23
TUL genes number: 12
Compare TUI TIS model with TUL TIS model...
Train TUI TIS model..
Train TUL TIS model..
Lamda > 0: TUL TIS model is similar to TUI TIS model.
Re-train TIS model....
Choose final TIS...
Predicted genes have been saved in file: /home3/katelyn/PATRIC/fna/1289596.6.fna.MED
Detailed information for predicted TIS has been saved in /home3/katelyn/PATRIC/fna/1289596.6.fna.MED.para
