Welcome to MED2.0
Genome file is /home3/katelyn/PATRIC/fna/1289597.6.fna
sequence size: 38539
GC%: 0.408547

Number of exactcted ORFs: 387
Select root ORFs and first running of TIS model...
 iteration      Selected as coding    rejected as non-coding
       0                       11                       10
       1                        8                       20
       2                        4                       32
       3                        0                       22
       4                        0                       11
       5                        0                        7
       6                        0                        7
       7                        0                        1
       8                        0                        0
Selected root coding ORFs number: 23
Rejected non-coding ORFs number: 110
Remaining ORFs number: 254

Select coding ORFs from remianing ORFs using a Fisher discriminant function...
Remaining: 202
Process overlapping genes...
Totally predict 80 genes.
Second run of TIS model.
Extract TUI and TUL genes (length >300bp)
TUI genes number: 28
TUL genes number: 9
Compare TUI TIS model with TUL TIS model...
Train TUI TIS model..
Train TUL TIS model..
Lamda > 0: TUL TIS model is similar to TUI TIS model.
Re-train TIS model...
Choose final TIS...
Predicted genes have been saved in file: /home3/katelyn/PATRIC/fna/1289597.6.fna.MED
Detailed information for predicted TIS has been saved in /home3/katelyn/PATRIC/fna/1289597.6.fna.MED.para
