Welcome to MED2.0
Genome file is /home3/katelyn/PATRIC/fna/1296655.7.fna
sequence size: 137918
GC%: 0.408018

Number of exactcted ORFs: 1036
Select root ORFs and first running of TIS model...
 iteration      Selected as coding    rejected as non-coding
       0                       72                      113
       1                       39                      194
       2                        7                       69
       3                        0                       22
       4                        0                       10
       5                        0                        0
Selected root coding ORFs number: 118
Rejected non-coding ORFs number: 408
Remaining ORFs number: 510

Select coding ORFs from remianing ORFs using a Fisher discriminant function...
Remaining: 335
Process overlapping genes...
Totally predict 220 genes.
Second run of TIS model.
Extract TUI and TUL genes (length >300bp)
TUI genes number: 89
TUL genes number: 46
Compare TUI TIS model with TUL TIS model...
Train TUI TIS model..
Train TUL TIS model..
Lamda > 0: TUL TIS model is similar to TUI TIS model.
Re-train TIS model.......
Choose final TIS...
Predicted genes have been saved in file: /home3/katelyn/PATRIC/fna/1296655.7.fna.MED
Detailed information for predicted TIS has been saved in /home3/katelyn/PATRIC/fna/1296655.7.fna.MED.para
