Welcome to MED2.0
Genome file is /home3/katelyn/PATRIC/fna/1296647.7.fna
sequence size: 68355
GC%: 0.664984

Number of exactcted ORFs: 768
Select root ORFs and first running of TIS model...
 iteration      Selected as coding    rejected as non-coding
       0                       58                      352
       1                        1                       77
       2                        0                       13
       3                        0                        3
       4                        0                        0
Selected root coding ORFs number: 59
Rejected non-coding ORFs number: 491
Remaining ORFs number: 218
Select coding ORFs from remianing ORFs using Fisher discriminant functions...
Remaining: 135
Process overlapping genes...
Totally predict 99 genes.
Second run of TIS model.
Extract TUI and TUL genes (length >300bp)
TUI genes number: 31
TUL genes number: 33
Compare TUI TIS model with TUL TIS model...
Train TUI TIS model..
Train TUL TIS model..
Lamda > 0: TUL TIS model is similar to TUI TIS model.
Re-train TIS model.......
Choose final TIS...
Predicted genes have been saved in file: /home3/katelyn/PATRIC/fna/1296647.7.fna.MED
Detailed information for predicted TIS has been saved in /home3/katelyn/PATRIC/fna/1296647.7.fna.MED.para
