Welcome to MED2.0
Genome file is /home3/katelyn/PATRIC/fna/1296660.6.fna
sequence size: 58573
GC%: 0.414406

Number of exactcted ORFs: 475
Select root ORFs and first running of TIS model...
 iteration      Selected as coding    rejected as non-coding
       0                       25                       33
       1                        5                       44
       2                        0                       22
       3                        0                        7
       4                        0                        2
       5                        0                        0
Selected root coding ORFs number: 30
Rejected non-coding ORFs number: 108
Remaining ORFs number: 337

Select coding ORFs from remianing ORFs using a Fisher discriminant function...
Remaining: 190
Process overlapping genes...
Totally predict 102 genes.
Second run of TIS model.
Extract TUI and TUL genes (length >300bp)
TUI genes number: 35
TUL genes number: 17
Compare TUI TIS model with TUL TIS model...
Train TUI TIS model..
Train TUL TIS model..
Lamda > 0: TUL TIS model is similar to TUI TIS model.
Re-train TIS model...
Choose final TIS...
Predicted genes have been saved in file: /home3/katelyn/PATRIC/fna/1296660.6.fna.MED
Detailed information for predicted TIS has been saved in /home3/katelyn/PATRIC/fna/1296660.6.fna.MED.para
