Welcome to MED2.0
Genome file is /home3/katelyn/PATRIC/fna/1300005.5.fna
sequence size: 104036
GC%: 0.43211

Number of exactcted ORFs: 764
Select root ORFs and first running of TIS model...
 iteration      Selected as coding    rejected as non-coding
       0                       43                       34
       1                       24                       85
       2                        6                       73
       3                        0                       34
       4                        0                       10
       5                        0                        4
       6                        0                        2
       7                        0                        0
Selected root coding ORFs number: 73
Rejected non-coding ORFs number: 242
Remaining ORFs number: 449

Select coding ORFs from remianing ORFs using a Fisher discriminant function...
Remaining: 234
Process overlapping genes...
Totally predict 141 genes.
Second run of TIS model.
Extract TUI and TUL genes (length >300bp)
TUI genes number: 57
TUL genes number: 30
Compare TUI TIS model with TUL TIS model...
Train TUI TIS model..
Train TUL TIS model..
Lamda > 0: TUL TIS model is similar to TUI TIS model.
Re-train TIS model......
Choose final TIS...
Predicted genes have been saved in file: /home3/katelyn/PATRIC/fna/1300005.5.fna.MED
Detailed information for predicted TIS has been saved in /home3/katelyn/PATRIC/fna/1300005.5.fna.MED.para
