Welcome to MED2.0
Genome file is /home3/katelyn/PATRIC/fna/1300004.8.fna
sequence size: 103910
GC%: 0.431537

Number of exactcted ORFs: 760
Select root ORFs and first running of TIS model...
 iteration      Selected as coding    rejected as non-coding
       0                       41                       34
       1                       21                       93
       2                        7                       85
       3                        0                       33
       4                        0                       12
       5                        0                        6
       6                        0                        2
       7                        0                        0
Selected root coding ORFs number: 69
Rejected non-coding ORFs number: 265
Remaining ORFs number: 426

Select coding ORFs from remianing ORFs using a Fisher discriminant function...
Remaining: 202
Process overlapping genes...
Totally predict 134 genes.
Second run of TIS model.
Extract TUI and TUL genes (length >300bp)
TUI genes number: 54
TUL genes number: 32
Compare TUI TIS model with TUL TIS model...
Train TUI TIS model..
Train TUL TIS model..
Lamda > 0: TUL TIS model is similar to TUI TIS model.
Re-train TIS model......
Choose final TIS...
Predicted genes have been saved in file: /home3/katelyn/PATRIC/fna/1300004.8.fna.MED
Detailed information for predicted TIS has been saved in /home3/katelyn/PATRIC/fna/1300004.8.fna.MED.para
