Welcome to MED2.0
Genome file is /home3/katelyn/PATRIC/fna/1325963.7.fna
sequence size: 21248
GC%: 0.5008

Number of exactcted ORFs: 184
Select root ORFs and first running of TIS model...
 iteration      Selected as coding    rejected as non-coding
       0                        7                        5
       1                        9                        8
       2                        7                        4
       3                        0                        3
       4                        0                        1
       5                        0                        0
Selected root coding ORFs number: 23
Rejected non-coding ORFs number: 21
Remaining ORFs number: 140

Select coding ORFs from remianing ORFs using a Fisher discriminant function...
Remaining: 103
Process overlapping genes...
Totally predict 30 genes.
Second run of TIS model.
Extract TUI and TUL genes (length >300bp)
TUI genes number: 16
TUL genes number: 6
Compare TUI TIS model with TUL TIS model...
Train TUI TIS model..
Train TUL TIS model..
Lamda < 0: TUL TIS model differs from TUI TIS model
Re-train TUI TIS model...
Re-train TUL TIS model..
Choose final TIS...
Predicted genes have been saved in file: /home3/katelyn/PATRIC/fna/1325963.7.fna.MED
Detailed information for predicted TIS has been saved in /home3/katelyn/PATRIC/fna/1325963.7.fna.MED.para
