Welcome to MED2.0
Genome file is /home3/katelyn/PATRIC/fna/1327036.8.fna
sequence size: 53359
GC%: 0.610094

Number of exactcted ORFs: 657
Select root ORFs and first running of TIS model...
 iteration      Selected as coding    rejected as non-coding
       0                       45                       73
       1                       22                       43
       2                        4                       19
       3                        0                        3
       4                        0                        0
Selected root coding ORFs number: 71
Rejected non-coding ORFs number: 193
Remaining ORFs number: 393
Select coding ORFs from remianing ORFs using Fisher discriminant functions...
Remaining: 267
Process overlapping genes...
Totally predict 113 genes.
Second run of TIS model.
Extract TUI and TUL genes (length >300bp)
TUI genes number: 38
TUL genes number: 21
Compare TUI TIS model with TUL TIS model...
Train TUI TIS model..
Train TUL TIS model..
Lamda < 0: TUL TIS model differs from TUI TIS model
Re-train TUI TIS model....
Re-train TUL TIS model.....
Choose final TIS...
Predicted genes have been saved in file: /home3/katelyn/PATRIC/fna/1327036.8.fna.MED
Detailed information for predicted TIS has been saved in /home3/katelyn/PATRIC/fna/1327036.8.fna.MED.para
