Welcome to MED2.0
Genome file is /home3/katelyn/PATRIC/fna/1327934.8.fna
sequence size: 149162
GC%: 0.50832

Number of exactcted ORFs: 1719
Select root ORFs and first running of TIS model...
 iteration      Selected as coding    rejected as non-coding
       0                       50                      144
       1                       21                      415
       2                        3                      179
       3                        0                       57
       4                        0                       20
       5                        0                        4
       6                        0                        1
       7                        0                        0
Selected root coding ORFs number: 74
Rejected non-coding ORFs number: 820
Remaining ORFs number: 825

Select coding ORFs from remianing ORFs using a Fisher discriminant function...
Remaining: 489
Process overlapping genes...
Totally predict 301 genes.
Second run of TIS model.
Extract TUI and TUL genes (length >300bp)
TUI genes number: 114
TUL genes number: 54
Compare TUI TIS model with TUL TIS model...
Train TUI TIS model..
Train TUL TIS model..
Lamda > 0: TUL TIS model is similar to TUI TIS model.
Re-train TIS model.....
Choose final TIS...
Predicted genes have been saved in file: /home3/katelyn/PATRIC/fna/1327934.8.fna.MED
Detailed information for predicted TIS has been saved in /home3/katelyn/PATRIC/fna/1327934.8.fna.MED.para
