Welcome to MED2.0
Genome file is /home3/katelyn/PATRIC/fna/1327965.8.fna
sequence size: 88255
GC%: 0.546281

Number of exactcted ORFs: 1002
Select root ORFs and first running of TIS model...
 iteration      Selected as coding    rejected as non-coding
       0                       34                      100
       1                       16                      224
       2                        3                       79
       3                        1                       19
       4                        0                       25
       5                        0                       15
       6                        0                        7
       7                        0                        2
       8                        0                        1
       9                        0                        1
      10                        0                        0
Selected root coding ORFs number: 54
Rejected non-coding ORFs number: 473
Remaining ORFs number: 475

Select coding ORFs from remianing ORFs using a Fisher discriminant function...
Remaining: 302
Process overlapping genes...
Totally predict 171 genes.
Second run of TIS model.
Extract TUI and TUL genes (length >300bp)
TUI genes number: 69
TUL genes number: 35
Compare TUI TIS model with TUL TIS model...
Train TUI TIS model..
Train TUL TIS model..
Lamda > 0: TUL TIS model is similar to TUI TIS model.
Re-train TIS model.....
Choose final TIS...
Predicted genes have been saved in file: /home3/katelyn/PATRIC/fna/1327965.8.fna.MED
Detailed information for predicted TIS has been saved in /home3/katelyn/PATRIC/fna/1327965.8.fna.MED.para
