Welcome to MED2.0
Genome file is /home3/katelyn/PATRIC/fna/1327959.10.fna
sequence size: 95705
GC%: 0.627156

Number of exactcted ORFs: 1145
Select root ORFs and first running of TIS model...
 iteration      Selected as coding    rejected as non-coding
       0                       99                      230
       1                       18                       76
       2                        1                       17
       3                        0                        5
       4                        0                        0
Selected root coding ORFs number: 118
Rejected non-coding ORFs number: 417
Remaining ORFs number: 610
Select coding ORFs from remianing ORFs using Fisher discriminant functions...
Remaining: 434
Process overlapping genes...
Totally predict 166 genes.
Second run of TIS model.
Extract TUI and TUL genes (length >300bp)
TUI genes number: 50
TUL genes number: 53
Compare TUI TIS model with TUL TIS model...
Train TUI TIS model..
Train TUL TIS model..
Lamda < 0: TUL TIS model differs from TUI TIS model
Re-train TUI TIS model.....
Re-train TUL TIS model..
Choose final TIS...
Predicted genes have been saved in file: /home3/katelyn/PATRIC/fna/1327959.10.fna.MED
Detailed information for predicted TIS has been saved in /home3/katelyn/PATRIC/fna/1327959.10.fna.MED.para
