Welcome to MED2.0
Genome file is /home3/katelyn/PATRIC/fna/1327985.6.fna
sequence size: 72961
GC%: 0.326955

Number of exactcted ORFs: 426
Select root ORFs and first running of TIS model...
 iteration      Selected as coding    rejected as non-coding
       0                        9                        2
       1                        8                       11
       2                        7                       19
       3                        2                       36
       4                        1                       35
       5                        0                       28
       6                        0                       16
       7                        0                        4
       8                        0                        0
Selected root coding ORFs number: 27
Rejected non-coding ORFs number: 151
Remaining ORFs number: 248

Select coding ORFs from remianing ORFs using a Fisher discriminant function...
Remaining: 27
Process overlapping genes...
Totally predict 27 genes.
Second run of TIS model.
Extract TUI and TUL genes (length >300bp)
TUI genes number: 5
TUL genes number: 14
Compare TUI TIS model with TUL TIS model...
Train TUI TIS model..
Train TUL TIS model..
Lamda < 0: TUL TIS model differs from TUI TIS model
Re-train TUI TIS model..
Re-train TUL TIS model...
Choose final TIS...
Predicted genes have been saved in file: /home3/katelyn/PATRIC/fna/1327985.6.fna.MED
Detailed information for predicted TIS has been saved in /home3/katelyn/PATRIC/fna/1327985.6.fna.MED.para
