Welcome to MED2.0
Genome file is /home3/katelyn/PATRIC/fna/1327999.6.fna
sequence size: 54012
GC%: 0.334759

Number of exactcted ORFs: 304
Select root ORFs and first running of TIS model...
 iteration      Selected as coding    rejected as non-coding
       0                        3                        3
       1                        3                       11
       2                        2                       33
       3                        1                       30
       4                        6                       12
       5                        1                        6
       6                        1                        5
       7                        1                        1
       8                        0                        0
Selected root coding ORFs number: 18
Rejected non-coding ORFs number: 101
Remaining ORFs number: 185

Select coding ORFs from remianing ORFs using a Fisher discriminant function...
Remaining: 101
Process overlapping genes...
Totally predict 77 genes.
Second run of TIS model.
Extract TUI and TUL genes (length >300bp)
TUI genes number: 41
TUL genes number: 15
Compare TUI TIS model with TUL TIS model...
Train TUI TIS model..
Train TUL TIS model..
Lamda < 0: TUL TIS model differs from TUI TIS model
Re-train TUI TIS model....
Re-train TUL TIS model....
Choose final TIS...
Predicted genes have been saved in file: /home3/katelyn/PATRIC/fna/1327999.6.fna.MED
Detailed information for predicted TIS has been saved in /home3/katelyn/PATRIC/fna/1327999.6.fna.MED.para
