Welcome to MED2.0
Genome file is /home3/katelyn/PATRIC/fna/1328030.6.fna
sequence size: 72369
GC%: 0.328732

Number of exactcted ORFs: 462
Select root ORFs and first running of TIS model...
 iteration      Selected as coding    rejected as non-coding
       0                        7                        2
       1                        6                       20
       2                        4                       46
       3                        2                       52
       4                        1                       35
       5                        0                       11
       6                        0                        4
       7                        0                        0
Selected root coding ORFs number: 20
Rejected non-coding ORFs number: 170
Remaining ORFs number: 272

Select coding ORFs from remianing ORFs using a Fisher discriminant function...
Remaining: 20
Process overlapping genes...
Totally predict 20 genes.
Second run of TIS model.
Extract TUI and TUL genes (length >300bp)
TUI genes number: 2
TUL genes number: 12
Compare TUI TIS model with TUL TIS model...
Train TUI TIS model..
Train TUL TIS model..
Lamda < 0: TUL TIS model differs from TUI TIS model
Re-train TUI TIS model..
Re-train TUL TIS model..
Choose final TIS...
Predicted genes have been saved in file: /home3/katelyn/PATRIC/fna/1328030.6.fna.MED
Detailed information for predicted TIS has been saved in /home3/katelyn/PATRIC/fna/1328030.6.fna.MED.para
