Welcome to MED2.0
Genome file is /home3/katelyn/PATRIC/fna/1340810.8.fna
sequence size: 189311
GC%: 0.404905

Number of exactcted ORFs: 1765
Select root ORFs and first running of TIS model...
 iteration      Selected as coding    rejected as non-coding
       0                       40                       46
       1                       46                      236
       2                        9                      320
       3                        1                      131
       4                        0                       59
       5                        0                       11
       6                        0                        4
       7                        0                        1
       8                        0                        0
Selected root coding ORFs number: 96
Rejected non-coding ORFs number: 808
Remaining ORFs number: 861

Select coding ORFs from remianing ORFs using a Fisher discriminant function...
Remaining: 618
Process overlapping genes...
Totally predict 242 genes.
Second run of TIS model.
Extract TUI and TUL genes (length >300bp)
TUI genes number: 100
TUL genes number: 36
Compare TUI TIS model with TUL TIS model...
Train TUI TIS model..
Train TUL TIS model..
Lamda < 0: TUL TIS model differs from TUI TIS model
Re-train TUI TIS model....
Re-train TUL TIS model...
Choose final TIS...
Predicted genes have been saved in file: /home3/katelyn/PATRIC/fna/1340810.8.fna.MED
Detailed information for predicted TIS has been saved in /home3/katelyn/PATRIC/fna/1340810.8.fna.MED.para
