Welcome to MED2.0
Genome file is /home3/katelyn/PATRIC/fna/1340811.5.fna
sequence size: 176044
GC%: 0.390925

Number of exactcted ORFs: 1582
Select root ORFs and first running of TIS model...
 iteration      Selected as coding    rejected as non-coding
       0                       20                       17
       1                       30                      100
       2                       19                      231
       3                       11                      170
       4                        3                       66
       5                        0                       21
       6                        0                        7
       7                        0                        4
       8                        0                        3
       9                        0                        1
      10                        0                        0
Selected root coding ORFs number: 83
Rejected non-coding ORFs number: 620
Remaining ORFs number: 879

Select coding ORFs from remianing ORFs using a Fisher discriminant function...
Remaining: 715
Process overlapping genes...
Totally predict 231 genes.
Second run of TIS model.
Extract TUI and TUL genes (length >300bp)
TUI genes number: 91
TUL genes number: 40
Compare TUI TIS model with TUL TIS model...
Train TUI TIS model..
Train TUL TIS model..
Lamda > 0: TUL TIS model is similar to TUI TIS model.
Re-train TIS model......
Choose final TIS...
Predicted genes have been saved in file: /home3/katelyn/PATRIC/fna/1340811.5.fna.MED
Detailed information for predicted TIS has been saved in /home3/katelyn/PATRIC/fna/1340811.5.fna.MED.para
