Welcome to MED2.0
Genome file is /home3/katelyn/PATRIC/fna/1340818.8.fna
sequence size: 50690
GC%: 0.609331

Number of exactcted ORFs: 583
Select root ORFs and first running of TIS model...
 iteration      Selected as coding    rejected as non-coding
       0                       57                      180
       1                        6                       58
       2                        1                        7
       3                        0                        0
Selected root coding ORFs number: 64
Rejected non-coding ORFs number: 308
Remaining ORFs number: 211
Select coding ORFs from remianing ORFs using Fisher discriminant functions...
Remaining: 137
Process overlapping genes...
Totally predict 94 genes.
Second run of TIS model.
Extract TUI and TUL genes (length >300bp)
TUI genes number: 34
TUL genes number: 18
Compare TUI TIS model with TUL TIS model...
Train TUI TIS model..
Train TUL TIS model..
Lamda < 0: TUL TIS model differs from TUI TIS model
Re-train TUI TIS model....
Re-train TUL TIS model...
Choose final TIS...
Predicted genes have been saved in file: /home3/katelyn/PATRIC/fna/1340818.8.fna.MED
Detailed information for predicted TIS has been saved in /home3/katelyn/PATRIC/fna/1340818.8.fna.MED.para
