Welcome to MED2.0
Genome file is /home3/katelyn/PATRIC/fna/1340821.9.fna
sequence size: 54314
GC%: 0.614648

Number of exactcted ORFs: 660
Select root ORFs and first running of TIS model...
 iteration      Selected as coding    rejected as non-coding
       0                       61                      108
       1                       15                       52
       2                        1                       10
       3                        0                        1
       4                        0                        0
Selected root coding ORFs number: 77
Rejected non-coding ORFs number: 216
Remaining ORFs number: 367
Select coding ORFs from remianing ORFs using Fisher discriminant functions...
Remaining: 259
Process overlapping genes...
Totally predict 109 genes.
Second run of TIS model.
Extract TUI and TUL genes (length >300bp)
TUI genes number: 32
TUL genes number: 28
Compare TUI TIS model with TUL TIS model...
