Welcome to MED2.0
Genome file is /home3/katelyn/PATRIC/fna/1340812.8.fna
sequence size: 170438
GC%: 0.393686

Number of exactcted ORFs: 1527
Select root ORFs and first running of TIS model...
 iteration      Selected as coding    rejected as non-coding
       0                       27                       31
       1                       36                      116
       2                       13                      216
       3                        1                      143
       4                        0                       65
       5                        0                       23
       6                        0                        9
       7                        0                        3
       8                        0                        1
       9                        0                        0
Selected root coding ORFs number: 77
Rejected non-coding ORFs number: 607
Remaining ORFs number: 843

Select coding ORFs from remianing ORFs using a Fisher discriminant function...
Remaining: 459
Process overlapping genes...
Totally predict 230 genes.
Second run of TIS model.
Extract TUI and TUL genes (length >300bp)
TUI genes number: 88
TUL genes number: 35
Compare TUI TIS model with TUL TIS model...
Train TUI TIS model..
Train TUL TIS model..
Lamda < 0: TUL TIS model differs from TUI TIS model
Re-train TUI TIS model...
Re-train TUL TIS model......
Choose final TIS...
Predicted genes have been saved in file: /home3/katelyn/PATRIC/fna/1340812.8.fna.MED
Detailed information for predicted TIS has been saved in /home3/katelyn/PATRIC/fna/1340812.8.fna.MED.para
