Welcome to MED2.0
Genome file is /home3/katelyn/PATRIC/fna/1340835.6.fna
sequence size: 155714
GC%: 0.647174

Number of exactcted ORFs: 1553
Select root ORFs and first running of TIS model...
 iteration      Selected as coding    rejected as non-coding
       0                      168                      616
       1                       17                      110
       2                        1                       18
       3                        0                        5
       4                        0                        1
       5                        0                        0
Selected root coding ORFs number: 186
Rejected non-coding ORFs number: 838
Remaining ORFs number: 529
Select coding ORFs from remianing ORFs using Fisher discriminant functions...
Remaining: 412
Process overlapping genes...
Totally predict 249 genes.
Second run of TIS model.
Extract TUI and TUL genes (length >300bp)
TUI genes number: 78
TUL genes number: 94
Compare TUI TIS model with TUL TIS model...
Train TUI TIS model..
Train TUL TIS model..
Lamda > 0: TUL TIS model is similar to TUI TIS model.
Re-train TIS model...
Choose final TIS...
Predicted genes have been saved in file: /home3/katelyn/PATRIC/fna/1340835.6.fna.MED
Detailed information for predicted TIS has been saved in /home3/katelyn/PATRIC/fna/1340835.6.fna.MED.para
