Welcome to MED2.0
Genome file is /home3/katelyn/PATRIC/fna/1340750.7.fna
sequence size: 87712
GC%: 0.388157

Number of exactcted ORFs: 716
Select root ORFs and first running of TIS model...
 iteration      Selected as coding    rejected as non-coding
       0                       33                        8
       1                       36                       45
       2                        1                       61
       3                        0                       53
       4                        0                       31
       5                        0                       14
       6                        0                        3
       7                        0                        0
Selected root coding ORFs number: 70
Rejected non-coding ORFs number: 215
Remaining ORFs number: 431

Select coding ORFs from remianing ORFs using a Fisher discriminant function...
Remaining: 222
Process overlapping genes...
Totally predict 141 genes.
Second run of TIS model.
Extract TUI and TUL genes (length >300bp)
TUI genes number: 63
TUL genes number: 28
Compare TUI TIS model with TUL TIS model...
Train TUI TIS model..
Train TUL TIS model..
Lamda > 0: TUL TIS model is similar to TUI TIS model.
Re-train TIS model.....
Choose final TIS...
Predicted genes have been saved in file: /home3/katelyn/PATRIC/fna/1340750.7.fna.MED
Detailed information for predicted TIS has been saved in /home3/katelyn/PATRIC/fna/1340750.7.fna.MED.para
