Welcome to MED2.0
Genome file is /home3/katelyn/PATRIC/fna/1340834.6.fna
sequence size: 51384
GC%: 0.639324

Number of exactcted ORFs: 554
Select root ORFs and first running of TIS model...
 iteration      Selected as coding    rejected as non-coding
       0                       63                      208
       1                        6                       31
       2                        0                        3
       3                        0                        0
Selected root coding ORFs number: 69
Rejected non-coding ORFs number: 276
Remaining ORFs number: 209
Select coding ORFs from remianing ORFs using Fisher discriminant functions...
Remaining: 140
Process overlapping genes...
Totally predict 93 genes.
Second run of TIS model.
Extract TUI and TUL genes (length >300bp)
TUI genes number: 39
TUL genes number: 21
Compare TUI TIS model with TUL TIS model...
Train TUI TIS model..
Train TUL TIS model..
Lamda < 0: TUL TIS model differs from TUI TIS model
Re-train TUI TIS model....
Re-train TUL TIS model....
Choose final TIS...
Predicted genes have been saved in file: /home3/katelyn/PATRIC/fna/1340834.6.fna.MED
Detailed information for predicted TIS has been saved in /home3/katelyn/PATRIC/fna/1340834.6.fna.MED.para
