Welcome to MED2.0
Genome file is /home3/katelyn/PATRIC/fna/1340824.8.fna
sequence size: 57155
GC%: 0.617584

Number of exactcted ORFs: 685
Select root ORFs and first running of TIS model...
 iteration      Selected as coding    rejected as non-coding
       0                       56                       98
       1                       10                       67
       2                        3                       12
       3                        1                        2
       4                        0                        0
Selected root coding ORFs number: 70
Rejected non-coding ORFs number: 241
Remaining ORFs number: 374
Select coding ORFs from remianing ORFs using Fisher discriminant functions...
Remaining: 248
Process overlapping genes...
Totally predict 115 genes.
Second run of TIS model.
Extract TUI and TUL genes (length >300bp)
TUI genes number: 29
TUL genes number: 32
Compare TUI TIS model with TUL TIS model...
Train TUI TIS model..
Train TUL TIS model..
Lamda > 0: TUL TIS model is similar to TUI TIS model.
Re-train TIS model......
Choose final TIS...
Predicted genes have been saved in file: /home3/katelyn/PATRIC/fna/1340824.8.fna.MED
Detailed information for predicted TIS has been saved in /home3/katelyn/PATRIC/fna/1340824.8.fna.MED.para
