Welcome to MED2.0
Genome file is /home3/katelyn/PATRIC/fna/1346893.5.fna
sequence size: 7648
GC%: 0.626308

Number of exactcted ORFs: 102
Select root ORFs and first running of TIS model...
 iteration      Selected as coding    rejected as non-coding
Extrem low percentage for certain TIS.
Will omit the start codon column in the weight
matrix of starts
       0                        5                       13
Extrem low percentage for certain TIS.
Will omit the start codon column in the weight
matrix of starts
       1                        1                        0
Extrem low percentage for certain TIS.
Will omit the start codon column in the weight
matrix of starts
       2                        0                        0
Extrem low percentage for certain TIS.
Will omit the start codon column in the weight
matrix of starts
Selected root coding ORFs number: 6
Rejected non-coding ORFs number: 86
Remaining ORFs number: 10
Select coding ORFs from remianing ORFs using Fisher discriminant functions...
Remaining: 6
Process overlapping genes...
Totally predict 6 genes.
Second run of TIS model.
Extract TUI and TUL genes (length >300bp)
TUL genes number: 1
Compare TUI TIS model with TUL TIS model...
