Welcome to MED2.0
Genome file is /home3/katelyn/PATRIC/fna/1347760.9.fna
sequence size: 42902
GC%: 0.345415

Number of exactcted ORFs: 329
Select root ORFs and first running of TIS model...
 iteration      Selected as coding    rejected as non-coding
       0                        6                        1
       1                       10                        0
       2                        7                        0
       3                        4                        0
       4                        0                        0
Selected root coding ORFs number: 27
Rejected non-coding ORFs number: 1
Remaining ORFs number: 301

Select coding ORFs from remianing ORFs using a Fisher discriminant function...
Remaining: 222
Process overlapping genes...
Totally predict 65 genes.
Second run of TIS model.
Extract TUI and TUL genes (length >300bp)
TUI genes number: 33
TUL genes number: 9
Compare TUI TIS model with TUL TIS model...
Train TUI TIS model..
Train TUL TIS model..
Lamda > 0: TUL TIS model is similar to TUI TIS model.
Re-train TIS model.....
Choose final TIS...
Predicted genes have been saved in file: /home3/katelyn/PATRIC/fna/1347760.9.fna.MED
Detailed information for predicted TIS has been saved in /home3/katelyn/PATRIC/fna/1347760.9.fna.MED.para
