Welcome to MED2.0
Genome file is /home3/katelyn/PATRIC/fna/1351735.5.fna
sequence size: 57081
GC%: 0.400448

Number of exactcted ORFs: 427
Select root ORFs and first running of TIS model...
 iteration      Selected as coding    rejected as non-coding
       0                       23                       11
       1                       14                       19
       2                        5                       16
       3                        1                       11
       4                        2                        2
       5                        1                        1
       6                        0                        0
Selected root coding ORFs number: 46
Rejected non-coding ORFs number: 60
Remaining ORFs number: 321

Select coding ORFs from remianing ORFs using a Fisher discriminant function...
Remaining: 154
Process overlapping genes...
Totally predict 105 genes.
Second run of TIS model.
Extract TUI and TUL genes (length >300bp)
TUI genes number: 38
TUL genes number: 22
Compare TUI TIS model with TUL TIS model...
Train TUI TIS model..
Train TUL TIS model..
Lamda > 0: TUL TIS model is similar to TUI TIS model.
Re-train TIS model....
Choose final TIS...
Predicted genes have been saved in file: /home3/katelyn/PATRIC/fna/1351735.5.fna.MED
Detailed information for predicted TIS has been saved in /home3/katelyn/PATRIC/fna/1351735.5.fna.MED.para
