Welcome to MED2.0
Genome file is /home3/katelyn/PATRIC/fna/1354508.8.fna
sequence size: 69309
GC%: 0.68867

Number of exactcted ORFs: 633
Select root ORFs and first running of TIS model...
 iteration      Selected as coding    rejected as non-coding
       0                       66                      354
       1                        6                       65
       2                        1                       11
       3                        0                        0
Selected root coding ORFs number: 73
Rejected non-coding ORFs number: 449
Remaining ORFs number: 111
Select coding ORFs from remianing ORFs using Fisher discriminant functions...
Remaining: 115
Process overlapping genes...
Totally predict 89 genes.
Second run of TIS model.
Extract TUI and TUL genes (length >300bp)
TUI genes number: 39
TUL genes number: 26
Compare TUI TIS model with TUL TIS model...
Train TUI TIS model..
Train TUL TIS model..
Lamda < 0: TUL TIS model differs from TUI TIS model
Re-train TUI TIS model.....
Re-train TUL TIS model....
Choose final TIS...
Predicted genes have been saved in file: /home3/katelyn/PATRIC/fna/1354508.8.fna.MED
Detailed information for predicted TIS has been saved in /home3/katelyn/PATRIC/fna/1354508.8.fna.MED.para
