Welcome to MED2.0
Genome file is /home3/katelyn/PATRIC/fna/1357825.8.fna
sequence size: 33628
GC%: 0.519061

Number of exactcted ORFs: 332
Select root ORFs and first running of TIS model...
 iteration      Selected as coding    rejected as non-coding
       0                        7                       25
       1                        4                       57
       2                        2                       29
       3                        0                       10
       4                        0                        2
       5                        0                        0
Selected root coding ORFs number: 13
Rejected non-coding ORFs number: 123
Remaining ORFs number: 196

Select coding ORFs from remianing ORFs using a Fisher discriminant function...
Remaining: 190
Process overlapping genes...
Totally predict 49 genes.
Second run of TIS model.
Extract TUI and TUL genes (length >300bp)
TUI genes number: 23
TUL genes number: 8
Compare TUI TIS model with TUL TIS model...
Train TUI TIS model..
Train TUL TIS model..
Lamda > 0: TUL TIS model is similar to TUI TIS model.
Re-train TIS model....
Choose final TIS...
Predicted genes have been saved in file: /home3/katelyn/PATRIC/fna/1357825.8.fna.MED
Detailed information for predicted TIS has been saved in /home3/katelyn/PATRIC/fna/1357825.8.fna.MED.para
