Welcome to MED2.0
Genome file is /home3/katelyn/PATRIC/fna/1357712.6.fna
sequence size: 43278
GC%: 0.373608

Number of exactcted ORFs: 329
Select root ORFs and first running of TIS model...
 iteration      Selected as coding    rejected as non-coding
       0                       12                       20
       1                       10                       61
       2                        3                       31
       3                        1                       12
       4                        0                        2
       5                        0                        0
Selected root coding ORFs number: 26
Rejected non-coding ORFs number: 126
Remaining ORFs number: 177

Select coding ORFs from remianing ORFs using a Fisher discriminant function...
Remaining: 110
Process overlapping genes...
Totally predict 69 genes.
Second run of TIS model.
Extract TUI and TUL genes (length >300bp)
TUI genes number: 22
TUL genes number: 14
Compare TUI TIS model with TUL TIS model...
Train TUI TIS model..
Train TUL TIS model..
Lamda > 0: TUL TIS model is similar to TUI TIS model.
Re-train TIS model.....
Choose final TIS...
Predicted genes have been saved in file: /home3/katelyn/PATRIC/fna/1357712.6.fna.MED
Detailed information for predicted TIS has been saved in /home3/katelyn/PATRIC/fna/1357712.6.fna.MED.para
