Welcome to MED2.0
Genome file is /home3/katelyn/PATRIC/fna/1357704.7.fna
sequence size: 41268
GC%: 0.413856

Number of exactcted ORFs: 267
Select root ORFs and first running of TIS model...
 iteration      Selected as coding    rejected as non-coding
       0                        4                        1
       1                        0                       16
       2                        0                       35
       3                        0                       40
       4                        0                       29
       5                        0                        8
       6                        0                        5
       7                        0                        2
       8                        0                        0
Selected root coding ORFs number: 4
Rejected non-coding ORFs number: 136
Remaining ORFs number: 127

Select coding ORFs from remianing ORFs using a Fisher discriminant function...
Remaining: 70
Process overlapping genes...
Totally predict 52 genes.
Second run of TIS model.
Extract TUI and TUL genes (length >300bp)
TUI genes number: 21
TUL genes number: 9
Compare TUI TIS model with TUL TIS model...
Train TUI TIS model..
Train TUL TIS model..
Lamda > 0: TUL TIS model is similar to TUI TIS model.
Re-train TIS model.....
Choose final TIS...
Predicted genes have been saved in file: /home3/katelyn/PATRIC/fna/1357704.7.fna.MED
Detailed information for predicted TIS has been saved in /home3/katelyn/PATRIC/fna/1357704.7.fna.MED.para
