Welcome to MED2.0
Genome file is /home3/katelyn/PATRIC/fna/1357708.6.fna
sequence size: 38208
GC%: 0.402324

Number of exactcted ORFs: 288
Select root ORFs and first running of TIS model...
 iteration      Selected as coding    rejected as non-coding
       0                        1                        1
       1                        1                        3
       2                        1                        9
       3                        0                       16
       4                        0                       15
       5                        0                        8
       6                        0                        4
       7                        0                        4
       8                        0                        5
       9                        0                        2
      10                        0                        0
Selected root coding ORFs number: 3
Rejected non-coding ORFs number: 67
Remaining ORFs number: 218

Select coding ORFs from remianing ORFs using a Fisher discriminant function...
Remaining: 164
Process overlapping genes...
Totally predict 71 genes.
Second run of TIS model.
Extract TUI and TUL genes (length >300bp)
TUI genes number: 23
TUL genes number: 16
Compare TUI TIS model with TUL TIS model...
Train TUI TIS model..
Train TUL TIS model..
Lamda > 0: TUL TIS model is similar to TUI TIS model.
Re-train TIS model....
Choose final TIS...
Predicted genes have been saved in file: /home3/katelyn/PATRIC/fna/1357708.6.fna.MED
Detailed information for predicted TIS has been saved in /home3/katelyn/PATRIC/fna/1357708.6.fna.MED.para
