Welcome to MED2.0
Genome file is /home3/katelyn/PATRIC/fna/1382932.8.fna
sequence size: 163019
GC%: 0.37825

Number of exactcted ORFs: 1167
Select root ORFs and first running of TIS model...
 iteration      Selected as coding    rejected as non-coding
       0                       68                       59
       1                       46                      217
       2                       14                      149
       3                        4                       47
       4                        0                       24
       5                        0                        6
       6                        0                        2
       7                        0                        1
       8                        0                        0
Selected root coding ORFs number: 132
Rejected non-coding ORFs number: 505
Remaining ORFs number: 530

Select coding ORFs from remianing ORFs using a Fisher discriminant function...
Remaining: 383
Process overlapping genes...
Totally predict 298 genes.
Second run of TIS model.
Extract TUI and TUL genes (length >300bp)
TUI genes number: 97
TUL genes number: 48
Compare TUI TIS model with TUL TIS model...
Train TUI TIS model..
Train TUL TIS model..
Lamda > 0: TUL TIS model is similar to TUI TIS model.
Re-train TIS model.....
Choose final TIS...
Predicted genes have been saved in file: /home3/katelyn/PATRIC/fna/1382932.8.fna.MED
Detailed information for predicted TIS has been saved in /home3/katelyn/PATRIC/fna/1382932.8.fna.MED.para
