Welcome to MED2.0
Genome file is /home3/katelyn/PATRIC/fna/1383056.9.fna
sequence size: 70657
GC%: 0.559775

Number of exactcted ORFs: 865
Select root ORFs and first running of TIS model...
 iteration      Selected as coding    rejected as non-coding
       0                       23                      147
       1                        5                      288
       2                        1                      108
       3                        0                       16
       4                        0                        1
       5                        0                        0
Selected root coding ORFs number: 29
Rejected non-coding ORFs number: 560
Remaining ORFs number: 276

Select coding ORFs from remianing ORFs using a Fisher discriminant function...
Remaining: 213
Process overlapping genes...
Totally predict 99 genes.
Second run of TIS model.
Extract TUI and TUL genes (length >300bp)
TUI genes number: 45
TUL genes number: 24
Compare TUI TIS model with TUL TIS model...
Train TUI TIS model..
Train TUL TIS model..
Lamda > 0: TUL TIS model is similar to TUI TIS model.
Re-train TIS model....
Choose final TIS...
Predicted genes have been saved in file: /home3/katelyn/PATRIC/fna/1383056.9.fna.MED
Detailed information for predicted TIS has been saved in /home3/katelyn/PATRIC/fna/1383056.9.fna.MED.para
