Welcome to MED2.0
Genome file is /home3/katelyn/PATRIC/fna/1383059.9.fna
sequence size: 52519
GC%: 0.625564

Number of exactcted ORFs: 562
Select root ORFs and first running of TIS model...
 iteration      Selected as coding    rejected as non-coding
       0                       69                      187
       1                        7                       41
       2                        0                        6
       3                        0                        1
       4                        0                        0
Selected root coding ORFs number: 76
Rejected non-coding ORFs number: 293
Remaining ORFs number: 193
Select coding ORFs from remianing ORFs using Fisher discriminant functions...
Remaining: 141
Process overlapping genes...
Totally predict 103 genes.
Second run of TIS model.
Extract TUI and TUL genes (length >300bp)
TUI genes number: 31
TUL genes number: 26
Compare TUI TIS model with TUL TIS model...
Train TUI TIS model..
Train TUL TIS model..
Lamda > 0: TUL TIS model is similar to TUI TIS model.
Re-train TIS model...
Choose final TIS...
Predicted genes have been saved in file: /home3/katelyn/PATRIC/fna/1383059.9.fna.MED
Detailed information for predicted TIS has been saved in /home3/katelyn/PATRIC/fna/1383059.9.fna.MED.para
