Welcome to MED2.0
Genome file is /home3/katelyn/PATRIC/fna/1385385.10.fna
sequence size: 41757
GC%: 0.389779

Number of exactcted ORFs: 339
Select root ORFs and first running of TIS model...
 iteration      Selected as coding    rejected as non-coding
       0                       19                       11
       1                       13                       28
       2                        1                       27
       3                        1                       10
       4                        0                        6
       5                        0                        1
       6                        0                        0
Selected root coding ORFs number: 34
Rejected non-coding ORFs number: 83
Remaining ORFs number: 222

Select coding ORFs from remianing ORFs using a Fisher discriminant function...
Remaining: 117
Process overlapping genes...
Totally predict 53 genes.
Second run of TIS model.
Extract TUI and TUL genes (length >300bp)
TUI genes number: 29
TUL genes number: 12
Compare TUI TIS model with TUL TIS model...
Train TUI TIS model..
Train TUL TIS model..
Lamda > 0: TUL TIS model is similar to TUI TIS model.
Re-train TIS model.....
Choose final TIS...
Predicted genes have been saved in file: /home3/katelyn/PATRIC/fna/1385385.10.fna.MED
Detailed information for predicted TIS has been saved in /home3/katelyn/PATRIC/fna/1385385.10.fna.MED.para
