Welcome to MED2.0
Genome file is /home3/katelyn/PATRIC/fna/1391456.6.fna
sequence size: 41291
GC%: 0.400741

Number of exactcted ORFs: 367
Select root ORFs and first running of TIS model...
 iteration      Selected as coding    rejected as non-coding
       0                       10                        4
       1                        5                        7
       2                        0                        5
       3                        0                        2
       4                        0                        0
Selected root coding ORFs number: 15
Rejected non-coding ORFs number: 18
Remaining ORFs number: 334

Select coding ORFs from remianing ORFs using a Fisher discriminant function...
Remaining: 303
Process overlapping genes...
Totally predict 73 genes.
Second run of TIS model.
Extract TUI and TUL genes (length >300bp)
TUI genes number: 16
TUL genes number: 23
Compare TUI TIS model with TUL TIS model...
Train TUI TIS model..
Train TUL TIS model..
Lamda > 0: TUL TIS model is similar to TUI TIS model.
Re-train TIS model...
Choose final TIS...
Predicted genes have been saved in file: /home3/katelyn/PATRIC/fna/1391456.6.fna.MED
Detailed information for predicted TIS has been saved in /home3/katelyn/PATRIC/fna/1391456.6.fna.MED.para
