Welcome to MED2.0
Genome file is /home3/katelyn/PATRIC/fna/1391428.8.fna
sequence size: 148567
GC%: 0.463333

Number of exactcted ORFs: 1602
Select root ORFs and first running of TIS model...
 iteration      Selected as coding    rejected as non-coding
       0                       66                      129
       1                       22                      282
       2                        3                      135
       3                        2                       29
       4                        2                       10
       5                        1                        7
       6                        0                        1
       7                        0                        1
       8                        0                        0
Selected root coding ORFs number: 96
Rejected non-coding ORFs number: 594
Remaining ORFs number: 912

Select coding ORFs from remianing ORFs using a Fisher discriminant function...
Remaining: 484
Process overlapping genes...
Totally predict 280 genes.
Second run of TIS model.
Extract TUI and TUL genes (length >300bp)
TUI genes number: 116
TUL genes number: 51
Compare TUI TIS model with TUL TIS model...
Train TUI TIS model..
Train TUL TIS model..
Lamda > 0: TUL TIS model is similar to TUI TIS model.
Re-train TIS model...
Choose final TIS...
Predicted genes have been saved in file: /home3/katelyn/PATRIC/fna/1391428.8.fna.MED
Detailed information for predicted TIS has been saved in /home3/katelyn/PATRIC/fna/1391428.8.fna.MED.para
