Welcome to MED2.0
Genome file is /home3/katelyn/PATRIC/fna/1392231.5.fna
sequence size: 48800
GC%: 0.399754

Number of exactcted ORFs: 398
Select root ORFs and first running of TIS model...
 iteration      Selected as coding    rejected as non-coding
       0                        4                       12
       1                        2                       52
       2                        0                       62
       3                        0                       33
       4                        0                       18
       5                        0                        6
       6                        0                        3
       7                        0                        3
       8                        0                        1
       9                        0                        0
Selected root coding ORFs number: 6
Rejected non-coding ORFs number: 190
Remaining ORFs number: 202

Select coding ORFs from remianing ORFs using a Fisher discriminant function...
Remaining: 105
Process overlapping genes...
Totally predict 71 genes.
Second run of TIS model.
Extract TUI and TUL genes (length >300bp)
TUI genes number: 32
TUL genes number: 16
Compare TUI TIS model with TUL TIS model...
Train TUI TIS model..
Train TUL TIS model..
Lamda > 0: TUL TIS model is similar to TUI TIS model.
Re-train TIS model...
Choose final TIS...
Predicted genes have been saved in file: /home3/katelyn/PATRIC/fna/1392231.5.fna.MED
Detailed information for predicted TIS has been saved in /home3/katelyn/PATRIC/fna/1392231.5.fna.MED.para
