Welcome to MED2.0
Genome file is /home3/katelyn/PATRIC/fna/1395983.9.fna
sequence size: 71248
GC%: 0.434917

Number of exactcted ORFs: 604
Select root ORFs and first running of TIS model...
 iteration      Selected as coding    rejected as non-coding
       0                       29                       22
       1                        7                       81
       2                        0                       72
       3                        0                       27
       4                        0                        9
       5                        0                        8
       6                        0                       11
       7                        0                        0
Selected root coding ORFs number: 36
Rejected non-coding ORFs number: 230
Remaining ORFs number: 338

Select coding ORFs from remianing ORFs using a Fisher discriminant function...
Remaining: 228
Process overlapping genes...
Totally predict 91 genes.
Second run of TIS model.
Extract TUI and TUL genes (length >300bp)
TUI genes number: 38
TUL genes number: 20
Compare TUI TIS model with TUL TIS model...
Train TUI TIS model..
Train TUL TIS model..
Lamda > 0: TUL TIS model is similar to TUI TIS model.
Re-train TIS model....
Choose final TIS...
Predicted genes have been saved in file: /home3/katelyn/PATRIC/fna/1395983.9.fna.MED
Detailed information for predicted TIS has been saved in /home3/katelyn/PATRIC/fna/1395983.9.fna.MED.para
