Welcome to MED2.0
Genome file is /home3/katelyn/PATRIC/fna/139871.9.fna
sequence size: 40881
GC%: 0.364008

Number of exactcted ORFs: 287
Select root ORFs and first running of TIS model...
 iteration      Selected as coding    rejected as non-coding
       0                        7                        4
       1                       12                        9
       2                        5                       12
       3                        2                        9
       4                        0                        8
       5                        0                        3
       6                        0                        2
       7                        0                        0
Selected root coding ORFs number: 26
Rejected non-coding ORFs number: 47
Remaining ORFs number: 214

Select coding ORFs from remianing ORFs using a Fisher discriminant function...
Remaining: 150
Process overlapping genes...
Totally predict 72 genes.
Second run of TIS model.
Extract TUI and TUL genes (length >300bp)
TUI genes number: 32
TUL genes number: 12
Compare TUI TIS model with TUL TIS model...
Train TUI TIS model..
Train TUL TIS model..
Lamda > 0: TUL TIS model is similar to TUI TIS model.
Re-train TIS model...
Choose final TIS...
Predicted genes have been saved in file: /home3/katelyn/PATRIC/fna/139871.9.fna.MED
Detailed information for predicted TIS has been saved in /home3/katelyn/PATRIC/fna/139871.9.fna.MED.para
