Welcome to MED2.0
Genome file is /home3/katelyn/PATRIC/fna/1401669.9.fna
sequence size: 218339
GC%: 0.523406

Number of exactcted ORFs: 2195
Select root ORFs and first running of TIS model...
 iteration      Selected as coding    rejected as non-coding
       0                       79                      116
       1                       54                      546
       2                       14                      230
       3                        2                       68
       4                        0                       14
       5                        0                        6
       6                        0                       14
       7                        0                       14
       8                        0                       17
       9                        0                       20
      10                        0                       23
      11                        0                       16
      12                        0                        4
      13                        0                        0
Selected root coding ORFs number: 149
Rejected non-coding ORFs number: 1088
Remaining ORFs number: 958

Select coding ORFs from remianing ORFs using a Fisher discriminant function...
Remaining: 438
Process overlapping genes...
Totally predict 258 genes.
Second run of TIS model.
Extract TUI and TUL genes (length >300bp)
TUI genes number: 129
TUL genes number: 94
Compare TUI TIS model with TUL TIS model...
Train TUI TIS model..
Train TUL TIS model..
Lamda > 0: TUL TIS model is similar to TUI TIS model.
Re-train TIS model.....
Choose final TIS...
Predicted genes have been saved in file: /home3/katelyn/PATRIC/fna/1401669.9.fna.MED
Detailed information for predicted TIS has been saved in /home3/katelyn/PATRIC/fna/1401669.9.fna.MED.para
