Welcome to MED2.0
Genome file is /home3/katelyn/PATRIC/fna/1406779.9.fna
sequence size: 40739
GC%: 0.421856

Number of exactcted ORFs: 306
Select root ORFs and first running of TIS model...
 iteration      Selected as coding    rejected as non-coding
       0                       22                       12
       1                        7                       20
       2                        1                        9
       3                        0                       10
       4                        0                        8
       5                        0                       11
       6                        0                       11
       7                        0                        4
       8                        0                        1
       9                        0                        0
Selected root coding ORFs number: 30
Rejected non-coding ORFs number: 86
Remaining ORFs number: 190

Select coding ORFs from remianing ORFs using a Fisher discriminant function...
Remaining: 141
Process overlapping genes...
Totally predict 54 genes.
Second run of TIS model.
Extract TUI and TUL genes (length >300bp)
TUI genes number: 22
TUL genes number: 8
Compare TUI TIS model with TUL TIS model...
Train TUI TIS model..
Train TUL TIS model..
Lamda > 0: TUL TIS model is similar to TUI TIS model.
Re-train TIS model...
Choose final TIS...
Predicted genes have been saved in file: /home3/katelyn/PATRIC/fna/1406779.9.fna.MED
Detailed information for predicted TIS has been saved in /home3/katelyn/PATRIC/fna/1406779.9.fna.MED.para
