Welcome to MED2.0
Genome file is /home3/katelyn/PATRIC/fna/1406791.8.fna
sequence size: 164297
GC%: 0.376209

Number of exactcted ORFs: 1111
Select root ORFs and first running of TIS model...
 iteration      Selected as coding    rejected as non-coding
       0                       81                       36
       1                       66                      177
       2                        8                      131
       3                        3                       46
       4                        0                       12
       5                        0                        2
       6                        0                        1
       7                        0                        0
Selected root coding ORFs number: 158
Rejected non-coding ORFs number: 405
Remaining ORFs number: 548

Select coding ORFs from remianing ORFs using a Fisher discriminant function...
Remaining: 371
Process overlapping genes...
Totally predict 295 genes.
Second run of TIS model.
Extract TUI and TUL genes (length >300bp)
TUI genes number: 99
TUL genes number: 53
Compare TUI TIS model with TUL TIS model...
Train TUI TIS model..
Train TUL TIS model..
Lamda > 0: TUL TIS model is similar to TUI TIS model.
Re-train TIS model..
Choose final TIS...
Predicted genes have been saved in file: /home3/katelyn/PATRIC/fna/1406791.8.fna.MED
Detailed information for predicted TIS has been saved in /home3/katelyn/PATRIC/fna/1406791.8.fna.MED.para
