Welcome to MED2.0
Genome file is /home3/katelyn/PATRIC/fna/1406781.8.fna
sequence size: 165238
GC%: 0.377734

Number of exactcted ORFs: 1206
Select root ORFs and first running of TIS model...
 iteration      Selected as coding    rejected as non-coding
       0                       61                       93
       1                       59                      263
       2                       11                      125
       3                        1                       38
       4                        0                       12
       5                        0                        4
       6                        0                        0
Selected root coding ORFs number: 132
Rejected non-coding ORFs number: 535
Remaining ORFs number: 539

Select coding ORFs from remianing ORFs using a Fisher discriminant function...
Remaining: 442
Process overlapping genes...
Totally predict 306 genes.
Second run of TIS model.
Extract TUI and TUL genes (length >300bp)
TUI genes number: 101
TUL genes number: 51
Compare TUI TIS model with TUL TIS model...
Train TUI TIS model..
Train TUL TIS model..
Lamda > 0: TUL TIS model is similar to TUI TIS model.
Re-train TIS model....
Choose final TIS...
Predicted genes have been saved in file: /home3/katelyn/PATRIC/fna/1406781.8.fna.MED
Detailed information for predicted TIS has been saved in /home3/katelyn/PATRIC/fna/1406781.8.fna.MED.para
