Welcome to MED2.0
Genome file is /home3/katelyn/PATRIC/fna/1406795.8.fna
sequence size: 154701
GC%: 0.455524

Number of exactcted ORFs: 1577
Select root ORFs and first running of TIS model...
 iteration      Selected as coding    rejected as non-coding
       0                       68                      123
       1                       27                      232
       2                        1                       85
       3                        0                       18
       4                        0                        3
       5                        0                        1
       6                        0                        0
Selected root coding ORFs number: 96
Rejected non-coding ORFs number: 462
Remaining ORFs number: 1019

Select coding ORFs from remianing ORFs using a Fisher discriminant function...
Remaining: 580
Process overlapping genes...
Totally predict 217 genes.
Second run of TIS model.
Extract TUI and TUL genes (length >300bp)
TUI genes number: 89
TUL genes number: 70
Compare TUI TIS model with TUL TIS model...
Train TUI TIS model..
Train TUL TIS model..
Lamda > 0: TUL TIS model is similar to TUI TIS model.
Re-train TIS model....
Choose final TIS...
Predicted genes have been saved in file: /home3/katelyn/PATRIC/fna/1406795.8.fna.MED
Detailed information for predicted TIS has been saved in /home3/katelyn/PATRIC/fna/1406795.8.fna.MED.para
