Welcome to MED2.0
Genome file is /home3/katelyn/PATRIC/fna/1406789.8.fna
sequence size: 39844
GC%: 0.406987

Number of exactcted ORFs: 315
Select root ORFs and first running of TIS model...
 iteration      Selected as coding    rejected as non-coding
       0                       16                       13
       1                       13                       38
       2                        3                       27
       3                        1                       14
       4                        0                        8
       5                        0                        2
       6                        0                        1
       7                        0                        1
       8                        0                        0
Selected root coding ORFs number: 33
Rejected non-coding ORFs number: 104
Remaining ORFs number: 178

Select coding ORFs from remianing ORFs using a Fisher discriminant function...
Remaining: 144
Process overlapping genes...
Totally predict 50 genes.
Second run of TIS model.
Extract TUI and TUL genes (length >300bp)
TUI genes number: 27
TUL genes number: 9
Compare TUI TIS model with TUL TIS model...
Train TUI TIS model..
Train TUL TIS model..
Lamda > 0: TUL TIS model is similar to TUI TIS model.
Re-train TIS model....
Choose final TIS...
Predicted genes have been saved in file: /home3/katelyn/PATRIC/fna/1406789.8.fna.MED
Detailed information for predicted TIS has been saved in /home3/katelyn/PATRIC/fna/1406789.8.fna.MED.para
