Welcome to MED2.0
Genome file is /home3/katelyn/PATRIC/fna/1406341.6.fna
sequence size: 81291
GC%: 0.576337

Number of exactcted ORFs: 720
Select root ORFs and first running of TIS model...
 iteration      Selected as coding    rejected as non-coding
       0                       93                      153
       1                       33                       49
       2                        7                        9
       3                        3                        1
       4                        2                        1
       5                        3                        0
       6                        0                        0
Selected root coding ORFs number: 141
Rejected non-coding ORFs number: 301
Remaining ORFs number: 278
Select coding ORFs from remianing ORFs using Fisher discriminant functions...
Remaining: 301
Process overlapping genes...
Totally predict 120 genes.
Second run of TIS model.
Extract TUI and TUL genes (length >300bp)
TUI genes number: 58
TUL genes number: 21
Compare TUI TIS model with TUL TIS model...
Train TUI TIS model..
Train TUL TIS model..
Lamda > 0: TUL TIS model is similar to TUI TIS model.
Re-train TIS model..
Choose final TIS...
Predicted genes have been saved in file: /home3/katelyn/PATRIC/fna/1406341.6.fna.MED
Detailed information for predicted TIS has been saved in /home3/katelyn/PATRIC/fna/1406341.6.fna.MED.para
