Welcome to MED2.0
Genome file is /home3/katelyn/PATRIC/fna/1407671.499.fna
sequence size: 33701
GC%: 0.373609

Number of exactcted ORFs: 230
Select root ORFs and first running of TIS model...
 iteration      Selected as coding    rejected as non-coding
       0                        1                        1
       1                        0                        3
       2                        0                        0
Selected root coding ORFs number: 1
Rejected non-coding ORFs number: 4
Remaining ORFs number: 225

Select coding ORFs from remianing ORFs using a Fisher discriminant function...
Remaining: 112
Process overlapping genes...
Totally predict 56 genes.
Second run of TIS model.
Extract TUI and TUL genes (length >300bp)
TUI genes number: 22
TUL genes number: 14
Compare TUI TIS model with TUL TIS model...
Train TUI TIS model..
Train TUL TIS model..
Lamda > 0: TUL TIS model is similar to TUI TIS model.
Re-train TIS model...
Choose final TIS...
Predicted genes have been saved in file: /home3/katelyn/PATRIC/fna/1407671.499.fna.MED
Detailed information for predicted TIS has been saved in /home3/katelyn/PATRIC/fna/1407671.499.fna.MED.para
