Welcome to MED2.0
Genome file is /home3/katelyn/PATRIC/fna/1407671.450.fna
sequence size: 41207
GC%: 0.416264

Number of exactcted ORFs: 411
Select root ORFs and first running of TIS model...
 iteration      Selected as coding    rejected as non-coding
       0                       14                       11
       1                        6                       31
       2                        0                       23
       3                        0                       12
       4                        0                        4
       5                        0                        2
       6                        0                        0
Selected root coding ORFs number: 20
Rejected non-coding ORFs number: 83
Remaining ORFs number: 308

Select coding ORFs from remianing ORFs using a Fisher discriminant function...
Remaining: 271
Process overlapping genes...
Totally predict 67 genes.
Second run of TIS model.
Extract TUI and TUL genes (length >300bp)
TUI genes number: 31
TUL genes number: 9
Compare TUI TIS model with TUL TIS model...
Train TUI TIS model..
Train TUL TIS model..
Lamda < 0: TUL TIS model differs from TUI TIS model
Re-train TUI TIS model..
Re-train TUL TIS model..
Choose final TIS...
Predicted genes have been saved in file: /home3/katelyn/PATRIC/fna/1407671.450.fna.MED
Detailed information for predicted TIS has been saved in /home3/katelyn/PATRIC/fna/1407671.450.fna.MED.para
