Welcome to MED2.0
Genome file is /home3/katelyn/PATRIC/fna/1407671.549.fna
sequence size: 33438
GC%: 0.339434

Number of exactcted ORFs: 230
Select root ORFs and first running of TIS model...
 iteration      Selected as coding    rejected as non-coding
       0                        4                        4
       1                        2                       21
       2                        0                       33
       3                        0                       18
       4                        0                       16
       5                        0                        6
       6                        0                        7
       7                        0                        5
       8                        0                        5
       9                        0                        1
      10                        0                        0
Selected root coding ORFs number: 6
Rejected non-coding ORFs number: 116
Remaining ORFs number: 108

Select coding ORFs from remianing ORFs using a Fisher discriminant function...
Remaining: 73
Process overlapping genes...
Totally predict 51 genes.
Second run of TIS model.
Extract TUI and TUL genes (length >300bp)
TUI genes number: 26
TUL genes number: 5
Compare TUI TIS model with TUL TIS model...
Train TUI TIS model..
Train TUL TIS model..
Lamda < 0: TUL TIS model differs from TUI TIS model
Re-train TUI TIS model...
Re-train TUL TIS model..
Choose final TIS...
Predicted genes have been saved in file: /home3/katelyn/PATRIC/fna/1407671.549.fna.MED
Detailed information for predicted TIS has been saved in /home3/katelyn/PATRIC/fna/1407671.549.fna.MED.para
