Welcome to MED2.0
Genome file is /home3/katelyn/PATRIC/fna/1407671.556.fna
sequence size: 36710
GC%: 0.315745

Number of exactcted ORFs: 239
Select root ORFs and first running of TIS model...
 iteration      Selected as coding    rejected as non-coding
       0                        2                        1
       1                        1                        9
       2                        0                       38
       3                        0                       33
       4                        0                       10
       5                        0                        4
       6                        0                        1
       7                        0                        0
Selected root coding ORFs number: 3
Rejected non-coding ORFs number: 96
Remaining ORFs number: 140

Select coding ORFs from remianing ORFs using a Fisher discriminant function...
Remaining: 98
Process overlapping genes...
Totally predict 73 genes.
Second run of TIS model.
Extract TUI and TUL genes (length >300bp)
TUI genes number: 27
TUL genes number: 7
Compare TUI TIS model with TUL TIS model...
Train TUI TIS model..
Train TUL TIS model..
Lamda < 0: TUL TIS model differs from TUI TIS model
Re-train TUI TIS model..
Re-train TUL TIS model...
Choose final TIS...
Predicted genes have been saved in file: /home3/katelyn/PATRIC/fna/1407671.556.fna.MED
Detailed information for predicted TIS has been saved in /home3/katelyn/PATRIC/fna/1407671.556.fna.MED.para
