Welcome to MED2.0
Genome file is /home3/katelyn/PATRIC/fna/1407671.441.fna
sequence size: 35473
GC%: 0.520593

Number of exactcted ORFs: 436
Select root ORFs and first running of TIS model...
 iteration      Selected as coding    rejected as non-coding
       0                        4                       23
       1                        3                       81
       2                        0                       69
       3                        0                       29
       4                        0                        5
       5                        0                        5
       6                        0                        3
       7                        0                        2
       8                        0                        2
       9                        0                        0
Selected root coding ORFs number: 7
Rejected non-coding ORFs number: 219
Remaining ORFs number: 210

Select coding ORFs from remianing ORFs using a Fisher discriminant function...
Remaining: 153
Process overlapping genes...
Totally predict 53 genes.
Second run of TIS model.
Extract TUI and TUL genes (length >300bp)
TUI genes number: 20
TUL genes number: 13
Compare TUI TIS model with TUL TIS model...
Train TUI TIS model..
Train TUL TIS model..
Lamda > 0: TUL TIS model is similar to TUI TIS model.
Re-train TIS model....
Choose final TIS...
Predicted genes have been saved in file: /home3/katelyn/PATRIC/fna/1407671.441.fna.MED
Detailed information for predicted TIS has been saved in /home3/katelyn/PATRIC/fna/1407671.441.fna.MED.para
