Welcome to MED2.0
Genome file is /home3/katelyn/PATRIC/fna/1407671.511.fna
sequence size: 42638
GC%: 0.471692

Number of exactcted ORFs: 438
Select root ORFs and first running of TIS model...
 iteration      Selected as coding    rejected as non-coding
       0                        4                        9
       1                        2                       24
       2                        2                       30
       3                        3                       19
       4                        2                        5
       5                        0                        1
       6                        0                        0
Selected root coding ORFs number: 13
Rejected non-coding ORFs number: 88
Remaining ORFs number: 337

Select coding ORFs from remianing ORFs using a Fisher discriminant function...
Remaining: 294
Process overlapping genes...
Totally predict 66 genes.
Second run of TIS model.
Extract TUI and TUL genes (length >300bp)
TUI genes number: 24
TUL genes number: 12
Compare TUI TIS model with TUL TIS model...
Train TUI TIS model..
Train TUL TIS model..
Lamda > 0: TUL TIS model is similar to TUI TIS model.
Re-train TIS model...
Choose final TIS...
Predicted genes have been saved in file: /home3/katelyn/PATRIC/fna/1407671.511.fna.MED
Detailed information for predicted TIS has been saved in /home3/katelyn/PATRIC/fna/1407671.511.fna.MED.para
