Welcome to MED2.0
Genome file is /home3/katelyn/PATRIC/fna/1407671.395.fna
sequence size: 32562
GC%: 0.357288

Number of exactcted ORFs: 258
Select root ORFs and first running of TIS model...
 iteration      Selected as coding    rejected as non-coding
       0                        6                       11
       1                        3                       19
       2                        0                       20
       3                        0                        7
       4                        0                        3
       5                        0                        2
       6                        0                        2
       7                        0                        1
       8                        0                        2
       9                        0                        2
      10                        0                        0
Selected root coding ORFs number: 9
Rejected non-coding ORFs number: 69
Remaining ORFs number: 180

Select coding ORFs from remianing ORFs using a Fisher discriminant function...
Remaining: 114
Process overlapping genes...
Totally predict 52 genes.
Second run of TIS model.
Extract TUI and TUL genes (length >300bp)
TUI genes number: 16
TUL genes number: 11
Compare TUI TIS model with TUL TIS model...
Train TUI TIS model..
Train TUL TIS model..
Lamda > 0: TUL TIS model is similar to TUI TIS model.
Re-train TIS model....
Choose final TIS...
Predicted genes have been saved in file: /home3/katelyn/PATRIC/fna/1407671.395.fna.MED
Detailed information for predicted TIS has been saved in /home3/katelyn/PATRIC/fna/1407671.395.fna.MED.para
