Welcome to MED2.0
Genome file is /home3/katelyn/PATRIC/fna/1407671.546.fna
sequence size: 33980
GC%: 0.323867

Number of exactcted ORFs: 219
Select root ORFs and first running of TIS model...
 iteration      Selected as coding    rejected as non-coding
       0                        1                        1
       1                        0                        6
       2                        0                       27
       3                        0                       33
       4                        0                       16
       5                        0                        3
       6                        0                        2
       7                        0                        1
       8                        0                        1
       9                        0                        0
Selected root coding ORFs number: 1
Rejected non-coding ORFs number: 90
Remaining ORFs number: 128

Select coding ORFs from remianing ORFs using a Fisher discriminant function...
Remaining: 76
Process overlapping genes...
Totally predict 55 genes.
Second run of TIS model.
Extract TUI and TUL genes (length >300bp)
TUI genes number: 22
TUL genes number: 6
Compare TUI TIS model with TUL TIS model...
Train TUI TIS model..
Train TUL TIS model..
Lamda < 0: TUL TIS model differs from TUI TIS model
Re-train TUI TIS model...
Re-train TUL TIS model..
Choose final TIS...
Predicted genes have been saved in file: /home3/katelyn/PATRIC/fna/1407671.546.fna.MED
Detailed information for predicted TIS has been saved in /home3/katelyn/PATRIC/fna/1407671.546.fna.MED.para
