Welcome to MED2.0
Genome file is /home3/katelyn/PATRIC/fna/1407671.469.fna
sequence size: 42029
GC%: 0.378857

Number of exactcted ORFs: 306
Select root ORFs and first running of TIS model...
 iteration      Selected as coding    rejected as non-coding
       0                        3                        4
       1                        1                       29
       2                        1                       46
       3                        0                       30
       4                        0                       14
       5                        0                        7
       6                        0                        1
       7                        0                        0
Selected root coding ORFs number: 5
Rejected non-coding ORFs number: 131
Remaining ORFs number: 170

Select coding ORFs from remianing ORFs using a Fisher discriminant function...
Remaining: 108
Process overlapping genes...
Totally predict 70 genes.
Second run of TIS model.
Extract TUI and TUL genes (length >300bp)
TUI genes number: 35
TUL genes number: 8
Compare TUI TIS model with TUL TIS model...
Train TUI TIS model..
Train TUL TIS model..
Lamda < 0: TUL TIS model differs from TUI TIS model
Re-train TUI TIS model...
Re-train TUL TIS model..
Choose final TIS...
Predicted genes have been saved in file: /home3/katelyn/PATRIC/fna/1407671.469.fna.MED
Detailed information for predicted TIS has been saved in /home3/katelyn/PATRIC/fna/1407671.469.fna.MED.para
