Welcome to MED2.0
Genome file is /home3/katelyn/PATRIC/fna/1407671.506.fna
sequence size: 41754
GC%: 0.508454

Number of exactcted ORFs: 434
Select root ORFs and first running of TIS model...
 iteration      Selected as coding    rejected as non-coding
       0                        6                        4
       1                        3                        7
       2                        2                        8
       3                        2                       13
       4                        0                        9
       5                        0                       15
       6                        0                       12
       7                        0                       15
       8                        0                        5
       9                        0                        0
Selected root coding ORFs number: 13
Rejected non-coding ORFs number: 88
Remaining ORFs number: 333

Select coding ORFs from remianing ORFs using a Fisher discriminant function...
Remaining: 272
Process overlapping genes...
Totally predict 68 genes.
Second run of TIS model.
Extract TUI and TUL genes (length >300bp)
TUI genes number: 20
TUL genes number: 17
Compare TUI TIS model with TUL TIS model...
Train TUI TIS model..
Train TUL TIS model..
Lamda > 0: TUL TIS model is similar to TUI TIS model.
Re-train TIS model...
Choose final TIS...
Predicted genes have been saved in file: /home3/katelyn/PATRIC/fna/1407671.506.fna.MED
Detailed information for predicted TIS has been saved in /home3/katelyn/PATRIC/fna/1407671.506.fna.MED.para
