Welcome to MED2.0
Genome file is /home3/katelyn/PATRIC/fna/1407671.493.fna
sequence size: 37334
GC%: 0.344405

Number of exactcted ORFs: 254
Select root ORFs and first running of TIS model...
 iteration      Selected as coding    rejected as non-coding
       0                        1                        1
       1                        3                        0
       2                        2                        0
       3                        1                        0
       4                        1                        0
       5                        0                        0
Selected root coding ORFs number: 8
Rejected non-coding ORFs number: 1
Remaining ORFs number: 245

Select coding ORFs from remianing ORFs using a Fisher discriminant function...
Remaining: 208
Process overlapping genes...
Totally predict 78 genes.
Second run of TIS model.
Extract TUI and TUL genes (length >300bp)
TUI genes number: 31
TUL genes number: 11
Compare TUI TIS model with TUL TIS model...
Train TUI TIS model..
Train TUL TIS model..
Lamda < 0: TUL TIS model differs from TUI TIS model
Re-train TUI TIS model...
Re-train TUL TIS model...
Choose final TIS...
Predicted genes have been saved in file: /home3/katelyn/PATRIC/fna/1407671.493.fna.MED
Detailed information for predicted TIS has been saved in /home3/katelyn/PATRIC/fna/1407671.493.fna.MED.para
