Welcome to MED2.0
Genome file is /home3/katelyn/PATRIC/fna/1407671.525.fna
sequence size: 35701
GC%: 0.356489

Number of exactcted ORFs: 225
Select root ORFs and first running of TIS model...
 iteration      Selected as coding    rejected as non-coding
       0                       10                        5
       1                        6                       14
       2                        0                       23
       3                        0                       25
       4                        0                        9
       5                        0                        3
       6                        0                        2
       7                        0                        0
Selected root coding ORFs number: 16
Rejected non-coding ORFs number: 81
Remaining ORFs number: 128

Select coding ORFs from remianing ORFs using a Fisher discriminant function...
Remaining: 104
Process overlapping genes...
Totally predict 51 genes.
Second run of TIS model.
Extract TUI and TUL genes (length >300bp)
TUI genes number: 21
TUL genes number: 7
Compare TUI TIS model with TUL TIS model...
Train TUI TIS model..
Train TUL TIS model..
Lamda < 0: TUL TIS model differs from TUI TIS model
Re-train TUI TIS model...
Re-train TUL TIS model..
Choose final TIS...
Predicted genes have been saved in file: /home3/katelyn/PATRIC/fna/1407671.525.fna.MED
Detailed information for predicted TIS has been saved in /home3/katelyn/PATRIC/fna/1407671.525.fna.MED.para
