Welcome to MED2.0
Genome file is /home3/katelyn/PATRIC/fna/1407671.451.fna
sequence size: 41059
GC%: 0.418544

Number of exactcted ORFs: 403
Select root ORFs and first running of TIS model...
 iteration      Selected as coding    rejected as non-coding
       0                        9                        4
       1                        4                       11
       2                        3                       17
       3                        0                       12
       4                        0                        4
       5                        0                        2
       6                        0                        0
Selected root coding ORFs number: 16
Rejected non-coding ORFs number: 50
Remaining ORFs number: 337

Select coding ORFs from remianing ORFs using a Fisher discriminant function...
Remaining: 336
Process overlapping genes...
Totally predict 85 genes.
Second run of TIS model.
Extract TUI and TUL genes (length >300bp)
TUI genes number: 28
TUL genes number: 13
Compare TUI TIS model with TUL TIS model...
Train TUI TIS model..
Train TUL TIS model..
Lamda > 0: TUL TIS model is similar to TUI TIS model.
Re-train TIS model..
Choose final TIS...
Predicted genes have been saved in file: /home3/katelyn/PATRIC/fna/1407671.451.fna.MED
Detailed information for predicted TIS has been saved in /home3/katelyn/PATRIC/fna/1407671.451.fna.MED.para
