Welcome to MED2.0
Genome file is /home3/katelyn/PATRIC/fna/1407671.471.fna
sequence size: 36059
GC%: 0.389195

Number of exactcted ORFs: 310
Select root ORFs and first running of TIS model...
 iteration      Selected as coding    rejected as non-coding
       0                        2                        2
       1                        0                        6
       2                        0                       14
       3                        0                       16
       4                        0                       14
       5                        0                       19
       6                        0                        6
       7                        0                        3
       8                        0                        2
       9                        0                        1
      10                        0                        0
Selected root coding ORFs number: 2
Rejected non-coding ORFs number: 83
Remaining ORFs number: 225

Select coding ORFs from remianing ORFs using a Fisher discriminant function...
Remaining: 179
Process overlapping genes...
Totally predict 65 genes.
Second run of TIS model.
Extract TUI and TUL genes (length >300bp)
TUI genes number: 25
TUL genes number: 8
Compare TUI TIS model with TUL TIS model...
Train TUI TIS model..
Train TUL TIS model..
Lamda > 0: TUL TIS model is similar to TUI TIS model.
Re-train TIS model...
Choose final TIS...
Predicted genes have been saved in file: /home3/katelyn/PATRIC/fna/1407671.471.fna.MED
Detailed information for predicted TIS has been saved in /home3/katelyn/PATRIC/fna/1407671.471.fna.MED.para
