Welcome to MED2.0
Genome file is /home3/katelyn/PATRIC/fna/1407671.521.fna
sequence size: 43444
GC%: 0.467291

Number of exactcted ORFs: 468
Select root ORFs and first running of TIS model...
 iteration      Selected as coding    rejected as non-coding
       0                       10                       13
       1                        5                       43
       2                        1                       63
       3                        0                       19
       4                        0                        1
       5                        0                        0
Selected root coding ORFs number: 16
Rejected non-coding ORFs number: 139
Remaining ORFs number: 313

Select coding ORFs from remianing ORFs using a Fisher discriminant function...
Remaining: 296
Process overlapping genes...
Totally predict 66 genes.
Second run of TIS model.
Extract TUI and TUL genes (length >300bp)
TUI genes number: 24
TUL genes number: 12
Compare TUI TIS model with TUL TIS model...
Train TUI TIS model..
Train TUL TIS model..
Lamda < 0: TUL TIS model differs from TUI TIS model
Re-train TUI TIS model..
Re-train TUL TIS model...
Choose final TIS...
Predicted genes have been saved in file: /home3/katelyn/PATRIC/fna/1407671.521.fna.MED
Detailed information for predicted TIS has been saved in /home3/katelyn/PATRIC/fna/1407671.521.fna.MED.para
