Welcome to MED2.0
Genome file is /home3/katelyn/PATRIC/fna/1407671.541.fna
sequence size: 33719
GC%: 0.327086

Number of exactcted ORFs: 228
Select root ORFs and first running of TIS model...
 iteration      Selected as coding    rejected as non-coding
       0                        2                        1
       1                        1                        2
       2                        0                        8
       3                        0                       11
       4                        0                       20
       5                        0                       26
       6                        0                       19
       7                        0                        5
       8                        0                        3
       9                        0                        0
Selected root coding ORFs number: 3
Rejected non-coding ORFs number: 95
Remaining ORFs number: 130

Select coding ORFs from remianing ORFs using a Fisher discriminant function...
Remaining: 75
Process overlapping genes...
Totally predict 49 genes.
Second run of TIS model.
Extract TUI and TUL genes (length >300bp)
TUI genes number: 19
TUL genes number: 8
Compare TUI TIS model with TUL TIS model...
Train TUI TIS model..
Train TUL TIS model..
Lamda < 0: TUL TIS model differs from TUI TIS model
Re-train TUI TIS model....
Re-train TUL TIS model....
Choose final TIS...
Predicted genes have been saved in file: /home3/katelyn/PATRIC/fna/1407671.541.fna.MED
Detailed information for predicted TIS has been saved in /home3/katelyn/PATRIC/fna/1407671.541.fna.MED.para
