Welcome to MED2.0
Genome file is /home3/katelyn/PATRIC/fna/1407671.453.fna
sequence size: 35951
GC%: 0.324887

Number of exactcted ORFs: 225
Select root ORFs and first running of TIS model...
 iteration      Selected as coding    rejected as non-coding
       0                        7                        0
       1                        4                        0
       2                        1                        0
       3                        0                        0
Selected root coding ORFs number: 12
Rejected non-coding ORFs number: 0
Remaining ORFs number: 213

Select coding ORFs from remianing ORFs using a Fisher discriminant function...
Remaining: 136
Process overlapping genes...
Totally predict 55 genes.
Second run of TIS model.
Extract TUI and TUL genes (length >300bp)
TUI genes number: 22
TUL genes number: 10
Compare TUI TIS model with TUL TIS model...
Train TUI TIS model..
Train TUL TIS model..
Lamda > 0: TUL TIS model is similar to TUI TIS model.
Re-train TIS model....
Choose final TIS...
Predicted genes have been saved in file: /home3/katelyn/PATRIC/fna/1407671.453.fna.MED
Detailed information for predicted TIS has been saved in /home3/katelyn/PATRIC/fna/1407671.453.fna.MED.para
