Welcome to MED2.0
Genome file is /home3/katelyn/PATRIC/fna/1407493.8.fna
sequence size: 39758
GC%: 0.502968

Number of exactcted ORFs: 422
Select root ORFs and first running of TIS model...
 iteration      Selected as coding    rejected as non-coding
       0                        6                       16
       1                        2                       47
       2                        0                       41
       3                        0                       18
       4                        0                        6
       5                        0                        2
       6                        0                        1
       7                        0                        0
Selected root coding ORFs number: 8
Rejected non-coding ORFs number: 131
Remaining ORFs number: 283

Select coding ORFs from remianing ORFs using a Fisher discriminant function...
Remaining: 195
Process overlapping genes...
Totally predict 69 genes.
Second run of TIS model.
Extract TUI and TUL genes (length >300bp)
TUI genes number: 27
TUL genes number: 24
Compare TUI TIS model with TUL TIS model...
Train TUI TIS model..
Train TUL TIS model..
Lamda > 0: TUL TIS model is similar to TUI TIS model.
Re-train TIS model...
Choose final TIS...
Predicted genes have been saved in file: /home3/katelyn/PATRIC/fna/1407493.8.fna.MED
Detailed information for predicted TIS has been saved in /home3/katelyn/PATRIC/fna/1407493.8.fna.MED.para
