Welcome to MED2.0
Genome file is /home3/katelyn/PATRIC/fna/1407671.508.fna
sequence size: 39717
GC%: 0.493567

Number of exactcted ORFs: 406
Select root ORFs and first running of TIS model...
 iteration      Selected as coding    rejected as non-coding
       0                       10                       15
       1                       13                       18
       2                        1                        9
       3                        0                        3
       4                        0                        2
       5                        0                        0
Selected root coding ORFs number: 24
Rejected non-coding ORFs number: 47
Remaining ORFs number: 335

Select coding ORFs from remianing ORFs using a Fisher discriminant function...
Remaining: 344
Process overlapping genes...
Totally predict 80 genes.
Second run of TIS model.
Extract TUI and TUL genes (length >300bp)
TUI genes number: 21
TUL genes number: 19
Compare TUI TIS model with TUL TIS model...
Train TUI TIS model..
Train TUL TIS model..
Lamda > 0: TUL TIS model is similar to TUI TIS model.
Re-train TIS model....
Choose final TIS...
Predicted genes have been saved in file: /home3/katelyn/PATRIC/fna/1407671.508.fna.MED
Detailed information for predicted TIS has been saved in /home3/katelyn/PATRIC/fna/1407671.508.fna.MED.para
