Welcome to MED2.0
Genome file is /home3/katelyn/PATRIC/fna/1407671.432.fna
sequence size: 41867
GC%: 0.349177

Number of exactcted ORFs: 276
Select root ORFs and first running of TIS model...
 iteration      Selected as coding    rejected as non-coding
       0                       20                       27
       1                        9                       45
       2                        1                       13
       3                        0                       11
       4                        0                       11
       5                        0                        6
       6                        0                        2
       7                        0                        2
       8                        0                        1
       9                        0                        0
Selected root coding ORFs number: 30
Rejected non-coding ORFs number: 118
Remaining ORFs number: 128

Select coding ORFs from remianing ORFs using a Fisher discriminant function...
Remaining: 110
Process overlapping genes...
Totally predict 69 genes.
Second run of TIS model.
Extract TUI and TUL genes (length >300bp)
TUI genes number: 31
TUL genes number: 8
Compare TUI TIS model with TUL TIS model...
Train TUI TIS model..
Train TUL TIS model..
Lamda > 0: TUL TIS model is similar to TUI TIS model.
Re-train TIS model...
Choose final TIS...
Predicted genes have been saved in file: /home3/katelyn/PATRIC/fna/1407671.432.fna.MED
Detailed information for predicted TIS has been saved in /home3/katelyn/PATRIC/fna/1407671.432.fna.MED.para
