Welcome to MED2.0
Genome file is /home3/katelyn/PATRIC/fna/1407671.406.fna
sequence size: 34933
GC%: 0.549824

Number of exactcted ORFs: 389
Select root ORFs and first running of TIS model...
 iteration      Selected as coding    rejected as non-coding
       0                        1                       22
       1                        3                      103
       2                        1                       31
       3                        0                        4
       4                        0                        2
       5                        0                        2
       6                        0                        0
Selected root coding ORFs number: 5
Rejected non-coding ORFs number: 164
Remaining ORFs number: 220

Select coding ORFs from remianing ORFs using a Fisher discriminant function...
Remaining: 191
Process overlapping genes...
Totally predict 50 genes.
Second run of TIS model.
Extract TUI and TUL genes (length >300bp)
TUI genes number: 19
TUL genes number: 15
Compare TUI TIS model with TUL TIS model...
Train TUI TIS model..
Train TUL TIS model..
Lamda < 0: TUL TIS model differs from TUI TIS model
Re-train TUI TIS model...
Re-train TUL TIS model....
Choose final TIS...
Predicted genes have been saved in file: /home3/katelyn/PATRIC/fna/1407671.406.fna.MED
Detailed information for predicted TIS has been saved in /home3/katelyn/PATRIC/fna/1407671.406.fna.MED.para
