Welcome to MED2.0
Genome file is /home3/katelyn/PATRIC/fna/1407671.496.fna
sequence size: 35735
GC%: 0.41111

Number of exactcted ORFs: 263
Select root ORFs and first running of TIS model...
 iteration      Selected as coding    rejected as non-coding
       0                       11                       10
       1                       16                       31
       2                        3                       30
       3                        0                       13
       4                        0                        4
       5                        0                        1
       6                        0                        0
Selected root coding ORFs number: 30
Rejected non-coding ORFs number: 89
Remaining ORFs number: 144

Select coding ORFs from remianing ORFs using a Fisher discriminant function...
Remaining: 75
Process overlapping genes...
Totally predict 58 genes.
Second run of TIS model.
Extract TUI and TUL genes (length >300bp)
TUI genes number: 30
TUL genes number: 4
Compare TUI TIS model with TUL TIS model...
Train TUI TIS model..
Train TUL TIS model..
Lamda < 0: TUL TIS model differs from TUI TIS model
Re-train TUI TIS model....
Re-train TUL TIS model..
Choose final TIS...
Predicted genes have been saved in file: /home3/katelyn/PATRIC/fna/1407671.496.fna.MED
Detailed information for predicted TIS has been saved in /home3/katelyn/PATRIC/fna/1407671.496.fna.MED.para
