Welcome to MED2.0
Genome file is /home3/katelyn/PATRIC/fna/1407671.388.fna
sequence size: 39365
GC%: 0.462213

Number of exactcted ORFs: 406
Select root ORFs and first running of TIS model...
 iteration      Selected as coding    rejected as non-coding
       0                        7                       13
       1                        5                       27
       2                        1                       27
       3                        0                        7
       4                        0                        0
Selected root coding ORFs number: 13
Rejected non-coding ORFs number: 74
Remaining ORFs number: 319

Select coding ORFs from remianing ORFs using a Fisher discriminant function...
Remaining: 263
Process overlapping genes...
Totally predict 54 genes.
Second run of TIS model.
Extract TUI and TUL genes (length >300bp)
TUI genes number: 26
TUL genes number: 10
Compare TUI TIS model with TUL TIS model...
Train TUI TIS model..
Train TUL TIS model..
Lamda > 0: TUL TIS model is similar to TUI TIS model.
Re-train TIS model...
Choose final TIS...
Predicted genes have been saved in file: /home3/katelyn/PATRIC/fna/1407671.388.fna.MED
Detailed information for predicted TIS has been saved in /home3/katelyn/PATRIC/fna/1407671.388.fna.MED.para
