Welcome to MED2.0
Genome file is /home3/katelyn/PATRIC/fna/1407671.421.fna
sequence size: 43957
GC%: 0.530268

Number of exactcted ORFs: 458
Select root ORFs and first running of TIS model...
 iteration      Selected as coding    rejected as non-coding
       0                        9                       15
       1                        5                       41
       2                        3                       31
       3                        1                        8
       4                        0                        2
       5                        0                        1
       6                        0                        1
       7                        0                        0
Selected root coding ORFs number: 18
Rejected non-coding ORFs number: 99
Remaining ORFs number: 341

Select coding ORFs from remianing ORFs using a Fisher discriminant function...
Remaining: 280
Process overlapping genes...
Totally predict 55 genes.
Second run of TIS model.
Extract TUI and TUL genes (length >300bp)
TUI genes number: 25
TUL genes number: 21
Compare TUI TIS model with TUL TIS model...
Train TUI TIS model..
Train TUL TIS model..
Lamda > 0: TUL TIS model is similar to TUI TIS model.
Re-train TIS model....
Choose final TIS...
Predicted genes have been saved in file: /home3/katelyn/PATRIC/fna/1407671.421.fna.MED
Detailed information for predicted TIS has been saved in /home3/katelyn/PATRIC/fna/1407671.421.fna.MED.para
