Welcome to MED2.0
Genome file is /home3/katelyn/PATRIC/fna/1407671.519.fna
sequence size: 34130
GC%: 0.54099

Number of exactcted ORFs: 408
Select root ORFs and first running of TIS model...
 iteration      Selected as coding    rejected as non-coding
       0                        1                       18
       1                        2                       94
       2                        0                       49
       3                        0                       17
       4                        0                        2
       5                        0                        0
Selected root coding ORFs number: 3
Rejected non-coding ORFs number: 180
Remaining ORFs number: 225

Select coding ORFs from remianing ORFs using a Fisher discriminant function...
Remaining: 183
Process overlapping genes...
Totally predict 51 genes.
Second run of TIS model.
Extract TUI and TUL genes (length >300bp)
TUI genes number: 22
TUL genes number: 13
Compare TUI TIS model with TUL TIS model...
Train TUI TIS model..
Train TUL TIS model..
Lamda < 0: TUL TIS model differs from TUI TIS model
Re-train TUI TIS model....
Re-train TUL TIS model.....
Choose final TIS...
Predicted genes have been saved in file: /home3/katelyn/PATRIC/fna/1407671.519.fna.MED
Detailed information for predicted TIS has been saved in /home3/katelyn/PATRIC/fna/1407671.519.fna.MED.para
