Welcome to MED2.0
Genome file is /home3/katelyn/PATRIC/fna/1407671.494.fna
sequence size: 38614
GC%: 0.361138

Number of exactcted ORFs: 230
Select root ORFs and first running of TIS model...
 iteration      Selected as coding    rejected as non-coding
       0                        2                        1
       1                        0                        3
       2                        0                        9
       3                        0                       13
       4                        0                        7
       5                        0                        7
       6                        0                        3
       7                        0                        8
       8                        0                        3
       9                        0                        1
      10                        0                        0
Selected root coding ORFs number: 2
Rejected non-coding ORFs number: 55
Remaining ORFs number: 173

Select coding ORFs from remianing ORFs using a Fisher discriminant function...
Remaining: 2
Process overlapping genes...
Totally predict 2 genes.
Second run of TIS model.
Extract TUI and TUL genes (length >300bp)
