Welcome to MED2.0
Genome file is /home3/katelyn/PATRIC/fna/1407671.570.fna
sequence size: 38351
GC%: 0.343407

Number of exactcted ORFs: 248
Select root ORFs and first running of TIS model...
 iteration      Selected as coding    rejected as non-coding
       0                        1                        2
       1                        1                        5
       2                        0                       32
       3                        0                       21
       4                        0                       13
       5                        0                        5
       6                        0                        6
       7                        0                        3
       8                        0                        2
       9                        0                        0
Selected root coding ORFs number: 2
Rejected non-coding ORFs number: 89
Remaining ORFs number: 157

Select coding ORFs from remianing ORFs using a Fisher discriminant function...
Remaining: 113
Process overlapping genes...
Totally predict 65 genes.
Second run of TIS model.
Extract TUI and TUL genes (length >300bp)
TUI genes number: 32
TUL genes number: 5
Compare TUI TIS model with TUL TIS model...
Train TUI TIS model..
Train TUL TIS model..
Lamda < 0: TUL TIS model differs from TUI TIS model
Re-train TUI TIS model..
Re-train TUL TIS model..
Choose final TIS...
Predicted genes have been saved in file: /home3/katelyn/PATRIC/fna/1407671.570.fna.MED
Detailed information for predicted TIS has been saved in /home3/katelyn/PATRIC/fna/1407671.570.fna.MED.para
