Welcome to MED2.0
Genome file is /home3/katelyn/PATRIC/fna/1407671.495.fna
sequence size: 42335
GC%: 0.40385

Number of exactcted ORFs: 341
Select root ORFs and first running of TIS model...
 iteration      Selected as coding    rejected as non-coding
       0                       10                        5
       1                       12                        6
       2                        2                        5
       3                        0                        7
       4                        0                        4
       5                        0                        3
       6                        0                        1
       7                        0                        0
Selected root coding ORFs number: 24
Rejected non-coding ORFs number: 31
Remaining ORFs number: 286

Select coding ORFs from remianing ORFs using a Fisher discriminant function...
Remaining: 203
Process overlapping genes...
Totally predict 57 genes.
Second run of TIS model.
Extract TUI and TUL genes (length >300bp)
TUI genes number: 25
TUL genes number: 8
Compare TUI TIS model with TUL TIS model...
Train TUI TIS model..
Train TUL TIS model..
Lamda > 0: TUL TIS model is similar to TUI TIS model.
Re-train TIS model...
Choose final TIS...
Predicted genes have been saved in file: /home3/katelyn/PATRIC/fna/1407671.495.fna.MED
Detailed information for predicted TIS has been saved in /home3/katelyn/PATRIC/fna/1407671.495.fna.MED.para
