Welcome to MED2.0
Genome file is /home3/katelyn/PATRIC/fna/1407671.542.fna
sequence size: 33380
GC%: 0.351588

Number of exactcted ORFs: 233
Select root ORFs and first running of TIS model...
 iteration      Selected as coding    rejected as non-coding
       0                        7                        7
       1                        6                       20
       2                        0                       22
       3                        0                        7
       4                        0                        3
       5                        0                        4
       6                        0                        1
       7                        0                        0
Selected root coding ORFs number: 13
Rejected non-coding ORFs number: 64
Remaining ORFs number: 156

Select coding ORFs from remianing ORFs using a Fisher discriminant function...
Remaining: 127
Process overlapping genes...
Totally predict 52 genes.
Second run of TIS model.
Extract TUI and TUL genes (length >300bp)
TUI genes number: 22
TUL genes number: 8
Compare TUI TIS model with TUL TIS model...
Train TUI TIS model..
Train TUL TIS model..
Lamda > 0: TUL TIS model is similar to TUI TIS model.
Re-train TIS model....
Choose final TIS...
Predicted genes have been saved in file: /home3/katelyn/PATRIC/fna/1407671.542.fna.MED
Detailed information for predicted TIS has been saved in /home3/katelyn/PATRIC/fna/1407671.542.fna.MED.para
