Welcome to MED2.0
Genome file is /home3/katelyn/PATRIC/fna/1407671.507.fna
sequence size: 41982
GC%: 0.477133

Number of exactcted ORFs: 439
Select root ORFs and first running of TIS model...
 iteration      Selected as coding    rejected as non-coding
       0                        8                        4
       1                       11                       14
       2                        3                       11
       3                        0                        8
       4                        0                        4
       5                        0                        2
       6                        0                        0
Selected root coding ORFs number: 22
Rejected non-coding ORFs number: 43
Remaining ORFs number: 374

Select coding ORFs from remianing ORFs using a Fisher discriminant function...
Remaining: 356
Process overlapping genes...
Totally predict 82 genes.
Second run of TIS model.
Extract TUI and TUL genes (length >300bp)
TUI genes number: 24
TUL genes number: 14
Compare TUI TIS model with TUL TIS model...
Train TUI TIS model..
Train TUL TIS model..
Lamda > 0: TUL TIS model is similar to TUI TIS model.
Re-train TIS model...
Choose final TIS...
Predicted genes have been saved in file: /home3/katelyn/PATRIC/fna/1407671.507.fna.MED
Detailed information for predicted TIS has been saved in /home3/katelyn/PATRIC/fna/1407671.507.fna.MED.para
