Welcome to MED2.0
Genome file is /home3/katelyn/PATRIC/fna/1407671.413.fna
sequence size: 40564
GC%: 0.470861

Number of exactcted ORFs: 366
Select root ORFs and first running of TIS model...
 iteration      Selected as coding    rejected as non-coding
       0                        8                       22
       1                        3                       48
       2                        1                       26
       3                        0                       13
       4                        0                        3
       5                        0                        0
Selected root coding ORFs number: 12
Rejected non-coding ORFs number: 112
Remaining ORFs number: 242

Select coding ORFs from remianing ORFs using a Fisher discriminant function...
Remaining: 168
Process overlapping genes...
Totally predict 49 genes.
Second run of TIS model.
Extract TUI and TUL genes (length >300bp)
TUI genes number: 20
TUL genes number: 11
Compare TUI TIS model with TUL TIS model...
Train TUI TIS model..
Train TUL TIS model..
Lamda < 0: TUL TIS model differs from TUI TIS model
Re-train TUI TIS model...
Re-train TUL TIS model..
Choose final TIS...
Predicted genes have been saved in file: /home3/katelyn/PATRIC/fna/1407671.413.fna.MED
Detailed information for predicted TIS has been saved in /home3/katelyn/PATRIC/fna/1407671.413.fna.MED.para
