Welcome to MED2.0
Genome file is /home3/katelyn/PATRIC/fna/1407671.407.fna
sequence size: 42127
GC%: 0.546799

Number of exactcted ORFs: 484
Select root ORFs and first running of TIS model...
 iteration      Selected as coding    rejected as non-coding
       0                        4                       26
       1                        4                      128
       2                        1                       66
       3                        0                       17
       4                        0                        4
       5                        0                        1
       6                        0                        0
Selected root coding ORFs number: 9
Rejected non-coding ORFs number: 242
Remaining ORFs number: 233

Select coding ORFs from remianing ORFs using a Fisher discriminant function...
Remaining: 203
Process overlapping genes...
Totally predict 58 genes.
Second run of TIS model.
Extract TUI and TUL genes (length >300bp)
TUI genes number: 26
TUL genes number: 11
Compare TUI TIS model with TUL TIS model...
Train TUI TIS model..
Train TUL TIS model..
Lamda < 0: TUL TIS model differs from TUI TIS model
Re-train TUI TIS model...
Re-train TUL TIS model..
Choose final TIS...
Predicted genes have been saved in file: /home3/katelyn/PATRIC/fna/1407671.407.fna.MED
Detailed information for predicted TIS has been saved in /home3/katelyn/PATRIC/fna/1407671.407.fna.MED.para
