Welcome to MED2.0
Genome file is /home3/katelyn/PATRIC/fna/1407671.518.fna
sequence size: 40289
GC%: 0.358311

Number of exactcted ORFs: 278
Select root ORFs and first running of TIS model...
 iteration      Selected as coding    rejected as non-coding
       0                       11                        7
       1                        5                       17
       2                        1                       28
       3                        0                       14
       4                        0                       10
       5                        0                        9
       6                        0                        6
       7                        0                        4
       8                        0                        1
       9                        0                        1
      10                        0                        2
      11                        0                        1
      12                        0                        0
Selected root coding ORFs number: 17
Rejected non-coding ORFs number: 100
Remaining ORFs number: 161

Select coding ORFs from remianing ORFs using a Fisher discriminant function...
Remaining: 119
Process overlapping genes...
Totally predict 55 genes.
Second run of TIS model.
Extract TUI and TUL genes (length >300bp)
TUI genes number: 22
TUL genes number: 6
Compare TUI TIS model with TUL TIS model...
Train TUI TIS model..
Train TUL TIS model..
Lamda < 0: TUL TIS model differs from TUI TIS model
Re-train TUI TIS model...
Re-train TUL TIS model..
Choose final TIS...
Predicted genes have been saved in file: /home3/katelyn/PATRIC/fna/1407671.518.fna.MED
Detailed information for predicted TIS has been saved in /home3/katelyn/PATRIC/fna/1407671.518.fna.MED.para
