Welcome to MED2.0
Genome file is /home3/katelyn/PATRIC/fna/1407671.567.fna
sequence size: 36835
GC%: 0.324474

Number of exactcted ORFs: 265
Select root ORFs and first running of TIS model...
 iteration      Selected as coding    rejected as non-coding
       0                        1                        0
       1                        0                        0
Selected root coding ORFs number: 1
Rejected non-coding ORFs number: 0
Remaining ORFs number: 264

Select coding ORFs from remianing ORFs using a Fisher discriminant function...
Remaining: 225
Process overlapping genes...
Totally predict 73 genes.
Second run of TIS model.
Extract TUI and TUL genes (length >300bp)
TUI genes number: 29
TUL genes number: 10
Compare TUI TIS model with TUL TIS model...
Train TUI TIS model..
Train TUL TIS model..
Lamda < 0: TUL TIS model differs from TUI TIS model
Re-train TUI TIS model...
Re-train TUL TIS model...
Choose final TIS...
Predicted genes have been saved in file: /home3/katelyn/PATRIC/fna/1407671.567.fna.MED
Detailed information for predicted TIS has been saved in /home3/katelyn/PATRIC/fna/1407671.567.fna.MED.para
