Welcome to MED2.0
Genome file is /home3/katelyn/PATRIC/fna/1407671.522.fna
sequence size: 40866
GC%: 0.327436

Number of exactcted ORFs: 228
Select root ORFs and first running of TIS model...
 iteration      Selected as coding    rejected as non-coding
       0                        8                        4
       1                        3                       12
       2                        0                       17
       3                        0                       13
       4                        0                        8
       5                        0                        9
       6                        0                        7
       7                        0                        1
       8                        0                        0
Selected root coding ORFs number: 11
Rejected non-coding ORFs number: 71
Remaining ORFs number: 146

Select coding ORFs from remianing ORFs using a Fisher discriminant function...
Remaining: 114
Process overlapping genes...
Totally predict 59 genes.
Second run of TIS model.
Extract TUI and TUL genes (length >300bp)
TUI genes number: 23
TUL genes number: 13
Compare TUI TIS model with TUL TIS model...
Train TUI TIS model..
Train TUL TIS model..
Lamda > 0: TUL TIS model is similar to TUI TIS model.
Re-train TIS model...
Choose final TIS...
Predicted genes have been saved in file: /home3/katelyn/PATRIC/fna/1407671.522.fna.MED
Detailed information for predicted TIS has been saved in /home3/katelyn/PATRIC/fna/1407671.522.fna.MED.para
