Welcome to MED2.0
Genome file is /home3/katelyn/PATRIC/fna/1407671.414.fna
sequence size: 41803
GC%: 0.337583

Number of exactcted ORFs: 253
Select root ORFs and first running of TIS model...
 iteration      Selected as coding    rejected as non-coding
       0                        2                        2
       1                        2                       11
       2                        0                       29
       3                        0                       24
       4                        0                       10
       5                        0                       11
       6                        0                        3
       7                        0                        1
       8                        0                        2
       9                        0                        0
Selected root coding ORFs number: 4
Rejected non-coding ORFs number: 93
Remaining ORFs number: 156

Select coding ORFs from remianing ORFs using a Fisher discriminant function...
Remaining: 75
Process overlapping genes...
Totally predict 54 genes.
Second run of TIS model.
Extract TUI and TUL genes (length >300bp)
TUI genes number: 19
TUL genes number: 10
Compare TUI TIS model with TUL TIS model...
Train TUI TIS model..
Train TUL TIS model..
Lamda > 0: TUL TIS model is similar to TUI TIS model.
Re-train TIS model...
Choose final TIS...
Predicted genes have been saved in file: /home3/katelyn/PATRIC/fna/1407671.414.fna.MED
Detailed information for predicted TIS has been saved in /home3/katelyn/PATRIC/fna/1407671.414.fna.MED.para
