Welcome to MED2.0
Genome file is /home3/katelyn/PATRIC/fna/1407671.463.fna
sequence size: 34195
GC%: 0.529961

Number of exactcted ORFs: 425
Select root ORFs and first running of TIS model...
 iteration      Selected as coding    rejected as non-coding
       0                        3                       14
       1                        3                       54
       2                        0                       69
       3                        0                       26
       4                        0                       11
       5                        0                        1
       6                        0                        0
Selected root coding ORFs number: 6
Rejected non-coding ORFs number: 175
Remaining ORFs number: 244

Select coding ORFs from remianing ORFs using a Fisher discriminant function...
Remaining: 123
Process overlapping genes...
Totally predict 62 genes.
Second run of TIS model.
Extract TUI and TUL genes (length >300bp)
TUI genes number: 23
TUL genes number: 12
Compare TUI TIS model with TUL TIS model...
Train TUI TIS model..
Train TUL TIS model..
Lamda < 0: TUL TIS model differs from TUI TIS model
Re-train TUI TIS model....
Re-train TUL TIS model...
Choose final TIS...
Predicted genes have been saved in file: /home3/katelyn/PATRIC/fna/1407671.463.fna.MED
Detailed information for predicted TIS has been saved in /home3/katelyn/PATRIC/fna/1407671.463.fna.MED.para
