Welcome to MED2.0
Genome file is /home3/katelyn/PATRIC/fna/1412875.8.fna
sequence size: 128546
GC%: 0.325315

Number of exactcted ORFs: 958
Select root ORFs and first running of TIS model...
 iteration      Selected as coding    rejected as non-coding
       0                       28                       33
       1                       56                      179
       2                       18                      142
       3                        4                       61
       4                        1                       16
       5                        0                        5
       6                        0                        1
       7                        0                        0
Selected root coding ORFs number: 107
Rejected non-coding ORFs number: 437
Remaining ORFs number: 414

Select coding ORFs from remianing ORFs using a Fisher discriminant function...
Remaining: 304
Process overlapping genes...
Totally predict 206 genes.
Second run of TIS model.
Extract TUI and TUL genes (length >300bp)
TUI genes number: 74
TUL genes number: 44
Compare TUI TIS model with TUL TIS model...
Train TUI TIS model..
Train TUL TIS model..
Lamda > 0: TUL TIS model is similar to TUI TIS model.
Re-train TIS model.....
Choose final TIS...
Predicted genes have been saved in file: /home3/katelyn/PATRIC/fna/1412875.8.fna.MED
Detailed information for predicted TIS has been saved in /home3/katelyn/PATRIC/fna/1412875.8.fna.MED.para
