Welcome to MED2.0
Genome file is /home3/katelyn/PATRIC/fna/1414742.8.fna
sequence size: 37372
GC%: 0.627315

Number of exactcted ORFs: 438
Select root ORFs and first running of TIS model...
 iteration      Selected as coding    rejected as non-coding
       0                       40                       87
       1                        7                       42
       2                        0                       18
       3                        0                        5
       4                        0                        0
Selected root coding ORFs number: 47
Rejected non-coding ORFs number: 208
Remaining ORFs number: 183
Select coding ORFs from remianing ORFs using Fisher discriminant functions...
Remaining: 117
Process overlapping genes...
Totally predict 72 genes.
Second run of TIS model.
Extract TUI and TUL genes (length >300bp)
TUI genes number: 29
TUL genes number: 10
Compare TUI TIS model with TUL TIS model...
Train TUI TIS model..
Train TUL TIS model..
Lamda < 0: TUL TIS model differs from TUI TIS model
Re-train TUI TIS model...
Re-train TUL TIS model....................
Choose final TIS...
