Welcome to MED2.0
Genome file is /home3/katelyn/PATRIC/fna/1416027.6.fna
sequence size: 46719
GC%: 0.438301

Number of exactcted ORFs: 434
Select root ORFs and first running of TIS model...
 iteration      Selected as coding    rejected as non-coding
       0                       20                       11
       1                       12                       20
       2                        2                       11
       3                        0                        9
       4                        0                        7
       5                        0                        4
       6                        0                        2
       7                        0                        0
Selected root coding ORFs number: 34
Rejected non-coding ORFs number: 64
Remaining ORFs number: 336

Select coding ORFs from remianing ORFs using a Fisher discriminant function...
Remaining: 282
Process overlapping genes...
Totally predict 84 genes.
Second run of TIS model.
Extract TUI and TUL genes (length >300bp)
TUI genes number: 27
TUL genes number: 17
Compare TUI TIS model with TUL TIS model...
Train TUI TIS model..
Train TUL TIS model..
Lamda > 0: TUL TIS model is similar to TUI TIS model.
Re-train TIS model....
Choose final TIS...
Predicted genes have been saved in file: /home3/katelyn/PATRIC/fna/1416027.6.fna.MED
Detailed information for predicted TIS has been saved in /home3/katelyn/PATRIC/fna/1416027.6.fna.MED.para
