Welcome to MED2.0
Genome file is /home3/katelyn/PATRIC/fna/1416028.8.fna
sequence size: 46847
GC%: 0.439772

Number of exactcted ORFs: 427
Select root ORFs and first running of TIS model...
 iteration      Selected as coding    rejected as non-coding
       0                       21                       15
       1                       14                       28
       2                        2                       16
       3                        0                       12
       4                        0                        8
       5                        0                        3
       6                        0                        1
       7                        0                        0
Selected root coding ORFs number: 37
Rejected non-coding ORFs number: 83
Remaining ORFs number: 307

Select coding ORFs from remianing ORFs using a Fisher discriminant function...
Remaining: 241
Process overlapping genes...
Totally predict 85 genes.
Second run of TIS model.
Extract TUI and TUL genes (length >300bp)
TUI genes number: 26
TUL genes number: 19
Compare TUI TIS model with TUL TIS model...
Train TUI TIS model..
Train TUL TIS model..
Lamda > 0: TUL TIS model is similar to TUI TIS model.
Re-train TIS model...
Choose final TIS...
Predicted genes have been saved in file: /home3/katelyn/PATRIC/fna/1416028.8.fna.MED
Detailed information for predicted TIS has been saved in /home3/katelyn/PATRIC/fna/1416028.8.fna.MED.para
