Welcome to MED2.0
Genome file is /home3/katelyn/PATRIC/fna/1416009.8.fna
sequence size: 72329
GC%: 0.544125

Number of exactcted ORFs: 733
Select root ORFs and first running of TIS model...
 iteration      Selected as coding    rejected as non-coding
       0                       26                       81
       1                        9                      182
       2                        0                       66
       3                        0                       14
       4                        0                        9
       5                        0                       19
       6                        0                       19
       7                        0                        8
       8                        0                        2
       9                        0                        0
Selected root coding ORFs number: 35
Rejected non-coding ORFs number: 400
Remaining ORFs number: 298

Select coding ORFs from remianing ORFs using a Fisher discriminant function...
Remaining: 184
Process overlapping genes...
Totally predict 84 genes.
Second run of TIS model.
Extract TUI and TUL genes (length >300bp)
TUI genes number: 34
TUL genes number: 32
Compare TUI TIS model with TUL TIS model...
Train TUI TIS model..
Train TUL TIS model..
Lamda < 0: TUL TIS model differs from TUI TIS model
Re-train TUI TIS model..
Re-train TUL TIS model....
Choose final TIS...
Predicted genes have been saved in file: /home3/katelyn/PATRIC/fna/1416009.8.fna.MED
Detailed information for predicted TIS has been saved in /home3/katelyn/PATRIC/fna/1416009.8.fna.MED.para
