Welcome to MED2.0
Genome file is /home3/katelyn/PATRIC/fna/1416032.8.fna
sequence size: 60875
GC%: 0.49117

Number of exactcted ORFs: 655
Select root ORFs and first running of TIS model...
 iteration      Selected as coding    rejected as non-coding
       0                       12                       29
       1                        8                       42
       2                        4                       45
       3                        1                       17
       4                        0                        4
       5                        0                        0
Selected root coding ORFs number: 25
Rejected non-coding ORFs number: 137
Remaining ORFs number: 493

Select coding ORFs from remianing ORFs using a Fisher discriminant function...
Remaining: 353
Process overlapping genes...
Totally predict 92 genes.
Second run of TIS model.
Extract TUI and TUL genes (length >300bp)
TUI genes number: 28
TUL genes number: 28
Compare TUI TIS model with TUL TIS model...
Train TUI TIS model..
Train TUL TIS model..
Lamda > 0: TUL TIS model is similar to TUI TIS model.
Re-train TIS model....
Choose final TIS...
Predicted genes have been saved in file: /home3/katelyn/PATRIC/fna/1416032.8.fna.MED
Detailed information for predicted TIS has been saved in /home3/katelyn/PATRIC/fna/1416032.8.fna.MED.para
