Welcome to MED2.0
Genome file is /home3/katelyn/PATRIC/fna/1416030.8.fna
sequence size: 46440
GC%: 0.438114

Number of exactcted ORFs: 434
Select root ORFs and first running of TIS model...
 iteration      Selected as coding    rejected as non-coding
       0                       22                       12
       1                       12                       27
       2                        3                        9
       3                        1                        8
       4                        0                        9
       5                        0                        3
       6                        0                        2
       7                        0                        0
Selected root coding ORFs number: 38
Rejected non-coding ORFs number: 70
Remaining ORFs number: 326

Select coding ORFs from remianing ORFs using a Fisher discriminant function...
Remaining: 216
Process overlapping genes...
Totally predict 87 genes.
Second run of TIS model.
Extract TUI and TUL genes (length >300bp)
TUI genes number: 28
TUL genes number: 16
Compare TUI TIS model with TUL TIS model...
Train TUI TIS model..
Train TUL TIS model..
Lamda > 0: TUL TIS model is similar to TUI TIS model.
Re-train TIS model...
Choose final TIS...
Predicted genes have been saved in file: /home3/katelyn/PATRIC/fna/1416030.8.fna.MED
Detailed information for predicted TIS has been saved in /home3/katelyn/PATRIC/fna/1416030.8.fna.MED.para
