Welcome to MED2.0
Genome file is /home3/katelyn/PATRIC/fna/1429767.9.fna
sequence size: 75568
GC%: 0.470411

Number of exactcted ORFs: 727
Select root ORFs and first running of TIS model...
 iteration      Selected as coding    rejected as non-coding
       0                       31                       49
       1                       12                      103
       2                        2                       56
       3                        0                       18
       4                        0                       12
       5                        0                        8
       6                        0                        5
       7                        0                        0
Selected root coding ORFs number: 45
Rejected non-coding ORFs number: 251
Remaining ORFs number: 431

Select coding ORFs from remianing ORFs using a Fisher discriminant function...
Remaining: 280
Process overlapping genes...
Totally predict 99 genes.
Second run of TIS model.
Extract TUI and TUL genes (length >300bp)
TUI genes number: 37
TUL genes number: 28
Compare TUI TIS model with TUL TIS model...
Train TUI TIS model..
Train TUL TIS model..
Lamda > 0: TUL TIS model is similar to TUI TIS model.
Re-train TIS model...
Choose final TIS...
Predicted genes have been saved in file: /home3/katelyn/PATRIC/fna/1429767.9.fna.MED
Detailed information for predicted TIS has been saved in /home3/katelyn/PATRIC/fna/1429767.9.fna.MED.para
