Welcome to MED2.0
Genome file is /home3/katelyn/PATRIC/fna/1432848.5.fna
sequence size: 43454
GC%: 0.389699

Number of exactcted ORFs: 352
Select root ORFs and first running of TIS model...
 iteration      Selected as coding    rejected as non-coding
       0                        5                        5
       1                        9                       12
       2                        4                       19
       3                        0                       12
       4                        0                       10
       5                        0                        2
       6                        0                        0
Selected root coding ORFs number: 18
Rejected non-coding ORFs number: 60
Remaining ORFs number: 274

Select coding ORFs from remianing ORFs using a Fisher discriminant function...
Remaining: 180
Process overlapping genes...
Totally predict 68 genes.
Second run of TIS model.
Extract TUI and TUL genes (length >300bp)
TUI genes number: 26
TUL genes number: 16
Compare TUI TIS model with TUL TIS model...
Train TUI TIS model..
Train TUL TIS model..
Lamda > 0: TUL TIS model is similar to TUI TIS model.
Re-train TIS model...
Choose final TIS...
Predicted genes have been saved in file: /home3/katelyn/PATRIC/fna/1432848.5.fna.MED
Detailed information for predicted TIS has been saved in /home3/katelyn/PATRIC/fna/1432848.5.fna.MED.para
