Welcome to MED2.0
Genome file is /home3/katelyn/PATRIC/fna/1437329.6.fna
sequence size: 42112
GC%: 0.617852

Number of exactcted ORFs: 461
Select root ORFs and first running of TIS model...
 iteration      Selected as coding    rejected as non-coding
       0                       36                      180
       1                        2                       40
       2                        0                        4
       3                        0                        3
       4                        0                        0
Selected root coding ORFs number: 38
Rejected non-coding ORFs number: 255
Remaining ORFs number: 168
Select coding ORFs from remianing ORFs using Fisher discriminant functions...
Remaining: 86
Process overlapping genes...
Totally predict 60 genes.
Second run of TIS model.
Extract TUI and TUL genes (length >300bp)
TUI genes number: 20
TUL genes number: 15
Compare TUI TIS model with TUL TIS model...
Train TUI TIS model..
Train TUL TIS model..
Lamda > 0: TUL TIS model is similar to TUI TIS model.
Re-train TIS model....
Choose final TIS...
Predicted genes have been saved in file: /home3/katelyn/PATRIC/fna/1437329.6.fna.MED
Detailed information for predicted TIS has been saved in /home3/katelyn/PATRIC/fna/1437329.6.fna.MED.para
