Welcome to MED2.0
Genome file is /home3/katelyn/PATRIC/fna/1439894.10.fna
sequence size: 346602
GC%: 0.317269

Number of exactcted ORFs: 2681
Select root ORFs and first running of TIS model...
 iteration      Selected as coding    rejected as non-coding
       0                       67                       51
       1                      145                      195
       2                       86                      219
       3                       20                      147
       4                        7                      140
       5                        0                       87
       6                        0                       54
       7                        0                       26
       8                        0                       10
       9                        0                        1
      10                        0                        0
Selected root coding ORFs number: 325
Rejected non-coding ORFs number: 930
Remaining ORFs number: 1426

Select coding ORFs from remianing ORFs using a Fisher discriminant function...
Remaining: 827
Process overlapping genes...
Totally predict 588 genes.
Second run of TIS model.
Extract TUI and TUL genes (length >300bp)
TUI genes number: 251
TUL genes number: 135
Compare TUI TIS model with TUL TIS model...
Train TUI TIS model..
Train TUL TIS model..
Lamda > 0: TUL TIS model is similar to TUI TIS model.
Re-train TIS model..
Choose final TIS...
Predicted genes have been saved in file: /home3/katelyn/PATRIC/fna/1439894.10.fna.MED
Detailed information for predicted TIS has been saved in /home3/katelyn/PATRIC/fna/1439894.10.fna.MED.para
