Welcome to MED2.0
Genome file is /home3/katelyn/PATRIC/fna/1445859.8.fna
sequence size: 54791
GC%: 0.494169

Number of exactcted ORFs: 566
Select root ORFs and first running of TIS model...
 iteration      Selected as coding    rejected as non-coding
       0                       16                       23
       1                        9                       52
       2                        2                       36
       3                        0                       17
       4                        0                       10
       5                        0                        5
       6                        0                        2
       7                        0                        0
Selected root coding ORFs number: 27
Rejected non-coding ORFs number: 145
Remaining ORFs number: 394

Select coding ORFs from remianing ORFs using a Fisher discriminant function...
Remaining: 301
Process overlapping genes...
Totally predict 84 genes.
Second run of TIS model.
Extract TUI and TUL genes (length >300bp)
TUI genes number: 34
TUL genes number: 19
Compare TUI TIS model with TUL TIS model...
Train TUI TIS model..
Train TUL TIS model..
Lamda < 0: TUL TIS model differs from TUI TIS model
Re-train TUI TIS model..
Re-train TUL TIS model.....
Choose final TIS...
Predicted genes have been saved in file: /home3/katelyn/PATRIC/fna/1445859.8.fna.MED
Detailed information for predicted TIS has been saved in /home3/katelyn/PATRIC/fna/1445859.8.fna.MED.para
