Welcome to MED2.0
Genome file is /home3/katelyn/PATRIC/fna/1448273.8.fna
sequence size: 38392
GC%: 0.408132

Number of exactcted ORFs: 325
Select root ORFs and first running of TIS model...
 iteration      Selected as coding    rejected as non-coding
       0                        5                        9
       1                        1                       41
       2                        0                       46
       3                        0                       17
       4                        0                        2
       5                        0                        3
       6                        0                        1
       7                        0                        0
Selected root coding ORFs number: 6
Rejected non-coding ORFs number: 119
Remaining ORFs number: 200

Select coding ORFs from remianing ORFs using a Fisher discriminant function...
Remaining: 110
Process overlapping genes...
Totally predict 68 genes.
Second run of TIS model.
Extract TUI and TUL genes (length >300bp)
TUI genes number: 31
TUL genes number: 6
Compare TUI TIS model with TUL TIS model...
Train TUI TIS model..
Train TUL TIS model..
Lamda > 0: TUL TIS model is similar to TUI TIS model.
Re-train TIS model...
Choose final TIS...
Predicted genes have been saved in file: /home3/katelyn/PATRIC/fna/1448273.8.fna.MED
Detailed information for predicted TIS has been saved in /home3/katelyn/PATRIC/fna/1448273.8.fna.MED.para
