Welcome to MED2.0
Genome file is /home3/katelyn/PATRIC/fna/1455076.9.fna
sequence size: 39651
GC%: 0.49681

Number of exactcted ORFs: 358
Select root ORFs and first running of TIS model...
 iteration      Selected as coding    rejected as non-coding
       0                       23                       38
       1                        2                       53
       2                        0                       29
       3                        0                        5
       4                        0                        3
       5                        0                        1
       6                        0                        0
Selected root coding ORFs number: 25
Rejected non-coding ORFs number: 129
Remaining ORFs number: 204

Select coding ORFs from remianing ORFs using a Fisher discriminant function...
Remaining: 121
Process overlapping genes...
Totally predict 53 genes.
Second run of TIS model.
Extract TUI and TUL genes (length >300bp)
TUI genes number: 16
TUL genes number: 15
Compare TUI TIS model with TUL TIS model...
Train TUI TIS model..
Train TUL TIS model..
Lamda > 0: TUL TIS model is similar to TUI TIS model.
Re-train TIS model...
Choose final TIS...
Predicted genes have been saved in file: /home3/katelyn/PATRIC/fna/1455076.9.fna.MED
Detailed information for predicted TIS has been saved in /home3/katelyn/PATRIC/fna/1455076.9.fna.MED.para
