Welcome to MED2.0
Genome file is /home3/katelyn/PATRIC/fna/1455074.15.fna
sequence size: 173276
GC%: 0.39822

Number of exactcted ORFs: 1555
Select root ORFs and first running of TIS model...
 iteration      Selected as coding    rejected as non-coding
       0                       50                       26
       1                       61                      109
       2                       13                      173
       3                        2                      120
       4                        0                       43
       5                        0                       25
       6                        0                        3
       7                        0                        0
Selected root coding ORFs number: 126
Rejected non-coding ORFs number: 499
Remaining ORFs number: 930

Select coding ORFs from remianing ORFs using a Fisher discriminant function...
Remaining: 579
Process overlapping genes...
Totally predict 320 genes.
Second run of TIS model.
Extract TUI and TUL genes (length >300bp)
TUI genes number: 127
TUL genes number: 57
Compare TUI TIS model with TUL TIS model...
Train TUI TIS model..
Train TUL TIS model..
Lamda > 0: TUL TIS model is similar to TUI TIS model.
Re-train TIS model..
Choose final TIS...
Predicted genes have been saved in file: /home3/katelyn/PATRIC/fna/1455074.15.fna.MED
Detailed information for predicted TIS has been saved in /home3/katelyn/PATRIC/fna/1455074.15.fna.MED.para
