Welcome to MED2.0
Genome file is /home3/katelyn/PATRIC/fna/1458716.8.fna
sequence size: 66316
GC%: 0.436788

Number of exactcted ORFs: 499
Select root ORFs and first running of TIS model...
 iteration      Selected as coding    rejected as non-coding
       0                       27                       13
       1                       11                       23
       2                        0                       27
       3                        0                       19
       4                        0                        8
       5                        0                        6
       6                        0                        2
       7                        0                        0
Selected root coding ORFs number: 38
Rejected non-coding ORFs number: 98
Remaining ORFs number: 363

Select coding ORFs from remianing ORFs using a Fisher discriminant function...
Remaining: 201
Process overlapping genes...
Totally predict 109 genes.
Second run of TIS model.
Extract TUI and TUL genes (length >300bp)
TUI genes number: 36
TUL genes number: 18
Compare TUI TIS model with TUL TIS model...
Train TUI TIS model..
Train TUL TIS model..
Lamda > 0: TUL TIS model is similar to TUI TIS model.
Re-train TIS model...
Choose final TIS...
Predicted genes have been saved in file: /home3/katelyn/PATRIC/fna/1458716.8.fna.MED
Detailed information for predicted TIS has been saved in /home3/katelyn/PATRIC/fna/1458716.8.fna.MED.para
