Welcome to MED2.0
Genome file is /home3/katelyn/PATRIC/fna/1458851.15.fna
sequence size: 55073
GC%: 0.400033

Number of exactcted ORFs: 391
Select root ORFs and first running of TIS model...
 iteration      Selected as coding    rejected as non-coding
       0                       17                       17
       1                       15                       40
       2                        2                       42
       3                        0                       17
       4                        0                        3
       5                        0                        0
Selected root coding ORFs number: 34
Rejected non-coding ORFs number: 119
Remaining ORFs number: 238

Select coding ORFs from remianing ORFs using a Fisher discriminant function...
Remaining: 165
Process overlapping genes...
Totally predict 99 genes.
Second run of TIS model.
Extract TUI and TUL genes (length >300bp)
TUI genes number: 32
TUL genes number: 27
Compare TUI TIS model with TUL TIS model...
Train TUI TIS model..
Train TUL TIS model..
Lamda > 0: TUL TIS model is similar to TUI TIS model.
Re-train TIS model....
Choose final TIS...
Predicted genes have been saved in file: /home3/katelyn/PATRIC/fna/1458851.15.fna.MED
Detailed information for predicted TIS has been saved in /home3/katelyn/PATRIC/fna/1458851.15.fna.MED.para
