Welcome to MED2.0
Genome file is /home3/katelyn/PATRIC/fna/1461743.8.fna
sequence size: 41529
GC%: 0.436972

Number of exactcted ORFs: 364
Select root ORFs and first running of TIS model...
 iteration      Selected as coding    rejected as non-coding
       0                       17                        6
       1                       19                       14
       2                        0                       19
       3                        0                        7
       4                        0                        3
       5                        0                        2
       6                        0                        1
       7                        0                        0
Selected root coding ORFs number: 36
Rejected non-coding ORFs number: 52
Remaining ORFs number: 276

Select coding ORFs from remianing ORFs using a Fisher discriminant function...
Remaining: 249
Process overlapping genes...
Totally predict 74 genes.
Second run of TIS model.
Extract TUI and TUL genes (length >300bp)
TUI genes number: 28
TUL genes number: 15
Compare TUI TIS model with TUL TIS model...
Train TUI TIS model..
Train TUL TIS model..
Lamda > 0: TUL TIS model is similar to TUI TIS model.
Re-train TIS model....
Choose final TIS...
Predicted genes have been saved in file: /home3/katelyn/PATRIC/fna/1461743.8.fna.MED
Detailed information for predicted TIS has been saved in /home3/katelyn/PATRIC/fna/1461743.8.fna.MED.para
