Welcome to MED2.0
Genome file is /home3/katelyn/PATRIC/fna/1461246.6.fna
sequence size: 41323
GC%: 0.39939

Number of exactcted ORFs: 359
Select root ORFs and first running of TIS model...
 iteration      Selected as coding    rejected as non-coding
       0                        5                        7
       1                        4                       34
       2                        3                       33
       3                        2                       21
       4                        1                        7
       5                        0                        2
       6                        0                        1
       7                        0                        0
Selected root coding ORFs number: 15
Rejected non-coding ORFs number: 105
Remaining ORFs number: 239

Select coding ORFs from remianing ORFs using a Fisher discriminant function...
Remaining: 133
Process overlapping genes...
Totally predict 68 genes.
Second run of TIS model.
Extract TUI and TUL genes (length >300bp)
TUI genes number: 31
TUL genes number: 8
Compare TUI TIS model with TUL TIS model...
Train TUI TIS model..
Train TUL TIS model..
Lamda > 0: TUL TIS model is similar to TUI TIS model.
Re-train TIS model...
Choose final TIS...
Predicted genes have been saved in file: /home3/katelyn/PATRIC/fna/1461246.6.fna.MED
Detailed information for predicted TIS has been saved in /home3/katelyn/PATRIC/fna/1461246.6.fna.MED.para
