Welcome to MED2.0
Genome file is /home3/katelyn/PATRIC/fna/1463810.6.fna
sequence size: 71565
GC%: 0.700049

Number of exactcted ORFs: 634
Select root ORFs and first running of TIS model...
 iteration      Selected as coding    rejected as non-coding
       0                       69                      318
       1                        4                       55
       2                        0                        6
       3                        0                        0
Selected root coding ORFs number: 73
Rejected non-coding ORFs number: 424
Remaining ORFs number: 137
Select coding ORFs from remianing ORFs using Fisher discriminant functions...
Remaining: 125
Process overlapping genes...
Totally predict 100 genes.
Second run of TIS model.
Extract TUI and TUL genes (length >300bp)
TUI genes number: 41
TUL genes number: 33
Compare TUI TIS model with TUL TIS model...
Train TUI TIS model..
Train TUL TIS model..
Lamda > 0: TUL TIS model is similar to TUI TIS model.
Re-train TIS model...
Choose final TIS...
Predicted genes have been saved in file: /home3/katelyn/PATRIC/fna/1463810.6.fna.MED
Detailed information for predicted TIS has been saved in /home3/katelyn/PATRIC/fna/1463810.6.fna.MED.para
