Welcome to MED2.0
Genome file is /home3/katelyn/PATRIC/fna/1468411.9.fna
sequence size: 56702
GC%: 0.438944

Number of exactcted ORFs: 550
Select root ORFs and first running of TIS model...
 iteration      Selected as coding    rejected as non-coding
       0                       23                       17
       1                       14                       36
       2                        2                       35
       3                        0                       14
       4                        0                        7
       5                        0                        3
       6                        0                        1
       7                        0                        0
Selected root coding ORFs number: 39
Rejected non-coding ORFs number: 113
Remaining ORFs number: 398

Select coding ORFs from remianing ORFs using a Fisher discriminant function...
Remaining: 248
Process overlapping genes...
Totally predict 84 genes.
Second run of TIS model.
Extract TUI and TUL genes (length >300bp)
TUI genes number: 33
TUL genes number: 24
Compare TUI TIS model with TUL TIS model...
Train TUI TIS model..
Train TUL TIS model..
Lamda > 0: TUL TIS model is similar to TUI TIS model.
Re-train TIS model...
Choose final TIS...
Predicted genes have been saved in file: /home3/katelyn/PATRIC/fna/1468411.9.fna.MED
Detailed information for predicted TIS has been saved in /home3/katelyn/PATRIC/fna/1468411.9.fna.MED.para
