Welcome to MED2.0
Genome file is /home3/katelyn/PATRIC/fna/1474867.6.fna
sequence size: 370920
GC%: 0.287353

Number of exactcted ORFs: 2447
Select root ORFs and first running of TIS model...
 iteration      Selected as coding    rejected as non-coding
       0                        0                        3
       1                        0                       98
       2                        0                      741
       3                        0                      766
       4                        0                      232
       5                        0                      136
       6                        0                      118
       7                        0                       81
       8                        0                       18
       9                        0                        2
      10                        0                        0
Selected root coding ORFs number: 0
Rejected non-coding ORFs number: 2195
Remaining ORFs number: 252
No root ORFs found
