Welcome to MED2.0
Genome file is /home3/katelyn/PATRIC/fna/1476886.8.fna
sequence size: 54452
GC%: 0.335158

Number of exactcted ORFs: 387
Select root ORFs and first running of TIS model...
 iteration      Selected as coding    rejected as non-coding
       0                       20                        9
       1                       16                       24
       2                        5                       19
       3                        0                       11
       4                        0                        7
       5                        0                        4
       6                        0                        5
       7                        0                       14
       8                        0                        7
       9                        0                        4
      10                        0                        5
      11                        0                        0
Selected root coding ORFs number: 41
Rejected non-coding ORFs number: 109
Remaining ORFs number: 237

Select coding ORFs from remianing ORFs using a Fisher discriminant function...
Remaining: 164
Process overlapping genes...
Totally predict 80 genes.
Second run of TIS model.
Extract TUI and TUL genes (length >300bp)
TUI genes number: 42
TUL genes number: 11
Compare TUI TIS model with TUL TIS model...
Train TUI TIS model..
Train TUL TIS model..
Lamda > 0: TUL TIS model is similar to TUI TIS model.
Re-train TIS model....
Choose final TIS...
Predicted genes have been saved in file: /home3/katelyn/PATRIC/fna/1476886.8.fna.MED
Detailed information for predicted TIS has been saved in /home3/katelyn/PATRIC/fna/1476886.8.fna.MED.para
