Welcome to MED2.0
Genome file is /home3/katelyn/PATRIC/fna/1477406.8.fna
sequence size: 155346
GC%: 0.496492

Number of exactcted ORFs: 1641
Select root ORFs and first running of TIS model...
 iteration      Selected as coding    rejected as non-coding
       0                       56                      166
       1                       15                      403
       2                        3                      131
       3                        1                       39
       4                        1                        6
       5                        0                        0
Selected root coding ORFs number: 76
Rejected non-coding ORFs number: 745
Remaining ORFs number: 820

Select coding ORFs from remianing ORFs using a Fisher discriminant function...
Remaining: 409
Process overlapping genes...
Totally predict 211 genes.
Second run of TIS model.
Extract TUI and TUL genes (length >300bp)
TUI genes number: 78
TUL genes number: 80
Compare TUI TIS model with TUL TIS model...
Train TUI TIS model..
Train TUL TIS model..
Lamda > 0: TUL TIS model is similar to TUI TIS model.
Re-train TIS model.....
Choose final TIS...
Predicted genes have been saved in file: /home3/katelyn/PATRIC/fna/1477406.8.fna.MED
Detailed information for predicted TIS has been saved in /home3/katelyn/PATRIC/fna/1477406.8.fna.MED.para
