Welcome to MED2.0
Genome file is /home3/katelyn/PATRIC/fna/1477404.10.fna
sequence size: 75028
GC%: 0.492603

Number of exactcted ORFs: 753
Select root ORFs and first running of TIS model...
 iteration      Selected as coding    rejected as non-coding
       0                       34                       97
       1                       11                      169
       2                        3                       81
       3                        0                       41
       4                        0                       16
       5                        0                        2
       6                        0                        1
       7                        0                        0
Selected root coding ORFs number: 48
Rejected non-coding ORFs number: 407
Remaining ORFs number: 298

Select coding ORFs from remianing ORFs using a Fisher discriminant function...
Remaining: 151
Process overlapping genes...
Totally predict 83 genes.
Second run of TIS model.
Extract TUI and TUL genes (length >300bp)
TUI genes number: 33
TUL genes number: 26
Compare TUI TIS model with TUL TIS model...
Train TUI TIS model..
Train TUL TIS model..
Lamda > 0: TUL TIS model is similar to TUI TIS model.
Re-train TIS model....
Choose final TIS...
Predicted genes have been saved in file: /home3/katelyn/PATRIC/fna/1477404.10.fna.MED
Detailed information for predicted TIS has been saved in /home3/katelyn/PATRIC/fna/1477404.10.fna.MED.para
