Welcome to MED2.0
Genome file is /home3/katelyn/PATRIC/fna/1480731.6.fna
sequence size: 44541
GC%: 0.441571

Number of exactcted ORFs: 367
Select root ORFs and first running of TIS model...
 iteration      Selected as coding    rejected as non-coding
       0                       16                       14
       1                        5                       33
       2                        0                       50
       3                        0                       49
       4                        0                       18
       5                        0                        5
       6                        0                        2
       7                        0                        0
Selected root coding ORFs number: 21
Rejected non-coding ORFs number: 171
Remaining ORFs number: 175

Select coding ORFs from remianing ORFs using a Fisher discriminant function...
Remaining: 114
Process overlapping genes...
Totally predict 54 genes.
Second run of TIS model.
Extract TUI and TUL genes (length >300bp)
TUI genes number: 20
TUL genes number: 9
Compare TUI TIS model with TUL TIS model...
Train TUI TIS model..
Train TUL TIS model..
Lamda > 0: TUL TIS model is similar to TUI TIS model.
Re-train TIS model....
Choose final TIS...
Predicted genes have been saved in file: /home3/katelyn/PATRIC/fna/1480731.6.fna.MED
Detailed information for predicted TIS has been saved in /home3/katelyn/PATRIC/fna/1480731.6.fna.MED.para
