Welcome to MED2.0
Genome file is /home3/katelyn/PATRIC/fna/1481186.10.fna
sequence size: 99730
GC%: 0.372696

Number of exactcted ORFs: 848
Select root ORFs and first running of TIS model...
 iteration      Selected as coding    rejected as non-coding
       0                       47                       28
       1                       24                       99
       2                        6                       93
       3                        1                       50
       4                        1                       29
       5                        0                       13
       6                        0                        0
Selected root coding ORFs number: 79
Rejected non-coding ORFs number: 312
Remaining ORFs number: 457

Select coding ORFs from remianing ORFs using a Fisher discriminant function...
Remaining: 323
Process overlapping genes...
Totally predict 187 genes.
Second run of TIS model.
Extract TUI and TUL genes (length >300bp)
TUI genes number: 76
TUL genes number: 24
Compare TUI TIS model with TUL TIS model...
Train TUI TIS model..
Train TUL TIS model..
Lamda < 0: TUL TIS model differs from TUI TIS model
Re-train TUI TIS model.....
Re-train TUL TIS model....
Choose final TIS...
Predicted genes have been saved in file: /home3/katelyn/PATRIC/fna/1481186.10.fna.MED
Detailed information for predicted TIS has been saved in /home3/katelyn/PATRIC/fna/1481186.10.fna.MED.para
