Welcome to MED2.0
Genome file is /home3/katelyn/PATRIC/fna/1486413.8.fna
sequence size: 132541
GC%: 0.360304

Number of exactcted ORFs: 764
Select root ORFs and first running of TIS model...
 iteration      Selected as coding    rejected as non-coding
       0                       36                        6
       1                       43                       63
       2                        8                      132
       3                        1                       69
       4                        1                       29
       5                        0                        9
       6                        0                        1
       7                        0                        1
       8                        0                        0
Selected root coding ORFs number: 89
Rejected non-coding ORFs number: 310
Remaining ORFs number: 365

Select coding ORFs from remianing ORFs using a Fisher discriminant function...
Remaining: 269
Process overlapping genes...
Totally predict 198 genes.
Second run of TIS model.
Extract TUI and TUL genes (length >300bp)
TUI genes number: 82
TUL genes number: 51
Compare TUI TIS model with TUL TIS model...
Train TUI TIS model..
Train TUL TIS model..
Lamda > 0: TUL TIS model is similar to TUI TIS model.
Re-train TIS model....
Choose final TIS...
Predicted genes have been saved in file: /home3/katelyn/PATRIC/fna/1486413.8.fna.MED
Detailed information for predicted TIS has been saved in /home3/katelyn/PATRIC/fna/1486413.8.fna.MED.para
