Welcome to MED2.0
Genome file is /home3/katelyn/PATRIC/fna/1486657.8.fna
sequence size: 160541
GC%: 0.380314

Number of exactcted ORFs: 1180
Select root ORFs and first running of TIS model...
 iteration      Selected as coding    rejected as non-coding
       0                       44                       25
       1                       63                      172
       2                       25                      159
       3                        4                       64
       4                        0                       15
       5                        0                        2
       6                        0                        0
Selected root coding ORFs number: 136
Rejected non-coding ORFs number: 437
Remaining ORFs number: 607

Select coding ORFs from remianing ORFs using a Fisher discriminant function...
Remaining: 356
Process overlapping genes...
Totally predict 299 genes.
Second run of TIS model.
Extract TUI and TUL genes (length >300bp)
TUI genes number: 107
TUL genes number: 42
Compare TUI TIS model with TUL TIS model...
Train TUI TIS model..
Train TUL TIS model..
Lamda > 0: TUL TIS model is similar to TUI TIS model.
Re-train TIS model...
Choose final TIS...
Predicted genes have been saved in file: /home3/katelyn/PATRIC/fna/1486657.8.fna.MED
Detailed information for predicted TIS has been saved in /home3/katelyn/PATRIC/fna/1486657.8.fna.MED.para
