Welcome to MED2.0
Genome file is /home3/katelyn/PATRIC/fna/1486660.8.fna
sequence size: 159837
GC%: 0.380137

Number of exactcted ORFs: 1188
Select root ORFs and first running of TIS model...
 iteration      Selected as coding    rejected as non-coding
       0                       54                       14
       1                       80                      103
       2                       24                      171
       3                        3                       79
       4                        0                       23
       5                        0                        5
       6                        0                        2
       7                        0                        2
       8                        0                        1
       9                        0                        0
Selected root coding ORFs number: 161
Rejected non-coding ORFs number: 400
Remaining ORFs number: 627

Select coding ORFs from remianing ORFs using a Fisher discriminant function...
Remaining: 370
Process overlapping genes...
Totally predict 301 genes.
Second run of TIS model.
Extract TUI and TUL genes (length >300bp)
TUI genes number: 103
TUL genes number: 47
Compare TUI TIS model with TUL TIS model...
Train TUI TIS model..
Train TUL TIS model..
Lamda > 0: TUL TIS model is similar to TUI TIS model.
Re-train TIS model.....
Choose final TIS...
Predicted genes have been saved in file: /home3/katelyn/PATRIC/fna/1486660.8.fna.MED
Detailed information for predicted TIS has been saved in /home3/katelyn/PATRIC/fna/1486660.8.fna.MED.para
