Welcome to MED2.0
Genome file is /home3/katelyn/PATRIC/fna/1486658.8.fna
sequence size: 159656
GC%: 0.380587

Number of exactcted ORFs: 1137
Select root ORFs and first running of TIS model...
 iteration      Selected as coding    rejected as non-coding
       0                       62                       30
       1                       68                      170
       2                       22                      141
       3                        2                       31
       4                        1                        9
       5                        0                        1
       6                        0                        0
Selected root coding ORFs number: 155
Rejected non-coding ORFs number: 382
Remaining ORFs number: 600

Select coding ORFs from remianing ORFs using a Fisher discriminant function...
Remaining: 378
Process overlapping genes...
Totally predict 296 genes.
Second run of TIS model.
Extract TUI and TUL genes (length >300bp)
TUI genes number: 106
TUL genes number: 42
Compare TUI TIS model with TUL TIS model...
Train TUI TIS model..
Train TUL TIS model..
Lamda > 0: TUL TIS model is similar to TUI TIS model.
Re-train TIS model....
Choose final TIS...
Predicted genes have been saved in file: /home3/katelyn/PATRIC/fna/1486658.8.fna.MED
Detailed information for predicted TIS has been saved in /home3/katelyn/PATRIC/fna/1486658.8.fna.MED.para
