Welcome to MED2.0
Genome file is /home3/katelyn/PATRIC/fna/1486404.6.fna
sequence size: 155476
GC%: 0.647238

Number of exactcted ORFs: 1541
Select root ORFs and first running of TIS model...
 iteration      Selected as coding    rejected as non-coding
       0                      162                      610
       1                       15                      113
       2                        2                       13
       3                        0                        2
       4                        0                        0
Selected root coding ORFs number: 179
Rejected non-coding ORFs number: 849
Remaining ORFs number: 513
Select coding ORFs from remianing ORFs using Fisher discriminant functions...
Remaining: 369
Process overlapping genes...
Totally predict 243 genes.
Second run of TIS model.
Extract TUI and TUL genes (length >300bp)
TUI genes number: 76
TUL genes number: 88
Compare TUI TIS model with TUL TIS model...
Train TUI TIS model..
Train TUL TIS model..
Lamda > 0: TUL TIS model is similar to TUI TIS model.
Re-train TIS model...
Choose final TIS...
Predicted genes have been saved in file: /home3/katelyn/PATRIC/fna/1486404.6.fna.MED
Detailed information for predicted TIS has been saved in /home3/katelyn/PATRIC/fna/1486404.6.fna.MED.para
