Welcome to MED2.0
Genome file is /home3/katelyn/PATRIC/fna/1486428.8.fna
sequence size: 40286
GC%: 0.350469

Number of exactcted ORFs: 295
Select root ORFs and first running of TIS model...
 iteration      Selected as coding    rejected as non-coding
       0                        6                        1
       1                        8                        5
       2                        5                       11
       3                        2                       12
       4                        0                       12
       5                        0                       12
       6                        0                        6
       7                        0                       10
       8                        0                        9
       9                        0                        7
      10                        0                        4
      11                        0                        3
      12                        0                        1
      13                        0                        0
Selected root coding ORFs number: 21
Rejected non-coding ORFs number: 93
Remaining ORFs number: 181

Select coding ORFs from remianing ORFs using a Fisher discriminant function...
Remaining: 128
Process overlapping genes...
Totally predict 63 genes.
Second run of TIS model.
Extract TUI and TUL genes (length >300bp)
TUI genes number: 25
TUL genes number: 13
Compare TUI TIS model with TUL TIS model...
Train TUI TIS model..
Train TUL TIS model..
Lamda > 0: TUL TIS model is similar to TUI TIS model.
Re-train TIS model...
Choose final TIS...
Predicted genes have been saved in file: /home3/katelyn/PATRIC/fna/1486428.8.fna.MED
Detailed information for predicted TIS has been saved in /home3/katelyn/PATRIC/fna/1486428.8.fna.MED.para
