Welcome to MED2.0
Genome file is /home3/katelyn/PATRIC/fna/1486425.8.fna
sequence size: 51378
GC%: 0.638912

Number of exactcted ORFs: 549
Select root ORFs and first running of TIS model...
 iteration      Selected as coding    rejected as non-coding
       0                       66                      207
       1                        6                       22
       2                        0                        1
       3                        0                        0
Selected root coding ORFs number: 72
Rejected non-coding ORFs number: 264
Remaining ORFs number: 213
Select coding ORFs from remianing ORFs using Fisher discriminant functions...
Remaining: 135
Process overlapping genes...
Totally predict 92 genes.
Second run of TIS model.
Extract TUI and TUL genes (length >300bp)
TUI genes number: 36
TUL genes number: 22
Compare TUI TIS model with TUL TIS model...
Train TUI TIS model..
Train TUL TIS model..
Lamda > 0: TUL TIS model is similar to TUI TIS model.
Re-train TIS model....
Choose final TIS...
Predicted genes have been saved in file: /home3/katelyn/PATRIC/fna/1486425.8.fna.MED
Detailed information for predicted TIS has been saved in /home3/katelyn/PATRIC/fna/1486425.8.fna.MED.para
