Welcome to MED2.0
Genome file is /home3/katelyn/PATRIC/fna/1486659.8.fna
sequence size: 158100
GC%: 0.386964

Number of exactcted ORFs: 1183
Select root ORFs and first running of TIS model...
 iteration      Selected as coding    rejected as non-coding
       0                       65                       78
       1                       77                      227
       2                       22                      112
       3                        2                       39
       4                        0                       12
       5                        0                        4
       6                        0                        1
       7                        0                        0
Selected root coding ORFs number: 166
Rejected non-coding ORFs number: 473
Remaining ORFs number: 544

Select coding ORFs from remianing ORFs using a Fisher discriminant function...
Remaining: 414
Process overlapping genes...
Totally predict 307 genes.
Second run of TIS model.
Extract TUI and TUL genes (length >300bp)
TUI genes number: 121
TUL genes number: 42
Compare TUI TIS model with TUL TIS model...
Train TUI TIS model..
Train TUL TIS model..
Lamda > 0: TUL TIS model is similar to TUI TIS model.
Re-train TIS model...
Choose final TIS...
Predicted genes have been saved in file: /home3/katelyn/PATRIC/fna/1486659.8.fna.MED
Detailed information for predicted TIS has been saved in /home3/katelyn/PATRIC/fna/1486659.8.fna.MED.para
