Welcome to MED2.0
Genome file is /home3/katelyn/PATRIC/fna/1493511.154.fna
sequence size: 219936
GC%: 0.415816

Number of exactcted ORFs: 1829
Select root ORFs and first running of TIS model...
 iteration      Selected as coding    rejected as non-coding
       0                       44                       57
       1                       41                      332
       2                       14                      308
       3                        5                      118
       4                        3                       36
       5                        0                       10
       6                        0                        4
       7                        0                        0
Selected root coding ORFs number: 107
Rejected non-coding ORFs number: 865
Remaining ORFs number: 857

Select coding ORFs from remianing ORFs using a Fisher discriminant function...
Remaining: 468
Process overlapping genes...
Totally predict 291 genes.
Second run of TIS model.
Extract TUI and TUL genes (length >300bp)
TUI genes number: 116
TUL genes number: 46
Compare TUI TIS model with TUL TIS model...
Train TUI TIS model..
Train TUL TIS model..
Lamda > 0: TUL TIS model is similar to TUI TIS model.
Re-train TIS model....
Choose final TIS...
Predicted genes have been saved in file: /home3/katelyn/PATRIC/fna/1493511.154.fna.MED
Detailed information for predicted TIS has been saved in /home3/katelyn/PATRIC/fna/1493511.154.fna.MED.para
