Welcome to MED2.0
Genome file is /home3/katelyn/PATRIC/fna/1493507.82.fna
sequence size: 171179
GC%: 0.393763

Number of exactcted ORFs: 1531
Select root ORFs and first running of TIS model...
 iteration      Selected as coding    rejected as non-coding
       0                       23                       30
       1                       35                      129
       2                       15                      226
       3                        1                      169
       4                        0                       61
       5                        0                       22
       6                        0                        6
       7                        0                        2
       8                        0                        1
       9                        0                        0
Selected root coding ORFs number: 74
Rejected non-coding ORFs number: 646
Remaining ORFs number: 811

Select coding ORFs from remianing ORFs using a Fisher discriminant function...
Remaining: 542
Process overlapping genes...
Totally predict 223 genes.
Second run of TIS model.
Extract TUI and TUL genes (length >300bp)
TUI genes number: 94
TUL genes number: 29
Compare TUI TIS model with TUL TIS model...
Train TUI TIS model..
Train TUL TIS model..
Lamda < 0: TUL TIS model differs from TUI TIS model
Re-train TUI TIS model......
Re-train TUL TIS model....
Choose final TIS...
Predicted genes have been saved in file: /home3/katelyn/PATRIC/fna/1493507.82.fna.MED
Detailed information for predicted TIS has been saved in /home3/katelyn/PATRIC/fna/1493507.82.fna.MED.para
