Welcome to MED2.0
Genome file is /home3/katelyn/PATRIC/fna/1493511.151.fna
sequence size: 223389
GC%: 0.415974

Number of exactcted ORFs: 1860
Select root ORFs and first running of TIS model...
 iteration      Selected as coding    rejected as non-coding
       0                       41                       44
       1                       44                      287
       2                       15                      333
       3                        6                      118
       4                        4                       49
       5                        1                       13
       6                        0                        2
       7                        0                        0
Selected root coding ORFs number: 111
Rejected non-coding ORFs number: 846
Remaining ORFs number: 903

Select coding ORFs from remianing ORFs using a Fisher discriminant function...
Remaining: 481
Process overlapping genes...
Totally predict 295 genes.
Second run of TIS model.
Extract TUI and TUL genes (length >300bp)
TUI genes number: 128
TUL genes number: 44
Compare TUI TIS model with TUL TIS model...
Train TUI TIS model..
Train TUL TIS model..
Lamda < 0: TUL TIS model differs from TUI TIS model
Re-train TUI TIS model..
Re-train TUL TIS model....
Choose final TIS...
Predicted genes have been saved in file: /home3/katelyn/PATRIC/fna/1493511.151.fna.MED
Detailed information for predicted TIS has been saved in /home3/katelyn/PATRIC/fna/1493511.151.fna.MED.para
