Welcome to MED2.0
Genome file is /home3/katelyn/PATRIC/fna/1493511.153.fna
sequence size: 221929
GC%: 0.415714

Number of exactcted ORFs: 1842
Select root ORFs and first running of TIS model...
 iteration      Selected as coding    rejected as non-coding
       0                       33                       37
       1                       45                      293
       2                       16                      341
       3                        4                      133
       4                        0                       37
       5                        0                        9
       6                        0                        2
       7                        0                        0
Selected root coding ORFs number: 98
Rejected non-coding ORFs number: 852
Remaining ORFs number: 892

Select coding ORFs from remianing ORFs using a Fisher discriminant function...
Remaining: 452
Process overlapping genes...
Totally predict 293 genes.
Second run of TIS model.
Extract TUI and TUL genes (length >300bp)
TUI genes number: 123
TUL genes number: 45
Compare TUI TIS model with TUL TIS model...
Train TUI TIS model..
Train TUL TIS model..
Lamda < 0: TUL TIS model differs from TUI TIS model
Re-train TUI TIS model..
Re-train TUL TIS model....
Choose final TIS...
Predicted genes have been saved in file: /home3/katelyn/PATRIC/fna/1493511.153.fna.MED
Detailed information for predicted TIS has been saved in /home3/katelyn/PATRIC/fna/1493511.153.fna.MED.para
