Welcome to MED2.0
Genome file is /home3/katelyn/PATRIC/fna/1493509.169.fna
sequence size: 179208
GC%: 0.402783

Number of exactcted ORFs: 1578
Select root ORFs and first running of TIS model...
 iteration      Selected as coding    rejected as non-coding
       0                       32                       26
       1                       28                      103
       2                       13                      152
       3                        0                      135
       4                        0                      114
       5                        0                       51
       6                        0                       11
       7                        0                        5
       8                        0                        0
Selected root coding ORFs number: 73
Rejected non-coding ORFs number: 597
Remaining ORFs number: 908

Select coding ORFs from remianing ORFs using a Fisher discriminant function...
Remaining: 413
Process overlapping genes...
Totally predict 226 genes.
Second run of TIS model.
Extract TUI and TUL genes (length >300bp)
TUI genes number: 92
TUL genes number: 37
Compare TUI TIS model with TUL TIS model...
Train TUI TIS model..
Train TUL TIS model..
Lamda < 0: TUL TIS model differs from TUI TIS model
Re-train TUI TIS model....
Re-train TUL TIS model...
Choose final TIS...
Predicted genes have been saved in file: /home3/katelyn/PATRIC/fna/1493509.169.fna.MED
Detailed information for predicted TIS has been saved in /home3/katelyn/PATRIC/fna/1493509.169.fna.MED.para
