Welcome to MED2.0
Genome file is /home3/katelyn/PATRIC/fna/1493508.75.fna
sequence size: 172681
GC%: 0.391323

Number of exactcted ORFs: 1564
Select root ORFs and first running of TIS model...
 iteration      Selected as coding    rejected as non-coding
       0                       26                       23
       1                       29                       84
       2                       16                      212
       3                        3                      186
       4                        0                       93
       5                        0                       39
       6                        0                       17
       7                        0                        6
       8                        0                        2
       9                        0                        1
      10                        0                        1
      11                        0                        0
Selected root coding ORFs number: 74
Rejected non-coding ORFs number: 664
Remaining ORFs number: 826

Select coding ORFs from remianing ORFs using a Fisher discriminant function...
Remaining: 534
Process overlapping genes...
Totally predict 233 genes.
Second run of TIS model.
Extract TUI and TUL genes (length >300bp)
TUI genes number: 90
TUL genes number: 40
Compare TUI TIS model with TUL TIS model...
Train TUI TIS model..
Train TUL TIS model..
Lamda > 0: TUL TIS model is similar to TUI TIS model.
Re-train TIS model..
Choose final TIS...
Predicted genes have been saved in file: /home3/katelyn/PATRIC/fna/1493508.75.fna.MED
Detailed information for predicted TIS has been saved in /home3/katelyn/PATRIC/fna/1493508.75.fna.MED.para
