Welcome to MED2.0
Genome file is /home3/katelyn/PATRIC/fna/1493509.162.fna
sequence size: 179130
GC%: 0.402758

Number of exactcted ORFs: 1568
Select root ORFs and first running of TIS model...
 iteration      Selected as coding    rejected as non-coding
       0                       33                       28
       1                       25                      115
       2                       14                      177
       3                        2                      150
       4                        0                       89
       5                        0                       32
       6                        0                        9
       7                        0                        1
       8                        0                        0
Selected root coding ORFs number: 74
Rejected non-coding ORFs number: 601
Remaining ORFs number: 893

Select coding ORFs from remianing ORFs using a Fisher discriminant function...
Remaining: 475
Process overlapping genes...
Totally predict 225 genes.
Second run of TIS model.
Extract TUI and TUL genes (length >300bp)
TUI genes number: 93
TUL genes number: 37
Compare TUI TIS model with TUL TIS model...
Train TUI TIS model..
Train TUL TIS model..
Lamda < 0: TUL TIS model differs from TUI TIS model
Re-train TUI TIS model.....
Re-train TUL TIS model....
Choose final TIS...
Predicted genes have been saved in file: /home3/katelyn/PATRIC/fna/1493509.162.fna.MED
Detailed information for predicted TIS has been saved in /home3/katelyn/PATRIC/fna/1493509.162.fna.MED.para
