Welcome to MED2.0
Genome file is /home3/katelyn/PATRIC/fna/1493511.129.fna
sequence size: 226158
GC%: 0.416346

Number of exactcted ORFs: 1886
Select root ORFs and first running of TIS model...
 iteration      Selected as coding    rejected as non-coding
       0                       52                       44
       1                       43                      262
       2                       11                      328
       3                        0                      126
       4                        0                       45
       5                        0                       18
       6                        0                       10
       7                        0                        1
       8                        0                        0
Selected root coding ORFs number: 106
Rejected non-coding ORFs number: 834
Remaining ORFs number: 946

Select coding ORFs from remianing ORFs using a Fisher discriminant function...
Remaining: 542
Process overlapping genes...
Totally predict 298 genes.
Second run of TIS model.
Extract TUI and TUL genes (length >300bp)
TUI genes number: 132
TUL genes number: 42
Compare TUI TIS model with TUL TIS model...
Train TUI TIS model..
Train TUL TIS model..
Lamda < 0: TUL TIS model differs from TUI TIS model
Re-train TUI TIS model....
Re-train TUL TIS model...
Choose final TIS...
Predicted genes have been saved in file: /home3/katelyn/PATRIC/fna/1493511.129.fna.MED
Detailed information for predicted TIS has been saved in /home3/katelyn/PATRIC/fna/1493511.129.fna.MED.para
