Welcome to MED2.0
Genome file is /home3/katelyn/PATRIC/fna/1493508.76.fna
sequence size: 172684
GC%: 0.391426

Number of exactcted ORFs: 1567
Select root ORFs and first running of TIS model...
 iteration      Selected as coding    rejected as non-coding
       0                       23                       18
       1                       19                       74
       2                       14                      203
       3                        6                      204
       4                        0                      114
       5                        0                       44
       6                        0                       16
       7                        0                       13
       8                        0                        1
       9                        0                        0
Selected root coding ORFs number: 62
Rejected non-coding ORFs number: 687
Remaining ORFs number: 818

Select coding ORFs from remianing ORFs using a Fisher discriminant function...
Remaining: 477
Process overlapping genes...
Totally predict 231 genes.
Second run of TIS model.
Extract TUI and TUL genes (length >300bp)
TUI genes number: 93
TUL genes number: 38
Compare TUI TIS model with TUL TIS model...
Train TUI TIS model..
Train TUL TIS model..
Lamda < 0: TUL TIS model differs from TUI TIS model
Re-train TUI TIS model..
Re-train TUL TIS model...
Choose final TIS...
Predicted genes have been saved in file: /home3/katelyn/PATRIC/fna/1493508.76.fna.MED
Detailed information for predicted TIS has been saved in /home3/katelyn/PATRIC/fna/1493508.76.fna.MED.para
