Welcome to MED2.0
Genome file is /home3/katelyn/PATRIC/fna/1493509.178.fna
sequence size: 179115
GC%: 0.402959

Number of exactcted ORFs: 1580
Select root ORFs and first running of TIS model...
 iteration      Selected as coding    rejected as non-coding
       0                       33                       30
       1                       25                      115
       2                       14                      198
       3                        1                      160
       4                        0                       84
       5                        0                       32
       6                        0                        8
       7                        0                        0
Selected root coding ORFs number: 73
Rejected non-coding ORFs number: 627
Remaining ORFs number: 880

Select coding ORFs from remianing ORFs using a Fisher discriminant function...
Remaining: 338
Process overlapping genes...
Totally predict 223 genes.
Second run of TIS model.
Extract TUI and TUL genes (length >300bp)
TUI genes number: 91
TUL genes number: 38
Compare TUI TIS model with TUL TIS model...
Train TUI TIS model..
Train TUL TIS model..
Lamda > 0: TUL TIS model is similar to TUI TIS model.
Re-train TIS model......
Choose final TIS...
Predicted genes have been saved in file: /home3/katelyn/PATRIC/fna/1493509.178.fna.MED
Detailed information for predicted TIS has been saved in /home3/katelyn/PATRIC/fna/1493509.178.fna.MED.para
