Welcome to MED2.0
Genome file is /home3/katelyn/PATRIC/fna/1493509.180.fna
sequence size: 179177
GC%: 0.402641

Number of exactcted ORFs: 1576
Select root ORFs and first running of TIS model...
 iteration      Selected as coding    rejected as non-coding
       0                       29                       27
       1                       25                      118
       2                       22                      182
       3                        3                      135
       4                        0                       91
       5                        0                       51
       6                        0                       16
       7                        0                        4
       8                        0                        1
       9                        0                        0
Selected root coding ORFs number: 79
Rejected non-coding ORFs number: 625
Remaining ORFs number: 872

Select coding ORFs from remianing ORFs using a Fisher discriminant function...
Remaining: 304
Process overlapping genes...
Totally predict 221 genes.
Second run of TIS model.
Extract TUI and TUL genes (length >300bp)
TUI genes number: 89
TUL genes number: 38
Compare TUI TIS model with TUL TIS model...
Train TUI TIS model..
Train TUL TIS model..
Lamda > 0: TUL TIS model is similar to TUI TIS model.
Re-train TIS model.....
Choose final TIS...
Predicted genes have been saved in file: /home3/katelyn/PATRIC/fna/1493509.180.fna.MED
Detailed information for predicted TIS has been saved in /home3/katelyn/PATRIC/fna/1493509.180.fna.MED.para
