Welcome to MED2.0
Genome file is /home3/katelyn/PATRIC/fna/1493511.138.fna
sequence size: 196842
GC%: 0.415359

Number of exactcted ORFs: 1654
Select root ORFs and first running of TIS model...
 iteration      Selected as coding    rejected as non-coding
       0                       29                       27
       1                       44                      195
       2                       15                      306
       3                        4                      126
       4                        0                       29
       5                        0                       11
       6                        0                        3
       7                        0                        0
Selected root coding ORFs number: 92
Rejected non-coding ORFs number: 697
Remaining ORFs number: 865

Select coding ORFs from remianing ORFs using a Fisher discriminant function...
Remaining: 556
Process overlapping genes...
Totally predict 279 genes.
Second run of TIS model.
Extract TUI and TUL genes (length >300bp)
TUI genes number: 112
TUL genes number: 43
Compare TUI TIS model with TUL TIS model...
Train TUI TIS model..
Train TUL TIS model..
Lamda < 0: TUL TIS model differs from TUI TIS model
Re-train TUI TIS model..
Re-train TUL TIS model....
Choose final TIS...
Predicted genes have been saved in file: /home3/katelyn/PATRIC/fna/1493511.138.fna.MED
Detailed information for predicted TIS has been saved in /home3/katelyn/PATRIC/fna/1493511.138.fna.MED.para
