Welcome to MED2.0
Genome file is /home3/katelyn/PATRIC/fna/1493509.165.fna
sequence size: 179142
GC%: 0.40277

Number of exactcted ORFs: 1576
Select root ORFs and first running of TIS model...
 iteration      Selected as coding    rejected as non-coding
       0                       46                       30
       1                       66                       87
       2                       16                      141
       3                        1                      100
       4                        0                       55
       5                        0                       20
       6                        0                        7
       7                        0                        7
       8                        0                        0
Selected root coding ORFs number: 129
Rejected non-coding ORFs number: 447
Remaining ORFs number: 1000

Select coding ORFs from remianing ORFs using a Fisher discriminant function...
Remaining: 374
Process overlapping genes...
Totally predict 222 genes.
Second run of TIS model.
Extract TUI and TUL genes (length >300bp)
TUI genes number: 90
TUL genes number: 39
Compare TUI TIS model with TUL TIS model...
Train TUI TIS model..
Train TUL TIS model..
Lamda < 0: TUL TIS model differs from TUI TIS model
Re-train TUI TIS model..
Re-train TUL TIS model....
Choose final TIS...
Predicted genes have been saved in file: /home3/katelyn/PATRIC/fna/1493509.165.fna.MED
Detailed information for predicted TIS has been saved in /home3/katelyn/PATRIC/fna/1493509.165.fna.MED.para
