Welcome to MED2.0
Genome file is /home3/katelyn/PATRIC/fna/1493511.130.fna
sequence size: 225059
GC%: 0.415949

Number of exactcted ORFs: 1874
Select root ORFs and first running of TIS model...
 iteration      Selected as coding    rejected as non-coding
       0                       44                       40
       1                       41                      254
       2                       16                      330
       3                        4                      148
       4                        0                       52
       5                        0                       15
       6                        0                        4
       7                        0                        0
Selected root coding ORFs number: 105
Rejected non-coding ORFs number: 843
Remaining ORFs number: 926

Select coding ORFs from remianing ORFs using a Fisher discriminant function...
Remaining: 520
Process overlapping genes...
Totally predict 292 genes.
Second run of TIS model.
Extract TUI and TUL genes (length >300bp)
TUI genes number: 128
TUL genes number: 42
Compare TUI TIS model with TUL TIS model...
Train TUI TIS model..
Train TUL TIS model..
Lamda < 0: TUL TIS model differs from TUI TIS model
Re-train TUI TIS model....
Re-train TUL TIS model...
Choose final TIS...
Predicted genes have been saved in file: /home3/katelyn/PATRIC/fna/1493511.130.fna.MED
Detailed information for predicted TIS has been saved in /home3/katelyn/PATRIC/fna/1493511.130.fna.MED.para
