Welcome to MED2.0
Genome file is /home3/katelyn/PATRIC/fna/1493509.175.fna
sequence size: 179203
GC%: 0.402711

Number of exactcted ORFs: 1575
Select root ORFs and first running of TIS model...
 iteration      Selected as coding    rejected as non-coding
       0                       33                       29
       1                       27                      122
       2                       12                      186
       3                        0                      164
       4                        0                       85
       5                        0                       28
       6                        0                        5
       7                        0                        0
Selected root coding ORFs number: 72
Rejected non-coding ORFs number: 619
Remaining ORFs number: 884

Select coding ORFs from remianing ORFs using a Fisher discriminant function...
Remaining: 400
Process overlapping genes...
Totally predict 226 genes.
Second run of TIS model.
Extract TUI and TUL genes (length >300bp)
TUI genes number: 91
TUL genes number: 38
Compare TUI TIS model with TUL TIS model...
Train TUI TIS model..
Train TUL TIS model..
Lamda > 0: TUL TIS model is similar to TUI TIS model.
Re-train TIS model....
Choose final TIS...
Predicted genes have been saved in file: /home3/katelyn/PATRIC/fna/1493509.175.fna.MED
Detailed information for predicted TIS has been saved in /home3/katelyn/PATRIC/fna/1493509.175.fna.MED.para
