Welcome to MED2.0
Genome file is /home3/katelyn/PATRIC/fna/1493508.62.fna
sequence size: 172686
GC%: 0.391201

Number of exactcted ORFs: 1569
Select root ORFs and first running of TIS model...
 iteration      Selected as coding    rejected as non-coding
       0                       23                       15
       1                       19                       62
       2                       15                      214
       3                        7                      203
       4                        0                      118
       5                        0                       50
       6                        0                       17
       7                        0                        7
       8                        0                        2
       9                        0                        2
      10                        0                        2
      11                        0                        1
      12                        0                        0
Selected root coding ORFs number: 64
Rejected non-coding ORFs number: 693
Remaining ORFs number: 812

Select coding ORFs from remianing ORFs using a Fisher discriminant function...
Remaining: 637
Process overlapping genes...
Totally predict 233 genes.
Second run of TIS model.
Extract TUI and TUL genes (length >300bp)
TUI genes number: 93
TUL genes number: 38
Compare TUI TIS model with TUL TIS model...
Train TUI TIS model..
Train TUL TIS model..
Lamda > 0: TUL TIS model is similar to TUI TIS model.
Re-train TIS model......
Choose final TIS...
Predicted genes have been saved in file: /home3/katelyn/PATRIC/fna/1493508.62.fna.MED
Detailed information for predicted TIS has been saved in /home3/katelyn/PATRIC/fna/1493508.62.fna.MED.para
