Welcome to MED2.0
Genome file is /home3/katelyn/PATRIC/fna/1493507.85.fna
sequence size: 172372
GC%: 0.39402

Number of exactcted ORFs: 1542
Select root ORFs and first running of TIS model...
 iteration      Selected as coding    rejected as non-coding
       0                       26                       31
       1                       41                      126
       2                       17                      218
       3                        3                      150
       4                        0                       72
       5                        0                       14
       6                        0                        2
       7                        0                        0
Selected root coding ORFs number: 87
Rejected non-coding ORFs number: 613
Remaining ORFs number: 842

Select coding ORFs from remianing ORFs using a Fisher discriminant function...
Remaining: 493
Process overlapping genes...
Totally predict 226 genes.
Second run of TIS model.
Extract TUI and TUL genes (length >300bp)
TUI genes number: 96
TUL genes number: 29
Compare TUI TIS model with TUL TIS model...
Train TUI TIS model..
Train TUL TIS model..
Lamda < 0: TUL TIS model differs from TUI TIS model
Re-train TUI TIS model......
Re-train TUL TIS model...
Choose final TIS...
Predicted genes have been saved in file: /home3/katelyn/PATRIC/fna/1493507.85.fna.MED
Detailed information for predicted TIS has been saved in /home3/katelyn/PATRIC/fna/1493507.85.fna.MED.para
