Welcome to MED2.0
Genome file is /home3/katelyn/PATRIC/fna/1493507.96.fna
sequence size: 171166
GC%: 0.393688

Number of exactcted ORFs: 1528
Select root ORFs and first running of TIS model...
 iteration      Selected as coding    rejected as non-coding
       0                       26                       34
       1                       35                      124
       2                       14                      203
       3                        1                      156
       4                        0                       68
       5                        0                       23
       6                        0                        6
       7                        0                        3
       8                        0                        1
       9                        0                        0
Selected root coding ORFs number: 76
Rejected non-coding ORFs number: 618
Remaining ORFs number: 834

Select coding ORFs from remianing ORFs using a Fisher discriminant function...
Remaining: 509
Process overlapping genes...
Totally predict 225 genes.
Second run of TIS model.
Extract TUI and TUL genes (length >300bp)
TUI genes number: 93
TUL genes number: 33
Compare TUI TIS model with TUL TIS model...
Train TUI TIS model..
Train TUL TIS model..
Lamda < 0: TUL TIS model differs from TUI TIS model
Re-train TUI TIS model......
Re-train TUL TIS model.....
Choose final TIS...
Predicted genes have been saved in file: /home3/katelyn/PATRIC/fna/1493507.96.fna.MED
Detailed information for predicted TIS has been saved in /home3/katelyn/PATRIC/fna/1493507.96.fna.MED.para
