Welcome to MED2.0
Genome file is /home3/katelyn/PATRIC/fna/1493508.66.fna
sequence size: 172688
GC%: 0.391255

Number of exactcted ORFs: 1566
Select root ORFs and first running of TIS model...
 iteration      Selected as coding    rejected as non-coding
       0                       22                       21
       1                       20                       85
       2                       15                      213
       3                        7                      191
       4                        0                      100
       5                        0                       34
       6                        0                       16
       7                        0                        9
       8                        0                        1
       9                        0                        2
      10                        0                        2
      11                        0                        1
      12                        0                        0
Selected root coding ORFs number: 64
Rejected non-coding ORFs number: 675
Remaining ORFs number: 827

Select coding ORFs from remianing ORFs using a Fisher discriminant function...
Remaining: 492
Process overlapping genes...
Totally predict 231 genes.
Second run of TIS model.
Extract TUI and TUL genes (length >300bp)
TUI genes number: 91
TUL genes number: 37
Compare TUI TIS model with TUL TIS model...
Train TUI TIS model..
Train TUL TIS model..
Lamda > 0: TUL TIS model is similar to TUI TIS model.
Re-train TIS model....
Choose final TIS...
Predicted genes have been saved in file: /home3/katelyn/PATRIC/fna/1493508.66.fna.MED
Detailed information for predicted TIS has been saved in /home3/katelyn/PATRIC/fna/1493508.66.fna.MED.para
