Welcome to MED2.0
Genome file is /home3/katelyn/PATRIC/fna/1493511.163.fna
sequence size: 222893
GC%: 0.415966

Number of exactcted ORFs: 1858
Select root ORFs and first running of TIS model...
 iteration      Selected as coding    rejected as non-coding
       0                       43                       34
       1                       40                      262
       2                       18                      338
       3                        8                      117
       4                        1                       48
       5                        0                       16
       6                        0                        8
       7                        0                        0
Selected root coding ORFs number: 110
Rejected non-coding ORFs number: 823
Remaining ORFs number: 925

Select coding ORFs from remianing ORFs using a Fisher discriminant function...
Remaining: 508
Process overlapping genes...
Totally predict 299 genes.
Second run of TIS model.
Extract TUI and TUL genes (length >300bp)
TUI genes number: 126
TUL genes number: 44
Compare TUI TIS model with TUL TIS model...
Train TUI TIS model..
Train TUL TIS model..
Lamda > 0: TUL TIS model is similar to TUI TIS model.
Re-train TIS model.......
Choose final TIS...
Predicted genes have been saved in file: /home3/katelyn/PATRIC/fna/1493511.163.fna.MED
Detailed information for predicted TIS has been saved in /home3/katelyn/PATRIC/fna/1493511.163.fna.MED.para
