Welcome to MED2.0
Genome file is /home3/katelyn/PATRIC/fna/1493509.151.fna
sequence size: 179323
GC%: 0.402921

Number of exactcted ORFs: 1580
Select root ORFs and first running of TIS model...
 iteration      Selected as coding    rejected as non-coding
       0                       33                       27
       1                       25                      110
       2                       14                      195
       3                        2                      160
       4                        0                       85
       5                        0                       31
       6                        0                       10
       7                        0                        2
       8                        0                        0
Selected root coding ORFs number: 74
Rejected non-coding ORFs number: 620
Remaining ORFs number: 886

Select coding ORFs from remianing ORFs using a Fisher discriminant function...
Remaining: 401
Process overlapping genes...
Totally predict 228 genes.
Second run of TIS model.
Extract TUI and TUL genes (length >300bp)
TUI genes number: 92
TUL genes number: 37
Compare TUI TIS model with TUL TIS model...
Train TUI TIS model..
Train TUL TIS model..
Lamda < 0: TUL TIS model differs from TUI TIS model
Re-train TUI TIS model....
Re-train TUL TIS model.....
Choose final TIS...
Predicted genes have been saved in file: /home3/katelyn/PATRIC/fna/1493509.151.fna.MED
Detailed information for predicted TIS has been saved in /home3/katelyn/PATRIC/fna/1493509.151.fna.MED.para
