Welcome to MED2.0
Genome file is /home3/katelyn/PATRIC/fna/1493511.136.fna
sequence size: 226849
GC%: 0.41547

Number of exactcted ORFs: 1891
Select root ORFs and first running of TIS model...
 iteration      Selected as coding    rejected as non-coding
       0                       42                       47
       1                       45                      291
       2                       17                      319
       3                        5                      123
       4                        0                       48
       5                        0                       11
       6                        0                        4
       7                        0                        1
       8                        0                        0
Selected root coding ORFs number: 109
Rejected non-coding ORFs number: 844
Remaining ORFs number: 938

Select coding ORFs from remianing ORFs using a Fisher discriminant function...
Remaining: 505
Process overlapping genes...
Totally predict 302 genes.
Second run of TIS model.
Extract TUI and TUL genes (length >300bp)
TUI genes number: 124
TUL genes number: 48
Compare TUI TIS model with TUL TIS model...
Train TUI TIS model..
Train TUL TIS model..
Lamda < 0: TUL TIS model differs from TUI TIS model
Re-train TUI TIS model....
Re-train TUL TIS model.....
Choose final TIS...
Predicted genes have been saved in file: /home3/katelyn/PATRIC/fna/1493511.136.fna.MED
Detailed information for predicted TIS has been saved in /home3/katelyn/PATRIC/fna/1493511.136.fna.MED.para
