Welcome to MED2.0
Genome file is /home3/katelyn/PATRIC/fna/1493509.157.fna
sequence size: 179206
GC%: 0.402743

Number of exactcted ORFs: 1572
Select root ORFs and first running of TIS model...
 iteration      Selected as coding    rejected as non-coding
       0                       28                       26
       1                       25                      117
       2                       21                      184
       3                        3                      136
       4                        0                       79
       5                        0                       44
       6                        0                       20
       7                        0                        3
       8                        0                        0
Selected root coding ORFs number: 77
Rejected non-coding ORFs number: 609
Remaining ORFs number: 886

Select coding ORFs from remianing ORFs using a Fisher discriminant function...
Remaining: 393
Process overlapping genes...
Totally predict 224 genes.
Second run of TIS model.
Extract TUI and TUL genes (length >300bp)
TUI genes number: 92
TUL genes number: 39
Compare TUI TIS model with TUL TIS model...
Train TUI TIS model..
Train TUL TIS model..
Lamda < 0: TUL TIS model differs from TUI TIS model
Re-train TUI TIS model..
Re-train TUL TIS model....
Choose final TIS...
Predicted genes have been saved in file: /home3/katelyn/PATRIC/fna/1493509.157.fna.MED
Detailed information for predicted TIS has been saved in /home3/katelyn/PATRIC/fna/1493509.157.fna.MED.para
