Welcome to MED2.0
Genome file is /home3/katelyn/PATRIC/fna/1493509.181.fna
sequence size: 179142
GC%: 0.403094

Number of exactcted ORFs: 1577
Select root ORFs and first running of TIS model...
 iteration      Selected as coding    rejected as non-coding
       0                       33                       29
       1                       26                      120
       2                       12                      188
       3                        3                      153
       4                        0                       84
       5                        0                       33
       6                        0                        9
       7                        0                        3
       8                        0                        1
       9                        0                        1
      10                        0                        0
Selected root coding ORFs number: 74
Rejected non-coding ORFs number: 621
Remaining ORFs number: 882

Select coding ORFs from remianing ORFs using a Fisher discriminant function...
Remaining: 384
Process overlapping genes...
Totally predict 224 genes.
Second run of TIS model.
Extract TUI and TUL genes (length >300bp)
TUI genes number: 91
TUL genes number: 39
Compare TUI TIS model with TUL TIS model...
Train TUI TIS model..
Train TUL TIS model..
Lamda > 0: TUL TIS model is similar to TUI TIS model.
Re-train TIS model...
Choose final TIS...
Predicted genes have been saved in file: /home3/katelyn/PATRIC/fna/1493509.181.fna.MED
Detailed information for predicted TIS has been saved in /home3/katelyn/PATRIC/fna/1493509.181.fna.MED.para
