Welcome to MED2.0
Genome file is /home3/katelyn/PATRIC/fna/1493511.159.fna
sequence size: 225175
GC%: 0.416161

Number of exactcted ORFs: 1894
Select root ORFs and first running of TIS model...
 iteration      Selected as coding    rejected as non-coding
       0                       44                       51
       1                       40                      291
       2                       16                      340
       3                        6                      127
       4                        0                       38
       5                        0                        9
       6                        0                        3
       7                        0                        0
Selected root coding ORFs number: 106
Rejected non-coding ORFs number: 859
Remaining ORFs number: 929

Select coding ORFs from remianing ORFs using a Fisher discriminant function...
Remaining: 517
Process overlapping genes...
Totally predict 297 genes.
Second run of TIS model.
Extract TUI and TUL genes (length >300bp)
TUI genes number: 124
TUL genes number: 44
Compare TUI TIS model with TUL TIS model...
Train TUI TIS model..
Train TUL TIS model..
Lamda < 0: TUL TIS model differs from TUI TIS model
Re-train TUI TIS model....
Re-train TUL TIS model..
Choose final TIS...
Predicted genes have been saved in file: /home3/katelyn/PATRIC/fna/1493511.159.fna.MED
Detailed information for predicted TIS has been saved in /home3/katelyn/PATRIC/fna/1493511.159.fna.MED.para
