Welcome to MED2.0
Genome file is /home3/katelyn/PATRIC/fna/1493511.137.fna
sequence size: 224948
GC%: 0.415932

Number of exactcted ORFs: 1879
Select root ORFs and first running of TIS model...
 iteration      Selected as coding    rejected as non-coding
       0                       44                       51
       1                       41                      256
       2                       12                      349
       3                        4                      148
       4                        0                       48
       5                        0                       12
       6                        0                        4
       7                        0                        1
       8                        0                        0
Selected root coding ORFs number: 101
Rejected non-coding ORFs number: 869
Remaining ORFs number: 909

Select coding ORFs from remianing ORFs using a Fisher discriminant function...
Remaining: 485
Process overlapping genes...
Totally predict 297 genes.
Second run of TIS model.
Extract TUI and TUL genes (length >300bp)
TUI genes number: 125
TUL genes number: 44
Compare TUI TIS model with TUL TIS model...
Train TUI TIS model..
Train TUL TIS model..
Lamda < 0: TUL TIS model differs from TUI TIS model
Re-train TUI TIS model....
Re-train TUL TIS model...
Choose final TIS...
Predicted genes have been saved in file: /home3/katelyn/PATRIC/fna/1493511.137.fna.MED
Detailed information for predicted TIS has been saved in /home3/katelyn/PATRIC/fna/1493511.137.fna.MED.para
