Welcome to MED2.0
Genome file is /home3/katelyn/PATRIC/fna/1493507.80.fna
sequence size: 171296
GC%: 0.393687

Number of exactcted ORFs: 1527
Select root ORFs and first running of TIS model...
 iteration      Selected as coding    rejected as non-coding
       0                       34                       29
       1                       38                       94
       2                       13                      179
       3                        1                      154
       4                        0                       83
       5                        0                       30
       6                        0                       11
       7                        0                       11
       8                        0                        3
       9                        0                        3
      10                        0                        1
      11                        0                        0
Selected root coding ORFs number: 86
Rejected non-coding ORFs number: 598
Remaining ORFs number: 843

Select coding ORFs from remianing ORFs using a Fisher discriminant function...
Remaining: 492
Process overlapping genes...
Totally predict 225 genes.
Second run of TIS model.
Extract TUI and TUL genes (length >300bp)
TUI genes number: 97
TUL genes number: 29
Compare TUI TIS model with TUL TIS model...
Train TUI TIS model..
Train TUL TIS model..
Lamda < 0: TUL TIS model differs from TUI TIS model
Re-train TUI TIS model......
Re-train TUL TIS model...
Choose final TIS...
Predicted genes have been saved in file: /home3/katelyn/PATRIC/fna/1493507.80.fna.MED
Detailed information for predicted TIS has been saved in /home3/katelyn/PATRIC/fna/1493507.80.fna.MED.para
