Welcome to MED2.0
Genome file is /home3/katelyn/PATRIC/fna/1493509.150.fna
sequence size: 178873
GC%: 0.402716

Number of exactcted ORFs: 1572
Select root ORFs and first running of TIS model...
 iteration      Selected as coding    rejected as non-coding
       0                       33                       28
       1                       26                      112
       2                       14                      190
       3                        2                      157
       4                        0                       88
       5                        0                       33
       6                        0                        7
       7                        0                        3
       8                        0                        0
Selected root coding ORFs number: 75
Rejected non-coding ORFs number: 618
Remaining ORFs number: 879

Select coding ORFs from remianing ORFs using a Fisher discriminant function...
Remaining: 370
Process overlapping genes...
Totally predict 224 genes.
Second run of TIS model.
Extract TUI and TUL genes (length >300bp)
TUI genes number: 91
TUL genes number: 37
Compare TUI TIS model with TUL TIS model...
Train TUI TIS model..
Train TUL TIS model..
Lamda < 0: TUL TIS model differs from TUI TIS model
Re-train TUI TIS model....
Re-train TUL TIS model...
Choose final TIS...
Predicted genes have been saved in file: /home3/katelyn/PATRIC/fna/1493509.150.fna.MED
Detailed information for predicted TIS has been saved in /home3/katelyn/PATRIC/fna/1493509.150.fna.MED.para
