Welcome to MED2.0
Genome file is /home3/katelyn/PATRIC/fna/1493509.158.fna
sequence size: 179254
GC%: 0.402663

Number of exactcted ORFs: 1578
Select root ORFs and first running of TIS model...
 iteration      Selected as coding    rejected as non-coding
       0                       29                       30
       1                       23                      130
       2                       19                      205
       3                        0                      175
       4                        0                       84
       5                        0                       27
       6                        0                       11
       7                        0                        6
       8                        0                        1
       9                        0                        0
Selected root coding ORFs number: 71
Rejected non-coding ORFs number: 669
Remaining ORFs number: 838

Select coding ORFs from remianing ORFs using a Fisher discriminant function...
Remaining: 394
Process overlapping genes...
Totally predict 226 genes.
Second run of TIS model.
Extract TUI and TUL genes (length >300bp)
TUI genes number: 93
TUL genes number: 38
Compare TUI TIS model with TUL TIS model...
Train TUI TIS model..
Train TUL TIS model..
Lamda < 0: TUL TIS model differs from TUI TIS model
Re-train TUI TIS model....
Re-train TUL TIS model..
Choose final TIS...
Predicted genes have been saved in file: /home3/katelyn/PATRIC/fna/1493509.158.fna.MED
Detailed information for predicted TIS has been saved in /home3/katelyn/PATRIC/fna/1493509.158.fna.MED.para
