Welcome to MED2.0
Genome file is /home3/katelyn/PATRIC/fna/1493511.141.fna
sequence size: 222709
GC%: 0.415704

Number of exactcted ORFs: 1893
Select root ORFs and first running of TIS model...
 iteration      Selected as coding    rejected as non-coding
       0                       42                       41
       1                       44                      244
       2                       14                      321
       3                        3                      139
       4                        0                       39
       5                        0                       10
       6                        0                        0
Selected root coding ORFs number: 103
Rejected non-coding ORFs number: 794
Remaining ORFs number: 996

Select coding ORFs from remianing ORFs using a Fisher discriminant function...
Remaining: 431
Process overlapping genes...
Totally predict 300 genes.
Second run of TIS model.
Extract TUI and TUL genes (length >300bp)
TUI genes number: 130
TUL genes number: 43
Compare TUI TIS model with TUL TIS model...
Train TUI TIS model..
Train TUL TIS model..
Lamda < 0: TUL TIS model differs from TUI TIS model
Re-train TUI TIS model.......
Re-train TUL TIS model....
Choose final TIS...
Predicted genes have been saved in file: /home3/katelyn/PATRIC/fna/1493511.141.fna.MED
Detailed information for predicted TIS has been saved in /home3/katelyn/PATRIC/fna/1493511.141.fna.MED.para
