Welcome to MED2.0
Genome file is /home3/katelyn/PATRIC/fna/1493511.155.fna
sequence size: 222089
GC%: 0.415829

Number of exactcted ORFs: 1839
Select root ORFs and first running of TIS model...
 iteration      Selected as coding    rejected as non-coding
       0                       35                       38
       1                       44                      276
       2                       14                      359
       3                        6                      132
       4                        3                       32
       5                        0                       10
       6                        0                        3
       7                        0                        1
       8                        0                        0
Selected root coding ORFs number: 102
Rejected non-coding ORFs number: 851
Remaining ORFs number: 886

Select coding ORFs from remianing ORFs using a Fisher discriminant function...
Remaining: 509
Process overlapping genes...
Totally predict 297 genes.
Second run of TIS model.
Extract TUI and TUL genes (length >300bp)
TUI genes number: 121
TUL genes number: 46
Compare TUI TIS model with TUL TIS model...
Train TUI TIS model..
Train TUL TIS model..
Lamda < 0: TUL TIS model differs from TUI TIS model
Re-train TUI TIS model....
Re-train TUL TIS model..
Choose final TIS...
Predicted genes have been saved in file: /home3/katelyn/PATRIC/fna/1493511.155.fna.MED
Detailed information for predicted TIS has been saved in /home3/katelyn/PATRIC/fna/1493511.155.fna.MED.para
