Welcome to MED2.0
Genome file is /home3/katelyn/PATRIC/fna/1493513.8.fna
sequence size: 190768
GC%: 0.390092

Number of exactcted ORFs: 1625
Select root ORFs and first running of TIS model...
 iteration      Selected as coding    rejected as non-coding
       0                       52                       39
       1                       50                      132
       2                        9                      173
       3                        1                      142
       4                        0                       79
       5                        0                       29
       6                        0                       15
       7                        0                        6
       8                        0                        1
       9                        0                        0
Selected root coding ORFs number: 112
Rejected non-coding ORFs number: 616
Remaining ORFs number: 897

Select coding ORFs from remianing ORFs using a Fisher discriminant function...
Remaining: 515
Process overlapping genes...
Totally predict 240 genes.
Second run of TIS model.
Extract TUI and TUL genes (length >300bp)
TUI genes number: 94
TUL genes number: 32
Compare TUI TIS model with TUL TIS model...
Train TUI TIS model..
Train TUL TIS model..
Lamda > 0: TUL TIS model is similar to TUI TIS model.
Re-train TIS model.....
Choose final TIS...
Predicted genes have been saved in file: /home3/katelyn/PATRIC/fna/1493513.8.fna.MED
Detailed information for predicted TIS has been saved in /home3/katelyn/PATRIC/fna/1493513.8.fna.MED.para
