Welcome to MED2.0
Genome file is /home3/katelyn/PATRIC/fna/1493511.132.fna
sequence size: 225391
GC%: 0.416361

Number of exactcted ORFs: 1883
Select root ORFs and first running of TIS model...
 iteration      Selected as coding    rejected as non-coding
       0                       43                       51
       1                       34                      292
       2                       14                      340
       3                        5                      141
       4                        0                       46
       5                        0                       14
       6                        0                        3
       7                        0                        0
Selected root coding ORFs number: 96
Rejected non-coding ORFs number: 887
Remaining ORFs number: 900

Select coding ORFs from remianing ORFs using a Fisher discriminant function...
Remaining: 460
Process overlapping genes...
Totally predict 296 genes.
Second run of TIS model.
Extract TUI and TUL genes (length >300bp)
TUI genes number: 127
TUL genes number: 43
Compare TUI TIS model with TUL TIS model...
Train TUI TIS model..
Train TUL TIS model..
Lamda < 0: TUL TIS model differs from TUI TIS model
Re-train TUI TIS model....
Re-train TUL TIS model....
Choose final TIS...
Predicted genes have been saved in file: /home3/katelyn/PATRIC/fna/1493511.132.fna.MED
Detailed information for predicted TIS has been saved in /home3/katelyn/PATRIC/fna/1493511.132.fna.MED.para
