Welcome to MED2.0
Genome file is /home3/katelyn/PATRIC/fna/1493509.160.fna
sequence size: 179155
GC%: 0.402713

Number of exactcted ORFs: 1577
Select root ORFs and first running of TIS model...
 iteration      Selected as coding    rejected as non-coding
       0                       21                       22
       1                       25                      132
       2                       19                      205
       3                        4                      172
       4                        0                       95
       5                        0                       34
       6                        0                       11
       7                        0                        2
       8                        0                        1
       9                        0                        0
Selected root coding ORFs number: 69
Rejected non-coding ORFs number: 674
Remaining ORFs number: 834

Select coding ORFs from remianing ORFs using a Fisher discriminant function...
Remaining: 441
Process overlapping genes...
Totally predict 224 genes.
Second run of TIS model.
Extract TUI and TUL genes (length >300bp)
TUI genes number: 92
TUL genes number: 38
Compare TUI TIS model with TUL TIS model...
Train TUI TIS model..
Train TUL TIS model..
Lamda < 0: TUL TIS model differs from TUI TIS model
Re-train TUI TIS model..
Re-train TUL TIS model......
Choose final TIS...
Predicted genes have been saved in file: /home3/katelyn/PATRIC/fna/1493509.160.fna.MED
Detailed information for predicted TIS has been saved in /home3/katelyn/PATRIC/fna/1493509.160.fna.MED.para
