Welcome to MED2.0
Genome file is /home3/katelyn/PATRIC/fna/1493511.168.fna
sequence size: 225436
GC%: 0.415825

Number of exactcted ORFs: 1879
Select root ORFs and first running of TIS model...
 iteration      Selected as coding    rejected as non-coding
       0                       43                       43
       1                       50                      240
       2                       14                      328
       3                        4                      148
       4                        0                       42
       5                        0                       12
       6                        0                        3
       7                        0                        0
Selected root coding ORFs number: 111
Rejected non-coding ORFs number: 816
Remaining ORFs number: 952

Select coding ORFs from remianing ORFs using a Fisher discriminant function...
Remaining: 535
Process overlapping genes...
Totally predict 299 genes.
Second run of TIS model.
Extract TUI and TUL genes (length >300bp)
TUI genes number: 126
TUL genes number: 46
Compare TUI TIS model with TUL TIS model...
Train TUI TIS model..
Train TUL TIS model..
Lamda < 0: TUL TIS model differs from TUI TIS model
Re-train TUI TIS model....
Re-train TUL TIS model....
Choose final TIS...
Predicted genes have been saved in file: /home3/katelyn/PATRIC/fna/1493511.168.fna.MED
Detailed information for predicted TIS has been saved in /home3/katelyn/PATRIC/fna/1493511.168.fna.MED.para
