Welcome to MED2.0
Genome file is /home3/katelyn/PATRIC/fna/1493507.88.fna
sequence size: 171238
GC%: 0.393809

Number of exactcted ORFs: 1527
Select root ORFs and first running of TIS model...
 iteration      Selected as coding    rejected as non-coding
       0                       26                       33
       1                       36                      123
       2                       15                      212
       3                        0                      159
       4                        0                       67
       5                        0                       22
       6                        0                        5
       7                        0                        2
       8                        0                        0
Selected root coding ORFs number: 77
Rejected non-coding ORFs number: 623
Remaining ORFs number: 827

Select coding ORFs from remianing ORFs using a Fisher discriminant function...
Remaining: 472
Process overlapping genes...
Totally predict 226 genes.
Second run of TIS model.
Extract TUI and TUL genes (length >300bp)
TUI genes number: 94
TUL genes number: 31
Compare TUI TIS model with TUL TIS model...
Train TUI TIS model..
Train TUL TIS model..
Lamda < 0: TUL TIS model differs from TUI TIS model
Re-train TUI TIS model......
Re-train TUL TIS model...
Choose final TIS...
Predicted genes have been saved in file: /home3/katelyn/PATRIC/fna/1493507.88.fna.MED
Detailed information for predicted TIS has been saved in /home3/katelyn/PATRIC/fna/1493507.88.fna.MED.para
