Welcome to MED2.0
Genome file is /home3/katelyn/PATRIC/fna/1493509.148.fna
sequence size: 179107
GC%: 0.40286

Number of exactcted ORFs: 1580
Select root ORFs and first running of TIS model...
 iteration      Selected as coding    rejected as non-coding
       0                       33                       30
       1                       25                      112
       2                       15                      201
       3                        2                      164
       4                        0                       92
       5                        0                       30
       6                        0                       13
       7                        0                        9
       8                        0                        4
       9                        0                        0
Selected root coding ORFs number: 75
Rejected non-coding ORFs number: 655
Remaining ORFs number: 850

Select coding ORFs from remianing ORFs using a Fisher discriminant function...
Remaining: 425
Process overlapping genes...
Totally predict 224 genes.
Second run of TIS model.
Extract TUI and TUL genes (length >300bp)
TUI genes number: 91
TUL genes number: 37
Compare TUI TIS model with TUL TIS model...
Train TUI TIS model..
Train TUL TIS model..
Lamda < 0: TUL TIS model differs from TUI TIS model
Re-train TUI TIS model..
Re-train TUL TIS model..
Choose final TIS...
Predicted genes have been saved in file: /home3/katelyn/PATRIC/fna/1493509.148.fna.MED
Detailed information for predicted TIS has been saved in /home3/katelyn/PATRIC/fna/1493509.148.fna.MED.para
