Welcome to MED2.0
Genome file is /home3/katelyn/PATRIC/fna/1493511.146.fna
sequence size: 216273
GC%: 0.415267

Number of exactcted ORFs: 1818
Select root ORFs and first running of TIS model...
 iteration      Selected as coding    rejected as non-coding
       0                       35                       39
       1                       46                      252
       2                       17                      302
       3                        2                      118
       4                        0                       42
       5                        0                       15
       6                        0                        8
       7                        0                        3
       8                        0                        0
Selected root coding ORFs number: 100
Rejected non-coding ORFs number: 779
Remaining ORFs number: 939

Select coding ORFs from remianing ORFs using a Fisher discriminant function...
Remaining: 479
Process overlapping genes...
Totally predict 294 genes.
Second run of TIS model.
Extract TUI and TUL genes (length >300bp)
TUI genes number: 128
TUL genes number: 44
Compare TUI TIS model with TUL TIS model...
Train TUI TIS model..
Train TUL TIS model..
Lamda < 0: TUL TIS model differs from TUI TIS model
Re-train TUI TIS model..
Re-train TUL TIS model....
Choose final TIS...
Predicted genes have been saved in file: /home3/katelyn/PATRIC/fna/1493511.146.fna.MED
Detailed information for predicted TIS has been saved in /home3/katelyn/PATRIC/fna/1493511.146.fna.MED.para
