Welcome to MED2.0
Genome file is /home3/katelyn/PATRIC/fna/1493507.95.fna
sequence size: 171289
GC%: 0.393686

Number of exactcted ORFs: 1536
Select root ORFs and first running of TIS model...
 iteration      Selected as coding    rejected as non-coding
       0                       27                       37
       1                       45                      174
       2                       14                      232
       3                        1                      124
       4                        0                       36
       5                        0                       13
       6                        0                        2
       7                        0                        0
Selected root coding ORFs number: 87
Rejected non-coding ORFs number: 618
Remaining ORFs number: 831

Select coding ORFs from remianing ORFs using a Fisher discriminant function...
Remaining: 562
Process overlapping genes...
Totally predict 224 genes.
Second run of TIS model.
Extract TUI and TUL genes (length >300bp)
TUI genes number: 96
TUL genes number: 29
Compare TUI TIS model with TUL TIS model...
Train TUI TIS model..
Train TUL TIS model..
Lamda < 0: TUL TIS model differs from TUI TIS model
Re-train TUI TIS model......
Re-train TUL TIS model....
Choose final TIS...
Predicted genes have been saved in file: /home3/katelyn/PATRIC/fna/1493507.95.fna.MED
Detailed information for predicted TIS has been saved in /home3/katelyn/PATRIC/fna/1493507.95.fna.MED.para
