Welcome to MED2.0
Genome file is /home3/katelyn/PATRIC/fna/1493511.158.fna
sequence size: 214751
GC%: 0.415351

Number of exactcted ORFs: 1791
Select root ORFs and first running of TIS model...
 iteration      Selected as coding    rejected as non-coding
       0                       35                       37
       1                       40                      271
       2                       14                      323
       3                        6                      131
       4                        2                       38
       5                        0                       10
       6                        0                        0
Selected root coding ORFs number: 97
Rejected non-coding ORFs number: 810
Remaining ORFs number: 884

Select coding ORFs from remianing ORFs using a Fisher discriminant function...
Remaining: 474
Process overlapping genes...
Totally predict 293 genes.
Second run of TIS model.
Extract TUI and TUL genes (length >300bp)
TUI genes number: 122
TUL genes number: 45
Compare TUI TIS model with TUL TIS model...
Train TUI TIS model..
Train TUL TIS model..
Lamda < 0: TUL TIS model differs from TUI TIS model
Re-train TUI TIS model..
Re-train TUL TIS model....
Choose final TIS...
Predicted genes have been saved in file: /home3/katelyn/PATRIC/fna/1493511.158.fna.MED
Detailed information for predicted TIS has been saved in /home3/katelyn/PATRIC/fna/1493511.158.fna.MED.para
