Welcome to MED2.0
Genome file is /home3/katelyn/PATRIC/fna/1493509.149.fna
sequence size: 179095
GC%: 0.402747

Number of exactcted ORFs: 1577
Select root ORFs and first running of TIS model...
 iteration      Selected as coding    rejected as non-coding
       0                       33                       29
       1                       26                      107
       2                       14                      179
       3                        1                      145
       4                        0                      105
       5                        0                       46
       6                        0                       11
       7                        0                        6
       8                        0                        0
Selected root coding ORFs number: 74
Rejected non-coding ORFs number: 628
Remaining ORFs number: 875

Select coding ORFs from remianing ORFs using a Fisher discriminant function...
Remaining: 383
Process overlapping genes...
Totally predict 225 genes.
Second run of TIS model.
Extract TUI and TUL genes (length >300bp)
TUI genes number: 91
TUL genes number: 37
Compare TUI TIS model with TUL TIS model...
Train TUI TIS model..
Train TUL TIS model..
Lamda < 0: TUL TIS model differs from TUI TIS model
Re-train TUI TIS model....
Re-train TUL TIS model...
Choose final TIS...
Predicted genes have been saved in file: /home3/katelyn/PATRIC/fna/1493509.149.fna.MED
Detailed information for predicted TIS has been saved in /home3/katelyn/PATRIC/fna/1493509.149.fna.MED.para
