Welcome to MED2.0
Genome file is /home3/katelyn/PATRIC/fna/1498011.6.fna
sequence size: 42205
GC%: 0.46068

Number of exactcted ORFs: 418
Select root ORFs and first running of TIS model...
 iteration      Selected as coding    rejected as non-coding
       0                       19                       35
       1                        6                       64
       2                        1                       56
       3                        0                       12
       4                        0                        1
       5                        0                        0
Selected root coding ORFs number: 26
Rejected non-coding ORFs number: 168
Remaining ORFs number: 224

Select coding ORFs from remianing ORFs using a Fisher discriminant function...
Remaining: 113
Process overlapping genes...
Totally predict 59 genes.
Second run of TIS model.
Extract TUI and TUL genes (length >300bp)
TUI genes number: 26
TUL genes number: 14
Compare TUI TIS model with TUL TIS model...
Train TUI TIS model..
Train TUL TIS model..
Lamda > 0: TUL TIS model is similar to TUI TIS model.
Re-train TIS model...
Choose final TIS...
Predicted genes have been saved in file: /home3/katelyn/PATRIC/fna/1498011.6.fna.MED
Detailed information for predicted TIS has been saved in /home3/katelyn/PATRIC/fna/1498011.6.fna.MED.para
