Welcome to MED2.0
Genome file is /home3/katelyn/PATRIC/fna/1500712.6.fna
sequence size: 44395
GC%: 0.453902

Number of exactcted ORFs: 414
Select root ORFs and first running of TIS model...
 iteration      Selected as coding    rejected as non-coding
       0                        6                       12
       1                        4                       33
       2                        1                       32
       3                        0                       16
       4                        0                        6
       5                        0                        4
       6                        0                        0
Selected root coding ORFs number: 11
Rejected non-coding ORFs number: 103
Remaining ORFs number: 300

Select coding ORFs from remianing ORFs using a Fisher discriminant function...
Remaining: 278
Process overlapping genes...
Totally predict 72 genes.
Second run of TIS model.
Extract TUI and TUL genes (length >300bp)
TUI genes number: 40
TUL genes number: 10
Compare TUI TIS model with TUL TIS model...
Train TUI TIS model..
Train TUL TIS model..
Lamda < 0: TUL TIS model differs from TUI TIS model
Re-train TUI TIS model..
Re-train TUL TIS model..
Choose final TIS...
Predicted genes have been saved in file: /home3/katelyn/PATRIC/fna/1500712.6.fna.MED
Detailed information for predicted TIS has been saved in /home3/katelyn/PATRIC/fna/1500712.6.fna.MED.para
