Welcome to MED2.0
Genome file is /home3/katelyn/PATRIC/fna/1500809.5.fna
sequence size: 29491
GC%: 0.543793

Number of exactcted ORFs: 311
Select root ORFs and first running of TIS model...
 iteration      Selected as coding    rejected as non-coding
       0                        1                        2
       1                        2                       20
       2                        2                       18
       3                        2                        7
       4                        4                        6
       5                        5                        2
       6                        1                        1
       7                        0                        0
Selected root coding ORFs number: 17
Rejected non-coding ORFs number: 56
Remaining ORFs number: 238

Select coding ORFs from remianing ORFs using a Fisher discriminant function...
Remaining: 210
Process overlapping genes...
Totally predict 53 genes.
Second run of TIS model.
Extract TUI and TUL genes (length >300bp)
TUI genes number: 22
TUL genes number: 11
Compare TUI TIS model with TUL TIS model...
Train TUI TIS model..
Train TUL TIS model..
Lamda < 0: TUL TIS model differs from TUI TIS model
Re-train TUI TIS model...
Re-train TUL TIS model...
Choose final TIS...
Predicted genes have been saved in file: /home3/katelyn/PATRIC/fna/1500809.5.fna.MED
Detailed information for predicted TIS has been saved in /home3/katelyn/PATRIC/fna/1500809.5.fna.MED.para
