Welcome to MED2.0
Genome file is /home3/katelyn/PATRIC/fna/1505227.10.fna
sequence size: 53744
GC%: 0.528264

Number of exactcted ORFs: 582
Select root ORFs and first running of TIS model...
 iteration      Selected as coding    rejected as non-coding
       0                       20                       46
       1                        4                      131
       2                        1                       50
       3                        0                       13
       4                        0                        0
Selected root coding ORFs number: 25
Rejected non-coding ORFs number: 240
Remaining ORFs number: 317

Select coding ORFs from remianing ORFs using a Fisher discriminant function...
Remaining: 218
Process overlapping genes...
Totally predict 93 genes.
Second run of TIS model.
Extract TUI and TUL genes (length >300bp)
TUI genes number: 29
TUL genes number: 27
Compare TUI TIS model with TUL TIS model...
Train TUI TIS model..
Train TUL TIS model..
Lamda > 0: TUL TIS model is similar to TUI TIS model.
Re-train TIS model........
Choose final TIS...
Predicted genes have been saved in file: /home3/katelyn/PATRIC/fna/1505227.10.fna.MED
Detailed information for predicted TIS has been saved in /home3/katelyn/PATRIC/fna/1505227.10.fna.MED.para
