Welcome to MED2.0
Genome file is /home3/katelyn/PATRIC/fna/1505528.8.fna
sequence size: 7679
GC%: 0.593697

Number of exactcted ORFs: 82
Select root ORFs and first running of TIS model...
 iteration      Selected as coding    rejected as non-coding
Extrem low percentage for certain TIS.
Will omit the start codon column in the weight
matrix of starts
       0                        5                        4
Extrem low percentage for certain TIS.
Will omit the start codon column in the weight
matrix of starts
       1                        0                        0
Extrem low percentage for certain TIS.
Will omit the start codon column in the weight
matrix of starts
Selected root coding ORFs number: 5
Rejected non-coding ORFs number: 32
Remaining ORFs number: 45
Select coding ORFs from remianing ORFs using Fisher discriminant functions...
Remaining: 11
Process overlapping genes...
Totally predict 10 genes.
Second run of TIS model.
Extract TUI and TUL genes (length >300bp)
TUL genes number: 2
Compare TUI TIS model with TUL TIS model...
Train TUL TIS model.Extrem low percentage for certain TIS.
Will omit the start codon column in the weight
matrix of starts
.Extrem low percentage for certain TIS.
Will omit the start codon column in the weight
matrix of starts

Lamda > 0: TUL TIS model is similar to TUI TIS model.
Re-train TIS model...
Choose final TIS...
Predicted genes have been saved in file: /home3/katelyn/PATRIC/fna/1505528.8.fna.MED
Detailed information for predicted TIS has been saved in /home3/katelyn/PATRIC/fna/1505528.8.fna.MED.para
