Welcome to MED2.0
Genome file is /home3/katelyn/PATRIC/fna/1506453.7.fna
sequence size: 61137
GC%: 0.497097

Number of exactcted ORFs: 681
Select root ORFs and first running of TIS model...
 iteration      Selected as coding    rejected as non-coding
       0                       18                       36
       1                        6                       82
       2                        2                       59
       3                        0                       19
       4                        0                        9
       5                        0                        2
       6                        0                        0
Selected root coding ORFs number: 26
Rejected non-coding ORFs number: 207
Remaining ORFs number: 448

Select coding ORFs from remianing ORFs using a Fisher discriminant function...
Remaining: 354
Process overlapping genes...
Totally predict 115 genes.
Second run of TIS model.
Extract TUI and TUL genes (length >300bp)
TUI genes number: 26
TUL genes number: 27
Compare TUI TIS model with TUL TIS model...
Train TUI TIS model..
Train TUL TIS model..
Lamda < 0: TUL TIS model differs from TUI TIS model
Re-train TUI TIS model....
Re-train TUL TIS model....
Choose final TIS...
Predicted genes have been saved in file: /home3/katelyn/PATRIC/fna/1506453.7.fna.MED
Detailed information for predicted TIS has been saved in /home3/katelyn/PATRIC/fna/1506453.7.fna.MED.para
