Welcome to MED2.0
Genome file is /home3/katelyn/PATRIC/fna/1508678.6.fna
sequence size: 168733
GC%: 0.376275

Number of exactcted ORFs: 1383
Select root ORFs and first running of TIS model...
 iteration      Selected as coding    rejected as non-coding
       0                       72                       48
       1                       56                      125
       2                        7                       95
       3                        1                       66
       4                        0                       28
       5                        0                       23
       6                        0                       15
       7                        0                       10
       8                        0                        1
       9                        0                        0
Selected root coding ORFs number: 136
Rejected non-coding ORFs number: 411
Remaining ORFs number: 836

Select coding ORFs from remianing ORFs using a Fisher discriminant function...
Remaining: 446
Process overlapping genes...
Totally predict 275 genes.
Second run of TIS model.
Extract TUI and TUL genes (length >300bp)
TUI genes number: 115
TUL genes number: 60
Compare TUI TIS model with TUL TIS model...
Train TUI TIS model..
Train TUL TIS model..
Lamda > 0: TUL TIS model is similar to TUI TIS model.
Re-train TIS model....
Choose final TIS...
Predicted genes have been saved in file: /home3/katelyn/PATRIC/fna/1508678.6.fna.MED
Detailed information for predicted TIS has been saved in /home3/katelyn/PATRIC/fna/1508678.6.fna.MED.para
