Welcome to MED2.0
Genome file is /home3/katelyn/PATRIC/fna/1508680.6.fna
sequence size: 137973
GC%: 0.435585

Number of exactcted ORFs: 1355
Select root ORFs and first running of TIS model...
 iteration      Selected as coding    rejected as non-coding
       0                       44                      104
       1                       18                      269
       2                        4                      132
       3                        1                       36
       4                        0                        5
       5                        0                        3
       6                        0                        0
Selected root coding ORFs number: 67
Rejected non-coding ORFs number: 549
Remaining ORFs number: 739

Select coding ORFs from remianing ORFs using a Fisher discriminant function...
Remaining: 321
Process overlapping genes...
Totally predict 229 genes.
Second run of TIS model.
Extract TUI and TUL genes (length >300bp)
TUI genes number: 85
TUL genes number: 50
Compare TUI TIS model with TUL TIS model...
Train TUI TIS model..
Train TUL TIS model..
Lamda > 0: TUL TIS model is similar to TUI TIS model.
Re-train TIS model.....
Choose final TIS...
Predicted genes have been saved in file: /home3/katelyn/PATRIC/fna/1508680.6.fna.MED
Detailed information for predicted TIS has been saved in /home3/katelyn/PATRIC/fna/1508680.6.fna.MED.para
