Welcome to MED2.0
Genome file is /home3/katelyn/PATRIC/fna/1514988.5.fna
sequence size: 37631
GC%: 0.648189

Number of exactcted ORFs: 368
Select root ORFs and first running of TIS model...
 iteration      Selected as coding    rejected as non-coding
       0                       35                      130
       1                        5                       23
       2                        2                        2
       3                        1                        0
       4                        0                        0
Selected root coding ORFs number: 43
Rejected non-coding ORFs number: 162
Remaining ORFs number: 163
Select coding ORFs from remianing ORFs using Fisher discriminant functions...
Remaining: 127
Process overlapping genes...
Totally predict 66 genes.
Second run of TIS model.
Extract TUI and TUL genes (length >300bp)
TUI genes number: 12
TUL genes number: 27
Compare TUI TIS model with TUL TIS model...
Train TUI TIS model..
Train TUL TIS model..
Lamda < 0: TUL TIS model differs from TUI TIS model
Re-train TUI TIS model..
Re-train TUL TIS model.....
Choose final TIS...
Predicted genes have been saved in file: /home3/katelyn/PATRIC/fna/1514988.5.fna.MED
Detailed information for predicted TIS has been saved in /home3/katelyn/PATRIC/fna/1514988.5.fna.MED.para
