Welcome to MED2.0
Genome file is /home3/katelyn/PATRIC/fna/1519788.8.fna
sequence size: 77327
GC%: 0.420629

Number of exactcted ORFs: 702
Select root ORFs and first running of TIS model...
 iteration      Selected as coding    rejected as non-coding
       0                       28                       17
       1                       15                       58
       2                        4                       55
       3                        1                       46
       4                        0                       21
       5                        0                        5
       6                        0                        4
       7                        0                        2
       8                        0                        2
       9                        0                        1
      10                        0                        0
Selected root coding ORFs number: 48
Rejected non-coding ORFs number: 211
Remaining ORFs number: 443

Select coding ORFs from remianing ORFs using a Fisher discriminant function...
Remaining: 300
Process overlapping genes...
Totally predict 142 genes.
Second run of TIS model.
Extract TUI and TUL genes (length >300bp)
TUI genes number: 41
TUL genes number: 21
Compare TUI TIS model with TUL TIS model...
Train TUI TIS model..
Train TUL TIS model..
Lamda > 0: TUL TIS model is similar to TUI TIS model.
Re-train TIS model....
Choose final TIS...
Predicted genes have been saved in file: /home3/katelyn/PATRIC/fna/1519788.8.fna.MED
Detailed information for predicted TIS has been saved in /home3/katelyn/PATRIC/fna/1519788.8.fna.MED.para
