Welcome to MED2.0
Genome file is /home3/katelyn/PATRIC/fna/1524880.7.fna
sequence size: 50431
GC%: 0.413456

Number of exactcted ORFs: 449
Select root ORFs and first running of TIS model...
 iteration      Selected as coding    rejected as non-coding
       0                       26                       12
       1                        7                       33
       2                        0                       34
       3                        0                       20
       4                        0                       16
       5                        0                       16
       6                        0                       11
       7                        0                        6
       8                        0                        1
       9                        0                        0
Selected root coding ORFs number: 33
Rejected non-coding ORFs number: 149
Remaining ORFs number: 267

Select coding ORFs from remianing ORFs using a Fisher discriminant function...
Remaining: 161
Process overlapping genes...
Totally predict 75 genes.
Second run of TIS model.
Extract TUI and TUL genes (length >300bp)
TUI genes number: 39
TUL genes number: 7
Compare TUI TIS model with TUL TIS model...
Train TUI TIS model..
Train TUL TIS model..
Lamda < 0: TUL TIS model differs from TUI TIS model
Re-train TUI TIS model...
Re-train TUL TIS model..
Choose final TIS...
Predicted genes have been saved in file: /home3/katelyn/PATRIC/fna/1524880.7.fna.MED
Detailed information for predicted TIS has been saved in /home3/katelyn/PATRIC/fna/1524880.7.fna.MED.para
