Welcome to MED2.0
Genome file is /home3/katelyn/PATRIC/fna/1527463.8.fna
sequence size: 53636
GC%: 0.614941

Number of exactcted ORFs: 656
Select root ORFs and first running of TIS model...
 iteration      Selected as coding    rejected as non-coding
       0                       59                      105
       1                       15                       40
       2                        2                        9
       3                        0                        1
       4                        0                        0
Selected root coding ORFs number: 76
Rejected non-coding ORFs number: 202
Remaining ORFs number: 378
Select coding ORFs from remianing ORFs using Fisher discriminant functions...
Remaining: 264
Process overlapping genes...
Totally predict 109 genes.
Second run of TIS model.
Extract TUI and TUL genes (length >300bp)
TUI genes number: 30
TUL genes number: 30
Compare TUI TIS model with TUL TIS model...
