Welcome to MED2.0
Genome file is /home3/katelyn/PATRIC/fna/1527519.8.fna
sequence size: 120938
GC%: 0.400445

Number of exactcted ORFs: 1156
Select root ORFs and first running of TIS model...
 iteration      Selected as coding    rejected as non-coding
       0                       51                       43
       1                       39                       85
       2                       10                       63
       3                        0                       22
       4                        0                        7
       5                        0                        2
       6                        0                        0
Selected root coding ORFs number: 100
Rejected non-coding ORFs number: 222
Remaining ORFs number: 834

Select coding ORFs from remianing ORFs using a Fisher discriminant function...
Remaining: 398
Process overlapping genes...
Totally predict 229 genes.
Second run of TIS model.
Extract TUI and TUL genes (length >300bp)
TUI genes number: 86
TUL genes number: 51
Compare TUI TIS model with TUL TIS model...
Train TUI TIS model..
Train TUL TIS model..
Lamda > 0: TUL TIS model is similar to TUI TIS model.
Re-train TIS model.....
Choose final TIS...
Predicted genes have been saved in file: /home3/katelyn/PATRIC/fna/1527519.8.fna.MED
Detailed information for predicted TIS has been saved in /home3/katelyn/PATRIC/fna/1527519.8.fna.MED.para
