Welcome to MED2.0
Genome file is /home3/katelyn/PATRIC/fna/1527514.8.fna
sequence size: 44332
GC%: 0.544753

Number of exactcted ORFs: 468
Select root ORFs and first running of TIS model...
 iteration      Selected as coding    rejected as non-coding
       0                       15                       36
       1                       11                      101
       2                        2                       52
       3                        0                       10
       4                        0                        2
       5                        0                        0
Selected root coding ORFs number: 28
Rejected non-coding ORFs number: 201
Remaining ORFs number: 239

Select coding ORFs from remianing ORFs using a Fisher discriminant function...
Remaining: 163
Process overlapping genes...
Totally predict 67 genes.
Second run of TIS model.
Extract TUI and TUL genes (length >300bp)
TUI genes number: 26
TUL genes number: 14
Compare TUI TIS model with TUL TIS model...
Train TUI TIS model..
Train TUL TIS model..
Lamda < 0: TUL TIS model differs from TUI TIS model
Re-train TUI TIS model.....
Re-train TUL TIS model...
Choose final TIS...
Predicted genes have been saved in file: /home3/katelyn/PATRIC/fna/1527514.8.fna.MED
Detailed information for predicted TIS has been saved in /home3/katelyn/PATRIC/fna/1527514.8.fna.MED.para
