Welcome to MED2.0
Genome file is /home3/katelyn/PATRIC/fna/1527513.8.fna
sequence size: 109871
GC%: 0.607449

Number of exactcted ORFs: 1388
Select root ORFs and first running of TIS model...
 iteration      Selected as coding    rejected as non-coding
       0                      137                      265
       1                       42                       97
       2                        4                       12
       3                        0                        1
       4                        0                        0
Selected root coding ORFs number: 183
Rejected non-coding ORFs number: 491
Remaining ORFs number: 714
Select coding ORFs from remianing ORFs using Fisher discriminant functions...
Remaining: 542
Process overlapping genes...
Totally predict 254 genes.
Second run of TIS model.
Extract TUI and TUL genes (length >300bp)
TUI genes number: 69
TUL genes number: 58
Compare TUI TIS model with TUL TIS model...
Train TUI TIS model..
Train TUL TIS model..
Lamda > 0: TUL TIS model is similar to TUI TIS model.
Re-train TIS model......
Choose final TIS...
Predicted genes have been saved in file: /home3/katelyn/PATRIC/fna/1527513.8.fna.MED
Detailed information for predicted TIS has been saved in /home3/katelyn/PATRIC/fna/1527513.8.fna.MED.para
