Welcome to MED2.0
Genome file is /home3/katelyn/PATRIC/fna/1527517.6.fna
sequence size: 49190
GC%: 0.641513

Number of exactcted ORFs: 520
Select root ORFs and first running of TIS model...
 iteration      Selected as coding    rejected as non-coding
       0                       58                      195
       1                        5                       37
       2                        0                        3
       3                        0                        0
Selected root coding ORFs number: 63
Rejected non-coding ORFs number: 298
Remaining ORFs number: 159
Select coding ORFs from remianing ORFs using Fisher discriminant functions...
Remaining: 117
Process overlapping genes...
Totally predict 90 genes.
Second run of TIS model.
Extract TUI and TUL genes (length >300bp)
TUI genes number: 32
TUL genes number: 21
Compare TUI TIS model with TUL TIS model...
Train TUI TIS model..
Train TUL TIS model..
Lamda < 0: TUL TIS model differs from TUI TIS model
Re-train TUI TIS model...
Re-train TUL TIS model....
Choose final TIS...
Predicted genes have been saved in file: /home3/katelyn/PATRIC/fna/1527517.6.fna.MED
Detailed information for predicted TIS has been saved in /home3/katelyn/PATRIC/fna/1527517.6.fna.MED.para
