Welcome to MED2.0
Genome file is /home3/katelyn/PATRIC/fna/1527771.8.fna
sequence size: 45718
GC%: 0.610547

Number of exactcted ORFs: 509
Select root ORFs and first running of TIS model...
 iteration      Selected as coding    rejected as non-coding
       0                       56                      183
       1                        6                       28
       2                        1                        4
       3                        0                        0
Selected root coding ORFs number: 63
Rejected non-coding ORFs number: 218
Remaining ORFs number: 228
Select coding ORFs from remianing ORFs using Fisher discriminant functions...
Remaining: 180
Process overlapping genes...
Totally predict 83 genes.
Second run of TIS model.
Extract TUI and TUL genes (length >300bp)
TUI genes number: 22
TUL genes number: 22
Compare TUI TIS model with TUL TIS model...
Train TUI TIS model..
Train TUL TIS model..
Lamda < 0: TUL TIS model differs from TUI TIS model
Re-train TUI TIS model...
Re-train TUL TIS model.....
Choose final TIS...
Predicted genes have been saved in file: /home3/katelyn/PATRIC/fna/1527771.8.fna.MED
Detailed information for predicted TIS has been saved in /home3/katelyn/PATRIC/fna/1527771.8.fna.MED.para
