Welcome to MED2.0
Genome file is /home3/katelyn/PATRIC/fna/1527494.7.fna
sequence size: 68472
GC%: 0.665308

Number of exactcted ORFs: 782
Select root ORFs and first running of TIS model...
 iteration      Selected as coding    rejected as non-coding
       0                       62                      369
       1                        0                       86
       2                        0                       11
       3                        0                        0
Selected root coding ORFs number: 62
Rejected non-coding ORFs number: 531
Remaining ORFs number: 189
Select coding ORFs from remianing ORFs using Fisher discriminant functions...
Remaining: 124
Process overlapping genes...
Totally predict 97 genes.
Second run of TIS model.
Extract TUI and TUL genes (length >300bp)
TUI genes number: 32
TUL genes number: 36
Compare TUI TIS model with TUL TIS model...
Train TUI TIS model..
Train TUL TIS model..
Lamda > 0: TUL TIS model is similar to TUI TIS model.
Re-train TIS model....
Choose final TIS...
Predicted genes have been saved in file: /home3/katelyn/PATRIC/fna/1527494.7.fna.MED
Detailed information for predicted TIS has been saved in /home3/katelyn/PATRIC/fna/1527494.7.fna.MED.para
