Welcome to MED2.0
Genome file is /home3/katelyn/PATRIC/fna/1527512.8.fna
sequence size: 60285
GC%: 0.624052

Number of exactcted ORFs: 693
Select root ORFs and first running of TIS model...
 iteration      Selected as coding    rejected as non-coding
       0                       61                      120
       1                       11                       47
       2                        0                       16
       3                        0                        3
       4                        0                        1
       5                        0                        1
       6                        0                        0
Selected root coding ORFs number: 72
Rejected non-coding ORFs number: 287
Remaining ORFs number: 334
Select coding ORFs from remianing ORFs using Fisher discriminant functions...
Remaining: 223
Process overlapping genes...
Totally predict 113 genes.
Second run of TIS model.
Extract TUI and TUL genes (length >300bp)
TUI genes number: 37
TUL genes number: 28
Compare TUI TIS model with TUL TIS model...
Train TUI TIS model..
Train TUL TIS model..
Lamda > 0: TUL TIS model is similar to TUI TIS model.
Re-train TIS model......
Choose final TIS...
Predicted genes have been saved in file: /home3/katelyn/PATRIC/fna/1527512.8.fna.MED
Detailed information for predicted TIS has been saved in /home3/katelyn/PATRIC/fna/1527512.8.fna.MED.para
