Welcome to MED2.0
Genome file is /home3/katelyn/PATRIC/fna/1527694.6.fna
sequence size: 31841
GC%: 0.349706

Number of exactcted ORFs: 225
Select root ORFs and first running of TIS model...
 iteration      Selected as coding    rejected as non-coding
       0                        5                        6
       1                        6                       22
       2                       10                       27
       3                        3                       15
       4                        0                        2
       5                        0                        0
Selected root coding ORFs number: 24
Rejected non-coding ORFs number: 72
Remaining ORFs number: 129

Select coding ORFs from remianing ORFs using a Fisher discriminant function...
Remaining: 93
Process overlapping genes...
Totally predict 60 genes.
Second run of TIS model.
Extract TUI and TUL genes (length >300bp)
TUI genes number: 28
TUL genes number: 5
Compare TUI TIS model with TUL TIS model...
Train TUI TIS model..
Train TUL TIS model..
Lamda < 0: TUL TIS model differs from TUI TIS model
Re-train TUI TIS model...
Re-train TUL TIS model..
Choose final TIS...
Predicted genes have been saved in file: /home3/katelyn/PATRIC/fna/1527694.6.fna.MED
Detailed information for predicted TIS has been saved in /home3/katelyn/PATRIC/fna/1527694.6.fna.MED.para
