Welcome to MED2.0
Genome file is /home3/katelyn/PATRIC/fna/1527693.6.fna
sequence size: 31945
GC%: 0.345751

Number of exactcted ORFs: 220
Select root ORFs and first running of TIS model...
 iteration      Selected as coding    rejected as non-coding
       0                        9                        3
       1                       16                        7
       2                        5                       17
       3                        2                       16
       4                        0                        4
       5                        0                        2
       6                        0                        0
Selected root coding ORFs number: 32
Rejected non-coding ORFs number: 49
Remaining ORFs number: 139

Select coding ORFs from remianing ORFs using a Fisher discriminant function...
Remaining: 117
Process overlapping genes...
Totally predict 61 genes.
Second run of TIS model.
Extract TUI and TUL genes (length >300bp)
TUI genes number: 23
TUL genes number: 8
Compare TUI TIS model with TUL TIS model...
Train TUI TIS model..
Train TUL TIS model..
Lamda < 0: TUL TIS model differs from TUI TIS model
Re-train TUI TIS model....
Re-train TUL TIS model..
Choose final TIS...
Predicted genes have been saved in file: /home3/katelyn/PATRIC/fna/1527693.6.fna.MED
Detailed information for predicted TIS has been saved in /home3/katelyn/PATRIC/fna/1527693.6.fna.MED.para
