Welcome to MED2.0
Genome file is /home3/katelyn/PATRIC/fna/1530085.8.fna
sequence size: 40002
GC%: 0.648218

Number of exactcted ORFs: 431
Select root ORFs and first running of TIS model...
 iteration      Selected as coding    rejected as non-coding
       0                       39                      189
       1                        1                       20
       2                        0                        6
       3                        0                        2
       4                        0                        0
Selected root coding ORFs number: 40
Rejected non-coding ORFs number: 258
Remaining ORFs number: 133
Select coding ORFs from remianing ORFs using Fisher discriminant functions...
Remaining: 100
Process overlapping genes...
Totally predict 58 genes.
Second run of TIS model.
Extract TUI and TUL genes (length >300bp)
TUI genes number: 22
TUL genes number: 18
Compare TUI TIS model with TUL TIS model...
Train TUI TIS model..
Train TUL TIS model..
Lamda < 0: TUL TIS model differs from TUI TIS model
Re-train TUI TIS model...
Re-train TUL TIS model......
Choose final TIS...
Predicted genes have been saved in file: /home3/katelyn/PATRIC/fna/1530085.8.fna.MED
Detailed information for predicted TIS has been saved in /home3/katelyn/PATRIC/fna/1530085.8.fna.MED.para
