Welcome to MED2.0
Genome file is /home3/katelyn/PATRIC/fna/1530086.5.fna
sequence size: 8956
GC%: 0.596695

Number of exactcted ORFs: 99
Select root ORFs and first running of TIS model...
 iteration      Selected as coding    rejected as non-coding
Extrem low percentage for certain TIS.
Will omit the start codon column in the weight
matrix of starts
       0                        5                        3
Extrem low percentage for certain TIS.
Will omit the start codon column in the weight
matrix of starts
       1                        0                        0
Extrem low percentage for certain TIS.
Will omit the start codon column in the weight
matrix of starts
Selected root coding ORFs number: 5
Rejected non-coding ORFs number: 78
Remaining ORFs number: 16
Select coding ORFs from remianing ORFs using Fisher discriminant functions...
Remaining: 5
Process overlapping genes...
Totally predict 5 genes.
Second run of TIS model.
Extract TUI and TUL genes (length >300bp)
TUI genes number: 1
TUL genes number: 1
Compare TUI TIS model with TUL TIS model...
Train TUI TIS model..
Train TUL TIS model.Extrem low percentage for certain TIS.
Will omit the start codon column in the weight
matrix of starts
.Extrem low percentage for certain TIS.
Will omit the start codon column in the weight
matrix of starts

Lamda > 0: TUL TIS model is similar to TUI TIS model.
Re-train TIS model.Extrem low percentage for certain TIS.
Will omit the start codon column in the weight
matrix of starts
.Extrem low percentage for certain TIS.
Will omit the start codon column in the weight
matrix of starts

Choose final TIS...
Predicted genes have been saved in file: /home3/katelyn/PATRIC/fna/1530086.5.fna.MED
Detailed information for predicted TIS has been saved in /home3/katelyn/PATRIC/fna/1530086.5.fna.MED.para
