Welcome to MED2.0
Genome file is /home3/katelyn/PATRIC/fna/1536597.8.fna
sequence size: 40981
GC%: 0.556868

Number of exactcted ORFs: 436
Select root ORFs and first running of TIS model...
 iteration      Selected as coding    rejected as non-coding
       0                       10                       24
       1                        6                      128
       2                        1                       67
       3                        0                       16
       4                        0                        2
       5                        0                        1
       6                        0                        0
Selected root coding ORFs number: 17
Rejected non-coding ORFs number: 238
Remaining ORFs number: 181

Select coding ORFs from remianing ORFs using a Fisher discriminant function...
Remaining: 149
Process overlapping genes...
Totally predict 47 genes.
Second run of TIS model.
Extract TUI and TUL genes (length >300bp)
TUI genes number: 20
TUL genes number: 12
Compare TUI TIS model with TUL TIS model...
Train TUI TIS model..
Train TUL TIS model..
Lamda < 0: TUL TIS model differs from TUI TIS model
Re-train TUI TIS model..
Re-train TUL TIS model..
Choose final TIS...
Predicted genes have been saved in file: /home3/katelyn/PATRIC/fna/1536597.8.fna.MED
Detailed information for predicted TIS has been saved in /home3/katelyn/PATRIC/fna/1536597.8.fna.MED.para
