Welcome to MED2.0
Genome file is /home3/katelyn/PATRIC/fna/1537091.8.fna
sequence size: 43129
GC%: 0.512694

Number of exactcted ORFs: 438
Select root ORFs and first running of TIS model...
 iteration      Selected as coding    rejected as non-coding
       0                       19                       23
       1                       11                       24
       2                        4                        8
       3                        0                        1
       4                        0                        0
Selected root coding ORFs number: 34
Rejected non-coding ORFs number: 56
Remaining ORFs number: 348

Select coding ORFs from remianing ORFs using a Fisher discriminant function...
Remaining: 280
Process overlapping genes...
Totally predict 89 genes.
Second run of TIS model.
Extract TUI and TUL genes (length >300bp)
TUI genes number: 40
TUL genes number: 14
Compare TUI TIS model with TUL TIS model...
Train TUI TIS model..
Train TUL TIS model..
Lamda > 0: TUL TIS model is similar to TUI TIS model.
Re-train TIS model....
Choose final TIS...
Predicted genes have been saved in file: /home3/katelyn/PATRIC/fna/1537091.8.fna.MED
Detailed information for predicted TIS has been saved in /home3/katelyn/PATRIC/fna/1537091.8.fna.MED.para
