Welcome to MED2.0
Genome file is /home3/katelyn/PATRIC/fna/1540095.8.fna
sequence size: 170341
GC%: 0.388761

Number of exactcted ORFs: 1450
Select root ORFs and first running of TIS model...
 iteration      Selected as coding    rejected as non-coding
       0                       66                       52
       1                       55                      129
       2                        9                       98
       3                        0                       78
       4                        0                       52
       5                        0                       24
       6                        0                        9
       7                        0                        4
       8                        0                        0
Selected root coding ORFs number: 130
Rejected non-coding ORFs number: 446
Remaining ORFs number: 874

Select coding ORFs from remianing ORFs using a Fisher discriminant function...
Remaining: 533
Process overlapping genes...
Totally predict 311 genes.
Second run of TIS model.
Extract TUI and TUL genes (length >300bp)
TUI genes number: 134
TUL genes number: 45
Compare TUI TIS model with TUL TIS model...
Train TUI TIS model..
Train TUL TIS model..
Lamda > 0: TUL TIS model is similar to TUI TIS model.
Re-train TIS model....
Choose final TIS...
Predicted genes have been saved in file: /home3/katelyn/PATRIC/fna/1540095.8.fna.MED
Detailed information for predicted TIS has been saved in /home3/katelyn/PATRIC/fna/1540095.8.fna.MED.para
