Welcome to MED2.0
Genome file is /home3/katelyn/PATRIC/fna/1540090.7.fna
sequence size: 164302
GC%: 0.394663

Number of exactcted ORFs: 1119
Select root ORFs and first running of TIS model...
 iteration      Selected as coding    rejected as non-coding
       0                       50                       50
       1                       60                      167
       2                        9                      110
       3                        0                       28
       4                        0                        5
       5                        0                        2
       6                        0                        0
Selected root coding ORFs number: 119
Rejected non-coding ORFs number: 362
Remaining ORFs number: 638

Select coding ORFs from remianing ORFs using a Fisher discriminant function...
Remaining: 341
Process overlapping genes...
Totally predict 252 genes.
Second run of TIS model.
Extract TUI and TUL genes (length >300bp)
TUI genes number: 78
TUL genes number: 77
Compare TUI TIS model with TUL TIS model...
Train TUI TIS model..
Train TUL TIS model..
Lamda > 0: TUL TIS model is similar to TUI TIS model.
Re-train TIS model....
Choose final TIS...
Predicted genes have been saved in file: /home3/katelyn/PATRIC/fna/1540090.7.fna.MED
Detailed information for predicted TIS has been saved in /home3/katelyn/PATRIC/fna/1540090.7.fna.MED.para
