Welcome to MED2.0
Genome file is /home3/katelyn/PATRIC/fna/1540099.7.fna
sequence size: 123475
GC%: 0.403069

Number of exactcted ORFs: 980
Select root ORFs and first running of TIS model...
 iteration      Selected as coding    rejected as non-coding
       0                       24                       23
       1                       27                       47
       2                       10                       68
       3                        1                       50
       4                        0                       36
       5                        0                       12
       6                        0                        2
       7                        0                        2
       8                        0                        2
       9                        0                        0
Selected root coding ORFs number: 62
Rejected non-coding ORFs number: 242
Remaining ORFs number: 676

Select coding ORFs from remianing ORFs using a Fisher discriminant function...
Remaining: 322
Process overlapping genes...
Totally predict 218 genes.
Second run of TIS model.
Extract TUI and TUL genes (length >300bp)
TUI genes number: 63
TUL genes number: 49
Compare TUI TIS model with TUL TIS model...
Train TUI TIS model..
Train TUL TIS model..
Lamda > 0: TUL TIS model is similar to TUI TIS model.
Re-train TIS model....
Choose final TIS...
Predicted genes have been saved in file: /home3/katelyn/PATRIC/fna/1540099.7.fna.MED
Detailed information for predicted TIS has been saved in /home3/katelyn/PATRIC/fna/1540099.7.fna.MED.para
