Welcome to MED2.0
Genome file is /home3/katelyn/PATRIC/fna/1541883.8.fna
sequence size: 42351
GC%: 0.53347

Number of exactcted ORFs: 492
Select root ORFs and first running of TIS model...
 iteration      Selected as coding    rejected as non-coding
       0                       10                       61
       1                        6                      118
       2                        3                       48
       3                        0                       13
       4                        0                        8
       5                        0                        1
       6                        0                        0
Selected root coding ORFs number: 19
Rejected non-coding ORFs number: 249
Remaining ORFs number: 224

Select coding ORFs from remianing ORFs using a Fisher discriminant function...
Remaining: 165
Process overlapping genes...
Totally predict 68 genes.
Second run of TIS model.
Extract TUI and TUL genes (length >300bp)
TUI genes number: 36
TUL genes number: 8
Compare TUI TIS model with TUL TIS model...
Train TUI TIS model..
Train TUL TIS model..
Lamda < 0: TUL TIS model differs from TUI TIS model
Re-train TUI TIS model.....
Re-train TUL TIS model...
Choose final TIS...
Predicted genes have been saved in file: /home3/katelyn/PATRIC/fna/1541883.8.fna.MED
Detailed information for predicted TIS has been saved in /home3/katelyn/PATRIC/fna/1541883.8.fna.MED.para
