Welcome to MED2.0
Genome file is /home3/katelyn/PATRIC/fna/1541891.6.fna
sequence size: 73048
GC%: 0.54853

Number of exactcted ORFs: 722
Select root ORFs and first running of TIS model...
 iteration      Selected as coding    rejected as non-coding
       0                       24                       34
       1                       10                      205
       2                        0                       93
       3                        0                       33
       4                        0                        7
       5                        0                        5
       6                        0                       12
       7                        0                       20
       8                        0                       18
       9                        0                        4
      10                        0                        2
      11                        0                        0
Selected root coding ORFs number: 34
Rejected non-coding ORFs number: 433
Remaining ORFs number: 255

Select coding ORFs from remianing ORFs using a Fisher discriminant function...
Remaining: 211
Process overlapping genes...
Totally predict 96 genes.
Second run of TIS model.
Extract TUI and TUL genes (length >300bp)
TUI genes number: 35
TUL genes number: 28
Compare TUI TIS model with TUL TIS model...
Train TUI TIS model..
Train TUL TIS model..
Lamda > 0: TUL TIS model is similar to TUI TIS model.
Re-train TIS model......
Choose final TIS...
Predicted genes have been saved in file: /home3/katelyn/PATRIC/fna/1541891.6.fna.MED
Detailed information for predicted TIS has been saved in /home3/katelyn/PATRIC/fna/1541891.6.fna.MED.para
