Welcome to MED2.0
Genome file is /home3/katelyn/PATRIC/fna/1542091.7.fna
sequence size: 43047
GC%: 0.537645

Number of exactcted ORFs: 468
Select root ORFs and first running of TIS model...
 iteration      Selected as coding    rejected as non-coding
       0                       13                        7
       1                        5                       51
       2                        1                       56
       3                        0                       27
       4                        0                       12
       5                        0                        9
       6                        0                       13
       7                        0                       15
       8                        0                        7
       9                        0                        1
      10                        0                        0
Selected root coding ORFs number: 19
Rejected non-coding ORFs number: 198
Remaining ORFs number: 251

Select coding ORFs from remianing ORFs using a Fisher discriminant function...
Remaining: 201
Process overlapping genes...
Totally predict 58 genes.
Second run of TIS model.
Extract TUI and TUL genes (length >300bp)
TUI genes number: 26
TUL genes number: 15
Compare TUI TIS model with TUL TIS model...
Train TUI TIS model..
Train TUL TIS model..
Lamda > 0: TUL TIS model is similar to TUI TIS model.
Re-train TIS model...
Choose final TIS...
Predicted genes have been saved in file: /home3/katelyn/PATRIC/fna/1542091.7.fna.MED
Detailed information for predicted TIS has been saved in /home3/katelyn/PATRIC/fna/1542091.7.fna.MED.para
