Welcome to MED2.0
Genome file is /home3/katelyn/PATRIC/fna/1548917.8.fna
sequence size: 66181
GC%: 0.549025

Number of exactcted ORFs: 722
Select root ORFs and first running of TIS model...
 iteration      Selected as coding    rejected as non-coding
       0                       21                       84
       1                        5                      132
       2                        0                       42
       3                        0                       11
       4                        0                        1
       5                        0                        0
Selected root coding ORFs number: 26
Rejected non-coding ORFs number: 270
Remaining ORFs number: 426

Select coding ORFs from remianing ORFs using a Fisher discriminant function...
Remaining: 313
Process overlapping genes...
Totally predict 94 genes.
Second run of TIS model.
Extract TUI and TUL genes (length >300bp)
TUI genes number: 27
TUL genes number: 39
Compare TUI TIS model with TUL TIS model...
Train TUI TIS model..
Train TUL TIS model..
Lamda > 0: TUL TIS model is similar to TUI TIS model.
Re-train TIS model.......
Choose final TIS...
Predicted genes have been saved in file: /home3/katelyn/PATRIC/fna/1548917.8.fna.MED
Detailed information for predicted TIS has been saved in /home3/katelyn/PATRIC/fna/1548917.8.fna.MED.para
