Welcome to MED2.0
Genome file is /home3/katelyn/PATRIC/fna/1552735.8.fna
sequence size: 74806
GC%: 0.377644

Number of exactcted ORFs: 555
Select root ORFs and first running of TIS model...
 iteration      Selected as coding    rejected as non-coding
       0                        5                        5
       1                       10                       38
       2                        8                       51
       3                        3                       62
       4                        0                       43
       5                        0                       12
       6                        0                        2
       7                        0                        4
       8                        0                        5
       9                        0                        2
      10                        0                        2
      11                        0                        1
      12                        0                        0
Selected root coding ORFs number: 26
Rejected non-coding ORFs number: 227
Remaining ORFs number: 302

Select coding ORFs from remianing ORFs using a Fisher discriminant function...
Remaining: 187
Process overlapping genes...
Totally predict 100 genes.
Second run of TIS model.
Extract TUI and TUL genes (length >300bp)
TUI genes number: 39
TUL genes number: 23
Compare TUI TIS model with TUL TIS model...
Train TUI TIS model..
Train TUL TIS model..
Lamda > 0: TUL TIS model is similar to TUI TIS model.
Re-train TIS model....
Choose final TIS...
Predicted genes have been saved in file: /home3/katelyn/PATRIC/fna/1552735.8.fna.MED
Detailed information for predicted TIS has been saved in /home3/katelyn/PATRIC/fna/1552735.8.fna.MED.para
