Welcome to MED2.0
Genome file is /home3/katelyn/PATRIC/fna/1557033.5.fna
sequence size: 29767
GC%: 0.511002

Number of exactcted ORFs: 313
Select root ORFs and first running of TIS model...
 iteration      Selected as coding    rejected as non-coding
       0                        7                       20
       1                        2                       38
       2                        0                       27
       3                        0                       15
       4                        0                        6
       5                        0                        4
       6                        0                        1
       7                        0                        1
       8                        0                        0
Selected root coding ORFs number: 9
Rejected non-coding ORFs number: 112
Remaining ORFs number: 192

Select coding ORFs from remianing ORFs using a Fisher discriminant function...
Remaining: 111
Process overlapping genes...
Totally predict 35 genes.
Second run of TIS model.
Extract TUI and TUL genes (length >300bp)
TUI genes number: 11
TUL genes number: 12
Compare TUI TIS model with TUL TIS model...
Train TUI TIS model..
Train TUL TIS model..
Lamda < 0: TUL TIS model differs from TUI TIS model
Re-train TUI TIS model..
Re-train TUL TIS model..
Choose final TIS...
Predicted genes have been saved in file: /home3/katelyn/PATRIC/fna/1557033.5.fna.MED
Detailed information for predicted TIS has been saved in /home3/katelyn/PATRIC/fna/1557033.5.fna.MED.para
