Welcome to MED2.0
Genome file is /home3/katelyn/PATRIC/fna/1558469.9.fna
sequence size: 39725
GC%: 0.505047

Number of exactcted ORFs: 430
Select root ORFs and first running of TIS model...
 iteration      Selected as coding    rejected as non-coding
       0                       16                       30
       1                        2                       58
       2                        0                       39
       3                        0                       19
       4                        0                       10
       5                        0                        2
       6                        0                        0
Selected root coding ORFs number: 18
Rejected non-coding ORFs number: 158
Remaining ORFs number: 254

Select coding ORFs from remianing ORFs using a Fisher discriminant function...
Remaining: 93
Process overlapping genes...
Totally predict 50 genes.
Second run of TIS model.
Extract TUI and TUL genes (length >300bp)
TUI genes number: 28
TUL genes number: 12
Compare TUI TIS model with TUL TIS model...
Train TUI TIS model..
Train TUL TIS model..
Lamda > 0: TUL TIS model is similar to TUI TIS model.
Re-train TIS model...
Choose final TIS...
Predicted genes have been saved in file: /home3/katelyn/PATRIC/fna/1558469.9.fna.MED
Detailed information for predicted TIS has been saved in /home3/katelyn/PATRIC/fna/1558469.9.fna.MED.para
