Welcome to MED2.0
Genome file is /home3/katelyn/PATRIC/fna/1560283.8.fna
sequence size: 43642
GC%: 0.393222

Number of exactcted ORFs: 307
Select root ORFs and first running of TIS model...
 iteration      Selected as coding    rejected as non-coding
       0                       10                        3
       1                        4                       16
       2                        0                       30
       3                        0                       29
       4                        0                       20
       5                        0                       11
       6                        0                        7
       7                        0                        1
       8                        0                        0
Selected root coding ORFs number: 14
Rejected non-coding ORFs number: 117
Remaining ORFs number: 176

Select coding ORFs from remianing ORFs using a Fisher discriminant function...
Remaining: 111
Process overlapping genes...
Totally predict 58 genes.
Second run of TIS model.
Extract TUI and TUL genes (length >300bp)
TUI genes number: 14
TUL genes number: 18
Compare TUI TIS model with TUL TIS model...
Train TUI TIS model..
Train TUL TIS model..
Lamda > 0: TUL TIS model is similar to TUI TIS model.
Re-train TIS model...
Choose final TIS...
Predicted genes have been saved in file: /home3/katelyn/PATRIC/fna/1560283.8.fna.MED
Detailed information for predicted TIS has been saved in /home3/katelyn/PATRIC/fna/1560283.8.fna.MED.para
