Welcome to MED2.0
Genome file is /home3/katelyn/PATRIC/fna/1567487.12.fna
sequence size: 39861
GC%: 0.42726

Number of exactcted ORFs: 366
Select root ORFs and first running of TIS model...
 iteration      Selected as coding    rejected as non-coding
       0                       21                       11
       1                        9                       16
       2                        0                       10
       3                        0                        9
       4                        0                        7
       5                        0                        1
       6                        0                        0
Selected root coding ORFs number: 30
Rejected non-coding ORFs number: 54
Remaining ORFs number: 282

Select coding ORFs from remianing ORFs using a Fisher discriminant function...
Remaining: 175
Process overlapping genes...
Totally predict 63 genes.
Second run of TIS model.
Extract TUI and TUL genes (length >300bp)
TUI genes number: 37
TUL genes number: 6
Compare TUI TIS model with TUL TIS model...
Train TUI TIS model..
Train TUL TIS model..
Lamda > 0: TUL TIS model is similar to TUI TIS model.
Re-train TIS model.....
Choose final TIS...
Predicted genes have been saved in file: /home3/katelyn/PATRIC/fna/1567487.12.fna.MED
Detailed information for predicted TIS has been saved in /home3/katelyn/PATRIC/fna/1567487.12.fna.MED.para
