Welcome to MED2.0
Genome file is /home3/katelyn/PATRIC/fna/1567484.7.fna
sequence size: 106071
GC%: 0.381622

Number of exactcted ORFs: 696
Select root ORFs and first running of TIS model...
 iteration      Selected as coding    rejected as non-coding
       0                       19                        7
       1                       45                       29
       2                       13                       29
       3                        4                       29
       4                        0                       26
       5                        0                       20
       6                        0                       13
       7                        0                        1
       8                        0                        0
Selected root coding ORFs number: 81
Rejected non-coding ORFs number: 154
Remaining ORFs number: 461

Select coding ORFs from remianing ORFs using a Fisher discriminant function...
Remaining: 274
Process overlapping genes...
Totally predict 136 genes.
Second run of TIS model.
Extract TUI and TUL genes (length >300bp)
TUI genes number: 56
TUL genes number: 34
Compare TUI TIS model with TUL TIS model...
Train TUI TIS model..
Train TUL TIS model..
Lamda > 0: TUL TIS model is similar to TUI TIS model.
Re-train TIS model.....
Choose final TIS...
Predicted genes have been saved in file: /home3/katelyn/PATRIC/fna/1567484.7.fna.MED
Detailed information for predicted TIS has been saved in /home3/katelyn/PATRIC/fna/1567484.7.fna.MED.para
