Welcome to MED2.0
Genome file is /home3/katelyn/PATRIC/fna/1567479.6.fna
sequence size: 53008
GC%: 0.638602

Number of exactcted ORFs: 504
Select root ORFs and first running of TIS model...
 iteration      Selected as coding    rejected as non-coding
       0                       57                      152
       1                        4                       22
       2                        0                        5
       3                        0                        0
Selected root coding ORFs number: 61
Rejected non-coding ORFs number: 218
Remaining ORFs number: 225
Select coding ORFs from remianing ORFs using Fisher discriminant functions...
Remaining: 138
Process overlapping genes...
Totally predict 98 genes.
Second run of TIS model.
Extract TUI and TUL genes (length >300bp)
TUI genes number: 39
TUL genes number: 16
Compare TUI TIS model with TUL TIS model...
Train TUI TIS model..
Train TUL TIS model..
Lamda > 0: TUL TIS model is similar to TUI TIS model.
Re-train TIS model.....
Choose final TIS...
Predicted genes have been saved in file: /home3/katelyn/PATRIC/fna/1567479.6.fna.MED
Detailed information for predicted TIS has been saved in /home3/katelyn/PATRIC/fna/1567479.6.fna.MED.para
