Welcome to MED2.0
Genome file is /home3/katelyn/PATRIC/fna/1567005.7.fna
sequence size: 110764
GC%: 0.611534

Number of exactcted ORFs: 1374
Select root ORFs and first running of TIS model...
 iteration      Selected as coding    rejected as non-coding
       0                      174                      254
       1                       35                       62
       2                        6                       10
       3                        0                        5
       4                        0                        1
       5                        0                        0
Selected root coding ORFs number: 215
Rejected non-coding ORFs number: 367
Remaining ORFs number: 792
Select coding ORFs from remianing ORFs using Fisher discriminant functions...
Remaining: 614
Process overlapping genes...
Totally predict 273 genes.
Second run of TIS model.
Extract TUI and TUL genes (length >300bp)
TUI genes number: 75
TUL genes number: 59
Compare TUI TIS model with TUL TIS model...
Train TUI TIS model..
Train TUL TIS model..
Lamda < 0: TUL TIS model differs from TUI TIS model
Re-train TUI TIS model...
Re-train TUL TIS model.....
Choose final TIS...
Predicted genes have been saved in file: /home3/katelyn/PATRIC/fna/1567005.7.fna.MED
Detailed information for predicted TIS has been saved in /home3/katelyn/PATRIC/fna/1567005.7.fna.MED.para
