Welcome to MED2.0
Genome file is /home3/katelyn/PATRIC/fna/1567487.11.fna
sequence size: 39873
GC%: 0.427608

Number of exactcted ORFs: 374
Select root ORFs and first running of TIS model...
 iteration      Selected as coding    rejected as non-coding
       0                       21                       10
       1                        9                       16
       2                        0                       12
       3                        0                        9
       4                        0                        6
       5                        0                        1
       6                        0                        0
Selected root coding ORFs number: 30
Rejected non-coding ORFs number: 54
Remaining ORFs number: 290

Select coding ORFs from remianing ORFs using a Fisher discriminant function...
Remaining: 167
Process overlapping genes...
Totally predict 64 genes.
Second run of TIS model.
Extract TUI and TUL genes (length >300bp)
TUI genes number: 37
TUL genes number: 8
Compare TUI TIS model with TUL TIS model...
Train TUI TIS model..
Train TUL TIS model..
Lamda < 0: TUL TIS model differs from TUI TIS model
Re-train TUI TIS model....
Re-train TUL TIS model..
Choose final TIS...
Predicted genes have been saved in file: /home3/katelyn/PATRIC/fna/1567487.11.fna.MED
Detailed information for predicted TIS has been saved in /home3/katelyn/PATRIC/fna/1567487.11.fna.MED.para
