Welcome to MED2.0
Genome file is /home3/katelyn/PATRIC/fna/1567468.7.fna
sequence size: 51492
GC%: 0.639769

Number of exactcted ORFs: 492
Select root ORFs and first running of TIS model...
 iteration      Selected as coding    rejected as non-coding
       0                       58                      157
       1                        8                       25
       2                        0                        6
       3                        0                        2
       4                        0                        0
Selected root coding ORFs number: 66
Rejected non-coding ORFs number: 271
Remaining ORFs number: 155
Select coding ORFs from remianing ORFs using Fisher discriminant functions...
Remaining: 122
Process overlapping genes...
Totally predict 92 genes.
Second run of TIS model.
Extract TUI and TUL genes (length >300bp)
TUI genes number: 32
TUL genes number: 13
Compare TUI TIS model with TUL TIS model...
Train TUI TIS model..
Train TUL TIS model..
Lamda > 0: TUL TIS model is similar to TUI TIS model.
Re-train TIS model.....
Choose final TIS...
Predicted genes have been saved in file: /home3/katelyn/PATRIC/fna/1567468.7.fna.MED
Detailed information for predicted TIS has been saved in /home3/katelyn/PATRIC/fna/1567468.7.fna.MED.para
