Welcome to MED2.0
Genome file is /home3/katelyn/PATRIC/fna/1567029.7.fna
sequence size: 171541
GC%: 0.402219

Number of exactcted ORFs: 1606
Select root ORFs and first running of TIS model...
 iteration      Selected as coding    rejected as non-coding
       0                       62                       85
       1                       42                      286
       2                        5                      173
       3                        1                       41
       4                        0                       12
       5                        0                        4
       6                        0                        0
Selected root coding ORFs number: 110
Rejected non-coding ORFs number: 601
Remaining ORFs number: 895

Select coding ORFs from remianing ORFs using a Fisher discriminant function...
Remaining: 448
Process overlapping genes...
Totally predict 285 genes.
Second run of TIS model.
Extract TUI and TUL genes (length >300bp)
TUI genes number: 113
TUL genes number: 62
Compare TUI TIS model with TUL TIS model...
Train TUI TIS model..
Train TUL TIS model..
Lamda > 0: TUL TIS model is similar to TUI TIS model.
Re-train TIS model......
Choose final TIS...
Predicted genes have been saved in file: /home3/katelyn/PATRIC/fna/1567029.7.fna.MED
Detailed information for predicted TIS has been saved in /home3/katelyn/PATRIC/fna/1567029.7.fna.MED.para
