Welcome to MED2.0
Genome file is /home3/katelyn/PATRIC/fna/1567478.5.fna
sequence size: 53058
GC%: 0.637453

Number of exactcted ORFs: 507
Select root ORFs and first running of TIS model...
 iteration      Selected as coding    rejected as non-coding
       0                       63                      165
       1                        8                       28
       2                        2                        1
       3                        0                        0
Selected root coding ORFs number: 73
Rejected non-coding ORFs number: 232
Remaining ORFs number: 202
Select coding ORFs from remianing ORFs using Fisher discriminant functions...
Remaining: 152
Process overlapping genes...
Totally predict 98 genes.
Second run of TIS model.
Extract TUI and TUL genes (length >300bp)
TUI genes number: 30
TUL genes number: 26
Compare TUI TIS model with TUL TIS model...
Train TUI TIS model..
Train TUL TIS model..
Lamda < 0: TUL TIS model differs from TUI TIS model
Re-train TUI TIS model...
Re-train TUL TIS model....
Choose final TIS...
Predicted genes have been saved in file: /home3/katelyn/PATRIC/fna/1567478.5.fna.MED
Detailed information for predicted TIS has been saved in /home3/katelyn/PATRIC/fna/1567478.5.fna.MED.para
