Welcome to MED2.0
Genome file is /home3/katelyn/PATRIC/fna/1572747.7.fna
sequence size: 52139
GC%: 0.41094

Number of exactcted ORFs: 451
Select root ORFs and first running of TIS model...
 iteration      Selected as coding    rejected as non-coding
       0                       22                       11
       1                       20                       15
       2                        2                       19
       3                        0                        8
       4                        0                        8
       5                        0                        6
       6                        0                        3
       7                        0                        0
Selected root coding ORFs number: 44
Rejected non-coding ORFs number: 70
Remaining ORFs number: 337

Select coding ORFs from remianing ORFs using a Fisher discriminant function...
Remaining: 251
Process overlapping genes...
Totally predict 95 genes.
Second run of TIS model.
Extract TUI and TUL genes (length >300bp)
TUI genes number: 37
TUL genes number: 15
Compare TUI TIS model with TUL TIS model...
Train TUI TIS model..
Train TUL TIS model..
Lamda < 0: TUL TIS model differs from TUI TIS model
Re-train TUI TIS model....
Re-train TUL TIS model..
Choose final TIS...
Predicted genes have been saved in file: /home3/katelyn/PATRIC/fna/1572747.7.fna.MED
Detailed information for predicted TIS has been saved in /home3/katelyn/PATRIC/fna/1572747.7.fna.MED.para
