Welcome to MED2.0
Genome file is /home3/katelyn/PATRIC/fna/1572749.6.fna
sequence size: 52049
GC%: 0.413706

Number of exactcted ORFs: 461
Select root ORFs and first running of TIS model...
 iteration      Selected as coding    rejected as non-coding
       0                        9                        9
       1                        4                       26
       2                        0                       36
       3                        0                       18
       4                        0                       12
       5                        0                        5
       6                        0                        4
       7                        0                        3
       8                        0                        3
       9                        0                        0
Selected root coding ORFs number: 13
Rejected non-coding ORFs number: 116
Remaining ORFs number: 332

Select coding ORFs from remianing ORFs using a Fisher discriminant function...
Remaining: 172
Process overlapping genes...
Totally predict 93 genes.
Second run of TIS model.
Extract TUI and TUL genes (length >300bp)
TUI genes number: 39
TUL genes number: 13
Compare TUI TIS model with TUL TIS model...
Train TUI TIS model..
Train TUL TIS model..
Lamda > 0: TUL TIS model is similar to TUI TIS model.
Re-train TIS model...
Choose final TIS...
Predicted genes have been saved in file: /home3/katelyn/PATRIC/fna/1572749.6.fna.MED
Detailed information for predicted TIS has been saved in /home3/katelyn/PATRIC/fna/1572749.6.fna.MED.para
