Welcome to MED2.0
Genome file is /home3/katelyn/PATRIC/fna/1572743.7.fna
sequence size: 50078
GC%: 0.413096

Number of exactcted ORFs: 445
Select root ORFs and first running of TIS model...
 iteration      Selected as coding    rejected as non-coding
       0                        9                        8
       1                        4                       20
       2                        0                       38
       3                        0                       18
       4                        0                       14
       5                        0                        5
       6                        0                        5
       7                        0                        2
       8                        0                        2
       9                        0                        0
Selected root coding ORFs number: 13
Rejected non-coding ORFs number: 112
Remaining ORFs number: 320

Select coding ORFs from remianing ORFs using a Fisher discriminant function...
Remaining: 248
Process overlapping genes...
Totally predict 92 genes.
Second run of TIS model.
Extract TUI and TUL genes (length >300bp)
TUI genes number: 36
TUL genes number: 15
Compare TUI TIS model with TUL TIS model...
Train TUI TIS model..
Train TUL TIS model..
Lamda > 0: TUL TIS model is similar to TUI TIS model.
Re-train TIS model....
Choose final TIS...
Predicted genes have been saved in file: /home3/katelyn/PATRIC/fna/1572743.7.fna.MED
Detailed information for predicted TIS has been saved in /home3/katelyn/PATRIC/fna/1572743.7.fna.MED.para
