Welcome to MED2.0
Genome file is /home3/katelyn/PATRIC/fna/1589298.8.fna
sequence size: 116138
GC%: 0.428275

Number of exactcted ORFs: 828
Select root ORFs and first running of TIS model...
 iteration      Selected as coding    rejected as non-coding
       0                       52                       22
       1                       31                       61
       2                        5                       37
       3                        0                       16
       4                        0                        7
       5                        0                        2
       6                        0                        0
Selected root coding ORFs number: 88
Rejected non-coding ORFs number: 145
Remaining ORFs number: 595

Select coding ORFs from remianing ORFs using a Fisher discriminant function...
Remaining: 451
Process overlapping genes...
Totally predict 203 genes.
Second run of TIS model.
Extract TUI and TUL genes (length >300bp)
TUI genes number: 78
TUL genes number: 40
Compare TUI TIS model with TUL TIS model...
Train TUI TIS model..
Train TUL TIS model..
Lamda > 0: TUL TIS model is similar to TUI TIS model.
Re-train TIS model....
Choose final TIS...
Predicted genes have been saved in file: /home3/katelyn/PATRIC/fna/1589298.8.fna.MED
Detailed information for predicted TIS has been saved in /home3/katelyn/PATRIC/fna/1589298.8.fna.MED.para
