Welcome to MED2.0
Genome file is /home3/katelyn/PATRIC/fna/1589273.7.fna
sequence size: 45626
GC%: 0.520208

Number of exactcted ORFs: 454
Select root ORFs and first running of TIS model...
 iteration      Selected as coding    rejected as non-coding
       0                       21                       28
       1                       15                       67
       2                        2                       36
       3                        0                        7
       4                        0                        0
Selected root coding ORFs number: 38
Rejected non-coding ORFs number: 138
Remaining ORFs number: 278

Select coding ORFs from remianing ORFs using a Fisher discriminant function...
Remaining: 267
Process overlapping genes...
Totally predict 74 genes.
Second run of TIS model.
Extract TUI and TUL genes (length >300bp)
TUI genes number: 25
TUL genes number: 21
Compare TUI TIS model with TUL TIS model...
Train TUI TIS model..
Train TUL TIS model..
Lamda < 0: TUL TIS model differs from TUI TIS model
Re-train TUI TIS model...
Re-train TUL TIS model...
Choose final TIS...
Predicted genes have been saved in file: /home3/katelyn/PATRIC/fna/1589273.7.fna.MED
Detailed information for predicted TIS has been saved in /home3/katelyn/PATRIC/fna/1589273.7.fna.MED.para
