Welcome to MED2.0
Genome file is /home3/katelyn/PATRIC/fna/1589269.5.fna
sequence size: 40365
GC%: 0.351022

Number of exactcted ORFs: 327
Select root ORFs and first running of TIS model...
 iteration      Selected as coding    rejected as non-coding
       0                        7                        1
       1                       11                        7
       2                        4                       22
       3                        1                       39
       4                        0                       32
       5                        0                       18
       6                        0                        7
       7                        0                        4
       8                        0                        0
Selected root coding ORFs number: 23
Rejected non-coding ORFs number: 130
Remaining ORFs number: 174

Select coding ORFs from remianing ORFs using a Fisher discriminant function...
Remaining: 98
Process overlapping genes...
Totally predict 67 genes.
Second run of TIS model.
Extract TUI and TUL genes (length >300bp)
TUI genes number: 29
TUL genes number: 9
Compare TUI TIS model with TUL TIS model...
Train TUI TIS model..
Train TUL TIS model..
Lamda > 0: TUL TIS model is similar to TUI TIS model.
Re-train TIS model.....
Choose final TIS...
Predicted genes have been saved in file: /home3/katelyn/PATRIC/fna/1589269.5.fna.MED
Detailed information for predicted TIS has been saved in /home3/katelyn/PATRIC/fna/1589269.5.fna.MED.para
