Welcome to MED2.0
Genome file is /home3/katelyn/PATRIC/fna/1589752.7.fna
sequence size: 37990
GC%: 0.417794

Number of exactcted ORFs: 345
Select root ORFs and first running of TIS model...
 iteration      Selected as coding    rejected as non-coding
       0                       13                       17
       1                       17                       29
       2                        2                       27
       3                        0                        5
       4                        0                        4
       5                        0                        1
       6                        0                        0
Selected root coding ORFs number: 32
Rejected non-coding ORFs number: 83
Remaining ORFs number: 230

Select coding ORFs from remianing ORFs using a Fisher discriminant function...
Remaining: 114
Process overlapping genes...
Totally predict 65 genes.
Second run of TIS model.
Extract TUI and TUL genes (length >300bp)
TUI genes number: 31
TUL genes number: 7
Compare TUI TIS model with TUL TIS model...
Train TUI TIS model..
Train TUL TIS model..
Lamda > 0: TUL TIS model is similar to TUI TIS model.
Re-train TIS model...
Choose final TIS...
Predicted genes have been saved in file: /home3/katelyn/PATRIC/fna/1589752.7.fna.MED
Detailed information for predicted TIS has been saved in /home3/katelyn/PATRIC/fna/1589752.7.fna.MED.para
