Welcome to MED2.0
Genome file is /home3/katelyn/PATRIC/fna/1597971.6.fna
sequence size: 66381
GC%: 0.556439

Number of exactcted ORFs: 696
Select root ORFs and first running of TIS model...
 iteration      Selected as coding    rejected as non-coding
       0                       27                       95
       1                       12                      123
       2                       24                       27
       3                        8                        3
       4                        1                        1
       5                        0                        0
Selected root coding ORFs number: 72
Rejected non-coding ORFs number: 249
Remaining ORFs number: 375

Select coding ORFs from remianing ORFs using a Fisher discriminant function...
Remaining: 360
Process overlapping genes...
Totally predict 99 genes.
Second run of TIS model.
Extract TUI and TUL genes (length >300bp)
TUI genes number: 24
TUL genes number: 38
Compare TUI TIS model with TUL TIS model...
Train TUI TIS model..
Train TUL TIS model..
Lamda > 0: TUL TIS model is similar to TUI TIS model.
Re-train TIS model....
Choose final TIS...
Predicted genes have been saved in file: /home3/katelyn/PATRIC/fna/1597971.6.fna.MED
Detailed information for predicted TIS has been saved in /home3/katelyn/PATRIC/fna/1597971.6.fna.MED.para
