Welcome to MED2.0
Genome file is /home3/katelyn/PATRIC/fna/1597972.7.fna
sequence size: 65994
GC%: 0.555126

Number of exactcted ORFs: 683
Select root ORFs and first running of TIS model...
 iteration      Selected as coding    rejected as non-coding
       0                       14                       86
       1                       10                      151
       2                        8                       21
       3                       10                        4
       4                        2                        2
       5                        0                        2
       6                        0                        0
Selected root coding ORFs number: 44
Rejected non-coding ORFs number: 266
Remaining ORFs number: 373

Select coding ORFs from remianing ORFs using a Fisher discriminant function...
Remaining: 274
Process overlapping genes...
Totally predict 95 genes.
Second run of TIS model.
Extract TUI and TUL genes (length >300bp)
TUI genes number: 22
TUL genes number: 42
Compare TUI TIS model with TUL TIS model...
Train TUI TIS model..
Train TUL TIS model..
Lamda > 0: TUL TIS model is similar to TUI TIS model.
Re-train TIS model....
Choose final TIS...
Predicted genes have been saved in file: /home3/katelyn/PATRIC/fna/1597972.7.fna.MED
Detailed information for predicted TIS has been saved in /home3/katelyn/PATRIC/fna/1597972.7.fna.MED.para
