Welcome to MED2.0
Genome file is /home3/katelyn/PATRIC/fna/1605379.9.fna
sequence size: 104906
GC%: 0.377738

Number of exactcted ORFs: 847
Select root ORFs and first running of TIS model...
 iteration      Selected as coding    rejected as non-coding
       0                       59                       19
       1                       33                       25
       2                        6                       33
       3                        0                       33
       4                        0                       32
       5                        0                       25
       6                        0                        5
       7                        0                        3
       8                        0                        1
       9                        0                        1
      10                        0                        0
Selected root coding ORFs number: 98
Rejected non-coding ORFs number: 177
Remaining ORFs number: 572

Select coding ORFs from remianing ORFs using a Fisher discriminant function...
Remaining: 318
Process overlapping genes...
Totally predict 185 genes.
Second run of TIS model.
Extract TUI and TUL genes (length >300bp)
TUI genes number: 78
TUL genes number: 27
Compare TUI TIS model with TUL TIS model...
Train TUI TIS model..
Train TUL TIS model..
Lamda > 0: TUL TIS model is similar to TUI TIS model.
Re-train TIS model.....
Choose final TIS...
Predicted genes have been saved in file: /home3/katelyn/PATRIC/fna/1605379.9.fna.MED
Detailed information for predicted TIS has been saved in /home3/katelyn/PATRIC/fna/1605379.9.fna.MED.para
