Welcome to MED2.0
Genome file is /home3/katelyn/PATRIC/fna/1610831.6.fna
sequence size: 140906
GC%: 0.30328

Number of exactcted ORFs: 737
Select root ORFs and first running of TIS model...
 iteration      Selected as coding    rejected as non-coding
       0                       16                        1
       1                       62                        8
       2                       45                       63
       3                        8                       64
       4                        0                       46
       5                        0                       25
       6                        0                       12
       7                        0                        5
       8                        0                        2
       9                        0                        0
Selected root coding ORFs number: 131
Rejected non-coding ORFs number: 226
Remaining ORFs number: 380

Select coding ORFs from remianing ORFs using a Fisher discriminant function...
Remaining: 300
Process overlapping genes...
Totally predict 228 genes.
Second run of TIS model.
Extract TUI and TUL genes (length >300bp)
TUI genes number: 86
TUL genes number: 57
Compare TUI TIS model with TUL TIS model...
Train TUI TIS model..
Train TUL TIS model..
Lamda > 0: TUL TIS model is similar to TUI TIS model.
Re-train TIS model.....
Choose final TIS...
Predicted genes have been saved in file: /home3/katelyn/PATRIC/fna/1610831.6.fna.MED
Detailed information for predicted TIS has been saved in /home3/katelyn/PATRIC/fna/1610831.6.fna.MED.para
