Welcome to MED2.0
Genome file is /home3/katelyn/PATRIC/fna/1610835.12.fna
sequence size: 43595
GC%: 0.54153

Number of exactcted ORFs: 428
Select root ORFs and first running of TIS model...
 iteration      Selected as coding    rejected as non-coding
       0                       11                       24
       1                        7                       76
       2                        4                       55
       3                        1                       12
       4                        0                        6
       5                        0                        2
       6                        0                        0
Selected root coding ORFs number: 23
Rejected non-coding ORFs number: 175
Remaining ORFs number: 230

Select coding ORFs from remianing ORFs using a Fisher discriminant function...
Remaining: 150
Process overlapping genes...
Totally predict 56 genes.
Second run of TIS model.
Extract TUI and TUL genes (length >300bp)
TUI genes number: 22
TUL genes number: 10
Compare TUI TIS model with TUL TIS model...
Train TUI TIS model..
Train TUL TIS model..
Lamda > 0: TUL TIS model is similar to TUI TIS model.
Re-train TIS model...
Choose final TIS...
Predicted genes have been saved in file: /home3/katelyn/PATRIC/fna/1610835.12.fna.MED
Detailed information for predicted TIS has been saved in /home3/katelyn/PATRIC/fna/1610835.12.fna.MED.para
