Welcome to MED2.0
Genome file is /home3/katelyn/PATRIC/fna/1622116.7.fna
sequence size: 70774
GC%: 0.430808

Number of exactcted ORFs: 605
Select root ORFs and first running of TIS model...
 iteration      Selected as coding    rejected as non-coding
       0                       18                       18
       1                        3                       53
       2                        1                       44
       3                        0                       24
       4                        0                       10
       5                        0                        1
       6                        0                        2
       7                        0                        2
       8                        0                        0
Selected root coding ORFs number: 22
Rejected non-coding ORFs number: 154
Remaining ORFs number: 429

Select coding ORFs from remianing ORFs using a Fisher discriminant function...
Remaining: 255
Process overlapping genes...
Totally predict 95 genes.
Second run of TIS model.
Extract TUI and TUL genes (length >300bp)
TUI genes number: 41
TUL genes number: 16
Compare TUI TIS model with TUL TIS model...
Train TUI TIS model..
Train TUL TIS model..
Lamda > 0: TUL TIS model is similar to TUI TIS model.
Re-train TIS model.....
Choose final TIS...
Predicted genes have been saved in file: /home3/katelyn/PATRIC/fna/1622116.7.fna.MED
Detailed information for predicted TIS has been saved in /home3/katelyn/PATRIC/fna/1622116.7.fna.MED.para
