Welcome to MED2.0
Genome file is /home3/katelyn/PATRIC/fna/1628721.6.fna
sequence size: 47575
GC%: 0.398318

Number of exactcted ORFs: 419
Select root ORFs and first running of TIS model...
 iteration      Selected as coding    rejected as non-coding
       0                        8                        7
       1                       15                       24
       2                        4                       18
       3                        1                        5
       4                        0                        6
       5                        0                        4
       6                        0                        2
       7                        0                        1
       8                        0                        0
Selected root coding ORFs number: 28
Rejected non-coding ORFs number: 67
Remaining ORFs number: 324

Select coding ORFs from remianing ORFs using a Fisher discriminant function...
Remaining: 184
Process overlapping genes...
Totally predict 85 genes.
Second run of TIS model.
Extract TUI and TUL genes (length >300bp)
TUI genes number: 29
TUL genes number: 18
Compare TUI TIS model with TUL TIS model...
Train TUI TIS model..
Train TUL TIS model..
Lamda < 0: TUL TIS model differs from TUI TIS model
Re-train TUI TIS model.....
Re-train TUL TIS model....
Choose final TIS...
Predicted genes have been saved in file: /home3/katelyn/PATRIC/fna/1628721.6.fna.MED
Detailed information for predicted TIS has been saved in /home3/katelyn/PATRIC/fna/1628721.6.fna.MED.para
