Welcome to MED2.0
Genome file is /home3/katelyn/PATRIC/fna/1636250.6.fna
sequence size: 161989
GC%: 0.310824

Number of exactcted ORFs: 975
Select root ORFs and first running of TIS model...
 iteration      Selected as coding    rejected as non-coding
       0                       27                        6
       1                       57                       35
       2                       22                       44
       3                        3                       40
       4                        0                       25
       5                        0                       10
       6                        0                       10
       7                        0                        7
       8                        0                        7
       9                        0                        1
      10                        0                        0
Selected root coding ORFs number: 109
Rejected non-coding ORFs number: 185
Remaining ORFs number: 681

Select coding ORFs from remianing ORFs using a Fisher discriminant function...
Remaining: 622
Process overlapping genes...
Totally predict 265 genes.
Second run of TIS model.
Extract TUI and TUL genes (length >300bp)
TUI genes number: 135
TUL genes number: 43
Compare TUI TIS model with TUL TIS model...
Train TUI TIS model..
Train TUL TIS model..
Lamda > 0: TUL TIS model is similar to TUI TIS model.
Re-train TIS model......
Choose final TIS...
Predicted genes have been saved in file: /home3/katelyn/PATRIC/fna/1636250.6.fna.MED
Detailed information for predicted TIS has been saved in /home3/katelyn/PATRIC/fna/1636250.6.fna.MED.para
