Welcome to MED2.0
Genome file is /home3/katelyn/PATRIC/fna/1636563.6.fna
sequence size: 29984
GC%: 0.347352

Number of exactcted ORFs: 205
Select root ORFs and first running of TIS model...
 iteration      Selected as coding    rejected as non-coding
       0                        8                        2
       1                       17                        9
       2                        5                       14
       3                        2                       10
       4                        1                        5
       5                        0                        2
       6                        0                        0
Selected root coding ORFs number: 33
Rejected non-coding ORFs number: 42
Remaining ORFs number: 130

Select coding ORFs from remianing ORFs using a Fisher discriminant function...
Remaining: 108
Process overlapping genes...
Totally predict 57 genes.
Second run of TIS model.
Extract TUI and TUL genes (length >300bp)
TUI genes number: 23
TUL genes number: 6
Compare TUI TIS model with TUL TIS model...
Train TUI TIS model..
Train TUL TIS model..
Lamda > 0: TUL TIS model is similar to TUI TIS model.
Re-train TIS model...
Choose final TIS...
Predicted genes have been saved in file: /home3/katelyn/PATRIC/fna/1636563.6.fna.MED
Detailed information for predicted TIS has been saved in /home3/katelyn/PATRIC/fna/1636563.6.fna.MED.para
