Welcome to MED2.0
Genome file is /home3/katelyn/PATRIC/fna/1636260.5.fna
sequence size: 45653
GC%: 0.436554

Number of exactcted ORFs: 435
Select root ORFs and first running of TIS model...
 iteration      Selected as coding    rejected as non-coding
       0                       23                       34
       1                       13                       49
       2                        1                       14
       3                        0                        7
       4                        0                        1
       5                        0                        1
       6                        0                        0
Selected root coding ORFs number: 37
Rejected non-coding ORFs number: 106
Remaining ORFs number: 292

Select coding ORFs from remianing ORFs using a Fisher discriminant function...
Remaining: 181
Process overlapping genes...
Totally predict 85 genes.
Second run of TIS model.
Extract TUI and TUL genes (length >300bp)
TUI genes number: 34
TUL genes number: 8
Compare TUI TIS model with TUL TIS model...
Train TUI TIS model..
Train TUL TIS model..
Lamda > 0: TUL TIS model is similar to TUI TIS model.
Re-train TIS model.......
Choose final TIS...
Predicted genes have been saved in file: /home3/katelyn/PATRIC/fna/1636260.5.fna.MED
Detailed information for predicted TIS has been saved in /home3/katelyn/PATRIC/fna/1636260.5.fna.MED.para
