Welcome to MED2.0
Genome file is /home3/katelyn/PATRIC/fna/1636577.6.fna
sequence size: 30389
GC%: 0.347132

Number of exactcted ORFs: 212
Select root ORFs and first running of TIS model...
 iteration      Selected as coding    rejected as non-coding
       0                        7                        1
       1                       16                        5
       2                        2                       13
       3                        0                       11
       4                        0                       10
       5                        0                        2
       6                        0                        0
Selected root coding ORFs number: 25
Rejected non-coding ORFs number: 42
Remaining ORFs number: 145

Select coding ORFs from remianing ORFs using a Fisher discriminant function...
Remaining: 95
Process overlapping genes...
Totally predict 57 genes.
Second run of TIS model.
Extract TUI and TUL genes (length >300bp)
TUI genes number: 22
TUL genes number: 6
Compare TUI TIS model with TUL TIS model...
Train TUI TIS model..
Train TUL TIS model..
Lamda > 0: TUL TIS model is similar to TUI TIS model.
Re-train TIS model.....
Choose final TIS...
Predicted genes have been saved in file: /home3/katelyn/PATRIC/fna/1636577.6.fna.MED
Detailed information for predicted TIS has been saved in /home3/katelyn/PATRIC/fna/1636577.6.fna.MED.para
