Welcome to MED2.0
Genome file is /home3/katelyn/PATRIC/fna/1636204.8.fna
sequence size: 42881
GC%: 0.348289

Number of exactcted ORFs: 346
Select root ORFs and first running of TIS model...
 iteration      Selected as coding    rejected as non-coding
       0                       10                        1
       1                       13                        4
       2                        4                        9
       3                        2                       23
       4                        0                       36
       5                        0                       31
       6                        0                       17
       7                        0                        5
       8                        0                        1
       9                        0                        0
Selected root coding ORFs number: 29
Rejected non-coding ORFs number: 127
Remaining ORFs number: 190

Select coding ORFs from remianing ORFs using a Fisher discriminant function...
Remaining: 146
Process overlapping genes...
Totally predict 69 genes.
Second run of TIS model.
Extract TUI and TUL genes (length >300bp)
TUI genes number: 33
TUL genes number: 8
Compare TUI TIS model with TUL TIS model...
Train TUI TIS model..
Train TUL TIS model..
Lamda > 0: TUL TIS model is similar to TUI TIS model.
Re-train TIS model...
Choose final TIS...
Predicted genes have been saved in file: /home3/katelyn/PATRIC/fna/1636204.8.fna.MED
Detailed information for predicted TIS has been saved in /home3/katelyn/PATRIC/fna/1636204.8.fna.MED.para
