Welcome to MED2.0
Genome file is /home3/katelyn/PATRIC/fna/1636263.7.fna
sequence size: 41149
GC%: 0.415247

Number of exactcted ORFs: 403
Select root ORFs and first running of TIS model...
 iteration      Selected as coding    rejected as non-coding
       0                       16                       19
       1                       14                       53
       2                        3                       24
       3                        0                        7
       4                        0                        2
       5                        0                        0
Selected root coding ORFs number: 33
Rejected non-coding ORFs number: 105
Remaining ORFs number: 265

Select coding ORFs from remianing ORFs using a Fisher discriminant function...
Remaining: 193
Process overlapping genes...
Totally predict 80 genes.
Second run of TIS model.
Extract TUI and TUL genes (length >300bp)
TUI genes number: 29
TUL genes number: 9
Compare TUI TIS model with TUL TIS model...
Train TUI TIS model..
Train TUL TIS model..
Lamda > 0: TUL TIS model is similar to TUI TIS model.
Re-train TIS model......
Choose final TIS...
Predicted genes have been saved in file: /home3/katelyn/PATRIC/fna/1636263.7.fna.MED
Detailed information for predicted TIS has been saved in /home3/katelyn/PATRIC/fna/1636263.7.fna.MED.para
