Welcome to MED2.0
Genome file is /home3/katelyn/PATRIC/fna/1636200.6.fna
sequence size: 43190
GC%: 0.411739

Number of exactcted ORFs: 367
Select root ORFs and first running of TIS model...
 iteration      Selected as coding    rejected as non-coding
       0                       13                        8
       1                        5                       31
       2                        1                       35
       3                        0                       14
       4                        0                        9
       5                        0                        7
       6                        0                        8
       7                        0                        6
       8                        0                        1
       9                        0                        1
      10                        0                        0
Selected root coding ORFs number: 19
Rejected non-coding ORFs number: 120
Remaining ORFs number: 228

Select coding ORFs from remianing ORFs using a Fisher discriminant function...
Remaining: 112
Process overlapping genes...
Totally predict 79 genes.
Second run of TIS model.
Extract TUI and TUL genes (length >300bp)
TUI genes number: 34
TUL genes number: 6
Compare TUI TIS model with TUL TIS model...
Train TUI TIS model..
Train TUL TIS model..
Lamda > 0: TUL TIS model is similar to TUI TIS model.
Re-train TIS model...
Choose final TIS...
Predicted genes have been saved in file: /home3/katelyn/PATRIC/fna/1636200.6.fna.MED
Detailed information for predicted TIS has been saved in /home3/katelyn/PATRIC/fna/1636200.6.fna.MED.para
