Welcome to MED2.0
Genome file is /home3/katelyn/PATRIC/fna/1636565.6.fna
sequence size: 28764
GC%: 0.351411

Number of exactcted ORFs: 195
Select root ORFs and first running of TIS model...
 iteration      Selected as coding    rejected as non-coding
       0                        9                        4
       1                       10                       10
       2                        7                        5
       3                        4                        2
       4                        1                        3
       5                        0                        3
       6                        0                        2
       7                        0                        0
Selected root coding ORFs number: 31
Rejected non-coding ORFs number: 29
Remaining ORFs number: 135

Select coding ORFs from remianing ORFs using a Fisher discriminant function...
Remaining: 96
Process overlapping genes...
Totally predict 54 genes.
Second run of TIS model.
Extract TUI and TUL genes (length >300bp)
TUI genes number: 24
TUL genes number: 5
Compare TUI TIS model with TUL TIS model...
Train TUI TIS model..
Train TUL TIS model..
Lamda > 0: TUL TIS model is similar to TUI TIS model.
Re-train TIS model...
Choose final TIS...
Predicted genes have been saved in file: /home3/katelyn/PATRIC/fna/1636565.6.fna.MED
Detailed information for predicted TIS has been saved in /home3/katelyn/PATRIC/fna/1636565.6.fna.MED.para
