Welcome to MED2.0
Genome file is /home3/katelyn/PATRIC/fna/1636724.6.fna
sequence size: 28349
GC%: 0.352464

Number of exactcted ORFs: 188
Select root ORFs and first running of TIS model...
 iteration      Selected as coding    rejected as non-coding
       0                        9                        2
       1                        9                        2
       2                        3                        6
       3                        1                       11
       4                        0                        8
       5                        0                        1
       6                        0                        0
Selected root coding ORFs number: 22
Rejected non-coding ORFs number: 30
Remaining ORFs number: 136

Select coding ORFs from remianing ORFs using a Fisher discriminant function...
Remaining: 77
Process overlapping genes...
Totally predict 49 genes.
Second run of TIS model.
Extract TUI and TUL genes (length >300bp)
TUI genes number: 22
TUL genes number: 4
Compare TUI TIS model with TUL TIS model...
Train TUI TIS model..
Train TUL TIS model..
Lamda < 0: TUL TIS model differs from TUI TIS model
Re-train TUI TIS model...
Re-train TUL TIS model...
Choose final TIS...
Predicted genes have been saved in file: /home3/katelyn/PATRIC/fna/1636724.6.fna.MED
Detailed information for predicted TIS has been saved in /home3/katelyn/PATRIC/fna/1636724.6.fna.MED.para
