Welcome to MED2.0
Genome file is /home3/katelyn/PATRIC/fna/1636182.7.fna
sequence size: 149218
GC%: 0.497634

Number of exactcted ORFs: 1531
Select root ORFs and first running of TIS model...
 iteration      Selected as coding    rejected as non-coding
       0                       30                       65
       1                       26                      324
       2                       10                      250
       3                        0                      140
       4                        0                       71
       5                        0                       14
       6                        0                        4
       7                        0                        1
       8                        0                        0
Selected root coding ORFs number: 66
Rejected non-coding ORFs number: 869
Remaining ORFs number: 596

Select coding ORFs from remianing ORFs using a Fisher discriminant function...
Remaining: 391
Process overlapping genes...
Totally predict 253 genes.
Second run of TIS model.
Extract TUI and TUL genes (length >300bp)
TUI genes number: 77
TUL genes number: 87
Compare TUI TIS model with TUL TIS model...
Train TUI TIS model..
Train TUL TIS model..
Lamda > 0: TUL TIS model is similar to TUI TIS model.
Re-train TIS model......
Choose final TIS...
Predicted genes have been saved in file: /home3/katelyn/PATRIC/fna/1636182.7.fna.MED
Detailed information for predicted TIS has been saved in /home3/katelyn/PATRIC/fna/1636182.7.fna.MED.para
