Welcome to MED2.0
Genome file is /home3/katelyn/PATRIC/fna/1636568.6.fna
sequence size: 29416
GC%: 0.350727

Number of exactcted ORFs: 200
Select root ORFs and first running of TIS model...
 iteration      Selected as coding    rejected as non-coding
       0                       11                        5
       1                       10                       19
       2                        3                       27
       3                        0                       11
       4                        0                        3
       5                        0                        0
Selected root coding ORFs number: 24
Rejected non-coding ORFs number: 65
Remaining ORFs number: 111

Select coding ORFs from remianing ORFs using a Fisher discriminant function...
Remaining: 108
Process overlapping genes...
Totally predict 54 genes.
Second run of TIS model.
Extract TUI and TUL genes (length >300bp)
TUI genes number: 20
TUL genes number: 10
Compare TUI TIS model with TUL TIS model...
Train TUI TIS model..
Train TUL TIS model..
Lamda > 0: TUL TIS model is similar to TUI TIS model.
Re-train TIS model...
Choose final TIS...
Predicted genes have been saved in file: /home3/katelyn/PATRIC/fna/1636568.6.fna.MED
Detailed information for predicted TIS has been saved in /home3/katelyn/PATRIC/fna/1636568.6.fna.MED.para
