Welcome to MED2.0
Genome file is /home3/katelyn/PATRIC/fna/1636584.6.fna
sequence size: 31869
GC%: 0.349556

Number of exactcted ORFs: 215
Select root ORFs and first running of TIS model...
 iteration      Selected as coding    rejected as non-coding
       0                        5                        6
       1                        9                       21
       2                        7                       30
       3                        2                       11
       4                        0                        4
       5                        0                        0
Selected root coding ORFs number: 23
Rejected non-coding ORFs number: 72
Remaining ORFs number: 120

Select coding ORFs from remianing ORFs using a Fisher discriminant function...
Remaining: 90
Process overlapping genes...
Totally predict 55 genes.
Second run of TIS model.
Extract TUI and TUL genes (length >300bp)
TUI genes number: 26
TUL genes number: 5
Compare TUI TIS model with TUL TIS model...
Train TUI TIS model..
Train TUL TIS model..
Lamda > 0: TUL TIS model is similar to TUI TIS model.
Re-train TIS model...
Choose final TIS...
Predicted genes have been saved in file: /home3/katelyn/PATRIC/fna/1636584.6.fna.MED
Detailed information for predicted TIS has been saved in /home3/katelyn/PATRIC/fna/1636584.6.fna.MED.para
