Welcome to MED2.0
Genome file is /home3/katelyn/PATRIC/fna/1636583.6.fna
sequence size: 28983
GC%: 0.351378

Number of exactcted ORFs: 195
Select root ORFs and first running of TIS model...
 iteration      Selected as coding    rejected as non-coding
       0                        9                        2
       1                       11                        3
       2                        4                        7
       3                        1                       10
       4                        0                        8
       5                        0                        0
Selected root coding ORFs number: 25
Rejected non-coding ORFs number: 30
Remaining ORFs number: 140

Select coding ORFs from remianing ORFs using a Fisher discriminant function...
Remaining: 85
Process overlapping genes...
Totally predict 52 genes.
Second run of TIS model.
Extract TUI and TUL genes (length >300bp)
TUI genes number: 23
TUL genes number: 4
Compare TUI TIS model with TUL TIS model...
Train TUI TIS model..
Train TUL TIS model..
Lamda < 0: TUL TIS model differs from TUI TIS model
Re-train TUI TIS model...
Re-train TUL TIS model...
Choose final TIS...
Predicted genes have been saved in file: /home3/katelyn/PATRIC/fna/1636583.6.fna.MED
Detailed information for predicted TIS has been saved in /home3/katelyn/PATRIC/fna/1636583.6.fna.MED.para
