Welcome to MED2.0
Genome file is /home3/katelyn/PATRIC/fna/1640974.7.fna
sequence size: 66111
GC%: 0.557245

Number of exactcted ORFs: 706
Select root ORFs and first running of TIS model...
 iteration      Selected as coding    rejected as non-coding
       0                       22                       76
       1                       10                      143
       2                        4                       39
       3                       13                        9
       4                       13                        1
       5                        5                        1
       6                        2                        0
       7                        1                        0
       8                        0                        0
Selected root coding ORFs number: 70
Rejected non-coding ORFs number: 269
Remaining ORFs number: 367

Select coding ORFs from remianing ORFs using a Fisher discriminant function...
Remaining: 315
Process overlapping genes...
Totally predict 89 genes.
Second run of TIS model.
Extract TUI and TUL genes (length >300bp)
TUI genes number: 24
TUL genes number: 39
Compare TUI TIS model with TUL TIS model...
Train TUI TIS model..
Train TUL TIS model..
Lamda > 0: TUL TIS model is similar to TUI TIS model.
Re-train TIS model.....
Choose final TIS...
Predicted genes have been saved in file: /home3/katelyn/PATRIC/fna/1640974.7.fna.MED
Detailed information for predicted TIS has been saved in /home3/katelyn/PATRIC/fna/1640974.7.fna.MED.para
