Welcome to MED2.0
Genome file is /home3/katelyn/PATRIC/fna/1642588.6.fna
sequence size: 42887
GC%: 0.537109

Number of exactcted ORFs: 469
Select root ORFs and first running of TIS model...
 iteration      Selected as coding    rejected as non-coding
       0                       13                       12
       1                        6                       57
       2                        0                       40
       3                        0                       17
       4                        0                        4
       5                        0                        2
       6                        0                        0
Selected root coding ORFs number: 19
Rejected non-coding ORFs number: 132
Remaining ORFs number: 318

Select coding ORFs from remianing ORFs using a Fisher discriminant function...
Remaining: 282
Process overlapping genes...
Totally predict 52 genes.
Second run of TIS model.
Extract TUI and TUL genes (length >300bp)
TUI genes number: 22
TUL genes number: 18
Compare TUI TIS model with TUL TIS model...
Train TUI TIS model..
Train TUL TIS model..
Lamda > 0: TUL TIS model is similar to TUI TIS model.
Re-train TIS model....
Choose final TIS...
Predicted genes have been saved in file: /home3/katelyn/PATRIC/fna/1642588.6.fna.MED
Detailed information for predicted TIS has been saved in /home3/katelyn/PATRIC/fna/1642588.6.fna.MED.para
