Welcome to MED2.0
Genome file is /home3/katelyn/PATRIC/fna/1647471.7.fna
sequence size: 45537
GC%: 0.66368

Number of exactcted ORFs: 485
Select root ORFs and first running of TIS model...
 iteration      Selected as coding    rejected as non-coding
       0                       35                      172
       1                       11                       56
       2                        1                        7
       3                        1                        1
       4                        0                        0
Selected root coding ORFs number: 48
Rejected non-coding ORFs number: 276
Remaining ORFs number: 161
Select coding ORFs from remianing ORFs using Fisher discriminant functions...
Remaining: 131
Process overlapping genes...
Totally predict 76 genes.
Second run of TIS model.
Extract TUI and TUL genes (length >300bp)
TUI genes number: 28
TUL genes number: 21
Compare TUI TIS model with TUL TIS model...
Train TUI TIS model..
Train TUL TIS model..
Lamda > 0: TUL TIS model is similar to TUI TIS model.
TISModel: Matrix.h:18: Type_T& Matrix_T<Type_T>::operator()(unsigned int, unsigned int) [with Type_T = double]: Assertion `i<line&&j<colum' failed.
Re-train TIS model.