Welcome to MED2.0
Genome file is /home3/katelyn/PATRIC/fna/1647284.7.fna
sequence size: 77779
GC%: 0.512632

Number of exactcted ORFs: 801
Select root ORFs and first running of TIS model...
 iteration      Selected as coding    rejected as non-coding
       0                       25                       40
       1                       11                      121
       2                        2                       74
       3                        0                       39
       4                        0                       10
       5                        0                        5
       6                        0                        2
       7                        0                        0
Selected root coding ORFs number: 38
Rejected non-coding ORFs number: 291
Remaining ORFs number: 472

Select coding ORFs from remianing ORFs using a Fisher discriminant function...
Remaining: 235
Process overlapping genes...
Totally predict 113 genes.
Second run of TIS model.
Extract TUI and TUL genes (length >300bp)
TUI genes number: 46
TUL genes number: 21
Compare TUI TIS model with TUL TIS model...
Train TUI TIS model..
Train TUL TIS model..
Lamda > 0: TUL TIS model is similar to TUI TIS model.
Re-train TIS model....
Choose final TIS...
Predicted genes have been saved in file: /home3/katelyn/PATRIC/fna/1647284.7.fna.MED
Detailed information for predicted TIS has been saved in /home3/katelyn/PATRIC/fna/1647284.7.fna.MED.para
