Welcome to MED2.0
Genome file is /home3/katelyn/PATRIC/fna/1647468.7.fna
sequence size: 35203
GC%: 0.519359

Number of exactcted ORFs: 348
Select root ORFs and first running of TIS model...
 iteration      Selected as coding    rejected as non-coding
       0                        7                       13
       1                        4                       46
       2                        2                       40
       3                        0                       10
       4                        0                        4
       5                        0                        4
       6                        0                        4
       7                        0                        0
Selected root coding ORFs number: 13
Rejected non-coding ORFs number: 121
Remaining ORFs number: 214

Select coding ORFs from remianing ORFs using a Fisher discriminant function...
Remaining: 171
Process overlapping genes...
Totally predict 52 genes.
Second run of TIS model.
Extract TUI and TUL genes (length >300bp)
TUI genes number: 17
TUL genes number: 18
Compare TUI TIS model with TUL TIS model...
Train TUI TIS model..
Train TUL TIS model..
Lamda < 0: TUL TIS model differs from TUI TIS model
Re-train TUI TIS model...
Re-train TUL TIS model...
Choose final TIS...
Predicted genes have been saved in file: /home3/katelyn/PATRIC/fna/1647468.7.fna.MED
Detailed information for predicted TIS has been saved in /home3/katelyn/PATRIC/fna/1647468.7.fna.MED.para
