Welcome to MED2.0
Genome file is /home3/katelyn/PATRIC/fna/1647526.6.fna
sequence size: 25085
GC%: 0.439187

Number of exactcted ORFs: 264
Select root ORFs and first running of TIS model...
 iteration      Selected as coding    rejected as non-coding
       0                       12                        8
       1                        5                       12
       2                        0                        6
       3                        0                        6
       4                        0                        3
       5                        0                        0
Selected root coding ORFs number: 17
Rejected non-coding ORFs number: 35
Remaining ORFs number: 212

Select coding ORFs from remianing ORFs using a Fisher discriminant function...
Remaining: 184
Process overlapping genes...
Totally predict 42 genes.
Second run of TIS model.
Extract TUI and TUL genes (length >300bp)
TUI genes number: 13
TUL genes number: 12
Compare TUI TIS model with TUL TIS model...
Train TUI TIS model..
Train TUL TIS model..
Lamda < 0: TUL TIS model differs from TUI TIS model
Re-train TUI TIS model...
Re-train TUL TIS model..
Choose final TIS...
Predicted genes have been saved in file: /home3/katelyn/PATRIC/fna/1647526.6.fna.MED
Detailed information for predicted TIS has been saved in /home3/katelyn/PATRIC/fna/1647526.6.fna.MED.para
