Welcome to MED2.0
Genome file is /home3/katelyn/PATRIC/fna/1647466.7.fna
sequence size: 33509
GC%: 0.533648

Number of exactcted ORFs: 361
Select root ORFs and first running of TIS model...
 iteration      Selected as coding    rejected as non-coding
       0                        3                        6
       1                        4                       22
       2                        0                       28
       3                        0                       20
       4                        0                       15
       5                        0                       10
       6                        0                        4
       7                        0                        2
       8                        0                        2
       9                        0                        0
Selected root coding ORFs number: 7
Rejected non-coding ORFs number: 109
Remaining ORFs number: 245

Select coding ORFs from remianing ORFs using a Fisher discriminant function...
Remaining: 202
Process overlapping genes...
Totally predict 54 genes.
Second run of TIS model.
Extract TUI and TUL genes (length >300bp)
TUI genes number: 20
TUL genes number: 12
Compare TUI TIS model with TUL TIS model...
Train TUI TIS model..
Train TUL TIS model..
Lamda > 0: TUL TIS model is similar to TUI TIS model.
Re-train TIS model....
Choose final TIS...
Predicted genes have been saved in file: /home3/katelyn/PATRIC/fna/1647466.7.fna.MED
Detailed information for predicted TIS has been saved in /home3/katelyn/PATRIC/fna/1647466.7.fna.MED.para
