Welcome to MED2.0
Genome file is /home3/katelyn/PATRIC/fna/1647455.7.fna
sequence size: 29733
GC%: 0.530118

Number of exactcted ORFs: 307
Select root ORFs and first running of TIS model...
 iteration      Selected as coding    rejected as non-coding
       0                       11                       25
       1                        4                       40
       2                        0                       17
       3                        0                        2
       4                        0                        0
Selected root coding ORFs number: 15
Rejected non-coding ORFs number: 84
Remaining ORFs number: 208

Select coding ORFs from remianing ORFs using a Fisher discriminant function...
Remaining: 214
Process overlapping genes...
Totally predict 51 genes.
Second run of TIS model.
Extract TUI and TUL genes (length >300bp)
TUI genes number: 19
TUL genes number: 9
Compare TUI TIS model with TUL TIS model...
Train TUI TIS model..
Train TUL TIS model..
Lamda > 0: TUL TIS model is similar to TUI TIS model.
Re-train TIS model..
Choose final TIS...
Predicted genes have been saved in file: /home3/katelyn/PATRIC/fna/1647455.7.fna.MED
Detailed information for predicted TIS has been saved in /home3/katelyn/PATRIC/fna/1647455.7.fna.MED.para
