Welcome to MED2.0
Genome file is /home3/katelyn/PATRIC/fna/1647541.6.fna
sequence size: 41268
GC%: 0.426069

Number of exactcted ORFs: 395
Select root ORFs and first running of TIS model...
 iteration      Selected as coding    rejected as non-coding
       0                       12                       12
       1                        5                       19
       2                        1                       23
       3                        0                       15
       4                        0                        7
       5                        0                        5
       6                        0                        5
       7                        0                        1
       8                        0                        0
Selected root coding ORFs number: 18
Rejected non-coding ORFs number: 87
Remaining ORFs number: 290

Select coding ORFs from remianing ORFs using a Fisher discriminant function...
Remaining: 250
Process overlapping genes...
Totally predict 61 genes.
Second run of TIS model.
Extract TUI and TUL genes (length >300bp)
TUI genes number: 23
TUL genes number: 15
Compare TUI TIS model with TUL TIS model...
Train TUI TIS model..
Train TUL TIS model..
Lamda < 0: TUL TIS model differs from TUI TIS model
Re-train TUI TIS model...
Re-train TUL TIS model...
Choose final TIS...
Predicted genes have been saved in file: /home3/katelyn/PATRIC/fna/1647541.6.fna.MED
Detailed information for predicted TIS has been saved in /home3/katelyn/PATRIC/fna/1647541.6.fna.MED.para
