Welcome to MED2.0
Genome file is /home3/katelyn/PATRIC/fna/1647283.6.fna
sequence size: 103424
GC%: 0.533716

Number of exactcted ORFs: 1099
Select root ORFs and first running of TIS model...
 iteration      Selected as coding    rejected as non-coding
       0                       24                       60
       1                       15                      197
       2                        3                      115
       3                        0                       38
       4                        0                        6
       5                        0                        1
       6                        0                        1
       7                        0                        1
       8                        0                        1
       9                        0                        0
Selected root coding ORFs number: 42
Rejected non-coding ORFs number: 420
Remaining ORFs number: 637

Select coding ORFs from remianing ORFs using a Fisher discriminant function...
Remaining: 336
Process overlapping genes...
Totally predict 139 genes.
Second run of TIS model.
Extract TUI and TUL genes (length >300bp)
TUI genes number: 56
TUL genes number: 43
Compare TUI TIS model with TUL TIS model...
Train TUI TIS model..
Train TUL TIS model..
Lamda > 0: TUL TIS model is similar to TUI TIS model.
Re-train TIS model.....
Choose final TIS...
Predicted genes have been saved in file: /home3/katelyn/PATRIC/fna/1647283.6.fna.MED
Detailed information for predicted TIS has been saved in /home3/katelyn/PATRIC/fna/1647283.6.fna.MED.para
