Welcome to MED2.0
Genome file is /home3/katelyn/PATRIC/fna/1647539.6.fna
sequence size: 34758
GC%: 0.426492

Number of exactcted ORFs: 327
Select root ORFs and first running of TIS model...
 iteration      Selected as coding    rejected as non-coding
       0                        5                        6
       1                        2                       27
       2                        0                       36
       3                        0                       31
       4                        0                        6
       5                        0                        1
       6                        0                        1
       7                        0                        1
       8                        0                        0
Selected root coding ORFs number: 7
Rejected non-coding ORFs number: 109
Remaining ORFs number: 211

Select coding ORFs from remianing ORFs using a Fisher discriminant function...
Remaining: 140
Process overlapping genes...
Totally predict 52 genes.
Second run of TIS model.
Extract TUI and TUL genes (length >300bp)
TUI genes number: 19
TUL genes number: 15
Compare TUI TIS model with TUL TIS model...
Train TUI TIS model..
Train TUL TIS model..
Lamda < 0: TUL TIS model differs from TUI TIS model
Re-train TUI TIS model...
Re-train TUL TIS model..
Choose final TIS...
Predicted genes have been saved in file: /home3/katelyn/PATRIC/fna/1647539.6.fna.MED
Detailed information for predicted TIS has been saved in /home3/katelyn/PATRIC/fna/1647539.6.fna.MED.para
