Welcome to MED2.0
Genome file is /home3/katelyn/PATRIC/fna/1654927.9.fna
sequence size: 50934
GC%: 0.507304

Number of exactcted ORFs: 532
Select root ORFs and first running of TIS model...
 iteration      Selected as coding    rejected as non-coding
       0                       22                       43
       1                        6                       84
       2                        0                       41
       3                        0                       11
       4                        0                        2
       5                        0                        0
Selected root coding ORFs number: 28
Rejected non-coding ORFs number: 181
Remaining ORFs number: 323

Select coding ORFs from remianing ORFs using a Fisher discriminant function...
Remaining: 210
Process overlapping genes...
Totally predict 83 genes.
Second run of TIS model.
Extract TUI and TUL genes (length >300bp)
TUI genes number: 30
TUL genes number: 21
Compare TUI TIS model with TUL TIS model...
Train TUI TIS model..
Train TUL TIS model..
Lamda > 0: TUL TIS model is similar to TUI TIS model.
Re-train TIS model....
Choose final TIS...
Predicted genes have been saved in file: /home3/katelyn/PATRIC/fna/1654927.9.fna.MED
Detailed information for predicted TIS has been saved in /home3/katelyn/PATRIC/fna/1654927.9.fna.MED.para
