Welcome to MED2.0
Genome file is /home3/katelyn/PATRIC/fna/1654883.7.fna
sequence size: 94766
GC%: 0.456419

Number of exactcted ORFs: 1183
Select root ORFs and first running of TIS model...
 iteration      Selected as coding    rejected as non-coding
       0                        2                       52
       1                        0                      201
       2                        0                      186
       3                        0                       76
       4                        0                       29
       5                        0                       10
       6                        0                        3
       7                        0                        0
Selected root coding ORFs number: 2
Rejected non-coding ORFs number: 557
Remaining ORFs number: 624

Select coding ORFs from remianing ORFs using a Fisher discriminant function...
Remaining: 174
Process overlapping genes...
Totally predict 144 genes.
Second run of TIS model.
Extract TUI and TUL genes (length >300bp)
TUI genes number: 12
TUL genes number: 14
Compare TUI TIS model with TUL TIS model...
Train TUI TIS model..
Train TUL TIS model..
Lamda > 0: TUL TIS model is similar to TUI TIS model.
Re-train TIS model.....
Choose final TIS...
Predicted genes have been saved in file: /home3/katelyn/PATRIC/fna/1654883.7.fna.MED
Detailed information for predicted TIS has been saved in /home3/katelyn/PATRIC/fna/1654883.7.fna.MED.para
