Welcome to MED2.0
Genome file is /home3/katelyn/PATRIC/fna/1654885.7.fna
sequence size: 41733
GC%: 0.471162

Number of exactcted ORFs: 455
Select root ORFs and first running of TIS model...
 iteration      Selected as coding    rejected as non-coding
       0                        4                       10
       1                        5                       37
       2                        1                       30
       3                        1                        7
       4                        0                        2
       5                        0                        0
Selected root coding ORFs number: 11
Rejected non-coding ORFs number: 86
Remaining ORFs number: 358

Select coding ORFs from remianing ORFs using a Fisher discriminant function...
Remaining: 196
Process overlapping genes...
Totally predict 91 genes.
Second run of TIS model.
Extract TUI and TUL genes (length >300bp)
TUI genes number: 21
TUL genes number: 23
Compare TUI TIS model with TUL TIS model...
Train TUI TIS model..
Train TUL TIS model..
Lamda < 0: TUL TIS model differs from TUI TIS model
Re-train TUI TIS model..
Re-train TUL TIS model...
Choose final TIS...
Predicted genes have been saved in file: /home3/katelyn/PATRIC/fna/1654885.7.fna.MED
Detailed information for predicted TIS has been saved in /home3/katelyn/PATRIC/fna/1654885.7.fna.MED.para
