Welcome to MED2.0
Genome file is /home3/katelyn/PATRIC/fna/1654889.7.fna
sequence size: 41085
GC%: 0.43522

Number of exactcted ORFs: 427
Select root ORFs and first running of TIS model...
 iteration      Selected as coding    rejected as non-coding
       0                       22                       28
       1                       19                       45
       2                        1                       26
       3                        0                        4
       4                        0                        2
       5                        0                        0
Selected root coding ORFs number: 42
Rejected non-coding ORFs number: 105
Remaining ORFs number: 280

Select coding ORFs from remianing ORFs using a Fisher discriminant function...
Remaining: 210
Process overlapping genes...
Totally predict 100 genes.
Second run of TIS model.
Extract TUI and TUL genes (length >300bp)
TUI genes number: 26
TUL genes number: 26
Compare TUI TIS model with TUL TIS model...
Train TUI TIS model..
Train TUL TIS model..
Lamda > 0: TUL TIS model is similar to TUI TIS model.
Re-train TIS model....
Choose final TIS...
Predicted genes have been saved in file: /home3/katelyn/PATRIC/fna/1654889.7.fna.MED
Detailed information for predicted TIS has been saved in /home3/katelyn/PATRIC/fna/1654889.7.fna.MED.para
