Welcome to MED2.0
Genome file is /home3/katelyn/PATRIC/fna/1655314.6.fna
sequence size: 135400
GC%: 0.435916

Number of exactcted ORFs: 1366
Select root ORFs and first running of TIS model...
 iteration      Selected as coding    rejected as non-coding
       0                       34                       73
       1                       21                      244
       2                        3                      172
       3                        1                       38
       4                        0                       11
       5                        0                        2
       6                        0                        0
Selected root coding ORFs number: 59
Rejected non-coding ORFs number: 540
Remaining ORFs number: 767

Select coding ORFs from remianing ORFs using a Fisher discriminant function...
Remaining: 296
Process overlapping genes...
Totally predict 238 genes.
Second run of TIS model.
Extract TUI and TUL genes (length >300bp)
TUI genes number: 92
TUL genes number: 47
Compare TUI TIS model with TUL TIS model...
Train TUI TIS model..
Train TUL TIS model..
Lamda > 0: TUL TIS model is similar to TUI TIS model.
Re-train TIS model...
Choose final TIS...
Predicted genes have been saved in file: /home3/katelyn/PATRIC/fna/1655314.6.fna.MED
Detailed information for predicted TIS has been saved in /home3/katelyn/PATRIC/fna/1655314.6.fna.MED.para
