Welcome to MED2.0
Genome file is /home3/katelyn/PATRIC/fna/1660367.7.fna
sequence size: 64021
GC%: 0.499836

Number of exactcted ORFs: 722
Select root ORFs and first running of TIS model...
 iteration      Selected as coding    rejected as non-coding
       0                       17                       38
       1                        9                       69
       2                        3                       53
       3                        1                       24
       4                        0                        8
       5                        0                        4
       6                        0                        0
Selected root coding ORFs number: 30
Rejected non-coding ORFs number: 196
Remaining ORFs number: 496

Select coding ORFs from remianing ORFs using a Fisher discriminant function...
Remaining: 407
Process overlapping genes...
Totally predict 119 genes.
Second run of TIS model.
Extract TUI and TUL genes (length >300bp)
TUI genes number: 28
TUL genes number: 28
Compare TUI TIS model with TUL TIS model...
Train TUI TIS model..
Train TUL TIS model..
Lamda > 0: TUL TIS model is similar to TUI TIS model.
Re-train TIS model.....
Choose final TIS...
Predicted genes have been saved in file: /home3/katelyn/PATRIC/fna/1660367.7.fna.MED
Detailed information for predicted TIS has been saved in /home3/katelyn/PATRIC/fna/1660367.7.fna.MED.para
