Welcome to MED2.0
Genome file is /home3/katelyn/PATRIC/fna/1660365.9.fna
sequence size: 63569
GC%: 0.501691

Number of exactcted ORFs: 683
Select root ORFs and first running of TIS model...
 iteration      Selected as coding    rejected as non-coding
       0                       20                       32
       1                       12                       55
       2                        2                       47
       3                        0                       26
       4                        0                        7
       5                        0                        7
       6                        0                        5
       7                        0                        5
       8                        0                        1
       9                        0                        0
Selected root coding ORFs number: 34
Rejected non-coding ORFs number: 185
Remaining ORFs number: 464

Select coding ORFs from remianing ORFs using a Fisher discriminant function...
Remaining: 340
Process overlapping genes...
Totally predict 98 genes.
Second run of TIS model.
Extract TUI and TUL genes (length >300bp)
TUI genes number: 30
TUL genes number: 26
Compare TUI TIS model with TUL TIS model...
Train TUI TIS model..
Train TUL TIS model..
Lamda > 0: TUL TIS model is similar to TUI TIS model.
Re-train TIS model....
Choose final TIS...
Predicted genes have been saved in file: /home3/katelyn/PATRIC/fna/1660365.9.fna.MED
Detailed information for predicted TIS has been saved in /home3/katelyn/PATRIC/fna/1660365.9.fna.MED.para
