Welcome to MED2.0
Genome file is /home3/katelyn/PATRIC/fna/1660363.7.fna
sequence size: 62708
GC%: 0.499027

Number of exactcted ORFs: 703
Select root ORFs and first running of TIS model...
 iteration      Selected as coding    rejected as non-coding
       0                       18                       39
       1                        7                       69
       2                        3                       55
       3                        0                       20
       4                        0                        8
       5                        0                        2
       6                        0                        0
Selected root coding ORFs number: 28
Rejected non-coding ORFs number: 193
Remaining ORFs number: 482

Select coding ORFs from remianing ORFs using a Fisher discriminant function...
Remaining: 304
Process overlapping genes...
Totally predict 109 genes.
Second run of TIS model.
Extract TUI and TUL genes (length >300bp)
TUI genes number: 29
TUL genes number: 25
Compare TUI TIS model with TUL TIS model...
Train TUI TIS model..
Train TUL TIS model..
Lamda > 0: TUL TIS model is similar to TUI TIS model.
Re-train TIS model..
Choose final TIS...
Predicted genes have been saved in file: /home3/katelyn/PATRIC/fna/1660363.7.fna.MED
Detailed information for predicted TIS has been saved in /home3/katelyn/PATRIC/fna/1660363.7.fna.MED.para
