Welcome to MED2.0
Genome file is /home3/katelyn/PATRIC/fna/1662463.6.fna
sequence size: 39210
GC%: 0.506988

Number of exactcted ORFs: 384
Select root ORFs and first running of TIS model...
 iteration      Selected as coding    rejected as non-coding
       0                       12                       17
       1                        7                       65
       2                        0                       33
       3                        0                       14
       4                        0                        7
       5                        0                        1
       6                        0                        1
       7                        0                        0
Selected root coding ORFs number: 19
Rejected non-coding ORFs number: 138
Remaining ORFs number: 227

Select coding ORFs from remianing ORFs using a Fisher discriminant function...
Remaining: 131
Process overlapping genes...
Totally predict 50 genes.
Second run of TIS model.
Extract TUI and TUL genes (length >300bp)
TUI genes number: 11
TUL genes number: 14
Compare TUI TIS model with TUL TIS model...
Train TUI TIS model..
Train TUL TIS model..
Lamda > 0: TUL TIS model is similar to TUI TIS model.
Re-train TIS model....
Choose final TIS...
Predicted genes have been saved in file: /home3/katelyn/PATRIC/fna/1662463.6.fna.MED
Detailed information for predicted TIS has been saved in /home3/katelyn/PATRIC/fna/1662463.6.fna.MED.para
