Welcome to MED2.0
Genome file is /home3/katelyn/PATRIC/fna/1662331.5.fna
sequence size: 44194
GC%: 0.548853

Number of exactcted ORFs: 518
Select root ORFs and first running of TIS model...
 iteration      Selected as coding    rejected as non-coding
       0                       11                       15
       1                       11                      104
       2                        1                       57
       3                        0                       12
       4                        0                        3
       5                        0                        0
Selected root coding ORFs number: 23
Rejected non-coding ORFs number: 191
Remaining ORFs number: 304

Select coding ORFs from remianing ORFs using a Fisher discriminant function...
Remaining: 177
Process overlapping genes...
Totally predict 53 genes.
Second run of TIS model.
Extract TUI and TUL genes (length >300bp)
TUI genes number: 18
TUL genes number: 24
Compare TUI TIS model with TUL TIS model...
Train TUI TIS model..
Train TUL TIS model..
Lamda > 0: TUL TIS model is similar to TUI TIS model.
Re-train TIS model....
Choose final TIS...
Predicted genes have been saved in file: /home3/katelyn/PATRIC/fna/1662331.5.fna.MED
Detailed information for predicted TIS has been saved in /home3/katelyn/PATRIC/fna/1662331.5.fna.MED.para
