Welcome to MED2.0
Genome file is /home3/katelyn/PATRIC/fna/1664246.7.fna
sequence size: 62220
GC%: 0.601109

Number of exactcted ORFs: 673
Select root ORFs and first running of TIS model...
 iteration      Selected as coding    rejected as non-coding
       0                       66                      197
       1                       10                       52
       2                        1                        5
       3                        0                        0
Selected root coding ORFs number: 77
Rejected non-coding ORFs number: 318
Remaining ORFs number: 278
Select coding ORFs from remianing ORFs using Fisher discriminant functions...
Remaining: 174
Process overlapping genes...
Totally predict 93 genes.
Second run of TIS model.
Extract TUI and TUL genes (length >300bp)
TUI genes number: 35
TUL genes number: 26
Compare TUI TIS model with TUL TIS model...
Train TUI TIS model..
Train TUL TIS model..
Lamda < 0: TUL TIS model differs from TUI TIS model
Re-train TUI TIS model....
Re-train TUL TIS model....
Choose final TIS...
Predicted genes have been saved in file: /home3/katelyn/PATRIC/fna/1664246.7.fna.MED
Detailed information for predicted TIS has been saved in /home3/katelyn/PATRIC/fna/1664246.7.fna.MED.para
