Welcome to MED2.0
Genome file is /home3/katelyn/PATRIC/fna/1673885.5.fna
sequence size: 68515
GC%: 0.66476

Number of exactcted ORFs: 778
Select root ORFs and first running of TIS model...
 iteration      Selected as coding    rejected as non-coding
       0                       59                      368
       1                        4                       73
       2                        0                       12
       3                        0                        3
       4                        0                        1
       5                        0                        0
Selected root coding ORFs number: 63
Rejected non-coding ORFs number: 491
Remaining ORFs number: 224
Select coding ORFs from remianing ORFs using Fisher discriminant functions...
Remaining: 159
Process overlapping genes...
Totally predict 102 genes.
Second run of TIS model.
Extract TUI and TUL genes (length >300bp)
TUI genes number: 33
TUL genes number: 38
Compare TUI TIS model with TUL TIS model...
Train TUI TIS model..
Train TUL TIS model..
Lamda > 0: TUL TIS model is similar to TUI TIS model.
Re-train TIS model.......
Choose final TIS...
Predicted genes have been saved in file: /home3/katelyn/PATRIC/fna/1673885.5.fna.MED
Detailed information for predicted TIS has been saved in /home3/katelyn/PATRIC/fna/1673885.5.fna.MED.para
