Welcome to MED2.0
Genome file is /home3/katelyn/PATRIC/fna/1673892.6.fna
sequence size: 50364
GC%: 0.436343

Number of exactcted ORFs: 466
Select root ORFs and first running of TIS model...
 iteration      Selected as coding    rejected as non-coding
       0                       18                       19
       1                       12                       41
       2                        2                       29
       3                        0                       14
       4                        0                        3
       5                        0                        2
       6                        0                        0
Selected root coding ORFs number: 32
Rejected non-coding ORFs number: 108
Remaining ORFs number: 326

Select coding ORFs from remianing ORFs using a Fisher discriminant function...
Remaining: 165
Process overlapping genes...
Totally predict 85 genes.
Second run of TIS model.
Extract TUI and TUL genes (length >300bp)
TUI genes number: 33
TUL genes number: 19
Compare TUI TIS model with TUL TIS model...
Train TUI TIS model..
Train TUL TIS model..
Lamda > 0: TUL TIS model is similar to TUI TIS model.
Re-train TIS model...
Choose final TIS...
Predicted genes have been saved in file: /home3/katelyn/PATRIC/fna/1673892.6.fna.MED
Detailed information for predicted TIS has been saved in /home3/katelyn/PATRIC/fna/1673892.6.fna.MED.para
