Welcome to MED2.0
Genome file is /home3/katelyn/PATRIC/fna/1675602.7.fna
sequence size: 172733
GC%: 0.387627

Number of exactcted ORFs: 1474
Select root ORFs and first running of TIS model...
 iteration      Selected as coding    rejected as non-coding
       0                       79                       26
       1                       78                       74
       2                       15                       86
       3                        2                       68
       4                        0                       35
       5                        0                       21
       6                        0                        7
       7                        0                        5
       8                        0                        7
       9                        0                        2
      10                        0                        1
      11                        0                        0
Selected root coding ORFs number: 174
Rejected non-coding ORFs number: 332
Remaining ORFs number: 968

Select coding ORFs from remianing ORFs using a Fisher discriminant function...
Remaining: 624
Process overlapping genes...
Totally predict 326 genes.
Second run of TIS model.
Extract TUI and TUL genes (length >300bp)
TUI genes number: 132
TUL genes number: 45
Compare TUI TIS model with TUL TIS model...
Train TUI TIS model..
Train TUL TIS model..
Lamda > 0: TUL TIS model is similar to TUI TIS model.
Re-train TIS model...
Choose final TIS...
Predicted genes have been saved in file: /home3/katelyn/PATRIC/fna/1675602.7.fna.MED
Detailed information for predicted TIS has been saved in /home3/katelyn/PATRIC/fna/1675602.7.fna.MED.para
