Welcome to MED2.0
Genome file is /home3/katelyn/PATRIC/fna/1675606.6.fna
sequence size: 135391
GC%: 0.436144

Number of exactcted ORFs: 1339
Select root ORFs and first running of TIS model...
 iteration      Selected as coding    rejected as non-coding
       0                       41                       87
       1                       23                      250
       2                        9                      130
       3                        1                       44
       4                        0                        3
       5                        0                        0
Selected root coding ORFs number: 74
Rejected non-coding ORFs number: 514
Remaining ORFs number: 751

Select coding ORFs from remianing ORFs using a Fisher discriminant function...
Remaining: 322
Process overlapping genes...
Totally predict 226 genes.
Second run of TIS model.
Extract TUI and TUL genes (length >300bp)
TUI genes number: 88
TUL genes number: 44
Compare TUI TIS model with TUL TIS model...
Train TUI TIS model..
Train TUL TIS model..
Lamda > 0: TUL TIS model is similar to TUI TIS model.
Re-train TIS model....
Choose final TIS...
Predicted genes have been saved in file: /home3/katelyn/PATRIC/fna/1675606.6.fna.MED
Detailed information for predicted TIS has been saved in /home3/katelyn/PATRIC/fna/1675606.6.fna.MED.para
