Welcome to MED2.0
Genome file is /home3/katelyn/PATRIC/fna/1675598.6.fna
sequence size: 40024
GC%: 0.406206

Number of exactcted ORFs: 309
Select root ORFs and first running of TIS model...
 iteration      Selected as coding    rejected as non-coding
       0                       13                        3
       1                       10                       20
       2                        5                       25
       3                        2                       18
       4                        1                       10
       5                        0                        6
       6                        0                        4
       7                        0                        4
       8                        0                        4
       9                        0                        0
Selected root coding ORFs number: 31
Rejected non-coding ORFs number: 94
Remaining ORFs number: 184

Select coding ORFs from remianing ORFs using a Fisher discriminant function...
Remaining: 151
Process overlapping genes...
Totally predict 53 genes.
Second run of TIS model.
Extract TUI and TUL genes (length >300bp)
TUI genes number: 26
TUL genes number: 10
Compare TUI TIS model with TUL TIS model...
Train TUI TIS model..
Train TUL TIS model..
Lamda > 0: TUL TIS model is similar to TUI TIS model.
Re-train TIS model....
Choose final TIS...
Predicted genes have been saved in file: /home3/katelyn/PATRIC/fna/1675598.6.fna.MED
Detailed information for predicted TIS has been saved in /home3/katelyn/PATRIC/fna/1675598.6.fna.MED.para
