Welcome to MED2.0
Genome file is /home3/katelyn/PATRIC/fna/1675549.7.fna
sequence size: 59416
GC%: 0.617477

Number of exactcted ORFs: 718
Select root ORFs and first running of TIS model...
 iteration      Selected as coding    rejected as non-coding
       0                       51                      119
       1                       11                       75
       2                        2                       19
       3                        0                        2
       4                        0                        0
Selected root coding ORFs number: 64
Rejected non-coding ORFs number: 292
Remaining ORFs number: 362
Select coding ORFs from remianing ORFs using Fisher discriminant functions...
Remaining: 211
Process overlapping genes...
Totally predict 124 genes.
Second run of TIS model.
Extract TUI and TUL genes (length >300bp)
TUI genes number: 33
TUL genes number: 27
Compare TUI TIS model with TUL TIS model...
Train TUI TIS model..
Train TUL TIS model..
Lamda > 0: TUL TIS model is similar to TUI TIS model.
Re-train TIS model.....
Choose final TIS...
Predicted genes have been saved in file: /home3/katelyn/PATRIC/fna/1675549.7.fna.MED
Detailed information for predicted TIS has been saved in /home3/katelyn/PATRIC/fna/1675549.7.fna.MED.para
