Welcome to MED2.0
Genome file is /home3/katelyn/PATRIC/fna/1675027.7.fna
sequence size: 41449
GC%: 0.538397

Number of exactcted ORFs: 410
Select root ORFs and first running of TIS model...
 iteration      Selected as coding    rejected as non-coding
       0                       13                       35
       1                        9                      108
       2                        1                       40
       3                        0                        7
       4                        0                        4
       5                        0                        4
       6                        0                       17
       7                        0                       14
       8                        0                        8
       9                        0                        3
      10                        0                        1
      11                        0                        0
Selected root coding ORFs number: 23
Rejected non-coding ORFs number: 241
Remaining ORFs number: 146

Select coding ORFs from remianing ORFs using a Fisher discriminant function...
Remaining: 96
Process overlapping genes...
Totally predict 50 genes.
Second run of TIS model.
Extract TUI and TUL genes (length >300bp)
TUI genes number: 26
TUL genes number: 12
Compare TUI TIS model with TUL TIS model...
Train TUI TIS model..
Train TUL TIS model..
Lamda < 0: TUL TIS model differs from TUI TIS model
Re-train TUI TIS model...
Re-train TUL TIS model..
Choose final TIS...
Predicted genes have been saved in file: /home3/katelyn/PATRIC/fna/1675027.7.fna.MED
Detailed information for predicted TIS has been saved in /home3/katelyn/PATRIC/fna/1675027.7.fna.MED.para
