Welcome to MED2.0
Genome file is /home3/katelyn/PATRIC/fna/1679530.6.fna
sequence size: 72790
GC%: 0.63054

Number of exactcted ORFs: 822
Select root ORFs and first running of TIS model...
 iteration      Selected as coding    rejected as non-coding
       0                       87                      262
       1                       14                       43
       2                        1                        6
       3                        0                        0
Selected root coding ORFs number: 102
Rejected non-coding ORFs number: 354
Remaining ORFs number: 366
Select coding ORFs from remianing ORFs using Fisher discriminant functions...
Remaining: 271
Process overlapping genes...
Totally predict 152 genes.
Second run of TIS model.
Extract TUI and TUL genes (length >300bp)
TUI genes number: 48
TUL genes number: 40
Compare TUI TIS model with TUL TIS model...
Train TUI TIS model..
Train TUL TIS model..
Lamda > 0: TUL TIS model is similar to TUI TIS model.
Re-train TIS model.....
Choose final TIS...
Predicted genes have been saved in file: /home3/katelyn/PATRIC/fna/1679530.6.fna.MED
Detailed information for predicted TIS has been saved in /home3/katelyn/PATRIC/fna/1679530.6.fna.MED.para
