Welcome to MED2.0
Genome file is /home3/katelyn/PATRIC/fna/1682394.5.fna
sequence size: 175814
GC%: 0.420046

Number of exactcted ORFs: 1681
Select root ORFs and first running of TIS model...
 iteration      Selected as coding    rejected as non-coding
       0                       86                       87
       1                       38                      167
       2                        7                      174
       3                        0                      110
       4                        0                       45
       5                        0                       11
       6                        0                        4
       7                        0                        0
Selected root coding ORFs number: 131
Rejected non-coding ORFs number: 598
Remaining ORFs number: 952

Select coding ORFs from remianing ORFs using a Fisher discriminant function...
Remaining: 618
Process overlapping genes...
Totally predict 283 genes.
Second run of TIS model.
Extract TUI and TUL genes (length >300bp)
TUI genes number: 139
TUL genes number: 41
Compare TUI TIS model with TUL TIS model...
Train TUI TIS model..
Train TUL TIS model..
Lamda > 0: TUL TIS model is similar to TUI TIS model.
Re-train TIS model....
Choose final TIS...
Predicted genes have been saved in file: /home3/katelyn/PATRIC/fna/1682394.5.fna.MED
Detailed information for predicted TIS has been saved in /home3/katelyn/PATRIC/fna/1682394.5.fna.MED.para
