Welcome to MED2.0
Genome file is /home3/katelyn/PATRIC/fna/1690456.7.fna
sequence size: 162486
GC%: 0.400742

Number of exactcted ORFs: 1196
Select root ORFs and first running of TIS model...
 iteration      Selected as coding    rejected as non-coding
       0                       67                       63
       1                       48                      215
       2                       11                      126
       3                        3                       42
       4                        0                       15
       5                        0                       10
       6                        0                        6
       7                        0                        3
       8                        0                        3
       9                        0                        1
      10                        0                        0
Selected root coding ORFs number: 129
Rejected non-coding ORFs number: 484
Remaining ORFs number: 583

Select coding ORFs from remianing ORFs using a Fisher discriminant function...
Remaining: 307
Process overlapping genes...
Totally predict 254 genes.
Second run of TIS model.
Extract TUI and TUL genes (length >300bp)
TUI genes number: 105
TUL genes number: 49
Compare TUI TIS model with TUL TIS model...
Train TUI TIS model..
Train TUL TIS model..
Lamda > 0: TUL TIS model is similar to TUI TIS model.
Re-train TIS model..
Choose final TIS...
Predicted genes have been saved in file: /home3/katelyn/PATRIC/fna/1690456.7.fna.MED
Detailed information for predicted TIS has been saved in /home3/katelyn/PATRIC/fna/1690456.7.fna.MED.para
