Welcome to MED2.0
Genome file is /home3/katelyn/PATRIC/fna/1691957.6.fna
sequence size: 52992
GC%: 0.381416

Number of exactcted ORFs: 436
Select root ORFs and first running of TIS model...
 iteration      Selected as coding    rejected as non-coding
       0                       30                       32
       1                       17                       44
       2                        2                       28
       3                        1                        5
       4                        0                        2
       5                        0                        0
Selected root coding ORFs number: 50
Rejected non-coding ORFs number: 111
Remaining ORFs number: 275

Select coding ORFs from remianing ORFs using a Fisher discriminant function...
Remaining: 211
Process overlapping genes...
Totally predict 104 genes.
Second run of TIS model.
Extract TUI and TUL genes (length >300bp)
TUI genes number: 37
TUL genes number: 20
Compare TUI TIS model with TUL TIS model...
Train TUI TIS model..
Train TUL TIS model..
Lamda > 0: TUL TIS model is similar to TUI TIS model.
Re-train TIS model.....
Choose final TIS...
Predicted genes have been saved in file: /home3/katelyn/PATRIC/fna/1691957.6.fna.MED
Detailed information for predicted TIS has been saved in /home3/katelyn/PATRIC/fna/1691957.6.fna.MED.para
