Welcome to MED2.0
Genome file is /home3/katelyn/PATRIC/fna/1695221.5.fna
sequence size: 41768
GC%: 0.497821

Number of exactcted ORFs: 395
Select root ORFs and first running of TIS model...
 iteration      Selected as coding    rejected as non-coding
       0                        8                       21
       1                        5                       45
       2                        3                       28
       3                        1                       16
       4                        1                        9
       5                        0                        1
       6                        0                        1
       7                        0                        1
       8                        0                        1
       9                        0                        1
      10                        0                        1
      11                        0                        0
Selected root coding ORFs number: 18
Rejected non-coding ORFs number: 125
Remaining ORFs number: 252

Select coding ORFs from remianing ORFs using a Fisher discriminant function...
Remaining: 129
Process overlapping genes...
Totally predict 60 genes.
Second run of TIS model.
Extract TUI and TUL genes (length >300bp)
TUI genes number: 23
TUL genes number: 15
Compare TUI TIS model with TUL TIS model...
Train TUI TIS model..
Train TUL TIS model..
Lamda > 0: TUL TIS model is similar to TUI TIS model.
Re-train TIS model....
Choose final TIS...
Predicted genes have been saved in file: /home3/katelyn/PATRIC/fna/1695221.5.fna.MED
Detailed information for predicted TIS has been saved in /home3/katelyn/PATRIC/fna/1695221.5.fna.MED.para
