Welcome to MED2.0
Genome file is /home3/katelyn/PATRIC/fna/1698366.7.fna
sequence size: 49421
GC%: 0.597863

Number of exactcted ORFs: 568
Select root ORFs and first running of TIS model...
 iteration      Selected as coding    rejected as non-coding
       0                       63                      117
       1                        5                       40
       2                        0                        8
       3                        0                        0
Selected root coding ORFs number: 68
Rejected non-coding ORFs number: 206
Remaining ORFs number: 294
Select coding ORFs from remianing ORFs using Fisher discriminant functions...
Remaining: 196
Process overlapping genes...
Totally predict 103 genes.
Second run of TIS model.
Extract TUI and TUL genes (length >300bp)
TUI genes number: 33
TUL genes number: 21
Compare TUI TIS model with TUL TIS model...
Train TUI TIS model..
Train TUL TIS model..
Lamda > 0: TUL TIS model is similar to TUI TIS model.
Re-train TIS model....
Choose final TIS...
Predicted genes have been saved in file: /home3/katelyn/PATRIC/fna/1698366.7.fna.MED
Detailed information for predicted TIS has been saved in /home3/katelyn/PATRIC/fna/1698366.7.fna.MED.para
