Welcome to MED2.0
Genome file is /home3/katelyn/PATRIC/fna/1698708.6.fna
sequence size: 43872
GC%: 0.521859

Number of exactcted ORFs: 454
Select root ORFs and first running of TIS model...
 iteration      Selected as coding    rejected as non-coding
       0                        8                       41
       1                        4                      103
       2                        2                       53
       3                        0                       12
       4                        0                        2
       5                        0                        0
Selected root coding ORFs number: 14
Rejected non-coding ORFs number: 211
Remaining ORFs number: 229

Select coding ORFs from remianing ORFs using a Fisher discriminant function...
Remaining: 237
Process overlapping genes...
Totally predict 66 genes.
Second run of TIS model.
Extract TUI and TUL genes (length >300bp)
TUI genes number: 27
TUL genes number: 9
Compare TUI TIS model with TUL TIS model...
Train TUI TIS model..
Train TUL TIS model..
Lamda > 0: TUL TIS model is similar to TUI TIS model.
Re-train TIS model..
Choose final TIS...
Predicted genes have been saved in file: /home3/katelyn/PATRIC/fna/1698708.6.fna.MED
Detailed information for predicted TIS has been saved in /home3/katelyn/PATRIC/fna/1698708.6.fna.MED.para
