Welcome to MED2.0
Genome file is /home3/katelyn/PATRIC/fna/1698715.7.fna
sequence size: 55617
GC%: 0.617149

Number of exactcted ORFs: 665
Select root ORFs and first running of TIS model...
 iteration      Selected as coding    rejected as non-coding
       0                       46                       99
       1                       22                       62
       2                        4                       15
       3                        1                        1
       4                        0                        0
Selected root coding ORFs number: 73
Rejected non-coding ORFs number: 221
Remaining ORFs number: 371
Select coding ORFs from remianing ORFs using Fisher discriminant functions...
Remaining: 227
Process overlapping genes...
Totally predict 100 genes.
Second run of TIS model.
Extract TUI and TUL genes (length >300bp)
TUI genes number: 29
TUL genes number: 32
Compare TUI TIS model with TUL TIS model...
Train TUI TIS model..
Train TUL TIS model..
Lamda > 0: TUL TIS model is similar to TUI TIS model.
Re-train TIS model......
Choose final TIS...
Predicted genes have been saved in file: /home3/katelyn/PATRIC/fna/1698715.7.fna.MED
Detailed information for predicted TIS has been saved in /home3/katelyn/PATRIC/fna/1698715.7.fna.MED.para
