Welcome to MED2.0
Genome file is /home3/katelyn/PATRIC/fna/1698253.6.fna
sequence size: 155292
GC%: 0.647355

Number of exactcted ORFs: 1528
Select root ORFs and first running of TIS model...
 iteration      Selected as coding    rejected as non-coding
       0                      166                      604
       1                       18                      117
       2                        3                       15
       3                        0                        2
       4                        0                        0
Selected root coding ORFs number: 187
Rejected non-coding ORFs number: 841
Remaining ORFs number: 500
Select coding ORFs from remianing ORFs using Fisher discriminant functions...
Remaining: 378
Process overlapping genes...
Totally predict 248 genes.
Second run of TIS model.
Extract TUI and TUL genes (length >300bp)
TUI genes number: 77
TUL genes number: 90
Compare TUI TIS model with TUL TIS model...
Train TUI TIS model..
Train TUL TIS model..
Lamda > 0: TUL TIS model is similar to TUI TIS model.
Re-train TIS model......
Choose final TIS...
Predicted genes have been saved in file: /home3/katelyn/PATRIC/fna/1698253.6.fna.MED
Detailed information for predicted TIS has been saved in /home3/katelyn/PATRIC/fna/1698253.6.fna.MED.para
