Welcome to MED2.0
Genome file is /home3/katelyn/PATRIC/fna/1698357.7.fna
sequence size: 59652
GC%: 0.617934

Number of exactcted ORFs: 706
Select root ORFs and first running of TIS model...
 iteration      Selected as coding    rejected as non-coding
       0                       61                      124
       1                       21                       56
       2                        2                       15
       3                        0                        5
       4                        0                        0
Selected root coding ORFs number: 84
Rejected non-coding ORFs number: 222
Remaining ORFs number: 400
Select coding ORFs from remianing ORFs using Fisher discriminant functions...
Remaining: 322
Process overlapping genes...
Totally predict 113 genes.
Second run of TIS model.
Extract TUI and TUL genes (length >300bp)
TUI genes number: 37
TUL genes number: 35
Compare TUI TIS model with TUL TIS model...
Train TUI TIS model..
Train TUL TIS model..
Lamda < 0: TUL TIS model differs from TUI TIS model
Re-train TUI TIS model.....
Re-train TUL TIS model...
Choose final TIS...
Predicted genes have been saved in file: /home3/katelyn/PATRIC/fna/1698357.7.fna.MED
Detailed information for predicted TIS has been saved in /home3/katelyn/PATRIC/fna/1698357.7.fna.MED.para
