Welcome to MED2.0
Genome file is /home3/katelyn/PATRIC/fna/1701850.7.fna
sequence size: 33900
GC%: 0.384484

Number of exactcted ORFs: 284
Select root ORFs and first running of TIS model...
 iteration      Selected as coding    rejected as non-coding
       0                        6                        1
       1                        5                        8
       2                        3                       17
       3                        0                       19
       4                        0                       10
       5                        0                        7
       6                        0                        1
       7                        0                        0
Selected root coding ORFs number: 14
Rejected non-coding ORFs number: 63
Remaining ORFs number: 207

Select coding ORFs from remianing ORFs using a Fisher discriminant function...
Remaining: 136
Process overlapping genes...
Totally predict 52 genes.
Second run of TIS model.
Extract TUI and TUL genes (length >300bp)
TUI genes number: 31
TUL genes number: 6
Compare TUI TIS model with TUL TIS model...
Train TUI TIS model..
Train TUL TIS model..
Lamda > 0: TUL TIS model is similar to TUI TIS model.
Re-train TIS model....
Choose final TIS...
Predicted genes have been saved in file: /home3/katelyn/PATRIC/fna/1701850.7.fna.MED
Detailed information for predicted TIS has been saved in /home3/katelyn/PATRIC/fna/1701850.7.fna.MED.para
