Welcome to MED2.0
Genome file is /home3/katelyn/PATRIC/fna/1701808.9.fna
sequence size: 40938
GC%: 0.393375

Number of exactcted ORFs: 260
Select root ORFs and first running of TIS model...
 iteration      Selected as coding    rejected as non-coding
       0                       10                        7
       1                        5                       23
       2                        0                       34
       3                        0                       17
       4                        0                       18
       5                        0                       11
       6                        0                        1
       7                        0                        0
Selected root coding ORFs number: 15
Rejected non-coding ORFs number: 111
Remaining ORFs number: 134

Select coding ORFs from remianing ORFs using a Fisher discriminant function...
Remaining: 73
Process overlapping genes...
Totally predict 52 genes.
Second run of TIS model.
Extract TUI and TUL genes (length >300bp)
TUI genes number: 27
TUL genes number: 7
Compare TUI TIS model with TUL TIS model...
Train TUI TIS model..
Train TUL TIS model..
Lamda < 0: TUL TIS model differs from TUI TIS model
Re-train TUI TIS model...
Re-train TUL TIS model..
Choose final TIS...
Predicted genes have been saved in file: /home3/katelyn/PATRIC/fna/1701808.9.fna.MED
Detailed information for predicted TIS has been saved in /home3/katelyn/PATRIC/fna/1701808.9.fna.MED.para
