Welcome to MED2.0
Genome file is /home3/katelyn/PATRIC/fna/1701257.7.fna
sequence size: 40491
GC%: 0.51972

Number of exactcted ORFs: 395
Select root ORFs and first running of TIS model...
 iteration      Selected as coding    rejected as non-coding
       0                       14                       24
       1                        5                       69
       2                        2                       30
       3                        0                       12
       4                        0                        1
       5                        0                        0
Selected root coding ORFs number: 21
Rejected non-coding ORFs number: 136
Remaining ORFs number: 238

Select coding ORFs from remianing ORFs using a Fisher discriminant function...
Remaining: 170
Process overlapping genes...
Totally predict 69 genes.
Second run of TIS model.
Extract TUI and TUL genes (length >300bp)
TUI genes number: 25
TUL genes number: 12
Compare TUI TIS model with TUL TIS model...
Train TUI TIS model..
Train TUL TIS model..
Lamda > 0: TUL TIS model is similar to TUI TIS model.
Re-train TIS model....
Choose final TIS...
Predicted genes have been saved in file: /home3/katelyn/PATRIC/fna/1701257.7.fna.MED
Detailed information for predicted TIS has been saved in /home3/katelyn/PATRIC/fna/1701257.7.fna.MED.para
