Welcome to MED2.0
Genome file is /home3/katelyn/PATRIC/fna/1701845.6.fna
sequence size: 52055
GC%: 0.636481

Number of exactcted ORFs: 498
Select root ORFs and first running of TIS model...
 iteration      Selected as coding    rejected as non-coding
       0                       60                      159
       1                        6                       33
       2                        0                        3
       3                        0                        2
       4                        0                        0
Selected root coding ORFs number: 66
Rejected non-coding ORFs number: 270
Remaining ORFs number: 162
Select coding ORFs from remianing ORFs using Fisher discriminant functions...
Remaining: 135
Process overlapping genes...
Totally predict 96 genes.
Second run of TIS model.
Extract TUI and TUL genes (length >300bp)
TUI genes number: 32
TUL genes number: 21
Compare TUI TIS model with TUL TIS model...
Train TUI TIS model..
Train TUL TIS model..
Lamda < 0: TUL TIS model differs from TUI TIS model
Re-train TUI TIS model...
Re-train TUL TIS model....
Choose final TIS...
Predicted genes have been saved in file: /home3/katelyn/PATRIC/fna/1701845.6.fna.MED
Detailed information for predicted TIS has been saved in /home3/katelyn/PATRIC/fna/1701845.6.fna.MED.para
