Welcome to MED2.0
Genome file is /home3/katelyn/PATRIC/fna/1701802.5.fna
sequence size: 153243
GC%: 0.647331

Number of exactcted ORFs: 1520
Select root ORFs and first running of TIS model...
 iteration      Selected as coding    rejected as non-coding
       0                      162                      608
       1                       10                      115
       2                        1                       17
       3                        1                        2
       4                        0                        1
       5                        0                        0
Selected root coding ORFs number: 174
Rejected non-coding ORFs number: 804
Remaining ORFs number: 542
Select coding ORFs from remianing ORFs using Fisher discriminant functions...
Remaining: 392
Process overlapping genes...
Totally predict 251 genes.
Second run of TIS model.
Extract TUI and TUL genes (length >300bp)
TUI genes number: 78
TUL genes number: 88
Compare TUI TIS model with TUL TIS model...
Train TUI TIS model..
Train TUL TIS model..
Lamda > 0: TUL TIS model is similar to TUI TIS model.
Re-train TIS model...
Choose final TIS...
Predicted genes have been saved in file: /home3/katelyn/PATRIC/fna/1701802.5.fna.MED
Detailed information for predicted TIS has been saved in /home3/katelyn/PATRIC/fna/1701802.5.fna.MED.para
