Welcome to MED2.0
Genome file is /home3/katelyn/PATRIC/fna/1701804.13.fna
sequence size: 40114
GC%: 0.532831

Number of exactcted ORFs: 395
Select root ORFs and first running of TIS model...
 iteration      Selected as coding    rejected as non-coding
       0                       14                       35
       1                        5                      114
       2                        1                       43
       3                        0                        6
       4                        0                        2
       5                        0                        0
Selected root coding ORFs number: 20
Rejected non-coding ORFs number: 200
Remaining ORFs number: 175

Select coding ORFs from remianing ORFs using a Fisher discriminant function...
Remaining: 144
Process overlapping genes...
Totally predict 53 genes.
Second run of TIS model.
Extract TUI and TUL genes (length >300bp)
TUI genes number: 12
TUL genes number: 12
Compare TUI TIS model with TUL TIS model...
Train TUI TIS model..
Train TUL TIS model..
Lamda > 0: TUL TIS model is similar to TUI TIS model.
Re-train TIS model...
Choose final TIS...
Predicted genes have been saved in file: /home3/katelyn/PATRIC/fna/1701804.13.fna.MED
Detailed information for predicted TIS has been saved in /home3/katelyn/PATRIC/fna/1701804.13.fna.MED.para
