Welcome to MED2.0
Genome file is /home3/katelyn/PATRIC/fna/1701827.7.fna
sequence size: 41063
GC%: 0.408056

Number of exactcted ORFs: 341
Select root ORFs and first running of TIS model...
 iteration      Selected as coding    rejected as non-coding
       0                       16                       13
       1                        8                       31
       2                        2                       26
       3                        0                        8
       4                        0                        6
       5                        0                        2
       6                        0                        2
       7                        0                        3
       8                        0                        1
       9                        0                        0
Selected root coding ORFs number: 26
Rejected non-coding ORFs number: 92
Remaining ORFs number: 223

Select coding ORFs from remianing ORFs using a Fisher discriminant function...
Remaining: 135
Process overlapping genes...
Totally predict 70 genes.
Second run of TIS model.
Extract TUI and TUL genes (length >300bp)
TUI genes number: 34
TUL genes number: 6
Compare TUI TIS model with TUL TIS model...
Train TUI TIS model..
Train TUL TIS model..
Lamda > 0: TUL TIS model is similar to TUI TIS model.
Re-train TIS model...
Choose final TIS...
Predicted genes have been saved in file: /home3/katelyn/PATRIC/fna/1701827.7.fna.MED
Detailed information for predicted TIS has been saved in /home3/katelyn/PATRIC/fna/1701827.7.fna.MED.para
