Welcome to MED2.0
Genome file is /home3/katelyn/PATRIC/fna/1701862.6.fna
sequence size: 65762
GC%: 0.549284

Number of exactcted ORFs: 689
Select root ORFs and first running of TIS model...
 iteration      Selected as coding    rejected as non-coding
       0                       17                      103
       1                        5                      146
       2                        0                       34
       3                        0                        8
       4                        0                        4
       5                        0                        1
       6                        0                        0
Selected root coding ORFs number: 22
Rejected non-coding ORFs number: 296
Remaining ORFs number: 371

Select coding ORFs from remianing ORFs using a Fisher discriminant function...
Remaining: 228
Process overlapping genes...
Totally predict 84 genes.
Second run of TIS model.
Extract TUI and TUL genes (length >300bp)
TUI genes number: 19
TUL genes number: 45
Compare TUI TIS model with TUL TIS model...
Train TUI TIS model..
Train TUL TIS model..
Lamda < 0: TUL TIS model differs from TUI TIS model
Re-train TUI TIS model..
Re-train TUL TIS model......
Choose final TIS...
Predicted genes have been saved in file: /home3/katelyn/PATRIC/fna/1701862.6.fna.MED
Detailed information for predicted TIS has been saved in /home3/katelyn/PATRIC/fna/1701862.6.fna.MED.para
