Welcome to MED2.0
Genome file is /home3/katelyn/PATRIC/fna/1712539.7.fna
sequence size: 41620
GC%: 0.538395

Number of exactcted ORFs: 393
Select root ORFs and first running of TIS model...
 iteration      Selected as coding    rejected as non-coding
       0                       14                       49
       1                        6                       96
       2                        0                       23
       3                        0                        4
       4                        0                        1
       5                        0                        0
Selected root coding ORFs number: 20
Rejected non-coding ORFs number: 173
Remaining ORFs number: 200

Select coding ORFs from remianing ORFs using a Fisher discriminant function...
Remaining: 133
Process overlapping genes...
Totally predict 52 genes.
Second run of TIS model.
Extract TUI and TUL genes (length >300bp)
TUI genes number: 25
TUL genes number: 12
Compare TUI TIS model with TUL TIS model...
Train TUI TIS model..
Train TUL TIS model..
Lamda > 0: TUL TIS model is similar to TUI TIS model.
Re-train TIS model....
Choose final TIS...
Predicted genes have been saved in file: /home3/katelyn/PATRIC/fna/1712539.7.fna.MED
Detailed information for predicted TIS has been saved in /home3/katelyn/PATRIC/fna/1712539.7.fna.MED.para
