Welcome to MED2.0
Genome file is /home3/katelyn/PATRIC/fna/1716042.10.fna
sequence size: 93464
GC%: 0.495078

Number of exactcted ORFs: 984
Select root ORFs and first running of TIS model...
 iteration      Selected as coding    rejected as non-coding
       0                       28                       58
       1                       13                      144
       2                        1                      107
       3                        0                       35
       4                        0                        6
       5                        0                        0
Selected root coding ORFs number: 42
Rejected non-coding ORFs number: 350
Remaining ORFs number: 592

Select coding ORFs from remianing ORFs using a Fisher discriminant function...
Remaining: 293
Process overlapping genes...
Totally predict 188 genes.
Second run of TIS model.
Extract TUI and TUL genes (length >300bp)
TUI genes number: 77
TUL genes number: 37
Compare TUI TIS model with TUL TIS model...
Train TUI TIS model..
Train TUL TIS model..
Lamda > 0: TUL TIS model is similar to TUI TIS model.
Re-train TIS model....
Choose final TIS...
Predicted genes have been saved in file: /home3/katelyn/PATRIC/fna/1716042.10.fna.MED
Detailed information for predicted TIS has been saved in /home3/katelyn/PATRIC/fna/1716042.10.fna.MED.para
