Welcome to MED2.0
Genome file is /home3/katelyn/PATRIC/fna/1718158.6.fna
sequence size: 42265
GC%: 0.355093

Number of exactcted ORFs: 310
Select root ORFs and first running of TIS model...
 iteration      Selected as coding    rejected as non-coding
       0                        4                        1
       1                        8                        4
       2                        5                        6
       3                        3                       17
       4                        0                       24
       5                        0                       27
       6                        0                        9
       7                        0                        2
       8                        0                        2
       9                        0                        0
Selected root coding ORFs number: 20
Rejected non-coding ORFs number: 92
Remaining ORFs number: 198

Select coding ORFs from remianing ORFs using a Fisher discriminant function...
Remaining: 141
Process overlapping genes...
Totally predict 74 genes.
Second run of TIS model.
Extract TUI and TUL genes (length >300bp)
TUI genes number: 18
TUL genes number: 18
Compare TUI TIS model with TUL TIS model...
Train TUI TIS model..
Train TUL TIS model..
Lamda > 0: TUL TIS model is similar to TUI TIS model.
Re-train TIS model.....
Choose final TIS...
Predicted genes have been saved in file: /home3/katelyn/PATRIC/fna/1718158.6.fna.MED
Detailed information for predicted TIS has been saved in /home3/katelyn/PATRIC/fna/1718158.6.fna.MED.para
