Welcome to MED2.0
Genome file is /home3/katelyn/PATRIC/fna/1718278.7.fna
sequence size: 46877
GC%: 0.533204

Number of exactcted ORFs: 569
Select root ORFs and first running of TIS model...
 iteration      Selected as coding    rejected as non-coding
       0                       14                       45
       1                        6                       79
       2                        0                       39
       3                        0                       12
       4                        0                        2
       5                        0                        0
Selected root coding ORFs number: 20
Rejected non-coding ORFs number: 177
Remaining ORFs number: 372

Select coding ORFs from remianing ORFs using a Fisher discriminant function...
Remaining: 177
Process overlapping genes...
Totally predict 89 genes.
Second run of TIS model.
Extract TUI and TUL genes (length >300bp)
TUI genes number: 28
TUL genes number: 25
Compare TUI TIS model with TUL TIS model...
Train TUI TIS model..
Train TUL TIS model..
Lamda < 0: TUL TIS model differs from TUI TIS model
Re-train TUI TIS model....
Re-train TUL TIS model......
Choose final TIS...
Predicted genes have been saved in file: /home3/katelyn/PATRIC/fna/1718278.7.fna.MED
Detailed information for predicted TIS has been saved in /home3/katelyn/PATRIC/fna/1718278.7.fna.MED.para
