Welcome to MED2.0
Genome file is /home3/katelyn/PATRIC/fna/1718606.10.fna
sequence size: 90743
GC%: 0.397606

Number of exactcted ORFs: 741
Select root ORFs and first running of TIS model...
 iteration      Selected as coding    rejected as non-coding
       0                       42                       10
       1                       25                       37
       2                        7                       75
       3                        0                       69
       4                        0                       49
       5                        0                       20
       6                        0                       13
       7                        0                        4
       8                        0                        0
Selected root coding ORFs number: 74
Rejected non-coding ORFs number: 277
Remaining ORFs number: 390

Select coding ORFs from remianing ORFs using a Fisher discriminant function...
Remaining: 236
Process overlapping genes...
Totally predict 154 genes.
Second run of TIS model.
Extract TUI and TUL genes (length >300bp)
TUI genes number: 67
TUL genes number: 29
Compare TUI TIS model with TUL TIS model...
Train TUI TIS model..
Train TUL TIS model..
Lamda > 0: TUL TIS model is similar to TUI TIS model.
Re-train TIS model...
Choose final TIS...
Predicted genes have been saved in file: /home3/katelyn/PATRIC/fna/1718606.10.fna.MED
Detailed information for predicted TIS has been saved in /home3/katelyn/PATRIC/fna/1718606.10.fna.MED.para
