Welcome to MED2.0
Genome file is /home3/katelyn/PATRIC/fna/1718171.7.fna
sequence size: 50614
GC%: 0.635318

Number of exactcted ORFs: 501
Select root ORFs and first running of TIS model...
 iteration      Selected as coding    rejected as non-coding
       0                       64                      144
       1                        8                       36
       2                        0                        4
       3                        0                        1
       4                        0                        0
Selected root coding ORFs number: 72
Rejected non-coding ORFs number: 264
Remaining ORFs number: 165
Select coding ORFs from remianing ORFs using Fisher discriminant functions...
Remaining: 134
Process overlapping genes...
Totally predict 97 genes.
Second run of TIS model.
Extract TUI and TUL genes (length >300bp)
TUI genes number: 33
TUL genes number: 15
Compare TUI TIS model with TUL TIS model...
Train TUI TIS model..
Train TUL TIS model..
Lamda > 0: TUL TIS model is similar to TUI TIS model.
Re-train TIS model.........
Choose final TIS...
Predicted genes have been saved in file: /home3/katelyn/PATRIC/fna/1718171.7.fna.MED
Detailed information for predicted TIS has been saved in /home3/katelyn/PATRIC/fna/1718171.7.fna.MED.para
