Welcome to MED2.0
Genome file is /home3/katelyn/PATRIC/fna/1718840.9.fna
sequence size: 41496
GC%: 0.394857

Number of exactcted ORFs: 311
Select root ORFs and first running of TIS model...
 iteration      Selected as coding    rejected as non-coding
       0                       21                        6
       1                       12                        3
       2                        3                        0
       3                        0                        0
Selected root coding ORFs number: 36
Rejected non-coding ORFs number: 9
Remaining ORFs number: 266

Select coding ORFs from remianing ORFs using a Fisher discriminant function...
Remaining: 218
Process overlapping genes...
Totally predict 69 genes.
Second run of TIS model.
Extract TUI and TUL genes (length >300bp)
TUI genes number: 32
TUL genes number: 14
Compare TUI TIS model with TUL TIS model...
Train TUI TIS model..
Train TUL TIS model..
Lamda > 0: TUL TIS model is similar to TUI TIS model.
Re-train TIS model....
Choose final TIS...
Predicted genes have been saved in file: /home3/katelyn/PATRIC/fna/1718840.9.fna.MED
Detailed information for predicted TIS has been saved in /home3/katelyn/PATRIC/fna/1718840.9.fna.MED.para
