Welcome to MED2.0
Genome file is /home3/katelyn/PATRIC/fna/1720493.7.fna
sequence size: 61235
GC%: 0.444288

Number of exactcted ORFs: 580
Select root ORFs and first running of TIS model...
 iteration      Selected as coding    rejected as non-coding
       0                       15                       10
       1                       10                       25
       2                        1                       33
       3                        0                       29
       4                        0                       13
       5                        0                       12
       6                        0                       16
       7                        0                       17
       8                        0                        7
       9                        0                        2
      10                        0                        0
Selected root coding ORFs number: 26
Rejected non-coding ORFs number: 164
Remaining ORFs number: 390

Select coding ORFs from remianing ORFs using a Fisher discriminant function...
Remaining: 254
Process overlapping genes...
Totally predict 99 genes.
Second run of TIS model.
Extract TUI and TUL genes (length >300bp)
TUI genes number: 41
TUL genes number: 24
Compare TUI TIS model with TUL TIS model...
Train TUI TIS model..
Train TUL TIS model..
Lamda > 0: TUL TIS model is similar to TUI TIS model.
Re-train TIS model......
Choose final TIS...
Predicted genes have been saved in file: /home3/katelyn/PATRIC/fna/1720493.7.fna.MED
Detailed information for predicted TIS has been saved in /home3/katelyn/PATRIC/fna/1720493.7.fna.MED.para
