Welcome to MED2.0
Genome file is /home3/katelyn/PATRIC/fna/1728958.7.fna
sequence size: 111751
GC%: 0.390153

Number of exactcted ORFs: 824
Select root ORFs and first running of TIS model...
 iteration      Selected as coding    rejected as non-coding
       0                       45                       13
       1                       25                       41
       2                        7                       44
       3                        1                       31
       4                        0                       14
       5                        0                        5
       6                        0                        3
       7                        0                        1
       8                        0                        0
Selected root coding ORFs number: 78
Rejected non-coding ORFs number: 152
Remaining ORFs number: 594

Select coding ORFs from remianing ORFs using a Fisher discriminant function...
Remaining: 394
Process overlapping genes...
Totally predict 206 genes.
Second run of TIS model.
Extract TUI and TUL genes (length >300bp)
TUI genes number: 67
TUL genes number: 36
Compare TUI TIS model with TUL TIS model...
Train TUI TIS model..
Train TUL TIS model..
Lamda > 0: TUL TIS model is similar to TUI TIS model.
Re-train TIS model....
Choose final TIS...
Predicted genes have been saved in file: /home3/katelyn/PATRIC/fna/1728958.7.fna.MED
Detailed information for predicted TIS has been saved in /home3/katelyn/PATRIC/fna/1728958.7.fna.MED.para
