Welcome to MED2.0
Genome file is /home3/katelyn/PATRIC/fna/1729937.7.fna
sequence size: 98765
GC%: 0.485081

Number of exactcted ORFs: 1098
Select root ORFs and first running of TIS model...
 iteration      Selected as coding    rejected as non-coding
       0                       43                       82
       1                       11                      242
       2                        1                      172
       3                        0                       34
       4                        0                        7
       5                        0                        2
       6                        0                        0
Selected root coding ORFs number: 55
Rejected non-coding ORFs number: 539
Remaining ORFs number: 504

Select coding ORFs from remianing ORFs using a Fisher discriminant function...
Remaining: 296
Process overlapping genes...
Totally predict 199 genes.
Second run of TIS model.
Extract TUI and TUL genes (length >300bp)
TUI genes number: 81
TUL genes number: 28
Compare TUI TIS model with TUL TIS model...
Train TUI TIS model..
Train TUL TIS model..
Lamda > 0: TUL TIS model is similar to TUI TIS model.
Re-train TIS model..
Choose final TIS...
Predicted genes have been saved in file: /home3/katelyn/PATRIC/fna/1729937.7.fna.MED
Detailed information for predicted TIS has been saved in /home3/katelyn/PATRIC/fna/1729937.7.fna.MED.para
