Welcome to MED2.0
Genome file is /home3/katelyn/PATRIC/fna/173707.6.fna
sequence size: 43106
GC%: 0.38642

Number of exactcted ORFs: 318
Select root ORFs and first running of TIS model...
 iteration      Selected as coding    rejected as non-coding
       0                       23                       11
       1                       17                       22
       2                        1                       17
       3                        0                       10
       4                        0                        2
       5                        0                        1
       6                        0                        0
Selected root coding ORFs number: 41
Rejected non-coding ORFs number: 63
Remaining ORFs number: 214

Select coding ORFs from remianing ORFs using a Fisher discriminant function...
Remaining: 121
Process overlapping genes...
Totally predict 72 genes.
Second run of TIS model.
Extract TUI and TUL genes (length >300bp)
TUI genes number: 30
TUL genes number: 14
Compare TUI TIS model with TUL TIS model...
Train TUI TIS model..
Train TUL TIS model..
Lamda > 0: TUL TIS model is similar to TUI TIS model.
Re-train TIS model...
Choose final TIS...
Predicted genes have been saved in file: /home3/katelyn/PATRIC/fna/173707.6.fna.MED
Detailed information for predicted TIS has been saved in /home3/katelyn/PATRIC/fna/173707.6.fna.MED.para
