Welcome to MED2.0
Genome file is /home3/katelyn/PATRIC/fna/1739967.7.fna
sequence size: 56669
GC%: 0.612081

Number of exactcted ORFs: 676
Select root ORFs and first running of TIS model...
 iteration      Selected as coding    rejected as non-coding
       0                       51                       78
       1                       14                       50
       2                        2                       11
       3                        0                        2
       4                        0                        1
       5                        0                        0
Selected root coding ORFs number: 67
Rejected non-coding ORFs number: 213
Remaining ORFs number: 396
Select coding ORFs from remianing ORFs using Fisher discriminant functions...
Remaining: 287
Process overlapping genes...
Totally predict 109 genes.
Second run of TIS model.
Extract TUI and TUL genes (length >300bp)
TUI genes number: 35
TUL genes number: 30
Compare TUI TIS model with TUL TIS model...
Train TUI TIS model..
Train TUL TIS model..
Lamda < 0: TUL TIS model differs from TUI TIS model
Re-train TUI TIS model....
Re-train TUL TIS model.........
Choose final TIS...
Predicted genes have been saved in file: /home3/katelyn/PATRIC/fna/1739967.7.fna.MED
Detailed information for predicted TIS has been saved in /home3/katelyn/PATRIC/fna/1739967.7.fna.MED.para
