Welcome to MED2.0
Genome file is /home3/katelyn/PATRIC/fna/1743016.7.fna
sequence size: 39593
GC%: 0.630995

Number of exactcted ORFs: 451
Select root ORFs and first running of TIS model...
 iteration      Selected as coding    rejected as non-coding
       0                       39                      137
       1                        7                       43
       2                        0                        4
       3                        0                        1
       4                        0                        0
Selected root coding ORFs number: 46
Rejected non-coding ORFs number: 250
Remaining ORFs number: 155
Select coding ORFs from remianing ORFs using Fisher discriminant functions...
Remaining: 123
Process overlapping genes...
Totally predict 61 genes.
Second run of TIS model.
Extract TUI and TUL genes (length >300bp)
TUI genes number: 28
TUL genes number: 17
Compare TUI TIS model with TUL TIS model...
Train TUI TIS model..
Train TUL TIS model..
Lamda < 0: TUL TIS model differs from TUI TIS model
Re-train TUI TIS model.....
Re-train TUL TIS model..
Choose final TIS...
Predicted genes have been saved in file: /home3/katelyn/PATRIC/fna/1743016.7.fna.MED
Detailed information for predicted TIS has been saved in /home3/katelyn/PATRIC/fna/1743016.7.fna.MED.para
