Welcome to MED2.0
Genome file is /home3/katelyn/PATRIC/fna/1752028.6.fna
sequence size: 66257
GC%: 0.555805

Number of exactcted ORFs: 707
Select root ORFs and first running of TIS model...
 iteration      Selected as coding    rejected as non-coding
       0                        9                       43
       1                        8                      184
       2                        1                       77
       3                        0                       19
       4                        0                        7
       5                        0                        1
       6                        0                        0
Selected root coding ORFs number: 18
Rejected non-coding ORFs number: 331
Remaining ORFs number: 358

Select coding ORFs from remianing ORFs using a Fisher discriminant function...
Remaining: 253
Process overlapping genes...
Totally predict 92 genes.
Second run of TIS model.
Extract TUI and TUL genes (length >300bp)
TUI genes number: 21
TUL genes number: 43
Compare TUI TIS model with TUL TIS model...
Train TUI TIS model..
Train TUL TIS model..
Lamda > 0: TUL TIS model is similar to TUI TIS model.
Re-train TIS model.....
Choose final TIS...
Predicted genes have been saved in file: /home3/katelyn/PATRIC/fna/1752028.6.fna.MED
Detailed information for predicted TIS has been saved in /home3/katelyn/PATRIC/fna/1752028.6.fna.MED.para
