Welcome to MED2.0
Genome file is /home3/katelyn/PATRIC/fna/1755679.7.fna
sequence size: 165031
GC%: 0.381019

Number of exactcted ORFs: 1197
Select root ORFs and first running of TIS model...
 iteration      Selected as coding    rejected as non-coding
       0                       71                       91
       1                       43                      201
       2                        7                      116
       3                        0                       56
       4                        0                       26
       5                        0                        6
       6                        0                        2
       7                        0                        1
       8                        0                        1
       9                        0                        0
Selected root coding ORFs number: 121
Rejected non-coding ORFs number: 500
Remaining ORFs number: 576

Select coding ORFs from remianing ORFs using a Fisher discriminant function...
Remaining: 337
Process overlapping genes...
Totally predict 226 genes.
Second run of TIS model.
Extract TUI and TUL genes (length >300bp)
TUI genes number: 86
TUL genes number: 54
Compare TUI TIS model with TUL TIS model...
Train TUI TIS model..
Train TUL TIS model..
Lamda > 0: TUL TIS model is similar to TUI TIS model.
Re-train TIS model...
Choose final TIS...
Predicted genes have been saved in file: /home3/katelyn/PATRIC/fna/1755679.7.fna.MED
Detailed information for predicted TIS has been saved in /home3/katelyn/PATRIC/fna/1755679.7.fna.MED.para
