Welcome to MED2.0
Genome file is /home3/katelyn/PATRIC/fna/1755695.7.fna
sequence size: 40470
GC%: 0.510971

Number of exactcted ORFs: 390
Select root ORFs and first running of TIS model...
 iteration      Selected as coding    rejected as non-coding
       0                       15                       23
       1                        6                       75
       2                        0                       31
       3                        0                       16
       4                        0                        5
       5                        0                        2
       6                        0                        0
Selected root coding ORFs number: 21
Rejected non-coding ORFs number: 152
Remaining ORFs number: 217

Select coding ORFs from remianing ORFs using a Fisher discriminant function...
Remaining: 185
Process overlapping genes...
Totally predict 61 genes.
Second run of TIS model.
Extract TUI and TUL genes (length >300bp)
TUI genes number: 16
TUL genes number: 13
Compare TUI TIS model with TUL TIS model...
Train TUI TIS model..
Train TUL TIS model..
Lamda > 0: TUL TIS model is similar to TUI TIS model.
Re-train TIS model...
Choose final TIS...
Predicted genes have been saved in file: /home3/katelyn/PATRIC/fna/1755695.7.fna.MED
Detailed information for predicted TIS has been saved in /home3/katelyn/PATRIC/fna/1755695.7.fna.MED.para
