Welcome to MED2.0
Genome file is /home3/katelyn/PATRIC/fna/175950.8.fna
sequence size: 40149
GC%: 0.51015

Number of exactcted ORFs: 420
Select root ORFs and first running of TIS model...
 iteration      Selected as coding    rejected as non-coding
       0                        9                       11
       1                        6                       25
       2                        4                       21
       3                        1                        7
       4                        0                        3
       5                        0                        1
       6                        0                        0
Selected root coding ORFs number: 20
Rejected non-coding ORFs number: 68
Remaining ORFs number: 332

Select coding ORFs from remianing ORFs using a Fisher discriminant function...
Remaining: 233
Process overlapping genes...
Totally predict 67 genes.
Second run of TIS model.
Extract TUI and TUL genes (length >300bp)
TUI genes number: 25
TUL genes number: 23
Compare TUI TIS model with TUL TIS model...
Train TUI TIS model..
Train TUL TIS model..
Lamda > 0: TUL TIS model is similar to TUI TIS model.
Re-train TIS model....
Choose final TIS...
Predicted genes have been saved in file: /home3/katelyn/PATRIC/fna/175950.8.fna.MED
Detailed information for predicted TIS has been saved in /home3/katelyn/PATRIC/fna/175950.8.fna.MED.para
