Welcome to MED2.0
Genome file is /home3/katelyn/PATRIC/fna/1772317.6.fna
sequence size: 15630
GC%: 0.600192

Number of exactcted ORFs: 195
Select root ORFs and first running of TIS model...
 iteration      Selected as coding    rejected as non-coding
       0                       18                       38
       1                        3                       13
       2                        2                        1
       3                        1                        0
       4                        0                        0
Selected root coding ORFs number: 24
Rejected non-coding ORFs number: 78
Remaining ORFs number: 93
Select coding ORFs from remianing ORFs using Fisher discriminant functions...
Remaining: 69
Process overlapping genes...
Totally predict 29 genes.
Second run of TIS model.
Extract TUI and TUL genes (length >300bp)
TUI genes number: 11
TUL genes number: 4
Compare TUI TIS model with TUL TIS model...
Train TUI TIS model..
