Welcome to MED2.0
Genome file is /home3/katelyn/PATRIC/fna/1772218.6.fna
sequence size: 50298
GC%: 0.453756

Number of exactcted ORFs: 488
Select root ORFs and first running of TIS model...
 iteration      Selected as coding    rejected as non-coding
       0                       26                       17
       1                        6                       39
       2                        1                       39
       3                        0                       14
       4                        0                        2
       5                        0                        3
       6                        0                        1
       7                        0                        0
Selected root coding ORFs number: 33
Rejected non-coding ORFs number: 115
Remaining ORFs number: 340

Select coding ORFs from remianing ORFs using a Fisher discriminant function...
Remaining: 174
Process overlapping genes...
Totally predict 91 genes.
Second run of TIS model.
Extract TUI and TUL genes (length >300bp)
TUI genes number: 31
TUL genes number: 21
Compare TUI TIS model with TUL TIS model...
Train TUI TIS model..
Train TUL TIS model..
Lamda > 0: TUL TIS model is similar to TUI TIS model.
Re-train TIS model...
Choose final TIS...
Predicted genes have been saved in file: /home3/katelyn/PATRIC/fna/1772218.6.fna.MED
Detailed information for predicted TIS has been saved in /home3/katelyn/PATRIC/fna/1772218.6.fna.MED.para
