Welcome to MED2.0
Genome file is /home3/katelyn/PATRIC/fna/1772309.6.fna
sequence size: 15524
GC%: 0.602293

Number of exactcted ORFs: 198
Select root ORFs and first running of TIS model...
 iteration      Selected as coding    rejected as non-coding
       0                       20                       48
       1                        1                       16
       2                        0                        4
       3                        0                        0
Selected root coding ORFs number: 21
Rejected non-coding ORFs number: 85
Remaining ORFs number: 92
Select coding ORFs from remianing ORFs using Fisher discriminant functions...
Remaining: 78
Process overlapping genes...
Totally predict 30 genes.
Second run of TIS model.
Extract TUI and TUL genes (length >300bp)
TUI genes number: 12
TUL genes number: 3
Compare TUI TIS model with TUL TIS model...
Train TUI TIS model..
