Welcome to MED2.0
Genome file is /home3/katelyn/PATRIC/fna/1772311.5.fna
sequence size: 42830
GC%: 0.617488

Number of exactcted ORFs: 457
Select root ORFs and first running of TIS model...
 iteration      Selected as coding    rejected as non-coding
       0                       48                      151
       1                        4                       37
       2                        1                        4
       3                        0                        1
       4                        0                        0
Selected root coding ORFs number: 53
Rejected non-coding ORFs number: 259
Remaining ORFs number: 145
Select coding ORFs from remianing ORFs using Fisher discriminant functions...
Remaining: 115
Process overlapping genes...
Totally predict 68 genes.
Second run of TIS model.
Extract TUI and TUL genes (length >300bp)
TUI genes number: 24
TUL genes number: 17
Compare TUI TIS model with TUL TIS model...
Train TUI TIS model..
Train TUL TIS model..
Lamda < 0: TUL TIS model differs from TUI TIS model
Re-train TUI TIS model..
Re-train TUL TIS model..
Choose final TIS...
Predicted genes have been saved in file: /home3/katelyn/PATRIC/fna/1772311.5.fna.MED
Detailed information for predicted TIS has been saved in /home3/katelyn/PATRIC/fna/1772311.5.fna.MED.para
