Welcome to MED2.0
Genome file is /home3/katelyn/PATRIC/fna/1772294.5.fna
sequence size: 58159
GC%: 0.495882

Number of exactcted ORFs: 618
Select root ORFs and first running of TIS model...
 iteration      Selected as coding    rejected as non-coding
       0                       15                       42
       1                        7                      108
       2                        3                       40
       3                        2                       16
       4                        0                        4
       5                        0                        0
Selected root coding ORFs number: 27
Rejected non-coding ORFs number: 210
Remaining ORFs number: 381

Select coding ORFs from remianing ORFs using a Fisher discriminant function...
Remaining: 301
Process overlapping genes...
Totally predict 93 genes.
Second run of TIS model.
Extract TUI and TUL genes (length >300bp)
TUI genes number: 36
TUL genes number: 23
Compare TUI TIS model with TUL TIS model...
Train TUI TIS model..
Train TUL TIS model..
Lamda > 0: TUL TIS model is similar to TUI TIS model.
Re-train TIS model...
Choose final TIS...
Predicted genes have been saved in file: /home3/katelyn/PATRIC/fna/1772294.5.fna.MED
Detailed information for predicted TIS has been saved in /home3/katelyn/PATRIC/fna/1772294.5.fna.MED.para
