Welcome to MED2.0
Genome file is /home3/katelyn/PATRIC/fna/1772297.5.fna
sequence size: 44389
GC%: 0.608191

Number of exactcted ORFs: 473
Select root ORFs and first running of TIS model...
 iteration      Selected as coding    rejected as non-coding
       0                       54                      119
       1                        2                       45
       2                        0                        4
       3                        0                        0
Selected root coding ORFs number: 56
Rejected non-coding ORFs number: 250
Remaining ORFs number: 167
Select coding ORFs from remianing ORFs using Fisher discriminant functions...
Remaining: 117
Process overlapping genes...
Totally predict 69 genes.
Second run of TIS model.
Extract TUI and TUL genes (length >300bp)
TUI genes number: 29
TUL genes number: 15
Compare TUI TIS model with TUL TIS model...
Train TUI TIS model..
Train TUL TIS model..
Lamda > 0: TUL TIS model is similar to TUI TIS model.
Re-train TIS model....
Choose final TIS...
Predicted genes have been saved in file: /home3/katelyn/PATRIC/fna/1772297.5.fna.MED
Detailed information for predicted TIS has been saved in /home3/katelyn/PATRIC/fna/1772297.5.fna.MED.para
