Welcome to MED2.0
Genome file is /home3/katelyn/PATRIC/fna/1772332.6.fna
sequence size: 93191
GC%: 0.552403

Number of exactcted ORFs: 971
Select root ORFs and first running of TIS model...
 iteration      Selected as coding    rejected as non-coding
       0                       18                       56
       1                        9                      169
       2                        2                       94
       3                        0                       38
       4                        0                       11
       5                        0                        2
       6                        0                        0
Selected root coding ORFs number: 29
Rejected non-coding ORFs number: 370
Remaining ORFs number: 572

Select coding ORFs from remianing ORFs using a Fisher discriminant function...
Remaining: 314
Process overlapping genes...
Totally predict 132 genes.
Second run of TIS model.
Extract TUI and TUL genes (length >300bp)
TUI genes number: 44
TUL genes number: 52
Compare TUI TIS model with TUL TIS model...
Train TUI TIS model..
Train TUL TIS model..
Lamda > 0: TUL TIS model is similar to TUI TIS model.
Re-train TIS model....
Choose final TIS...
Predicted genes have been saved in file: /home3/katelyn/PATRIC/fna/1772332.6.fna.MED
Detailed information for predicted TIS has been saved in /home3/katelyn/PATRIC/fna/1772332.6.fna.MED.para
