Welcome to MED2.0
Genome file is /home3/katelyn/PATRIC/fna/1775140.7.fna
sequence size: 38975
GC%: 0.408159

Number of exactcted ORFs: 369
Select root ORFs and first running of TIS model...
 iteration      Selected as coding    rejected as non-coding
       0                       20                       32
       1                        8                       51
       2                        2                       23
       3                        0                        3
       4                        0                        0
Selected root coding ORFs number: 30
Rejected non-coding ORFs number: 109
Remaining ORFs number: 230

Select coding ORFs from remianing ORFs using a Fisher discriminant function...
Remaining: 210
Process overlapping genes...
Totally predict 76 genes.
Second run of TIS model.
Extract TUI and TUL genes (length >300bp)
TUI genes number: 31
TUL genes number: 10
Compare TUI TIS model with TUL TIS model...
Train TUI TIS model..
Train TUL TIS model..
Lamda > 0: TUL TIS model is similar to TUI TIS model.
Re-train TIS model....
Choose final TIS...
Predicted genes have been saved in file: /home3/katelyn/PATRIC/fna/1775140.7.fna.MED
Detailed information for predicted TIS has been saved in /home3/katelyn/PATRIC/fna/1775140.7.fna.MED.para
