Welcome to MED2.0
Genome file is /home3/katelyn/PATRIC/fna/1775428.5.fna
sequence size: 66063
GC%: 0.554123

Number of exactcted ORFs: 698
Select root ORFs and first running of TIS model...
 iteration      Selected as coding    rejected as non-coding
       0                       11                       53
       1                        9                      173
       2                        2                       62
       3                        0                       11
       4                        0                        1
       5                        0                        0
Selected root coding ORFs number: 22
Rejected non-coding ORFs number: 300
Remaining ORFs number: 376

Select coding ORFs from remianing ORFs using a Fisher discriminant function...
Remaining: 279
Process overlapping genes...
Totally predict 96 genes.
Second run of TIS model.
Extract TUI and TUL genes (length >300bp)
TUI genes number: 20
TUL genes number: 43
Compare TUI TIS model with TUL TIS model...
Train TUI TIS model..
Train TUL TIS model..
Lamda < 0: TUL TIS model differs from TUI TIS model
Re-train TUI TIS model..
Re-train TUL TIS model.......
Choose final TIS...
Predicted genes have been saved in file: /home3/katelyn/PATRIC/fna/1775428.5.fna.MED
Detailed information for predicted TIS has been saved in /home3/katelyn/PATRIC/fna/1775428.5.fna.MED.para
