Welcome to MED2.0
Genome file is /home3/katelyn/PATRIC/fna/1775141.6.fna
sequence size: 30924
GC%: 0.477299

Number of exactcted ORFs: 336
Select root ORFs and first running of TIS model...
 iteration      Selected as coding    rejected as non-coding
       0                       14                       41
       1                        5                       51
       2                        0                       24
       3                        0                        9
       4                        0                        0
Selected root coding ORFs number: 19
Rejected non-coding ORFs number: 125
Remaining ORFs number: 192

Select coding ORFs from remianing ORFs using a Fisher discriminant function...
Remaining: 136
Process overlapping genes...
Totally predict 60 genes.
Second run of TIS model.
Extract TUI and TUL genes (length >300bp)
TUI genes number: 28
TUL genes number: 7
Compare TUI TIS model with TUL TIS model...
Train TUI TIS model..
Train TUL TIS model..
Lamda > 0: TUL TIS model is similar to TUI TIS model.
Re-train TIS model...
Choose final TIS...
Predicted genes have been saved in file: /home3/katelyn/PATRIC/fna/1775141.6.fna.MED
Detailed information for predicted TIS has been saved in /home3/katelyn/PATRIC/fna/1775141.6.fna.MED.para
