Welcome to MED2.0
Genome file is /home3/katelyn/PATRIC/fna/1775142.6.fna
sequence size: 199912
GC%: 0.356112

Number of exactcted ORFs: 1559
Select root ORFs and first running of TIS model...
 iteration      Selected as coding    rejected as non-coding
       0                       48                        8
       1                       89                       38
       2                       25                       67
       3                        3                       53
       4                        1                       38
       5                        0                       25
       6                        0                       14
       7                        0                        4
       8                        0                        1
       9                        0                        0
Selected root coding ORFs number: 166
Rejected non-coding ORFs number: 248
Remaining ORFs number: 1145

Select coding ORFs from remianing ORFs using a Fisher discriminant function...
Remaining: 667
Process overlapping genes...
Totally predict 285 genes.
Second run of TIS model.
Extract TUI and TUL genes (length >300bp)
TUI genes number: 109
TUL genes number: 84
Compare TUI TIS model with TUL TIS model...
Train TUI TIS model..
Train TUL TIS model..
Lamda > 0: TUL TIS model is similar to TUI TIS model.
Re-train TIS model....
Choose final TIS...
Predicted genes have been saved in file: /home3/katelyn/PATRIC/fna/1775142.6.fna.MED
Detailed information for predicted TIS has been saved in /home3/katelyn/PATRIC/fna/1775142.6.fna.MED.para
