Welcome to MED2.0
Genome file is /home3/katelyn/PATRIC/fna/1775256.6.fna
sequence size: 68304
GC%: 0.36503

Number of exactcted ORFs: 536
Select root ORFs and first running of TIS model...
 iteration      Selected as coding    rejected as non-coding
       0                        7                        7
       1                        3                       14
       2                        2                       23
       3                        0                       15
       4                        0                       11
       5                        0                        7
       6                        0                        1
       7                        0                        0
Selected root coding ORFs number: 12
Rejected non-coding ORFs number: 78
Remaining ORFs number: 446

Select coding ORFs from remianing ORFs using a Fisher discriminant function...
Remaining: 365
Process overlapping genes...
Totally predict 123 genes.
Second run of TIS model.
Extract TUI and TUL genes (length >300bp)
TUI genes number: 34
TUL genes number: 36
Compare TUI TIS model with TUL TIS model...
Train TUI TIS model..
Train TUL TIS model..
Lamda > 0: TUL TIS model is similar to TUI TIS model.
Re-train TIS model....
Choose final TIS...
Predicted genes have been saved in file: /home3/katelyn/PATRIC/fna/1775256.6.fna.MED
Detailed information for predicted TIS has been saved in /home3/katelyn/PATRIC/fna/1775256.6.fna.MED.para
