Welcome to MED2.0
Genome file is /home3/katelyn/PATRIC/fna/1777066.5.fna
sequence size: 92466
GC%: 0.447862

Number of exactcted ORFs: 952
Select root ORFs and first running of TIS model...
 iteration      Selected as coding    rejected as non-coding
       0                       34                       59
       1                       11                      124
       2                        3                       77
       3                        0                       28
       4                        0                        6
       5                        0                        1
       6                        0                        0
Selected root coding ORFs number: 48
Rejected non-coding ORFs number: 295
Remaining ORFs number: 609

Select coding ORFs from remianing ORFs using a Fisher discriminant function...
Remaining: 293
Process overlapping genes...
Totally predict 184 genes.
Second run of TIS model.
Extract TUI and TUL genes (length >300bp)
TUI genes number: 67
TUL genes number: 35
Compare TUI TIS model with TUL TIS model...
Train TUI TIS model..
Train TUL TIS model..
Lamda > 0: TUL TIS model is similar to TUI TIS model.
Re-train TIS model.....
Choose final TIS...
Predicted genes have been saved in file: /home3/katelyn/PATRIC/fna/1777066.5.fna.MED
Detailed information for predicted TIS has been saved in /home3/katelyn/PATRIC/fna/1777066.5.fna.MED.para
