Welcome to MED2.0
Genome file is /home3/katelyn/PATRIC/fna/1777060.6.fna
sequence size: 75844
GC%: 0.588814

Number of exactcted ORFs: 794
Select root ORFs and first running of TIS model...
 iteration      Selected as coding    rejected as non-coding
       0                       85                      118
       1                       35                       75
       2                       20                       11
       3                       17                        2
       4                        2                        2
       5                        0                        0
Selected root coding ORFs number: 159
Rejected non-coding ORFs number: 249
Remaining ORFs number: 386
Select coding ORFs from remianing ORFs using Fisher discriminant functions...
Remaining: 363
Process overlapping genes...
Totally predict 163 genes.
Second run of TIS model.
Extract TUI and TUL genes (length >300bp)
TUI genes number: 45
TUL genes number: 36
Compare TUI TIS model with TUL TIS model...
Train TUI TIS model..
Train TUL TIS model..
Lamda > 0: TUL TIS model is similar to TUI TIS model.
Re-train TIS model....
Choose final TIS...
Predicted genes have been saved in file: /home3/katelyn/PATRIC/fna/1777060.6.fna.MED
Detailed information for predicted TIS has been saved in /home3/katelyn/PATRIC/fna/1777060.6.fna.MED.para
