Welcome to MED2.0
Genome file is /home3/katelyn/PATRIC/fna/1777068.5.fna
sequence size: 92095
GC%: 0.447212

Number of exactcted ORFs: 948
Select root ORFs and first running of TIS model...
 iteration      Selected as coding    rejected as non-coding
       0                       27                       56
       1                        8                      127
       2                        2                      102
       3                        0                       29
       4                        0                       10
       5                        0                        3
       6                        0                        2
       7                        0                        1
       8                        0                        0
Selected root coding ORFs number: 37
Rejected non-coding ORFs number: 330
Remaining ORFs number: 581

Select coding ORFs from remianing ORFs using a Fisher discriminant function...
Remaining: 319
Process overlapping genes...
Totally predict 186 genes.
Second run of TIS model.
Extract TUI and TUL genes (length >300bp)
TUI genes number: 67
TUL genes number: 38
Compare TUI TIS model with TUL TIS model...
Train TUI TIS model..
Train TUL TIS model..
Lamda > 0: TUL TIS model is similar to TUI TIS model.
Re-train TIS model....
Choose final TIS...
Predicted genes have been saved in file: /home3/katelyn/PATRIC/fna/1777068.5.fna.MED
Detailed information for predicted TIS has been saved in /home3/katelyn/PATRIC/fna/1777068.5.fna.MED.para
