Welcome to MED2.0
Genome file is /home3/katelyn/PATRIC/fna/1777122.6.fna
sequence size: 139100
GC%: 0.402782

Number of exactcted ORFs: 929
Select root ORFs and first running of TIS model...
 iteration      Selected as coding    rejected as non-coding
       0                       40                       27
       1                       25                       69
       2                        2                       63
       3                        0                       24
       4                        0                       12
       5                        0                        5
       6                        0                        2
       7                        0                        0
Selected root coding ORFs number: 67
Rejected non-coding ORFs number: 202
Remaining ORFs number: 660

Select coding ORFs from remianing ORFs using a Fisher discriminant function...
Remaining: 356
Process overlapping genes...
Totally predict 189 genes.
Second run of TIS model.
Extract TUI and TUL genes (length >300bp)
TUI genes number: 45
TUL genes number: 61
Compare TUI TIS model with TUL TIS model...
Train TUI TIS model..
Train TUL TIS model..
Lamda > 0: TUL TIS model is similar to TUI TIS model.
Re-train TIS model....
Choose final TIS...
Predicted genes have been saved in file: /home3/katelyn/PATRIC/fna/1777122.6.fna.MED
Detailed information for predicted TIS has been saved in /home3/katelyn/PATRIC/fna/1777122.6.fna.MED.para
