Welcome to MED2.0
Genome file is /home3/katelyn/PATRIC/fna/1777059.6.fna
sequence size: 121442
GC%: 0.373775

Number of exactcted ORFs: 963
Select root ORFs and first running of TIS model...
 iteration      Selected as coding    rejected as non-coding
       0                       39                       13
       1                       35                       47
       2                       11                       51
       3                        0                       57
       4                        0                       38
       5                        0                       25
       6                        0                       20
       7                        0                        7
       8                        0                        2
       9                        0                        2
      10                        0                        0
Selected root coding ORFs number: 85
Rejected non-coding ORFs number: 262
Remaining ORFs number: 616

Select coding ORFs from remianing ORFs using a Fisher discriminant function...
Remaining: 292
Process overlapping genes...
Totally predict 200 genes.
Second run of TIS model.
Extract TUI and TUL genes (length >300bp)
TUI genes number: 83
TUL genes number: 43
Compare TUI TIS model with TUL TIS model...
Train TUI TIS model..
Train TUL TIS model..
Lamda > 0: TUL TIS model is similar to TUI TIS model.
Re-train TIS model....
Choose final TIS...
Predicted genes have been saved in file: /home3/katelyn/PATRIC/fna/1777059.6.fna.MED
Detailed information for predicted TIS has been saved in /home3/katelyn/PATRIC/fna/1777059.6.fna.MED.para
