Welcome to MED2.0
Genome file is /home3/katelyn/PATRIC/fna/1784982.9.fna
sequence size: 50509
GC%: 0.445683

Number of exactcted ORFs: 492
Select root ORFs and first running of TIS model...
 iteration      Selected as coding    rejected as non-coding
       0                       19                       29
       1                       10                       82
       2                        0                       55
       3                        0                       18
       4                        0                        4
       5                        0                        1
       6                        0                        0
Selected root coding ORFs number: 29
Rejected non-coding ORFs number: 189
Remaining ORFs number: 274

Select coding ORFs from remianing ORFs using a Fisher discriminant function...
Remaining: 210
Process overlapping genes...
Totally predict 84 genes.
Second run of TIS model.
Extract TUI and TUL genes (length >300bp)
TUI genes number: 37
TUL genes number: 8
Compare TUI TIS model with TUL TIS model...
Train TUI TIS model..
Train TUL TIS model..
Lamda < 0: TUL TIS model differs from TUI TIS model
Re-train TUI TIS model...
Re-train TUL TIS model..
Choose final TIS...
Predicted genes have been saved in file: /home3/katelyn/PATRIC/fna/1784982.9.fna.MED
Detailed information for predicted TIS has been saved in /home3/katelyn/PATRIC/fna/1784982.9.fna.MED.para
