Welcome to MED2.0
Genome file is /home3/katelyn/PATRIC/fna/1784948.8.fna
sequence size: 146647
GC%: 0.37473

Number of exactcted ORFs: 1207
Select root ORFs and first running of TIS model...
 iteration      Selected as coding    rejected as non-coding
       0                       67                       48
       1                       45                      123
       2                        6                       94
       3                        2                       51
       4                        0                       32
       5                        0                       17
       6                        0                        8
       7                        0                        5
       8                        0                        1
       9                        0                        0
Selected root coding ORFs number: 120
Rejected non-coding ORFs number: 379
Remaining ORFs number: 708

Select coding ORFs from remianing ORFs using a Fisher discriminant function...
Remaining: 433
Process overlapping genes...
Totally predict 269 genes.
Second run of TIS model.
Extract TUI and TUL genes (length >300bp)
TUI genes number: 105
TUL genes number: 48
Compare TUI TIS model with TUL TIS model...
Train TUI TIS model..
Train TUL TIS model..
Lamda > 0: TUL TIS model is similar to TUI TIS model.
Re-train TIS model....
Choose final TIS...
Predicted genes have been saved in file: /home3/katelyn/PATRIC/fna/1784948.8.fna.MED
Detailed information for predicted TIS has been saved in /home3/katelyn/PATRIC/fna/1784948.8.fna.MED.para
