Welcome to MED2.0
Genome file is /home3/katelyn/PATRIC/fna/1785960.7.fna
sequence size: 167619
GC%: 0.44702

Number of exactcted ORFs: 1801
Select root ORFs and first running of TIS model...
 iteration      Selected as coding    rejected as non-coding
       0                       63                      101
       1                       24                      365
       2                        6                      269
       3                        1                       76
       4                        0                       15
       5                        0                        6
       6                        0                        0
Selected root coding ORFs number: 94
Rejected non-coding ORFs number: 832
Remaining ORFs number: 875

Select coding ORFs from remianing ORFs using a Fisher discriminant function...
Remaining: 546
Process overlapping genes...
Totally predict 280 genes.
Second run of TIS model.
Extract TUI and TUL genes (length >300bp)
TUI genes number: 98
TUL genes number: 57
Compare TUI TIS model with TUL TIS model...
Train TUI TIS model..
Train TUL TIS model..
Lamda > 0: TUL TIS model is similar to TUI TIS model.
Re-train TIS model..
Choose final TIS...
Predicted genes have been saved in file: /home3/katelyn/PATRIC/fna/1785960.7.fna.MED
Detailed information for predicted TIS has been saved in /home3/katelyn/PATRIC/fna/1785960.7.fna.MED.para
