Welcome to MED2.0
Genome file is /home3/katelyn/PATRIC/fna/1792288.6.fna
sequence size: 62535
GC%: 0.492956

Number of exactcted ORFs: 673
Select root ORFs and first running of TIS model...
 iteration      Selected as coding    rejected as non-coding
       0                       20                       53
       1                        6                       89
       2                        1                       59
       3                        0                       10
       4                        0                        5
       5                        0                        0
Selected root coding ORFs number: 27
Rejected non-coding ORFs number: 216
Remaining ORFs number: 430

Select coding ORFs from remianing ORFs using a Fisher discriminant function...
Remaining: 258
Process overlapping genes...
Totally predict 106 genes.
Second run of TIS model.
Extract TUI and TUL genes (length >300bp)
TUI genes number: 30
TUL genes number: 26
Compare TUI TIS model with TUL TIS model...
Train TUI TIS model..
Train TUL TIS model..
Lamda > 0: TUL TIS model is similar to TUI TIS model.
Re-train TIS model....
Choose final TIS...
Predicted genes have been saved in file: /home3/katelyn/PATRIC/fna/1792288.6.fna.MED
Detailed information for predicted TIS has been saved in /home3/katelyn/PATRIC/fna/1792288.6.fna.MED.para
