Welcome to MED2.0
Genome file is /home3/katelyn/PATRIC/fna/1792228.6.fna
sequence size: 50877
GC%: 0.640014

Number of exactcted ORFs: 550
Select root ORFs and first running of TIS model...
 iteration      Selected as coding    rejected as non-coding
       0                       59                      220
       1                        8                       40
       2                        0                        4
       3                        0                        1
       4                        0                        0
Selected root coding ORFs number: 67
Rejected non-coding ORFs number: 336
Remaining ORFs number: 147
Select coding ORFs from remianing ORFs using Fisher discriminant functions...
Remaining: 116
Process overlapping genes...
Totally predict 91 genes.
Second run of TIS model.
Extract TUI and TUL genes (length >300bp)
TUI genes number: 34
TUL genes number: 18
Compare TUI TIS model with TUL TIS model...
Train TUI TIS model..
Train TUL TIS model..
Lamda < 0: TUL TIS model differs from TUI TIS model
Re-train TUI TIS model...
Re-train TUL TIS model...
Choose final TIS...
Predicted genes have been saved in file: /home3/katelyn/PATRIC/fna/1792228.6.fna.MED
Detailed information for predicted TIS has been saved in /home3/katelyn/PATRIC/fna/1792228.6.fna.MED.para
