Welcome to MED2.0
Genome file is /home3/katelyn/PATRIC/fna/1792253.7.fna
sequence size: 53411
GC%: 0.626407

Number of exactcted ORFs: 595
Select root ORFs and first running of TIS model...
 iteration      Selected as coding    rejected as non-coding
       0                       68                      206
       1                       11                       35
       2                        0                        1
       3                        0                        0
Selected root coding ORFs number: 79
Rejected non-coding ORFs number: 260
Remaining ORFs number: 256
Select coding ORFs from remianing ORFs using Fisher discriminant functions...
Remaining: 197
Process overlapping genes...
Totally predict 111 genes.
Second run of TIS model.
Extract TUI and TUL genes (length >300bp)
TUI genes number: 32
TUL genes number: 27
Compare TUI TIS model with TUL TIS model...
Train TUI TIS model..
Train TUL TIS model..
Lamda > 0: TUL TIS model is similar to TUI TIS model.
Re-train TIS model.....
Choose final TIS...
Predicted genes have been saved in file: /home3/katelyn/PATRIC/fna/1792253.7.fna.MED
Detailed information for predicted TIS has been saved in /home3/katelyn/PATRIC/fna/1792253.7.fna.MED.para
