Welcome to MED2.0
Genome file is /home3/katelyn/PATRIC/fna/1792245.7.fna
sequence size: 157501
GC%: 0.39947

Number of exactcted ORFs: 1158
Select root ORFs and first running of TIS model...
 iteration      Selected as coding    rejected as non-coding
       0                       65                       60
       1                       56                      202
       2                        7                      124
       3                        0                       40
       4                        0                       20
       5                        0                        9
       6                        0                        5
       7                        0                        3
       8                        0                        0
Selected root coding ORFs number: 128
Rejected non-coding ORFs number: 463
Remaining ORFs number: 567

Select coding ORFs from remianing ORFs using a Fisher discriminant function...
Remaining: 329
Process overlapping genes...
Totally predict 244 genes.
Second run of TIS model.
Extract TUI and TUL genes (length >300bp)
TUI genes number: 101
TUL genes number: 50
Compare TUI TIS model with TUL TIS model...
Train TUI TIS model..
Train TUL TIS model..
Lamda > 0: TUL TIS model is similar to TUI TIS model.
Re-train TIS model.....
Choose final TIS...
Predicted genes have been saved in file: /home3/katelyn/PATRIC/fna/1792245.7.fna.MED
Detailed information for predicted TIS has been saved in /home3/katelyn/PATRIC/fna/1792245.7.fna.MED.para
