Welcome to MED2.0
Genome file is /home3/katelyn/PATRIC/fna/1792032.7.fna
sequence size: 221908
GC%: 0.386079

Number of exactcted ORFs: 1324
Select root ORFs and first running of TIS model...
 iteration      Selected as coding    rejected as non-coding
       0                       80                       10
       1                      109                       51
       2                       12                       83
       3                        1                       70
       4                        0                       47
       5                        0                       24
       6                        0                       13
       7                        0                        4
       8                        0                        3
       9                        0                        4
      10                        0                        1
      11                        0                        0
Selected root coding ORFs number: 202
Rejected non-coding ORFs number: 310
Remaining ORFs number: 812

Select coding ORFs from remianing ORFs using a Fisher discriminant function...
Remaining: 467
Process overlapping genes...
Totally predict 326 genes.
Second run of TIS model.
Extract TUI and TUL genes (length >300bp)
TUI genes number: 144
TUL genes number: 86
Compare TUI TIS model with TUL TIS model...
Train TUI TIS model..
Train TUL TIS model..
Lamda > 0: TUL TIS model is similar to TUI TIS model.
Re-train TIS model....
Choose final TIS...
Predicted genes have been saved in file: /home3/katelyn/PATRIC/fna/1792032.7.fna.MED
Detailed information for predicted TIS has been saved in /home3/katelyn/PATRIC/fna/1792032.7.fna.MED.para
