Welcome to MED2.0
Genome file is /home3/katelyn/PATRIC/fna/1796994.7.fna
sequence size: 51290
GC%: 0.609027

Number of exactcted ORFs: 515
Select root ORFs and first running of TIS model...
 iteration      Selected as coding    rejected as non-coding
       0                       61                      107
       1                       11                       98
       2                        0                       20
       3                        0                       12
       4                        0                        3
       5                        0                        1
       6                        0                        0
Selected root coding ORFs number: 72
Rejected non-coding ORFs number: 256
Remaining ORFs number: 187
Select coding ORFs from remianing ORFs using Fisher discriminant functions...
Remaining: 112
Process overlapping genes...
Totally predict 85 genes.
Second run of TIS model.
Extract TUI and TUL genes (length >300bp)
TUI genes number: 39
TUL genes number: 16
Compare TUI TIS model with TUL TIS model...
Train TUI TIS model..
Train TUL TIS model..
Lamda < 0: TUL TIS model differs from TUI TIS model
Re-train TUI TIS model.....
Re-train TUL TIS model..
Choose final TIS...
Predicted genes have been saved in file: /home3/katelyn/PATRIC/fna/1796994.7.fna.MED
Detailed information for predicted TIS has been saved in /home3/katelyn/PATRIC/fna/1796994.7.fna.MED.para
