Welcome to MED2.0
Genome file is /home3/katelyn/PATRIC/fna/1805456.6.fna
sequence size: 239461
GC%: 0.485119

Number of exactcted ORFs: 2320
Select root ORFs and first running of TIS model...
 iteration      Selected as coding    rejected as non-coding
       0                       79                      112
       1                       76                      417
       2                       10                      242
       3                        0                       92
       4                        0                       47
       5                        0                       22
       6                        0                        5
       7                        0                        1
       8                        0                        0
Selected root coding ORFs number: 165
Rejected non-coding ORFs number: 938
Remaining ORFs number: 1217

Select coding ORFs from remianing ORFs using a Fisher discriminant function...
Remaining: 471
Process overlapping genes...
Totally predict 299 genes.
Second run of TIS model.
Extract TUI and TUL genes (length >300bp)
TUI genes number: 143
TUL genes number: 97
Compare TUI TIS model with TUL TIS model...
Train TUI TIS model..
Train TUL TIS model..
Lamda > 0: TUL TIS model is similar to TUI TIS model.
Re-train TIS model..
Choose final TIS...
Predicted genes have been saved in file: /home3/katelyn/PATRIC/fna/1805456.6.fna.MED
Detailed information for predicted TIS has been saved in /home3/katelyn/PATRIC/fna/1805456.6.fna.MED.para
