Welcome to MED2.0
Genome file is /home3/katelyn/PATRIC/fna/1805468.6.fna
sequence size: 39832
GC%: 0.525156

Number of exactcted ORFs: 381
Select root ORFs and first running of TIS model...
 iteration      Selected as coding    rejected as non-coding
       0                       18                       24
       1                        4                       70
       2                        0                       27
       3                        0                       10
       4                        0                        1
       5                        0                        0
Selected root coding ORFs number: 22
Rejected non-coding ORFs number: 132
Remaining ORFs number: 227

Select coding ORFs from remianing ORFs using a Fisher discriminant function...
Remaining: 193
Process overlapping genes...
Totally predict 59 genes.
Second run of TIS model.
Extract TUI and TUL genes (length >300bp)
TUI genes number: 14
TUL genes number: 15
Compare TUI TIS model with TUL TIS model...
Train TUI TIS model..
Train TUL TIS model..
Lamda > 0: TUL TIS model is similar to TUI TIS model.
Re-train TIS model....
Choose final TIS...
Predicted genes have been saved in file: /home3/katelyn/PATRIC/fna/1805468.6.fna.MED
Detailed information for predicted TIS has been saved in /home3/katelyn/PATRIC/fna/1805468.6.fna.MED.para
