Welcome to MED2.0
Genome file is /home3/katelyn/PATRIC/fna/1805954.6.fna
sequence size: 162359
GC%: 0.386982

Number of exactcted ORFs: 1204
Select root ORFs and first running of TIS model...
 iteration      Selected as coding    rejected as non-coding
       0                       55                       37
       1                       79                      199
       2                       24                      130
       3                        4                       56
       4                        0                       19
       5                        0                        1
       6                        0                        0
Selected root coding ORFs number: 162
Rejected non-coding ORFs number: 442
Remaining ORFs number: 600

Select coding ORFs from remianing ORFs using a Fisher discriminant function...
Remaining: 368
Process overlapping genes...
Totally predict 302 genes.
Second run of TIS model.
Extract TUI and TUL genes (length >300bp)
TUI genes number: 115
TUL genes number: 52
Compare TUI TIS model with TUL TIS model...
Train TUI TIS model..
Train TUL TIS model..
Lamda > 0: TUL TIS model is similar to TUI TIS model.
Re-train TIS model....
Choose final TIS...
Predicted genes have been saved in file: /home3/katelyn/PATRIC/fna/1805954.6.fna.MED
Detailed information for predicted TIS has been saved in /home3/katelyn/PATRIC/fna/1805954.6.fna.MED.para
