Welcome to MED2.0
Genome file is /home3/katelyn/PATRIC/fna/1805952.7.fna
sequence size: 161929
GC%: 0.387108

Number of exactcted ORFs: 1202
Select root ORFs and first running of TIS model...
 iteration      Selected as coding    rejected as non-coding
       0                       59                       61
       1                       84                      221
       2                       27                      123
       3                        2                       36
       4                        0                       13
       5                        0                        4
       6                        0                        4
       7                        0                        1
       8                        0                        0
Selected root coding ORFs number: 172
Rejected non-coding ORFs number: 463
Remaining ORFs number: 567

Select coding ORFs from remianing ORFs using a Fisher discriminant function...
Remaining: 366
Process overlapping genes...
Totally predict 309 genes.
Second run of TIS model.
Extract TUI and TUL genes (length >300bp)
TUI genes number: 118
TUL genes number: 50
Compare TUI TIS model with TUL TIS model...
Train TUI TIS model..
Train TUL TIS model..
Lamda > 0: TUL TIS model is similar to TUI TIS model.
Re-train TIS model...
Choose final TIS...
Predicted genes have been saved in file: /home3/katelyn/PATRIC/fna/1805952.7.fna.MED
Detailed information for predicted TIS has been saved in /home3/katelyn/PATRIC/fna/1805952.7.fna.MED.para
