Welcome to MED2.0
Genome file is /home3/katelyn/PATRIC/fna/1805465.7.fna
sequence size: 39158
GC%: 0.507227

Number of exactcted ORFs: 390
Select root ORFs and first running of TIS model...
 iteration      Selected as coding    rejected as non-coding
       0                       15                       20
       1                        4                       68
       2                        0                       34
       3                        0                        7
       4                        0                        3
       5                        0                        4
       6                        0                        2
       7                        0                        2
       8                        0                        0
Selected root coding ORFs number: 19
Rejected non-coding ORFs number: 140
Remaining ORFs number: 231

Select coding ORFs from remianing ORFs using a Fisher discriminant function...
Remaining: 107
Process overlapping genes...
Totally predict 47 genes.
Second run of TIS model.
Extract TUI and TUL genes (length >300bp)
TUI genes number: 14
TUL genes number: 13
Compare TUI TIS model with TUL TIS model...
Train TUI TIS model..
Train TUL TIS model..
Lamda > 0: TUL TIS model is similar to TUI TIS model.
Re-train TIS model....
Choose final TIS...
Predicted genes have been saved in file: /home3/katelyn/PATRIC/fna/1805465.7.fna.MED
Detailed information for predicted TIS has been saved in /home3/katelyn/PATRIC/fna/1805465.7.fna.MED.para
