Welcome to MED2.0
Genome file is /home3/katelyn/PATRIC/fna/1805959.6.fna
sequence size: 16812
GC%: 0.589044

Number of exactcted ORFs: 221
Select root ORFs and first running of TIS model...
 iteration      Selected as coding    rejected as non-coding
       0                       20                       27
       1                       13                        4
       2                        3                        0
       3                        0                        0
Selected root coding ORFs number: 36
Rejected non-coding ORFs number: 59
Remaining ORFs number: 126
Select coding ORFs from remianing ORFs using Fisher discriminant functions...
Remaining: 104
Process overlapping genes...
Totally predict 49 genes.
Second run of TIS model.
Extract TUI and TUL genes (length >300bp)
TUI genes number: 6
TUL genes number: 6
Compare TUI TIS model with TUL TIS model...
Train TUI TIS model..
