Welcome to MED2.0
Genome file is /home3/katelyn/PATRIC/fna/1805466.7.fna
sequence size: 39444
GC%: 0.506414

Number of exactcted ORFs: 384
Select root ORFs and first running of TIS model...
 iteration      Selected as coding    rejected as non-coding
       0                       10                       24
       1                        2                      103
       2                        0                       53
       3                        0                        5
       4                        0                        1
       5                        0                        1
       6                        0                        0
Selected root coding ORFs number: 12
Rejected non-coding ORFs number: 187
Remaining ORFs number: 185

Select coding ORFs from remianing ORFs using a Fisher discriminant function...
Remaining: 121
Process overlapping genes...
Totally predict 57 genes.
Second run of TIS model.
Extract TUI and TUL genes (length >300bp)
TUI genes number: 13
TUL genes number: 15
Compare TUI TIS model with TUL TIS model...
Train TUI TIS model..
Train TUL TIS model..
Lamda > 0: TUL TIS model is similar to TUI TIS model.
Re-train TIS model...
Choose final TIS...
Predicted genes have been saved in file: /home3/katelyn/PATRIC/fna/1805466.7.fna.MED
Detailed information for predicted TIS has been saved in /home3/katelyn/PATRIC/fna/1805466.7.fna.MED.para
