Welcome to MED2.0
Genome file is /home3/katelyn/PATRIC/fna/1808964.6.fna
sequence size: 154012
GC%: 0.371653

Number of exactcted ORFs: 1090
Select root ORFs and first running of TIS model...
 iteration      Selected as coding    rejected as non-coding
       0                       91                       68
       1                       69                      173
       2                        9                      103
       3                        1                       38
       4                        0                       17
       5                        0                        8
       6                        0                        2
       7                        0                        1
       8                        0                        0
Selected root coding ORFs number: 170
Rejected non-coding ORFs number: 410
Remaining ORFs number: 510

Select coding ORFs from remianing ORFs using a Fisher discriminant function...
Remaining: 314
Process overlapping genes...
Totally predict 272 genes.
Second run of TIS model.
Extract TUI and TUL genes (length >300bp)
TUI genes number: 107
TUL genes number: 47
Compare TUI TIS model with TUL TIS model...
Train TUI TIS model..
Train TUL TIS model..
Lamda > 0: TUL TIS model is similar to TUI TIS model.
Re-train TIS model....................
Choose final TIS...
Predicted genes have been saved in file: /home3/katelyn/PATRIC/fna/1808964.6.fna.MED
Detailed information for predicted TIS has been saved in /home3/katelyn/PATRIC/fna/1808964.6.fna.MED.para
