Welcome to MED2.0
Genome file is /home3/katelyn/PATRIC/fna/1813777.5.fna
sequence size: 42154
GC%: 0.469232

Number of exactcted ORFs: 434
Select root ORFs and first running of TIS model...
 iteration      Selected as coding    rejected as non-coding
       0                        5                       25
       1                        3                       66
       2                        0                       37
       3                        0                        7
       4                        0                        0
Selected root coding ORFs number: 8
Rejected non-coding ORFs number: 135
Remaining ORFs number: 291

Select coding ORFs from remianing ORFs using a Fisher discriminant function...
Remaining: 173
Process overlapping genes...
Totally predict 75 genes.
Second run of TIS model.
Extract TUI and TUL genes (length >300bp)
TUI genes number: 30
TUL genes number: 13
Compare TUI TIS model with TUL TIS model...
Train TUI TIS model..
Train TUL TIS model..
Lamda < 0: TUL TIS model differs from TUI TIS model
Re-train TUI TIS model..
Re-train TUL TIS model..
Choose final TIS...
Predicted genes have been saved in file: /home3/katelyn/PATRIC/fna/1813777.5.fna.MED
Detailed information for predicted TIS has been saved in /home3/katelyn/PATRIC/fna/1813777.5.fna.MED.para
