Welcome to MED2.0
Genome file is /home3/katelyn/PATRIC/fna/1813771.7.fna
sequence size: 77375
GC%: 0.507011

Number of exactcted ORFs: 833
Select root ORFs and first running of TIS model...
 iteration      Selected as coding    rejected as non-coding
       0                       23                       23
       1                       17                       59
       2                        3                       43
       3                        2                       15
       4                        0                        1
       5                        0                        0
Selected root coding ORFs number: 45
Rejected non-coding ORFs number: 141
Remaining ORFs number: 647

Select coding ORFs from remianing ORFs using a Fisher discriminant function...
Remaining: 418
Process overlapping genes...
Totally predict 148 genes.
Second run of TIS model.
Extract TUI and TUL genes (length >300bp)
TUI genes number: 48
TUL genes number: 47
Compare TUI TIS model with TUL TIS model...
Train TUI TIS model..
Train TUL TIS model..
Lamda > 0: TUL TIS model is similar to TUI TIS model.
Re-train TIS model...
Choose final TIS...
Predicted genes have been saved in file: /home3/katelyn/PATRIC/fna/1813771.7.fna.MED
Detailed information for predicted TIS has been saved in /home3/katelyn/PATRIC/fna/1813771.7.fna.MED.para
