Welcome to MED2.0
Genome file is /home3/katelyn/PATRIC/fna/1813769.7.fna
sequence size: 45342
GC%: 0.455957

Number of exactcted ORFs: 489
Select root ORFs and first running of TIS model...
 iteration      Selected as coding    rejected as non-coding
       0                       13                       43
       1                        3                       74
       2                        0                       37
       3                        0                       11
       4                        0                        6
       5                        0                        1
       6                        0                        0
Selected root coding ORFs number: 16
Rejected non-coding ORFs number: 172
Remaining ORFs number: 301

Select coding ORFs from remianing ORFs using a Fisher discriminant function...
Remaining: 285
Process overlapping genes...
Totally predict 87 genes.
Second run of TIS model.
Extract TUI and TUL genes (length >300bp)
TUI genes number: 23
TUL genes number: 20
Compare TUI TIS model with TUL TIS model...
Train TUI TIS model..
Train TUL TIS model..
Lamda < 0: TUL TIS model differs from TUI TIS model
Re-train TUI TIS model...
Re-train TUL TIS model..
Choose final TIS...
Predicted genes have been saved in file: /home3/katelyn/PATRIC/fna/1813769.7.fna.MED
Detailed information for predicted TIS has been saved in /home3/katelyn/PATRIC/fna/1813769.7.fna.MED.para
