Welcome to MED2.0
Genome file is /home3/katelyn/PATRIC/fna/1813781.7.fna
sequence size: 59518
GC%: 0.564922

Number of exactcted ORFs: 631
Select root ORFs and first running of TIS model...
 iteration      Selected as coding    rejected as non-coding
       0                       66                      129
       1                        7                       34
       2                        0                        6
       3                        0                        0
Selected root coding ORFs number: 73
Rejected non-coding ORFs number: 212
Remaining ORFs number: 346
Select coding ORFs from remianing ORFs using Fisher discriminant functions...
Remaining: 167
Process overlapping genes...
Totally predict 85 genes.
Second run of TIS model.
Extract TUI and TUL genes (length >300bp)
TUI genes number: 38
TUL genes number: 17
Compare TUI TIS model with TUL TIS model...
Train TUI TIS model..
Train TUL TIS model..
Lamda < 0: TUL TIS model differs from TUI TIS model
Re-train TUI TIS model...
Re-train TUL TIS model...
Choose final TIS...
Predicted genes have been saved in file: /home3/katelyn/PATRIC/fna/1813781.7.fna.MED
Detailed information for predicted TIS has been saved in /home3/katelyn/PATRIC/fna/1813781.7.fna.MED.para
