Welcome to MED2.0
Genome file is /home3/katelyn/PATRIC/fna/1815608.7.fna
sequence size: 54751
GC%: 0.61776

Number of exactcted ORFs: 652
Select root ORFs and first running of TIS model...
 iteration      Selected as coding    rejected as non-coding
       0                       53                       94
       1                       30                       40
       2                        6                       15
       3                        2                        4
       4                        1                        0
       5                        1                        0
       6                        1                        0
       7                        0                        0
Selected root coding ORFs number: 94
Rejected non-coding ORFs number: 201
Remaining ORFs number: 357
Select coding ORFs from remianing ORFs using Fisher discriminant functions...
Remaining: 298
Process overlapping genes...
Totally predict 97 genes.
Second run of TIS model.
Extract TUI and TUL genes (length >300bp)
TUI genes number: 33
TUL genes number: 27
Compare TUI TIS model with TUL TIS model...
Train TUI TIS model..
Train TUL TIS model..
Lamda < 0: TUL TIS model differs from TUI TIS model
Re-train TUI TIS model...
Re-train TUL TIS model..
Choose final TIS...
Predicted genes have been saved in file: /home3/katelyn/PATRIC/fna/1815608.7.fna.MED
Detailed information for predicted TIS has been saved in /home3/katelyn/PATRIC/fna/1815608.7.fna.MED.para
