Welcome to MED2.0
Genome file is /home3/katelyn/PATRIC/fna/1815968.7.fna
sequence size: 103445
GC%: 0.485775

Number of exactcted ORFs: 1046
Select root ORFs and first running of TIS model...
 iteration      Selected as coding    rejected as non-coding
       0                       26                       59
       1                        6                      121
       2                        3                       89
       3                        0                       35
       4                        0                       21
       5                        0                        4
       6                        0                        2
       7                        0                        2
       8                        0                        0
Selected root coding ORFs number: 35
Rejected non-coding ORFs number: 333
Remaining ORFs number: 678

Select coding ORFs from remianing ORFs using a Fisher discriminant function...
Remaining: 244
Process overlapping genes...
Totally predict 138 genes.
Second run of TIS model.
Extract TUI and TUL genes (length >300bp)
TUI genes number: 51
TUL genes number: 49
Compare TUI TIS model with TUL TIS model...
Train TUI TIS model..
Train TUL TIS model..
Lamda > 0: TUL TIS model is similar to TUI TIS model.
Re-train TIS model.....
Choose final TIS...
Predicted genes have been saved in file: /home3/katelyn/PATRIC/fna/1815968.7.fna.MED
Detailed information for predicted TIS has been saved in /home3/katelyn/PATRIC/fna/1815968.7.fna.MED.para
