Welcome to MED2.0
Genome file is /home3/katelyn/PATRIC/fna/1815986.6.fna
sequence size: 273501
GC%: 0.498609

Number of exactcted ORFs: 2701
Select root ORFs and first running of TIS model...
 iteration      Selected as coding    rejected as non-coding
       0                      103                      164
       1                       67                      649
       2                       14                      254
       3                        1                       56
       4                        0                       11
       5                        0                        2
       6                        0                        0
Selected root coding ORFs number: 185
Rejected non-coding ORFs number: 1136
Remaining ORFs number: 1380

Select coding ORFs from remianing ORFs using a Fisher discriminant function...
Remaining: 734
Process overlapping genes...
Totally predict 338 genes.
Second run of TIS model.
Extract TUI and TUL genes (length >300bp)
TUI genes number: 162
TUL genes number: 119
Compare TUI TIS model with TUL TIS model...
Train TUI TIS model..
Train TUL TIS model..
Lamda > 0: TUL TIS model is similar to TUI TIS model.
Re-train TIS model.....
Choose final TIS...
Predicted genes have been saved in file: /home3/katelyn/PATRIC/fna/1815986.6.fna.MED
Detailed information for predicted TIS has been saved in /home3/katelyn/PATRIC/fna/1815986.6.fna.MED.para
