Welcome to MED2.0
Genome file is /home3/katelyn/PATRIC/fna/1815509.7.fna
sequence size: 251042
GC%: 0.277515

Number of exactcted ORFs: 1295
Select root ORFs and first running of TIS model...
 iteration      Selected as coding    rejected as non-coding
       0                       46                       12
       1                      143                       71
       2                       38                      121
       3                        2                      113
       4                        0                       82
       5                        0                       70
       6                        0                       56
       7                        0                       19
       8                        0                        8
       9                        0                        6
      10                        0                        4
      11                        0                        0
Selected root coding ORFs number: 229
Rejected non-coding ORFs number: 562
Remaining ORFs number: 504

Select coding ORFs from remianing ORFs using a Fisher discriminant function...
Remaining: 458
Process overlapping genes...
Totally predict 330 genes.
Second run of TIS model.
Extract TUI and TUL genes (length >300bp)
TUI genes number: 117
TUL genes number: 111
Compare TUI TIS model with TUL TIS model...
Train TUI TIS model..
Train TUL TIS model..
Lamda > 0: TUL TIS model is similar to TUI TIS model.
Re-train TIS model....................
Choose final TIS...
Predicted genes have been saved in file: /home3/katelyn/PATRIC/fna/1815509.7.fna.MED
Detailed information for predicted TIS has been saved in /home3/katelyn/PATRIC/fna/1815509.7.fna.MED.para
