Welcome to MED2.0
Genome file is /home3/katelyn/PATRIC/fna/1815582.6.fna
sequence size: 103218
GC%: 0.451491

Number of exactcted ORFs: 1193
Select root ORFs and first running of TIS model...
 iteration      Selected as coding    rejected as non-coding
       0                       34                       48
       1                       22                      154
       2                        4                      175
       3                        0                       60
       4                        0                       26
       5                        0                       13
       6                        0                        6
       7                        0                        4
       8                        0                        1
       9                        0                        1
      10                        0                        0
Selected root coding ORFs number: 60
Rejected non-coding ORFs number: 488
Remaining ORFs number: 645

Select coding ORFs from remianing ORFs using a Fisher discriminant function...
Remaining: 345
Process overlapping genes...
Totally predict 235 genes.
Second run of TIS model.
Extract TUI and TUL genes (length >300bp)
TUI genes number: 74
TUL genes number: 21
Compare TUI TIS model with TUL TIS model...
Train TUI TIS model..
Train TUL TIS model..
Lamda > 0: TUL TIS model is similar to TUI TIS model.
Re-train TIS model....
Choose final TIS...
Predicted genes have been saved in file: /home3/katelyn/PATRIC/fna/1815582.6.fna.MED
Detailed information for predicted TIS has been saved in /home3/katelyn/PATRIC/fna/1815582.6.fna.MED.para
