Welcome to MED2.0
Genome file is /home3/katelyn/PATRIC/fna/1815522.7.fna
sequence size: 186386
GC%: 0.413207

Number of exactcted ORFs: 1737
Select root ORFs and first running of TIS model...
 iteration      Selected as coding    rejected as non-coding
       0                       50                       59
       1                       43                      194
       2                        2                      200
       3                        0                      133
       4                        0                       67
       5                        0                       25
       6                        0                       16
       7                        0                        3
       8                        0                        0
Selected root coding ORFs number: 95
Rejected non-coding ORFs number: 697
Remaining ORFs number: 945

Select coding ORFs from remianing ORFs using a Fisher discriminant function...
Remaining: 759
Process overlapping genes...
Totally predict 246 genes.
Second run of TIS model.
Extract TUI and TUL genes (length >300bp)
TUI genes number: 94
TUL genes number: 49
Compare TUI TIS model with TUL TIS model...
Train TUI TIS model..
Train TUL TIS model..
Lamda > 0: TUL TIS model is similar to TUI TIS model.
Re-train TIS model...
Choose final TIS...
Predicted genes have been saved in file: /home3/katelyn/PATRIC/fna/1815522.7.fna.MED
Detailed information for predicted TIS has been saved in /home3/katelyn/PATRIC/fna/1815522.7.fna.MED.para
