Welcome to MED2.0
Genome file is /home3/katelyn/PATRIC/fna/1815988.6.fna
sequence size: 271088
GC%: 0.498547

Number of exactcted ORFs: 2662
Select root ORFs and first running of TIS model...
 iteration      Selected as coding    rejected as non-coding
       0                       95                      189
       1                       70                      662
       2                       14                      231
       3                        1                       35
       4                        0                        8
       5                        0                        6
       6                        0                        2
       7                        0                        0
Selected root coding ORFs number: 180
Rejected non-coding ORFs number: 1133
Remaining ORFs number: 1349

Select coding ORFs from remianing ORFs using a Fisher discriminant function...
Remaining: 668
Process overlapping genes...
Totally predict 334 genes.
Second run of TIS model.
Extract TUI and TUL genes (length >300bp)
TUI genes number: 160
TUL genes number: 119
Compare TUI TIS model with TUL TIS model...
Train TUI TIS model..
Train TUL TIS model..
Lamda > 0: TUL TIS model is similar to TUI TIS model.
Re-train TIS model....
Choose final TIS...
Predicted genes have been saved in file: /home3/katelyn/PATRIC/fna/1815988.6.fna.MED
Detailed information for predicted TIS has been saved in /home3/katelyn/PATRIC/fna/1815988.6.fna.MED.para
