Welcome to MED2.0
Genome file is /home3/katelyn/PATRIC/fna/1815987.6.fna
sequence size: 271182
GC%: 0.498724

Number of exactcted ORFs: 2669
Select root ORFs and first running of TIS model...
 iteration      Selected as coding    rejected as non-coding
       0                       99                      146
       1                       64                      671
       2                       15                      256
       3                        2                       55
       4                        0                       13
       5                        0                        2
       6                        0                        0
Selected root coding ORFs number: 180
Rejected non-coding ORFs number: 1143
Remaining ORFs number: 1346

Select coding ORFs from remianing ORFs using a Fisher discriminant function...
Remaining: 831
Process overlapping genes...
Totally predict 341 genes.
Second run of TIS model.
Extract TUI and TUL genes (length >300bp)
TUI genes number: 164
TUL genes number: 113
Compare TUI TIS model with TUL TIS model...
Train TUI TIS model..
Train TUL TIS model..
Lamda > 0: TUL TIS model is similar to TUI TIS model.
Re-train TIS model...
Choose final TIS...
Predicted genes have been saved in file: /home3/katelyn/PATRIC/fna/1815987.6.fna.MED
Detailed information for predicted TIS has been saved in /home3/katelyn/PATRIC/fna/1815987.6.fna.MED.para
