Welcome to MED2.0
Genome file is /home3/katelyn/PATRIC/fna/1821720.6.fna
sequence size: 50839
GC%: 0.640256

Number of exactcted ORFs: 541
Select root ORFs and first running of TIS model...
 iteration      Selected as coding    rejected as non-coding
       0                       58                      219
       1                        6                       34
       2                        0                        6
       3                        0                        2
       4                        0                        0
Selected root coding ORFs number: 64
Rejected non-coding ORFs number: 324
Remaining ORFs number: 153
Select coding ORFs from remianing ORFs using Fisher discriminant functions...
Remaining: 111
Process overlapping genes...
Totally predict 88 genes.
Second run of TIS model.
Extract TUI and TUL genes (length >300bp)
TUI genes number: 33
TUL genes number: 19
Compare TUI TIS model with TUL TIS model...
Train TUI TIS model..
Train TUL TIS model..
Lamda < 0: TUL TIS model differs from TUI TIS model
Re-train TUI TIS model..
Re-train TUL TIS model....................
Choose final TIS...
Predicted genes have been saved in file: /home3/katelyn/PATRIC/fna/1821720.6.fna.MED
Detailed information for predicted TIS has been saved in /home3/katelyn/PATRIC/fna/1821720.6.fna.MED.para
