Welcome to MED2.0
Genome file is /home3/katelyn/PATRIC/fna/1821728.6.fna
sequence size: 34742
GC%: 0.713689

Number of exactcted ORFs: 299
Select root ORFs and first running of TIS model...
 iteration      Selected as coding    rejected as non-coding
       0                       24                      152
Extrem low percentage for certain TIS.
Will omit the start codon column in the weight
matrix of starts
       1                        2                       15
Extrem low percentage for certain TIS.
Will omit the start codon column in the weight
matrix of starts
       2                        0                        2
Extrem low percentage for certain TIS.
Will omit the start codon column in the weight
matrix of starts
       3                        0                        0
Extrem low percentage for certain TIS.
Will omit the start codon column in the weight
matrix of starts
Selected root coding ORFs number: 26
Rejected non-coding ORFs number: 189
Remaining ORFs number: 84
Select coding ORFs from remianing ORFs using Fisher discriminant functions...
Remaining: 66
Process overlapping genes...
Totally predict 53 genes.
Second run of TIS model.
Extract TUI and TUL genes (length >300bp)
TUI genes number: 6
TUL genes number: 26
Compare TUI TIS model with TUL TIS model...
Train TUI TIS model.Extrem low percentage for certain TIS.
Will omit the start codon column in the weight
matrix of starts
.Extrem low percentage for certain TIS.
Will omit the start codon column in the weight
matrix of starts

Train TUL TIS model.Extrem low percentage for certain TIS.
Will omit the start codon column in the weight
matrix of starts
.Extrem low percentage for certain TIS.
Will omit the start codon column in the weight
matrix of starts

Lamda < 0: TUL TIS model differs from TUI TIS model
Re-train TUI TIS model.Extrem low percentage for certain TIS.
Will omit the start codon column in the weight
matrix of starts
.Extrem low percentage for certain TIS.
Will omit the start codon column in the weight
matrix of starts
.Extrem low percentage for certain TIS.
Will omit the start codon column in the weight
matrix of starts

Re-train TUL TIS model.Extrem low percentage for certain TIS.
Will omit the start codon column in the weight
matrix of starts
.Extrem low percentage for certain TIS.
Will omit the start codon column in the weight
matrix of starts
.Extrem low percentage for certain TIS.
Will omit the start codon column in the weight
matrix of starts

Choose final TIS...
Predicted genes have been saved in file: /home3/katelyn/PATRIC/fna/1821728.6.fna.MED
Detailed information for predicted TIS has been saved in /home3/katelyn/PATRIC/fna/1821728.6.fna.MED.para
