Welcome to MED2.0
Genome file is /home3/katelyn/PATRIC/fna/1821550.6.fna
sequence size: 75380
GC%: 0.594627

Number of exactcted ORFs: 847
Select root ORFs and first running of TIS model...
 iteration      Selected as coding    rejected as non-coding
       0                       86                      228
       1                       21                       37
       2                        7                        4
       3                        3                        1
       4                        0                        1
       5                        0                        0
Selected root coding ORFs number: 117
Rejected non-coding ORFs number: 280
Remaining ORFs number: 450
Select coding ORFs from remianing ORFs using Fisher discriminant functions...
Remaining: 434
Process overlapping genes...
Totally predict 121 genes.
Second run of TIS model.
Extract TUI and TUL genes (length >300bp)
TUI genes number: 48
TUL genes number: 31
Compare TUI TIS model with TUL TIS model...
Train TUI TIS model..
Train TUL TIS model..
Lamda > 0: TUL TIS model is similar to TUI TIS model.
Re-train TIS model......
Choose final TIS...
Predicted genes have been saved in file: /home3/katelyn/PATRIC/fna/1821550.6.fna.MED
Detailed information for predicted TIS has been saved in /home3/katelyn/PATRIC/fna/1821550.6.fna.MED.para
