Welcome to MED2.0
Genome file is /home3/katelyn/PATRIC/fna/1821537.7.fna
sequence size: 43516
GC%: 0.659482

Number of exactcted ORFs: 480
Select root ORFs and first running of TIS model...
 iteration      Selected as coding    rejected as non-coding
       0                       37                      177
       1                        7                       45
       2                        0                        7
       3                        0                        1
       4                        0                        0
Selected root coding ORFs number: 44
Rejected non-coding ORFs number: 268
Remaining ORFs number: 168
Select coding ORFs from remianing ORFs using Fisher discriminant functions...
Remaining: 112
Process overlapping genes...
Totally predict 62 genes.
Second run of TIS model.
Extract TUI and TUL genes (length >300bp)
TUI genes number: 25
TUL genes number: 25
Compare TUI TIS model with TUL TIS model...
Train TUI TIS model..
Train TUL TIS model..
Lamda > 0: TUL TIS model is similar to TUI TIS model.
Re-train TIS model...
Choose final TIS...
Predicted genes have been saved in file: /home3/katelyn/PATRIC/fna/1821537.7.fna.MED
Detailed information for predicted TIS has been saved in /home3/katelyn/PATRIC/fna/1821537.7.fna.MED.para
