Welcome to MED2.0
Genome file is /home3/katelyn/PATRIC/fna/1821228.7.fna
sequence size: 17861
GC%: 0.293545

Number of exactcted ORFs: 113
Select root ORFs and first running of TIS model...
 iteration      Selected as coding    rejected as non-coding
       0                        1                        1
       1                        8                        0
       2                        3                        0
       3                        0                        0
Selected root coding ORFs number: 12
Rejected non-coding ORFs number: 1
Remaining ORFs number: 100

Select coding ORFs from remianing ORFs using a Fisher discriminant function...
Remaining: 53
Process overlapping genes...
Totally predict 23 genes.
Second run of TIS model.
Extract TUI and TUL genes (length >300bp)
TUI genes number: 11
TUL genes number: 4
Compare TUI TIS model with TUL TIS model...
Train TUI TIS model..
Train TUL TIS model..
Lamda > 0: TUL TIS model is similar to TUI TIS model.
Re-train TIS model....
Choose final TIS...
Predicted genes have been saved in file: /home3/katelyn/PATRIC/fna/1821228.7.fna.MED
Detailed information for predicted TIS has been saved in /home3/katelyn/PATRIC/fna/1821228.7.fna.MED.para
