Welcome to MED2.0
Genome file is /home3/katelyn/PATRIC/fna/1837931.10.fna
sequence size: 169936
GC%: 0.396232

Number of exactcted ORFs: 1463
Select root ORFs and first running of TIS model...
 iteration      Selected as coding    rejected as non-coding
       0                       48                       48
       1                       52                      132
       2                       15                      169
       3                        1                      106
       4                        0                       51
       5                        0                       17
       6                        0                        3
       7                        0                        1
       8                        0                        0
Selected root coding ORFs number: 116
Rejected non-coding ORFs number: 527
Remaining ORFs number: 820

Select coding ORFs from remianing ORFs using a Fisher discriminant function...
Remaining: 429
Process overlapping genes...
Totally predict 276 genes.
Second run of TIS model.
Extract TUI and TUL genes (length >300bp)
TUI genes number: 112
TUL genes number: 58
Compare TUI TIS model with TUL TIS model...
Train TUI TIS model..
Train TUL TIS model..
Lamda > 0: TUL TIS model is similar to TUI TIS model.
Re-train TIS model....
Choose final TIS...
Predicted genes have been saved in file: /home3/katelyn/PATRIC/fna/1837931.10.fna.MED
Detailed information for predicted TIS has been saved in /home3/katelyn/PATRIC/fna/1837931.10.fna.MED.para
