Welcome to MED2.0
Genome file is /home3/katelyn/PATRIC/fna/1837842.7.fna
sequence size: 39235
GC%: 0.486581

Number of exactcted ORFs: 382
Select root ORFs and first running of TIS model...
 iteration      Selected as coding    rejected as non-coding
       0                       21                       28
       1                        4                       61
       2                        0                       41
       3                        0                       14
       4                        0                        4
       5                        0                        0
Selected root coding ORFs number: 25
Rejected non-coding ORFs number: 148
Remaining ORFs number: 209

Select coding ORFs from remianing ORFs using a Fisher discriminant function...
Remaining: 115
Process overlapping genes...
Totally predict 54 genes.
Second run of TIS model.
Extract TUI and TUL genes (length >300bp)
TUI genes number: 20
TUL genes number: 11
Compare TUI TIS model with TUL TIS model...
Train TUI TIS model..
Train TUL TIS model..
Lamda > 0: TUL TIS model is similar to TUI TIS model.
Re-train TIS model....
Choose final TIS...
Predicted genes have been saved in file: /home3/katelyn/PATRIC/fna/1837842.7.fna.MED
Detailed information for predicted TIS has been saved in /home3/katelyn/PATRIC/fna/1837842.7.fna.MED.para
