Welcome to MED2.0
Genome file is /home3/katelyn/PATRIC/fna/1838152.5.fna
sequence size: 42180
GC%: 0.458464

Number of exactcted ORFs: 451
Select root ORFs and first running of TIS model...
 iteration      Selected as coding    rejected as non-coding
       0                       11                        6
       1                       13                        6
       2                        1                        6
       3                        1                        7
       4                        0                       12
       5                        0                       17
       6                        0                       12
       7                        0                        6
       8                        0                        1
       9                        0                        1
      10                        0                        1
      11                        0                        3
      12                        0                        2
      13                        0                        1
      14                        0                        0
Selected root coding ORFs number: 26
Rejected non-coding ORFs number: 81
Remaining ORFs number: 344

Select coding ORFs from remianing ORFs using a Fisher discriminant function...
Remaining: 245
Process overlapping genes...
Totally predict 71 genes.
Second run of TIS model.
Extract TUI and TUL genes (length >300bp)
TUI genes number: 34
TUL genes number: 6
Compare TUI TIS model with TUL TIS model...
Train TUI TIS model..
Train TUL TIS model..
Lamda < 0: TUL TIS model differs from TUI TIS model
Re-train TUI TIS model.....
Re-train TUL TIS model..
Choose final TIS...
Predicted genes have been saved in file: /home3/katelyn/PATRIC/fna/1838152.5.fna.MED
Detailed information for predicted TIS has been saved in /home3/katelyn/PATRIC/fna/1838152.5.fna.MED.para
