Welcome to MED2.0
Genome file is /home3/katelyn/PATRIC/fna/1838151.5.fna
sequence size: 61371
GC%: 0.446823

Number of exactcted ORFs: 626
Select root ORFs and first running of TIS model...
 iteration      Selected as coding    rejected as non-coding
       0                       19                        9
       1                       17                       24
       2                        7                       27
       3                        3                       16
       4                        3                       14
       5                        0                        4
       6                        0                        1
       7                        0                        0
Selected root coding ORFs number: 49
Rejected non-coding ORFs number: 95
Remaining ORFs number: 482

Select coding ORFs from remianing ORFs using a Fisher discriminant function...
Remaining: 334
Process overlapping genes...
Totally predict 111 genes.
Second run of TIS model.
Extract TUI and TUL genes (length >300bp)
TUI genes number: 47
TUL genes number: 19
Compare TUI TIS model with TUL TIS model...
Train TUI TIS model..
Train TUL TIS model..
Lamda > 0: TUL TIS model is similar to TUI TIS model.
Re-train TIS model....
Choose final TIS...
Predicted genes have been saved in file: /home3/katelyn/PATRIC/fna/1838151.5.fna.MED
Detailed information for predicted TIS has been saved in /home3/katelyn/PATRIC/fna/1838151.5.fna.MED.para
