Welcome to MED2.0
Genome file is /home3/katelyn/PATRIC/fna/1838156.5.fna
sequence size: 40207
GC%: 0.421643

Number of exactcted ORFs: 337
Select root ORFs and first running of TIS model...
 iteration      Selected as coding    rejected as non-coding
       0                       17                        9
       1                        6                       26
       2                        1                       17
       3                        1                        5
       4                        0                        3
       5                        0                        2
       6                        0                        0
Selected root coding ORFs number: 25
Rejected non-coding ORFs number: 62
Remaining ORFs number: 250

Select coding ORFs from remianing ORFs using a Fisher discriminant function...
Remaining: 162
Process overlapping genes...
Totally predict 67 genes.
Second run of TIS model.
Extract TUI and TUL genes (length >300bp)
TUI genes number: 30
TUL genes number: 8
Compare TUI TIS model with TUL TIS model...
Train TUI TIS model..
Train TUL TIS model..
Lamda > 0: TUL TIS model is similar to TUI TIS model.
Re-train TIS model...
Choose final TIS...
Predicted genes have been saved in file: /home3/katelyn/PATRIC/fna/1838156.5.fna.MED
Detailed information for predicted TIS has been saved in /home3/katelyn/PATRIC/fna/1838156.5.fna.MED.para
