Welcome to MED2.0
Genome file is /home3/katelyn/PATRIC/fna/1838157.5.fna
sequence size: 38969
GC%: 0.451846

Number of exactcted ORFs: 391
Select root ORFs and first running of TIS model...
 iteration      Selected as coding    rejected as non-coding
       0                       12                       11
       1                        8                       19
       2                        3                       14
       3                        2                        6
       4                        1                        3
       5                        0                        0
Selected root coding ORFs number: 26
Rejected non-coding ORFs number: 53
Remaining ORFs number: 312

Select coding ORFs from remianing ORFs using a Fisher discriminant function...
Remaining: 160
Process overlapping genes...
Totally predict 57 genes.
Second run of TIS model.
Extract TUI and TUL genes (length >300bp)
TUI genes number: 28
TUL genes number: 8
Compare TUI TIS model with TUL TIS model...
Train TUI TIS model..
Train TUL TIS model..
Lamda < 0: TUL TIS model differs from TUI TIS model
Re-train TUI TIS model...
Re-train TUL TIS model..
Choose final TIS...
Predicted genes have been saved in file: /home3/katelyn/PATRIC/fna/1838157.5.fna.MED
Detailed information for predicted TIS has been saved in /home3/katelyn/PATRIC/fna/1838157.5.fna.MED.para
