Welcome to MED2.0
Genome file is /home3/katelyn/PATRIC/fna/1838155.5.fna
sequence size: 40306
GC%: 0.486627

Number of exactcted ORFs: 461
Select root ORFs and first running of TIS model...
 iteration      Selected as coding    rejected as non-coding
       0                        7                       23
       1                        4                       29
       2                        1                       27
       3                        0                       15
       4                        0                       14
       5                        0                        4
       6                        0                        2
       7                        0                        1
       8                        0                        0
Selected root coding ORFs number: 12
Rejected non-coding ORFs number: 115
Remaining ORFs number: 334

Select coding ORFs from remianing ORFs using a Fisher discriminant function...
Remaining: 118
Process overlapping genes...
Totally predict 65 genes.
Second run of TIS model.
Extract TUI and TUL genes (length >300bp)
TUI genes number: 21
TUL genes number: 11
Compare TUI TIS model with TUL TIS model...
Train TUI TIS model..
Train TUL TIS model..
Lamda > 0: TUL TIS model is similar to TUI TIS model.
Re-train TIS model....
Choose final TIS...
Predicted genes have been saved in file: /home3/katelyn/PATRIC/fna/1838155.5.fna.MED
Detailed information for predicted TIS has been saved in /home3/katelyn/PATRIC/fna/1838155.5.fna.MED.para
