Welcome to MED2.0
Genome file is /home3/katelyn/PATRIC/fna/1841196.5.fna
sequence size: 33108
GC%: 0.488583

Number of exactcted ORFs: 367
Select root ORFs and first running of TIS model...
 iteration      Selected as coding    rejected as non-coding
       0                       12                       19
       1                        6                       42
       2                        1                       32
       3                        0                       13
       4                        0                        3
       5                        0                        1
       6                        0                        0
Selected root coding ORFs number: 19
Rejected non-coding ORFs number: 110
Remaining ORFs number: 238

Select coding ORFs from remianing ORFs using a Fisher discriminant function...
Remaining: 213
Process overlapping genes...
Totally predict 52 genes.
Second run of TIS model.
Extract TUI and TUL genes (length >300bp)
TUI genes number: 27
TUL genes number: 7
Compare TUI TIS model with TUL TIS model...
Train TUI TIS model..
Train TUL TIS model..
Lamda > 0: TUL TIS model is similar to TUI TIS model.
Re-train TIS model...
Choose final TIS...
Predicted genes have been saved in file: /home3/katelyn/PATRIC/fna/1841196.5.fna.MED
Detailed information for predicted TIS has been saved in /home3/katelyn/PATRIC/fna/1841196.5.fna.MED.para
