Welcome to MED2.0
Genome file is /home3/katelyn/PATRIC/fna/1852566.6.fna
sequence size: 162040
GC%: 0.387552

Number of exactcted ORFs: 1175
Select root ORFs and first running of TIS model...
 iteration      Selected as coding    rejected as non-coding
       0                       92                       90
       1                       73                      211
       2                        9                      105
       3                        0                       38
       4                        0                       12
       5                        0                        2
       6                        0                        0
Selected root coding ORFs number: 174
Rejected non-coding ORFs number: 458
Remaining ORFs number: 543

Select coding ORFs from remianing ORFs using a Fisher discriminant function...
Remaining: 354
Process overlapping genes...
Totally predict 299 genes.
Second run of TIS model.
Extract TUI and TUL genes (length >300bp)
TUI genes number: 117
TUL genes number: 51
Compare TUI TIS model with TUL TIS model...
Train TUI TIS model..
Train TUL TIS model..
Lamda > 0: TUL TIS model is similar to TUI TIS model.
Re-train TIS model....................
Choose final TIS...
Predicted genes have been saved in file: /home3/katelyn/PATRIC/fna/1852566.6.fna.MED
Detailed information for predicted TIS has been saved in /home3/katelyn/PATRIC/fna/1852566.6.fna.MED.para
