Welcome to MED2.0
Genome file is /home3/katelyn/PATRIC/fna/1852681.6.fna
sequence size: 27363
GC%: 0.374045

Number of exactcted ORFs: 160
Select root ORFs and first running of TIS model...
 iteration      Selected as coding    rejected as non-coding
       0                        2                        0
       1                        4                        0
       2                        6                        0
       3                        2                        0
       4                        1                        0
       5                        0                        0
Selected root coding ORFs number: 15
Rejected non-coding ORFs number: 0
Remaining ORFs number: 145

Select coding ORFs from remianing ORFs using a Fisher discriminant function...
Remaining: 103
Process overlapping genes...
Totally predict 34 genes.
Second run of TIS model.
