Welcome to MED2.0
Genome file is /home3/katelyn/PATRIC/fna/1852622.6.fna
sequence size: 60497
GC%: 0.665322

Number of exactcted ORFs: 527
Select root ORFs and first running of TIS model...
 iteration      Selected as coding    rejected as non-coding
       0                       65                      262
       1                        4                       27
       2                        0                        5
       3                        0                        0
Selected root coding ORFs number: 69
Rejected non-coding ORFs number: 359
Remaining ORFs number: 99
Select coding ORFs from remianing ORFs using Fisher discriminant functions...
Remaining: 95
Process overlapping genes...
Totally predict 81 genes.
Second run of TIS model.
Extract TUI and TUL genes (length >300bp)
TUI genes number: 34
TUL genes number: 25
Compare TUI TIS model with TUL TIS model...
Train TUI TIS model..
Train TUL TIS model..
Lamda > 0: TUL TIS model is similar to TUI TIS model.
Re-train TIS model.....
Choose final TIS...
Predicted genes have been saved in file: /home3/katelyn/PATRIC/fna/1852622.6.fna.MED
Detailed information for predicted TIS has been saved in /home3/katelyn/PATRIC/fna/1852622.6.fna.MED.para
