Welcome to MED2.0
Genome file is /home3/katelyn/PATRIC/fna/1852564.7.fna
sequence size: 162308
GC%: 0.387843

Number of exactcted ORFs: 1214
Select root ORFs and first running of TIS model...
 iteration      Selected as coding    rejected as non-coding
       0                       76                       92
       1                       92                      224
       2                       15                       84
       3                        0                       32
       4                        0                        9
       5                        0                        3
       6                        0                        3
       7                        0                        1
       8                        0                        1
       9                        0                        0
Selected root coding ORFs number: 183
Rejected non-coding ORFs number: 449
Remaining ORFs number: 582

Select coding ORFs from remianing ORFs using a Fisher discriminant function...
Remaining: 402
Process overlapping genes...
Totally predict 304 genes.
Second run of TIS model.
Extract TUI and TUL genes (length >300bp)
TUI genes number: 123
TUL genes number: 45
Compare TUI TIS model with TUL TIS model...
Train TUI TIS model..
Train TUL TIS model..
Lamda > 0: TUL TIS model is similar to TUI TIS model.
Re-train TIS model...
Choose final TIS...
Predicted genes have been saved in file: /home3/katelyn/PATRIC/fna/1852564.7.fna.MED
Detailed information for predicted TIS has been saved in /home3/katelyn/PATRIC/fna/1852564.7.fna.MED.para
