Welcome to MED2.0
Genome file is /home3/katelyn/PATRIC/fna/1852661.6.fna
sequence size: 28068
GC%: 0.362227

Number of exactcted ORFs: 162
Select root ORFs and first running of TIS model...
 iteration      Selected as coding    rejected as non-coding
       0                        3                        0
       1                        2                        0
       2                        4                        0
       3                        1                        0
       4                        0                        0
Selected root coding ORFs number: 10
Rejected non-coding ORFs number: 0
Remaining ORFs number: 152

Select coding ORFs from remianing ORFs using a Fisher discriminant function...
Remaining: 89
Process overlapping genes...
Totally predict 34 genes.
Second run of TIS model.
