Welcome to MED2.0
Genome file is /home3/katelyn/PATRIC/fna/1855815.6.fna
sequence size: 58371
GC%: 0.497747

Number of exactcted ORFs: 635
Select root ORFs and first running of TIS model...
 iteration      Selected as coding    rejected as non-coding
       0                       13                       44
       1                        5                       99
       2                        2                       53
       3                        0                       21
       4                        0                        4
       5                        0                        1
       6                        0                        1
       7                        0                        0
Selected root coding ORFs number: 20
Rejected non-coding ORFs number: 223
Remaining ORFs number: 392

Select coding ORFs from remianing ORFs using a Fisher discriminant function...
Remaining: 249
Process overlapping genes...
Totally predict 93 genes.
Second run of TIS model.
Extract TUI and TUL genes (length >300bp)
TUI genes number: 29
TUL genes number: 20
Compare TUI TIS model with TUL TIS model...
Train TUI TIS model..
Train TUL TIS model..
Lamda > 0: TUL TIS model is similar to TUI TIS model.
Re-train TIS model......
Choose final TIS...
Predicted genes have been saved in file: /home3/katelyn/PATRIC/fna/1855815.6.fna.MED
Detailed information for predicted TIS has been saved in /home3/katelyn/PATRIC/fna/1855815.6.fna.MED.para
