Welcome to MED2.0
Genome file is /home3/katelyn/PATRIC/fna/1857099.7.fna
sequence size: 43788
GC%: 0.497054

Number of exactcted ORFs: 395
Select root ORFs and first running of TIS model...
 iteration      Selected as coding    rejected as non-coding
       0                       10                       20
       1                        5                       42
       2                        3                       27
       3                        2                        7
       4                        1                        2
       5                        0                        1
       6                        0                        0
Selected root coding ORFs number: 21
Rejected non-coding ORFs number: 99
Remaining ORFs number: 275

Select coding ORFs from remianing ORFs using a Fisher discriminant function...
Remaining: 241
Process overlapping genes...
Totally predict 77 genes.
Second run of TIS model.
Extract TUI and TUL genes (length >300bp)
TUI genes number: 22
TUL genes number: 17
Compare TUI TIS model with TUL TIS model...
Train TUI TIS model..
Train TUL TIS model..
Lamda > 0: TUL TIS model is similar to TUI TIS model.
Re-train TIS model....
Choose final TIS...
Predicted genes have been saved in file: /home3/katelyn/PATRIC/fna/1857099.7.fna.MED
Detailed information for predicted TIS has been saved in /home3/katelyn/PATRIC/fna/1857099.7.fna.MED.para
