Welcome to MED2.0
Genome file is /home3/katelyn/PATRIC/fna/1857100.7.fna
sequence size: 89817
GC%: 0.388568

Number of exactcted ORFs: 728
Select root ORFs and first running of TIS model...
 iteration      Selected as coding    rejected as non-coding
       0                       41                       19
       1                       29                       45
       2                        7                       26
       3                        1                       23
       4                        0                       17
       5                        0                       25
       6                        0                       21
       7                        0                       14
       8                        0                        2
       9                        0                        0
Selected root coding ORFs number: 78
Rejected non-coding ORFs number: 192
Remaining ORFs number: 458

Select coding ORFs from remianing ORFs using a Fisher discriminant function...
Remaining: 226
Process overlapping genes...
Totally predict 145 genes.
Second run of TIS model.
Extract TUI and TUL genes (length >300bp)
TUI genes number: 64
TUL genes number: 31
Compare TUI TIS model with TUL TIS model...
Train TUI TIS model..
Train TUL TIS model..
Lamda > 0: TUL TIS model is similar to TUI TIS model.
Re-train TIS model....
Choose final TIS...
Predicted genes have been saved in file: /home3/katelyn/PATRIC/fna/1857100.7.fna.MED
Detailed information for predicted TIS has been saved in /home3/katelyn/PATRIC/fna/1857100.7.fna.MED.para
