Welcome to MED2.0
Genome file is /home3/katelyn/PATRIC/fna/1860178.5.fna
sequence size: 36636
GC%: 0.413964

Number of exactcted ORFs: 351
Select root ORFs and first running of TIS model...
 iteration      Selected as coding    rejected as non-coding
       0                        5                        6
       1                        6                       22
       2                        0                       40
       3                        0                       24
       4                        0                       12
       5                        0                        1
       6                        0                        0
Selected root coding ORFs number: 11
Rejected non-coding ORFs number: 105
Remaining ORFs number: 235

Select coding ORFs from remianing ORFs using a Fisher discriminant function...
Remaining: 130
Process overlapping genes...
Totally predict 64 genes.
Second run of TIS model.
Extract TUI and TUL genes (length >300bp)
TUI genes number: 22
TUL genes number: 13
Compare TUI TIS model with TUL TIS model...
Train TUI TIS model..
Train TUL TIS model..
Lamda > 0: TUL TIS model is similar to TUI TIS model.
Re-train TIS model..
Choose final TIS...
Predicted genes have been saved in file: /home3/katelyn/PATRIC/fna/1860178.5.fna.MED
Detailed information for predicted TIS has been saved in /home3/katelyn/PATRIC/fna/1860178.5.fna.MED.para
