Welcome to MED2.0
Genome file is /home3/katelyn/PATRIC/fna/1862961.7.fna
sequence size: 21697
GC%: 0.35793

Number of exactcted ORFs: 173
Select root ORFs and first running of TIS model...
 iteration      Selected as coding    rejected as non-coding
       0                        9                        3
       1                        8                        6
       2                        4                        5
       3                        2                        8
       4                        0                       10
       5                        0                        9
       6                        0                        3
       7                        0                        1
       8                        0                        0
Selected root coding ORFs number: 23
Rejected non-coding ORFs number: 45
Remaining ORFs number: 105

Select coding ORFs from remianing ORFs using a Fisher discriminant function...
Remaining: 65
Process overlapping genes...
Totally predict 36 genes.
Second run of TIS model.
Extract TUI and TUL genes (length >300bp)
TUI genes number: 19
TUL genes number: 5
Compare TUI TIS model with TUL TIS model...
Train TUI TIS model..
Train TUL TIS model..
Lamda > 0: TUL TIS model is similar to TUI TIS model.
Re-train TIS model...
Choose final TIS...
Predicted genes have been saved in file: /home3/katelyn/PATRIC/fna/1862961.7.fna.MED
Detailed information for predicted TIS has been saved in /home3/katelyn/PATRIC/fna/1862961.7.fna.MED.para
