Welcome to MED2.0
Genome file is /home3/katelyn/PATRIC/fna/1862965.5.fna
sequence size: 22350
GC%: 0.358658

Number of exactcted ORFs: 182
Select root ORFs and first running of TIS model...
 iteration      Selected as coding    rejected as non-coding
       0                        9                        3
       1                        9                        2
       2                        2                        3
       3                        2                        6
       4                        0                        3
       5                        0                        6
       6                        0                        4
       7                        0                        3
       8                        0                        2
       9                        0                        2
      10                        0                        0
Selected root coding ORFs number: 22
Rejected non-coding ORFs number: 34
Remaining ORFs number: 126

Select coding ORFs from remianing ORFs using a Fisher discriminant function...
Remaining: 81
Process overlapping genes...
Totally predict 37 genes.
Second run of TIS model.
Extract TUI and TUL genes (length >300bp)
TUI genes number: 19
TUL genes number: 5
Compare TUI TIS model with TUL TIS model...
Train TUI TIS model..
Train TUL TIS model..
Lamda > 0: TUL TIS model is similar to TUI TIS model.
Re-train TIS model...
Choose final TIS...
Predicted genes have been saved in file: /home3/katelyn/PATRIC/fna/1862965.5.fna.MED
Detailed information for predicted TIS has been saved in /home3/katelyn/PATRIC/fna/1862965.5.fna.MED.para
