Welcome to MED2.0
Genome file is /home3/katelyn/PATRIC/fna/1862962.7.fna
sequence size: 22179
GC%: 0.35732

Number of exactcted ORFs: 182
Select root ORFs and first running of TIS model...
 iteration      Selected as coding    rejected as non-coding
       0                        2                        2
       1                        0                        6
       2                        0                       11
       3                        0                       20
       4                        0                       20
       5                        0                       13
       6                        0                        6
       7                        0                        4
       8                        0                        2
       9                        0                        0
Selected root coding ORFs number: 2
Rejected non-coding ORFs number: 84
Remaining ORFs number: 96

Select coding ORFs from remianing ORFs using a Fisher discriminant function...
Remaining: 61
Process overlapping genes...
Totally predict 35 genes.
Second run of TIS model.
Extract TUI and TUL genes (length >300bp)
TUI genes number: 19
TUL genes number: 4
Compare TUI TIS model with TUL TIS model...
Train TUI TIS model..
Train TUL TIS model..
Lamda > 0: TUL TIS model is similar to TUI TIS model.
Re-train TIS model...
Choose final TIS...
Predicted genes have been saved in file: /home3/katelyn/PATRIC/fna/1862962.7.fna.MED
Detailed information for predicted TIS has been saved in /home3/katelyn/PATRIC/fna/1862962.7.fna.MED.para
