Welcome to MED2.0
Genome file is /home3/katelyn/PATRIC/fna/1862959.7.fna
sequence size: 22884
GC%: 0.354309

Number of exactcted ORFs: 188
Select root ORFs and first running of TIS model...
 iteration      Selected as coding    rejected as non-coding
       0                        2                        0
       1                        0                        0
Selected root coding ORFs number: 2
Rejected non-coding ORFs number: 0
Remaining ORFs number: 186

Select coding ORFs from remianing ORFs using a Fisher discriminant function...
Remaining: 61
Process overlapping genes...
Totally predict 38 genes.
Second run of TIS model.
Extract TUI and TUL genes (length >300bp)
TUI genes number: 19
TUL genes number: 5
Compare TUI TIS model with TUL TIS model...
Train TUI TIS model..
Train TUL TIS model..
Lamda < 0: TUL TIS model differs from TUI TIS model
Re-train TUI TIS model...
Re-train TUL TIS model..
Choose final TIS...
Predicted genes have been saved in file: /home3/katelyn/PATRIC/fna/1862959.7.fna.MED
Detailed information for predicted TIS has been saved in /home3/katelyn/PATRIC/fna/1862959.7.fna.MED.para
