Welcome to MED2.0
Genome file is /home3/katelyn/PATRIC/fna/1868853.6.fna
sequence size: 30556
GC%: 0.363202

Number of exactcted ORFs: 256
Select root ORFs and first running of TIS model...
 iteration      Selected as coding    rejected as non-coding
       0                        5                        7
       1                       16                       22
       2                        5                       22
       3                        1                        3
       4                        0                        0
Selected root coding ORFs number: 27
Rejected non-coding ORFs number: 54
Remaining ORFs number: 175

Select coding ORFs from remianing ORFs using a Fisher discriminant function...
Remaining: 126
Process overlapping genes...
Totally predict 54 genes.
Second run of TIS model.
Extract TUI and TUL genes (length >300bp)
TUI genes number: 28
TUL genes number: 5
Compare TUI TIS model with TUL TIS model...
Train TUI TIS model..
Train TUL TIS model..
Lamda > 0: TUL TIS model is similar to TUI TIS model.
Re-train TIS model...
Choose final TIS...
Predicted genes have been saved in file: /home3/katelyn/PATRIC/fna/1868853.6.fna.MED
Detailed information for predicted TIS has been saved in /home3/katelyn/PATRIC/fna/1868853.6.fna.MED.para
