Welcome to MED2.0
Genome file is /home3/katelyn/PATRIC/fna/1868843.6.fna
sequence size: 158986
GC%: 0.447065

Number of exactcted ORFs: 1630
Select root ORFs and first running of TIS model...
 iteration      Selected as coding    rejected as non-coding
       0                       79                       89
       1                       20                      180
       2                        0                      117
       3                        0                       47
       4                        0                       14
       5                        0                        2
       6                        0                        1
       7                        0                        0
Selected root coding ORFs number: 99
Rejected non-coding ORFs number: 450
Remaining ORFs number: 1081

Select coding ORFs from remianing ORFs using a Fisher discriminant function...
Remaining: 564
Process overlapping genes...
Totally predict 227 genes.
Second run of TIS model.
Extract TUI and TUL genes (length >300bp)
TUI genes number: 96
TUL genes number: 71
Compare TUI TIS model with TUL TIS model...
Train TUI TIS model..
Train TUL TIS model..
Lamda > 0: TUL TIS model is similar to TUI TIS model.
Re-train TIS model.....
Choose final TIS...
Predicted genes have been saved in file: /home3/katelyn/PATRIC/fna/1868843.6.fna.MED
Detailed information for predicted TIS has been saved in /home3/katelyn/PATRIC/fna/1868843.6.fna.MED.para
