Welcome to MED2.0
Genome file is /home3/katelyn/PATRIC/fna/1868654.7.fna
sequence size: 158081
GC%: 0.446081

Number of exactcted ORFs: 1612
Select root ORFs and first running of TIS model...
 iteration      Selected as coding    rejected as non-coding
       0                       49                       78
       1                       29                      206
       2                        7                      155
       3                        1                       51
       4                        0                       14
       5                        0                        9
       6                        0                        5
       7                        0                        0
Selected root coding ORFs number: 86
Rejected non-coding ORFs number: 518
Remaining ORFs number: 1008

Select coding ORFs from remianing ORFs using a Fisher discriminant function...
Remaining: 510
Process overlapping genes...
Totally predict 227 genes.
Second run of TIS model.
Extract TUI and TUL genes (length >300bp)
TUI genes number: 89
TUL genes number: 75
Compare TUI TIS model with TUL TIS model...
Train TUI TIS model..
Train TUL TIS model..
Lamda > 0: TUL TIS model is similar to TUI TIS model.
Re-train TIS model....
Choose final TIS...
Predicted genes have been saved in file: /home3/katelyn/PATRIC/fna/1868654.7.fna.MED
Detailed information for predicted TIS has been saved in /home3/katelyn/PATRIC/fna/1868654.7.fna.MED.para
