Welcome to MED2.0
Genome file is /home3/katelyn/PATRIC/fna/1868855.6.fna
sequence size: 34421
GC%: 0.358066

Number of exactcted ORFs: 271
Select root ORFs and first running of TIS model...
 iteration      Selected as coding    rejected as non-coding
       0                        4                        2
       1                        6                       14
       2                        3                       21
       3                        3                       25
       4                        1                       14
       5                        0                        8
       6                        0                        2
       7                        0                        1
       8                        0                        1
       9                        0                        0
Selected root coding ORFs number: 17
Rejected non-coding ORFs number: 88
Remaining ORFs number: 166

Select coding ORFs from remianing ORFs using a Fisher discriminant function...
Remaining: 104
Process overlapping genes...
Totally predict 60 genes.
Second run of TIS model.
Extract TUI and TUL genes (length >300bp)
TUI genes number: 27
TUL genes number: 9
Compare TUI TIS model with TUL TIS model...
Train TUI TIS model..
Train TUL TIS model..
Lamda > 0: TUL TIS model is similar to TUI TIS model.
Re-train TIS model....
Choose final TIS...
Predicted genes have been saved in file: /home3/katelyn/PATRIC/fna/1868855.6.fna.MED
Detailed information for predicted TIS has been saved in /home3/katelyn/PATRIC/fna/1868855.6.fna.MED.para
