Welcome to MED2.0
Genome file is /home3/katelyn/PATRIC/fna/1868600.6.fna
sequence size: 48709
GC%: 0.36484

Number of exactcted ORFs: 355
Select root ORFs and first running of TIS model...
 iteration      Selected as coding    rejected as non-coding
       0                        2                        2
       1                        5                        4
       2                        2                        7
       3                        1                       23
       4                        0                       34
       5                        0                       27
       6                        0                       15
       7                        0                        2
       8                        0                        0
Selected root coding ORFs number: 10
Rejected non-coding ORFs number: 114
Remaining ORFs number: 231

Select coding ORFs from remianing ORFs using a Fisher discriminant function...
Remaining: 126
Process overlapping genes...
Totally predict 82 genes.
Second run of TIS model.
Extract TUI and TUL genes (length >300bp)
TUI genes number: 29
TUL genes number: 14
Compare TUI TIS model with TUL TIS model...
Train TUI TIS model..
Train TUL TIS model..
Lamda > 0: TUL TIS model is similar to TUI TIS model.
Re-train TIS model....
Choose final TIS...
Predicted genes have been saved in file: /home3/katelyn/PATRIC/fna/1868600.6.fna.MED
Detailed information for predicted TIS has been saved in /home3/katelyn/PATRIC/fna/1868600.6.fna.MED.para
