Welcome to MED2.0
Genome file is /home3/katelyn/PATRIC/fna/1868826.6.fna
sequence size: 50740
GC%: 0.367619

Number of exactcted ORFs: 368
Select root ORFs and first running of TIS model...
 iteration      Selected as coding    rejected as non-coding
       0                        9                        7
       1                        2                       54
       2                        0                       73
       3                        0                       25
       4                        0                        9
       5                        0                        4
       6                        0                        0
Selected root coding ORFs number: 11
Rejected non-coding ORFs number: 172
Remaining ORFs number: 185

Select coding ORFs from remianing ORFs using a Fisher discriminant function...
Remaining: 114
Process overlapping genes...
Totally predict 80 genes.
Second run of TIS model.
Extract TUI and TUL genes (length >300bp)
TUI genes number: 34
TUL genes number: 12
Compare TUI TIS model with TUL TIS model...
Train TUI TIS model..
Train TUL TIS model..
Lamda > 0: TUL TIS model is similar to TUI TIS model.
Re-train TIS model...
Choose final TIS...
Predicted genes have been saved in file: /home3/katelyn/PATRIC/fna/1868826.6.fna.MED
Detailed information for predicted TIS has been saved in /home3/katelyn/PATRIC/fna/1868826.6.fna.MED.para
