Welcome to MED2.0
Genome file is /home3/katelyn/PATRIC/fna/1868845.6.fna
sequence size: 139682
GC%: 0.318244

Number of exactcted ORFs: 714
Select root ORFs and first running of TIS model...
 iteration      Selected as coding    rejected as non-coding
       0                       19                        2
       1                       57                       21
       2                       42                      106
       3                        7                       88
       4                        1                       28
       5                        0                       10
       6                        0                        1
       7                        0                        0
Selected root coding ORFs number: 126
Rejected non-coding ORFs number: 256
Remaining ORFs number: 332

Select coding ORFs from remianing ORFs using a Fisher discriminant function...
Remaining: 293
Process overlapping genes...
Totally predict 226 genes.
Second run of TIS model.
Extract TUI and TUL genes (length >300bp)
TUI genes number: 98
TUL genes number: 46
Compare TUI TIS model with TUL TIS model...
Train TUI TIS model..
Train TUL TIS model..
Lamda > 0: TUL TIS model is similar to TUI TIS model.
Re-train TIS model...
Choose final TIS...
Predicted genes have been saved in file: /home3/katelyn/PATRIC/fna/1868845.6.fna.MED
Detailed information for predicted TIS has been saved in /home3/katelyn/PATRIC/fna/1868845.6.fna.MED.para
