Welcome to MED2.0
Genome file is /home3/katelyn/PATRIC/fna/1868842.6.fna
sequence size: 72508
GC%: 0.547236

Number of exactcted ORFs: 719
Select root ORFs and first running of TIS model...
 iteration      Selected as coding    rejected as non-coding
       0                       17                       35
       1                        7                      219
       2                        2                      100
       3                        0                       26
       4                        0                        6
       5                        0                        1
       6                        0                        0
Selected root coding ORFs number: 26
Rejected non-coding ORFs number: 387
Remaining ORFs number: 306

Select coding ORFs from remianing ORFs using a Fisher discriminant function...
Remaining: 275
Process overlapping genes...
Totally predict 96 genes.
Second run of TIS model.
Extract TUI and TUL genes (length >300bp)
TUI genes number: 30
TUL genes number: 33
Compare TUI TIS model with TUL TIS model...
Train TUI TIS model..
Train TUL TIS model..
Lamda > 0: TUL TIS model is similar to TUI TIS model.
Re-train TIS model....
Choose final TIS...
Predicted genes have been saved in file: /home3/katelyn/PATRIC/fna/1868842.6.fna.MED
Detailed information for predicted TIS has been saved in /home3/katelyn/PATRIC/fna/1868842.6.fna.MED.para
