Welcome to MED2.0
Genome file is /home3/katelyn/PATRIC/fna/1871313.7.fna
sequence size: 180219
GC%: 0.431192

Number of exactcted ORFs: 1795
Select root ORFs and first running of TIS model...
 iteration      Selected as coding    rejected as non-coding
       0                       89                      125
       1                       33                      291
       2                        2                      207
       3                        0                      106
       4                        0                       32
       5                        0                       10
       6                        0                        4
       7                        0                        2
       8                        0                        2
       9                        0                        1
      10                        0                        0
Selected root coding ORFs number: 124
Rejected non-coding ORFs number: 780
Remaining ORFs number: 891

Select coding ORFs from remianing ORFs using a Fisher discriminant function...
Remaining: 437
Process overlapping genes...
Totally predict 278 genes.
Second run of TIS model.
Extract TUI and TUL genes (length >300bp)
TUI genes number: 136
TUL genes number: 49
Compare TUI TIS model with TUL TIS model...
Train TUI TIS model..
Train TUL TIS model..
Lamda > 0: TUL TIS model is similar to TUI TIS model.
Re-train TIS model.....
Choose final TIS...
Predicted genes have been saved in file: /home3/katelyn/PATRIC/fna/1871313.7.fna.MED
Detailed information for predicted TIS has been saved in /home3/katelyn/PATRIC/fna/1871313.7.fna.MED.para
