Welcome to MED2.0
Genome file is /home3/katelyn/PATRIC/fna/1871678.7.fna
sequence size: 34396
GC%: 0.35821

Number of exactcted ORFs: 275
Select root ORFs and first running of TIS model...
 iteration      Selected as coding    rejected as non-coding
       0                        1                        2
       1                        0                       13
       2                        0                       27
       3                        0                       25
       4                        0                       16
       5                        0                        6
       6                        0                        4
       7                        0                        2
       8                        0                        2
       9                        0                        1
      10                        0                        0
Selected root coding ORFs number: 1
Rejected non-coding ORFs number: 98
Remaining ORFs number: 176

Select coding ORFs from remianing ORFs using a Fisher discriminant function...
Remaining: 117
Process overlapping genes...
Totally predict 54 genes.
Second run of TIS model.
Extract TUI and TUL genes (length >300bp)
TUI genes number: 22
TUL genes number: 12
Compare TUI TIS model with TUL TIS model...
Train TUI TIS model..
Train TUL TIS model..
Lamda > 0: TUL TIS model is similar to TUI TIS model.
Re-train TIS model....
Choose final TIS...
Predicted genes have been saved in file: /home3/katelyn/PATRIC/fna/1871678.7.fna.MED
Detailed information for predicted TIS has been saved in /home3/katelyn/PATRIC/fna/1871678.7.fna.MED.para
