Welcome to MED2.0
Genome file is /home3/katelyn/PATRIC/fna/1871687.7.fna
sequence size: 32409
GC%: 0.351322

Number of exactcted ORFs: 260
Select root ORFs and first running of TIS model...
 iteration      Selected as coding    rejected as non-coding
       0                        4                        0
       1                        3                        0
       2                        2                        0
       3                        0                        0
Selected root coding ORFs number: 9
Rejected non-coding ORFs number: 0
Remaining ORFs number: 251

Select coding ORFs from remianing ORFs using a Fisher discriminant function...
Remaining: 123
Process overlapping genes...
Totally predict 53 genes.
Second run of TIS model.
Extract TUI and TUL genes (length >300bp)
TUI genes number: 21
TUL genes number: 10
Compare TUI TIS model with TUL TIS model...
Train TUI TIS model..
Train TUL TIS model..
Lamda > 0: TUL TIS model is similar to TUI TIS model.
Re-train TIS model...
Choose final TIS...
Predicted genes have been saved in file: /home3/katelyn/PATRIC/fna/1871687.7.fna.MED
Detailed information for predicted TIS has been saved in /home3/katelyn/PATRIC/fna/1871687.7.fna.MED.para
