Welcome to MED2.0
Genome file is /home3/katelyn/PATRIC/fna/1871692.7.fna
sequence size: 37933
GC%: 0.345398

Number of exactcted ORFs: 288
Select root ORFs and first running of TIS model...
 iteration      Selected as coding    rejected as non-coding
       0                       11                        5
       1                       12                       30
       2                        4                       46
       3                        1                       17
       4                        0                        6
       5                        0                        2
       6                        0                        0
Selected root coding ORFs number: 28
Rejected non-coding ORFs number: 106
Remaining ORFs number: 154

Select coding ORFs from remianing ORFs using a Fisher discriminant function...
Remaining: 115
Process overlapping genes...
Totally predict 62 genes.
Second run of TIS model.
Extract TUI and TUL genes (length >300bp)
TUI genes number: 22
TUL genes number: 8
Compare TUI TIS model with TUL TIS model...
Train TUI TIS model..
Train TUL TIS model..
Lamda > 0: TUL TIS model is similar to TUI TIS model.
Re-train TIS model...
Choose final TIS...
Predicted genes have been saved in file: /home3/katelyn/PATRIC/fna/1871692.7.fna.MED
Detailed information for predicted TIS has been saved in /home3/katelyn/PATRIC/fna/1871692.7.fna.MED.para
