Welcome to MED2.0
Genome file is /home3/katelyn/PATRIC/fna/1871690.7.fna
sequence size: 36202
GC%: 0.359511

Number of exactcted ORFs: 283
Select root ORFs and first running of TIS model...
 iteration      Selected as coding    rejected as non-coding
       0                        1                        1
       1                        2                        9
       2                        5                       20
       3                        2                       16
       4                        0                       10
       5                        0                        7
       6                        0                        6
       7                        0                        4
       8                        0                        0
Selected root coding ORFs number: 10
Rejected non-coding ORFs number: 73
Remaining ORFs number: 200

Select coding ORFs from remianing ORFs using a Fisher discriminant function...
Remaining: 147
Process overlapping genes...
Totally predict 56 genes.
Second run of TIS model.
Extract TUI and TUL genes (length >300bp)
TUI genes number: 28
TUL genes number: 12
Compare TUI TIS model with TUL TIS model...
Train TUI TIS model..
Train TUL TIS model..
Lamda > 0: TUL TIS model is similar to TUI TIS model.
Re-train TIS model...
Choose final TIS...
Predicted genes have been saved in file: /home3/katelyn/PATRIC/fna/1871690.7.fna.MED
Detailed information for predicted TIS has been saved in /home3/katelyn/PATRIC/fna/1871690.7.fna.MED.para
