Welcome to MED2.0
Genome file is /home3/katelyn/PATRIC/fna/1873888.5.fna
sequence size: 155800
GC%: 0.64724

Number of exactcted ORFs: 1537
Select root ORFs and first running of TIS model...
 iteration      Selected as coding    rejected as non-coding
       0                      163                      610
       1                       15                      127
       2                        3                       17
       3                        0                        2
       4                        0                        0
Selected root coding ORFs number: 181
Rejected non-coding ORFs number: 827
Remaining ORFs number: 529
Select coding ORFs from remianing ORFs using Fisher discriminant functions...
Remaining: 397
Process overlapping genes...
Totally predict 252 genes.
Second run of TIS model.
Extract TUI and TUL genes (length >300bp)
TUI genes number: 74
TUL genes number: 94
Compare TUI TIS model with TUL TIS model...
Train TUI TIS model..
Train TUL TIS model..
Lamda > 0: TUL TIS model is similar to TUI TIS model.
Re-train TIS model....
Choose final TIS...
Predicted genes have been saved in file: /home3/katelyn/PATRIC/fna/1873888.5.fna.MED
Detailed information for predicted TIS has been saved in /home3/katelyn/PATRIC/fna/1873888.5.fna.MED.para
