Welcome to MED2.0
Genome file is /home3/katelyn/PATRIC/fna/1873989.6.fna
sequence size: 52044
GC%: 0.614807

Number of exactcted ORFs: 599
Select root ORFs and first running of TIS model...
 iteration      Selected as coding    rejected as non-coding
       0                       77                      168
       1                        8                       43
       2                        0                        5
       3                        0                        2
       4                        0                        0
Selected root coding ORFs number: 85
Rejected non-coding ORFs number: 260
Remaining ORFs number: 254
Select coding ORFs from remianing ORFs using Fisher discriminant functions...
Remaining: 164
Process overlapping genes...
Totally predict 106 genes.
Second run of TIS model.
Extract TUI and TUL genes (length >300bp)
TUI genes number: 29
TUL genes number: 32
Compare TUI TIS model with TUL TIS model...
Train TUI TIS model..
Train TUL TIS model..
Lamda > 0: TUL TIS model is similar to TUI TIS model.
Re-train TIS model........
Choose final TIS...
Predicted genes have been saved in file: /home3/katelyn/PATRIC/fna/1873989.6.fna.MED
Detailed information for predicted TIS has been saved in /home3/katelyn/PATRIC/fna/1873989.6.fna.MED.para
