Welcome to MED2.0
Genome file is /home3/katelyn/PATRIC/fna/1873998.7.fna
sequence size: 162151
GC%: 0.386664

Number of exactcted ORFs: 1223
Select root ORFs and first running of TIS model...
 iteration      Selected as coding    rejected as non-coding
       0                       52                       38
       1                       89                      195
       2                       31                      128
       3                        3                       50
       4                        0                       19
       5                        0                       10
       6                        0                        3
       7                        0                        1
       8                        0                        0
Selected root coding ORFs number: 175
Rejected non-coding ORFs number: 444
Remaining ORFs number: 604

Select coding ORFs from remianing ORFs using a Fisher discriminant function...
Remaining: 421
Process overlapping genes...
Totally predict 309 genes.
Second run of TIS model.
Extract TUI and TUL genes (length >300bp)
TUI genes number: 121
TUL genes number: 45
Compare TUI TIS model with TUL TIS model...
Train TUI TIS model..
Train TUL TIS model..
Lamda > 0: TUL TIS model is similar to TUI TIS model.
Re-train TIS model..
Choose final TIS...
Predicted genes have been saved in file: /home3/katelyn/PATRIC/fna/1873998.7.fna.MED
Detailed information for predicted TIS has been saved in /home3/katelyn/PATRIC/fna/1873998.7.fna.MED.para
