Welcome to MED2.0
Genome file is /home3/katelyn/PATRIC/fna/1874539.7.fna
sequence size: 39949
GC%: 0.405968

Number of exactcted ORFs: 312
Select root ORFs and first running of TIS model...
 iteration      Selected as coding    rejected as non-coding
       0                        5                        3
       1                       10                       10
       2                        5                       15
       3                        3                       13
       4                        1                        4
       5                        0                        0
Selected root coding ORFs number: 24
Rejected non-coding ORFs number: 45
Remaining ORFs number: 243

Select coding ORFs from remianing ORFs using a Fisher discriminant function...
Remaining: 149
Process overlapping genes...
Totally predict 68 genes.
Second run of TIS model.
Extract TUI and TUL genes (length >300bp)
TUI genes number: 27
TUL genes number: 12
Compare TUI TIS model with TUL TIS model...
Train TUI TIS model..
Train TUL TIS model..
Lamda > 0: TUL TIS model is similar to TUI TIS model.
Re-train TIS model...
Choose final TIS...
Predicted genes have been saved in file: /home3/katelyn/PATRIC/fna/1874539.7.fna.MED
Detailed information for predicted TIS has been saved in /home3/katelyn/PATRIC/fna/1874539.7.fna.MED.para
