Welcome to MED2.0
Genome file is /home3/katelyn/PATRIC/fna/187944.7.fna
sequence size: 81509
GC%: 0.468746

Number of exactcted ORFs: 639
Select root ORFs and first running of TIS model...
 iteration      Selected as coding    rejected as non-coding
       0                       35                       42
       1                       22                       97
       2                        7                       45
       3                        0                       15
       4                        0                        3
       5                        0                        2
       6                        0                        0
Selected root coding ORFs number: 64
Rejected non-coding ORFs number: 204
Remaining ORFs number: 371

Select coding ORFs from remianing ORFs using a Fisher discriminant function...
Remaining: 262
Process overlapping genes...
Totally predict 138 genes.
Second run of TIS model.
Extract TUI and TUL genes (length >300bp)
TUI genes number: 58
TUL genes number: 34
Compare TUI TIS model with TUL TIS model...
Train TUI TIS model..
Train TUL TIS model..
Lamda > 0: TUL TIS model is similar to TUI TIS model.
Re-train TIS model...
Choose final TIS...
Predicted genes have been saved in file: /home3/katelyn/PATRIC/fna/187944.7.fna.MED
Detailed information for predicted TIS has been saved in /home3/katelyn/PATRIC/fna/187944.7.fna.MED.para
