Welcome to MED2.0
Genome file is /home3/katelyn/PATRIC/fna/1882400.10.fna
sequence size: 40765
GC%: 0.532221

Number of exactcted ORFs: 398
Select root ORFs and first running of TIS model...
 iteration      Selected as coding    rejected as non-coding
       0                       18                       36
       1                        9                       99
       2                        0                       35
       3                        0                        6
       4                        0                        0
Selected root coding ORFs number: 27
Rejected non-coding ORFs number: 176
Remaining ORFs number: 195

Select coding ORFs from remianing ORFs using a Fisher discriminant function...
Remaining: 153
Process overlapping genes...
Totally predict 49 genes.
Second run of TIS model.
Extract TUI and TUL genes (length >300bp)
TUI genes number: 13
TUL genes number: 13
Compare TUI TIS model with TUL TIS model...
Train TUI TIS model..
Train TUL TIS model..
Lamda > 0: TUL TIS model is similar to TUI TIS model.
Re-train TIS model...
Choose final TIS...
Predicted genes have been saved in file: /home3/katelyn/PATRIC/fna/1882400.10.fna.MED
Detailed information for predicted TIS has been saved in /home3/katelyn/PATRIC/fna/1882400.10.fna.MED.para
