Welcome to MED2.0
Genome file is /home3/katelyn/PATRIC/fna/1883367.9.fna
sequence size: 191983
GC%: 0.385831

Number of exactcted ORFs: 1548
Select root ORFs and first running of TIS model...
 iteration      Selected as coding    rejected as non-coding
       0                       23                       23
       1                       37                      111
       2                       23                      193
       3                        4                      122
       4                        0                       60
       5                        0                       23
       6                        0                        9
       7                        0                        7
       8                        0                        5
       9                        0                        3
      10                        0                        1
      11                        0                        0
Selected root coding ORFs number: 87
Rejected non-coding ORFs number: 557
Remaining ORFs number: 904

Select coding ORFs from remianing ORFs using a Fisher discriminant function...
Remaining: 481
Process overlapping genes...
Totally predict 244 genes.
Second run of TIS model.
Extract TUI and TUL genes (length >300bp)
TUI genes number: 104
TUL genes number: 33
Compare TUI TIS model with TUL TIS model...
Train TUI TIS model..
Train TUL TIS model..
Lamda > 0: TUL TIS model is similar to TUI TIS model.
Re-train TIS model...
Choose final TIS...
Predicted genes have been saved in file: /home3/katelyn/PATRIC/fna/1883367.9.fna.MED
Detailed information for predicted TIS has been saved in /home3/katelyn/PATRIC/fna/1883367.9.fna.MED.para
