Welcome to MED2.0
Genome file is /home3/katelyn/PATRIC/fna/1883371.8.fna
sequence size: 244840
GC%: 0.494143

Number of exactcted ORFs: 2474
Select root ORFs and first running of TIS model...
 iteration      Selected as coding    rejected as non-coding
       0                      104                      198
       1                       57                      495
       2                        8                      194
       3                        0                       57
       4                        0                       22
       5                        0                       10
       6                        0                        4
       7                        0                        1
       8                        0                        0
Selected root coding ORFs number: 169
Rejected non-coding ORFs number: 981
Remaining ORFs number: 1324

Select coding ORFs from remianing ORFs using a Fisher discriminant function...
Remaining: 805
Process overlapping genes...
Totally predict 296 genes.
Second run of TIS model.
Extract TUI and TUL genes (length >300bp)
TUI genes number: 148
TUL genes number: 98
Compare TUI TIS model with TUL TIS model...
Train TUI TIS model..
Train TUL TIS model..
Lamda > 0: TUL TIS model is similar to TUI TIS model.
Re-train TIS model...
Choose final TIS...
Predicted genes have been saved in file: /home3/katelyn/PATRIC/fna/1883371.8.fna.MED
Detailed information for predicted TIS has been saved in /home3/katelyn/PATRIC/fna/1883371.8.fna.MED.para
