Welcome to MED2.0
Genome file is /home3/katelyn/PATRIC/fna/1883373.8.fna
sequence size: 240761
GC%: 0.510693

Number of exactcted ORFs: 2529
Select root ORFs and first running of TIS model...
 iteration      Selected as coding    rejected as non-coding
       0                      106                      258
       1                       43                      612
       2                        7                      200
       3                        0                      109
       4                        0                       76
       5                        0                       23
       6                        0                        7
       7                        0                        5
       8                        0                        2
       9                        0                        1
      10                        0                        0
Selected root coding ORFs number: 156
Rejected non-coding ORFs number: 1293
Remaining ORFs number: 1080

Select coding ORFs from remianing ORFs using a Fisher discriminant function...
Remaining: 494
Process overlapping genes...
Totally predict 293 genes.
Second run of TIS model.
Extract TUI and TUL genes (length >300bp)
TUI genes number: 142
TUL genes number: 99
Compare TUI TIS model with TUL TIS model...
Train TUI TIS model..
Train TUL TIS model..
Lamda > 0: TUL TIS model is similar to TUI TIS model.
Re-train TIS model....
Choose final TIS...
Predicted genes have been saved in file: /home3/katelyn/PATRIC/fna/1883373.8.fna.MED
Detailed information for predicted TIS has been saved in /home3/katelyn/PATRIC/fna/1883373.8.fna.MED.para
