Welcome to MED2.0
Genome file is /home3/katelyn/PATRIC/fna/1883372.9.fna
sequence size: 223935
GC%: 0.505888

Number of exactcted ORFs: 2209
Select root ORFs and first running of TIS model...
 iteration      Selected as coding    rejected as non-coding
       0                      100                      137
       1                       71                      517
       2                        7                      189
       3                        0                       56
       4                        0                       17
       5                        0                        5
       6                        0                        0
Selected root coding ORFs number: 178
Rejected non-coding ORFs number: 921
Remaining ORFs number: 1110

Select coding ORFs from remianing ORFs using a Fisher discriminant function...
Remaining: 711
Process overlapping genes...
Totally predict 254 genes.
Second run of TIS model.
Extract TUI and TUL genes (length >300bp)
TUI genes number: 123
TUL genes number: 88
Compare TUI TIS model with TUL TIS model...
Train TUI TIS model..
Train TUL TIS model..
Lamda > 0: TUL TIS model is similar to TUI TIS model.
Re-train TIS model....
Choose final TIS...
Predicted genes have been saved in file: /home3/katelyn/PATRIC/fna/1883372.9.fna.MED
Detailed information for predicted TIS has been saved in /home3/katelyn/PATRIC/fna/1883372.9.fna.MED.para
