Welcome to MED2.0
Genome file is /home3/katelyn/PATRIC/fna/1883200.8.fna
sequence size: 45206
GC%: 0.544574

Number of exactcted ORFs: 489
Select root ORFs and first running of TIS model...
 iteration      Selected as coding    rejected as non-coding
       0                       11                       50
       1                        9                      121
       2                        1                       41
       3                        1                        3
       4                        0                        0
Selected root coding ORFs number: 22
Rejected non-coding ORFs number: 215
Remaining ORFs number: 252

Select coding ORFs from remianing ORFs using a Fisher discriminant function...
Remaining: 225
Process overlapping genes...
Totally predict 66 genes.
Second run of TIS model.
Extract TUI and TUL genes (length >300bp)
TUI genes number: 24
TUL genes number: 18
Compare TUI TIS model with TUL TIS model...
Train TUI TIS model..
Train TUL TIS model..
Lamda > 0: TUL TIS model is similar to TUI TIS model.
Re-train TIS model..
Choose final TIS...
Predicted genes have been saved in file: /home3/katelyn/PATRIC/fna/1883200.8.fna.MED
Detailed information for predicted TIS has been saved in /home3/katelyn/PATRIC/fna/1883200.8.fna.MED.para
