Welcome to MED2.0
Genome file is /home3/katelyn/PATRIC/fna/1887651.7.fna
sequence size: 41857
GC%: 0.675132

Number of exactcted ORFs: 441
Select root ORFs and first running of TIS model...
 iteration      Selected as coding    rejected as non-coding
       0                       33                      195
       1                        5                       23
Extrem low percentage for certain TIS.
Will omit the start codon column in the weight
matrix of starts
       2                        0                        1
Extrem low percentage for certain TIS.
Will omit the start codon column in the weight
matrix of starts
       3                        0                        0
Extrem low percentage for certain TIS.
Will omit the start codon column in the weight
matrix of starts
Selected root coding ORFs number: 38
Rejected non-coding ORFs number: 286
Remaining ORFs number: 117
Select coding ORFs from remianing ORFs using Fisher discriminant functions...
Remaining: 73
Process overlapping genes...
Totally predict 60 genes.
Second run of TIS model.
Extract TUI and TUL genes (length >300bp)
TUI genes number: 30
TUL genes number: 13
Compare TUI TIS model with TUL TIS model...
Train TUI TIS model.Extrem low percentage for certain TIS.
Will omit the start codon column in the weight
matrix of starts
.
Train TUL TIS model.Extrem low percentage for certain TIS.
Will omit the start codon column in the weight
matrix of starts
.Extrem low percentage for certain TIS.
Will omit the start codon column in the weight
matrix of starts

Lamda > 0: TUL TIS model is similar to TUI TIS model.
Re-train TIS model..Extrem low percentage for certain TIS.
Will omit the start codon column in the weight
matrix of starts
.Extrem low percentage for certain TIS.
Will omit the start codon column in the weight
matrix of starts
.Extrem low percentage for certain TIS.
Will omit the start codon column in the weight
matrix of starts
.Extrem low percentage for certain TIS.
Will omit the start codon column in the weight
matrix of starts
.Extrem low percentage for certain TIS.
Will omit the start codon column in the weight
matrix of starts

Choose final TIS...
Predicted genes have been saved in file: /home3/katelyn/PATRIC/fna/1887651.7.fna.MED
Detailed information for predicted TIS has been saved in /home3/katelyn/PATRIC/fna/1887651.7.fna.MED.para
