Welcome to MED2.0
Genome file is /home3/katelyn/PATRIC/fna/1887641.8.fna
sequence size: 92580
GC%: 0.647051

Number of exactcted ORFs: 1016
Select root ORFs and first running of TIS model...
 iteration      Selected as coding    rejected as non-coding
       0                      114                      386
       1                       14                       60
       2                        4                        4
       3                        1                        0
       4                        1                        0
       5                        0                        0
Selected root coding ORFs number: 134
Rejected non-coding ORFs number: 502
Remaining ORFs number: 380
Select coding ORFs from remianing ORFs using Fisher discriminant functions...
Remaining: 305
Process overlapping genes...
Totally predict 175 genes.
Second run of TIS model.
Extract TUI and TUL genes (length >300bp)
TUI genes number: 56
TUL genes number: 61
Compare TUI TIS model with TUL TIS model...
Train TUI TIS model..
Train TUL TIS model..
Lamda > 0: TUL TIS model is similar to TUI TIS model.
Re-train TIS model....
Choose final TIS...
Predicted genes have been saved in file: /home3/katelyn/PATRIC/fna/1887641.8.fna.MED
Detailed information for predicted TIS has been saved in /home3/katelyn/PATRIC/fna/1887641.8.fna.MED.para
