Welcome to MED2.0
Genome file is /home3/katelyn/PATRIC/fna/1897768.5.fna
sequence size: 68637
GC%: 0.663753

Number of exactcted ORFs: 763
Select root ORFs and first running of TIS model...
 iteration      Selected as coding    rejected as non-coding
       0                       60                      356
       1                        3                       68
       2                        0                        7
       3                        0                        1
       4                        0                        0
Selected root coding ORFs number: 63
Rejected non-coding ORFs number: 496
Remaining ORFs number: 204
Select coding ORFs from remianing ORFs using Fisher discriminant functions...
Remaining: 131
Process overlapping genes...
Totally predict 96 genes.
Second run of TIS model.
Extract TUI and TUL genes (length >300bp)
TUI genes number: 36
TUL genes number: 33
Compare TUI TIS model with TUL TIS model...
Train TUI TIS model..
Train TUL TIS model..
Lamda > 0: TUL TIS model is similar to TUI TIS model.
Re-train TIS model...
Choose final TIS...
Predicted genes have been saved in file: /home3/katelyn/PATRIC/fna/1897768.5.fna.MED
Detailed information for predicted TIS has been saved in /home3/katelyn/PATRIC/fna/1897768.5.fna.MED.para
