Welcome to MED2.0
Genome file is /home3/katelyn/PATRIC/fna/1897432.6.fna
sequence size: 155565
GC%: 0.647472

Number of exactcted ORFs: 1540
Select root ORFs and first running of TIS model...
 iteration      Selected as coding    rejected as non-coding
       0                      170                      613
       1                       16                      104
       2                        2                       12
       3                        0                        2
       4                        0                        0
Selected root coding ORFs number: 188
Rejected non-coding ORFs number: 827
Remaining ORFs number: 525
Select coding ORFs from remianing ORFs using Fisher discriminant functions...
Remaining: 400
Process overlapping genes...
Totally predict 253 genes.
Second run of TIS model.
Extract TUI and TUL genes (length >300bp)
TUI genes number: 77
TUL genes number: 100
Compare TUI TIS model with TUL TIS model...
Train TUI TIS model..
Train TUL TIS model..
Lamda > 0: TUL TIS model is similar to TUI TIS model.
Re-train TIS model...
Choose final TIS...
Predicted genes have been saved in file: /home3/katelyn/PATRIC/fna/1897432.6.fna.MED
Detailed information for predicted TIS has been saved in /home3/katelyn/PATRIC/fna/1897432.6.fna.MED.para
