Welcome to MED2.0
Genome file is /home3/katelyn/PATRIC/fna/1897429.6.fna
sequence size: 44163
GC%: 0.608292

Number of exactcted ORFs: 477
Select root ORFs and first running of TIS model...
 iteration      Selected as coding    rejected as non-coding
       0                       49                      120
       1                        8                       36
       2                        0                        9
       3                        0                        1
       4                        0                        0
Selected root coding ORFs number: 57
Rejected non-coding ORFs number: 272
Remaining ORFs number: 148
Select coding ORFs from remianing ORFs using Fisher discriminant functions...
Remaining: 104
Process overlapping genes...
Totally predict 67 genes.
Second run of TIS model.
Extract TUI and TUL genes (length >300bp)
TUI genes number: 29
TUL genes number: 17
Compare TUI TIS model with TUL TIS model...
Train TUI TIS model..
Train TUL TIS model..
Lamda < 0: TUL TIS model differs from TUI TIS model
Re-train TUI TIS model..
Re-train TUL TIS model....
Choose final TIS...
Predicted genes have been saved in file: /home3/katelyn/PATRIC/fna/1897429.6.fna.MED
Detailed information for predicted TIS has been saved in /home3/katelyn/PATRIC/fna/1897429.6.fna.MED.para
