Welcome to MED2.0
Genome file is /home3/katelyn/PATRIC/fna/1897743.5.fna
sequence size: 41841
GC%: 0.516216

Number of exactcted ORFs: 376
Select root ORFs and first running of TIS model...
 iteration      Selected as coding    rejected as non-coding
       0                       11                       36
       1                        4                       66
       2                        1                       23
       3                        0                        7
       4                        0                        4
       5                        0                        2
       6                        0                        1
       7                        0                        1
       8                        0                        0
Selected root coding ORFs number: 16
Rejected non-coding ORFs number: 140
Remaining ORFs number: 220

Select coding ORFs from remianing ORFs using a Fisher discriminant function...
Remaining: 136
Process overlapping genes...
Totally predict 51 genes.
Second run of TIS model.
Extract TUI and TUL genes (length >300bp)
TUI genes number: 27
TUL genes number: 8
Compare TUI TIS model with TUL TIS model...
Train TUI TIS model..
Train TUL TIS model..
Lamda > 0: TUL TIS model is similar to TUI TIS model.
Re-train TIS model..
Choose final TIS...
Predicted genes have been saved in file: /home3/katelyn/PATRIC/fna/1897743.5.fna.MED
Detailed information for predicted TIS has been saved in /home3/katelyn/PATRIC/fna/1897743.5.fna.MED.para
