Welcome to MED2.0
Genome file is /home3/katelyn/PATRIC/fna/1897487.5.fna
sequence size: 53300
GC%: 0.626191

Number of exactcted ORFs: 592
Select root ORFs and first running of TIS model...
 iteration      Selected as coding    rejected as non-coding
       0                       70                      203
       1                       10                       25
       2                        1                        2
       3                        0                        0
Selected root coding ORFs number: 81
Rejected non-coding ORFs number: 245
Remaining ORFs number: 266
Select coding ORFs from remianing ORFs using Fisher discriminant functions...
Remaining: 210
Process overlapping genes...
Totally predict 111 genes.
Second run of TIS model.
Extract TUI and TUL genes (length >300bp)
TUI genes number: 32
TUL genes number: 24
Compare TUI TIS model with TUL TIS model...
Train TUI TIS model..
Train TUL TIS model..
Lamda > 0: TUL TIS model is similar to TUI TIS model.
Re-train TIS model....
Choose final TIS...
Predicted genes have been saved in file: /home3/katelyn/PATRIC/fna/1897487.5.fna.MED
Detailed information for predicted TIS has been saved in /home3/katelyn/PATRIC/fna/1897487.5.fna.MED.para
