Welcome to MED2.0
Genome file is /home3/katelyn/PATRIC/fna/1897737.5.fna
sequence size: 28265
GC%: 0.359455

Number of exactcted ORFs: 206
Select root ORFs and first running of TIS model...
 iteration      Selected as coding    rejected as non-coding
       0                       10                        5
       1                        9                       23
       2                        0                       23
       3                        0                       11
       4                        0                        0
Selected root coding ORFs number: 19
Rejected non-coding ORFs number: 62
Remaining ORFs number: 125

Select coding ORFs from remianing ORFs using a Fisher discriminant function...
Remaining: 79
Process overlapping genes...
Totally predict 48 genes.
Second run of TIS model.
Extract TUI and TUL genes (length >300bp)
TUI genes number: 18
TUL genes number: 9
Compare TUI TIS model with TUL TIS model...
Train TUI TIS model..
Train TUL TIS model..
Lamda > 0: TUL TIS model is similar to TUI TIS model.
Re-train TIS model..
Choose final TIS...
Predicted genes have been saved in file: /home3/katelyn/PATRIC/fna/1897737.5.fna.MED
Detailed information for predicted TIS has been saved in /home3/katelyn/PATRIC/fna/1897737.5.fna.MED.para
