Welcome to MED2.0
Genome file is /home3/katelyn/PATRIC/fna/1897448.5.fna
sequence size: 53111
GC%: 0.634671

Number of exactcted ORFs: 579
Select root ORFs and first running of TIS model...
 iteration      Selected as coding    rejected as non-coding
       0                       64                      222
       1                        4                       43
       2                        0                        8
       3                        0                        2
       4                        0                        0
Selected root coding ORFs number: 68
Rejected non-coding ORFs number: 306
Remaining ORFs number: 205
Select coding ORFs from remianing ORFs using Fisher discriminant functions...
Remaining: 133
Process overlapping genes...
Totally predict 101 genes.
Second run of TIS model.
Extract TUI and TUL genes (length >300bp)
TUI genes number: 33
TUL genes number: 26
Compare TUI TIS model with TUL TIS model...
Train TUI TIS model..
Train TUL TIS model..
Lamda < 0: TUL TIS model differs from TUI TIS model
Re-train TUI TIS model....
Re-train TUL TIS model...
Choose final TIS...
Predicted genes have been saved in file: /home3/katelyn/PATRIC/fna/1897448.5.fna.MED
Detailed information for predicted TIS has been saved in /home3/katelyn/PATRIC/fna/1897448.5.fna.MED.para
