Welcome to MED2.0
Genome file is /home3/katelyn/PATRIC/fna/1897486.5.fna
sequence size: 50657
GC%: 0.635549

Number of exactcted ORFs: 543
Select root ORFs and first running of TIS model...
 iteration      Selected as coding    rejected as non-coding
       0                       61                      192
       1                       13                       29
       2                        1                        3
       3                        0                        0
Selected root coding ORFs number: 75
Rejected non-coding ORFs number: 288
Remaining ORFs number: 180
Select coding ORFs from remianing ORFs using Fisher discriminant functions...
Remaining: 157
Process overlapping genes...
Totally predict 95 genes.
Second run of TIS model.
Extract TUI and TUL genes (length >300bp)
TUI genes number: 31
TUL genes number: 27
Compare TUI TIS model with TUL TIS model...
Train TUI TIS model..
Train TUL TIS model..
Lamda > 0: TUL TIS model is similar to TUI TIS model.
Re-train TIS model.....
Choose final TIS...
Predicted genes have been saved in file: /home3/katelyn/PATRIC/fna/1897486.5.fna.MED
Detailed information for predicted TIS has been saved in /home3/katelyn/PATRIC/fna/1897486.5.fna.MED.para
