Welcome to MED2.0
Genome file is /home3/katelyn/PATRIC/fna/189836.8.fna
sequence size: 5804
GC%: 0.642833

Number of exactcted ORFs: 64
Select root ORFs and first running of TIS model...
 iteration      Selected as coding    rejected as non-coding
       0                        4                        5
       1                        1                        1
       2                        0                        1
       3                        0                        1
       4                        0                        1
       5                        0                        2
       6                        0                        2
       7                        0                        1
       8                        0                        0
Selected root coding ORFs number: 5
Rejected non-coding ORFs number: 40
Remaining ORFs number: 19
Select coding ORFs from remianing ORFs using Fisher discriminant functions...
Remaining: 17
Process overlapping genes...
Totally predict 10 genes.
Second run of TIS model.
