Welcome to MED2.0
Genome file is /home3/katelyn/PATRIC/fna/1903260.5.fna
sequence size: 34713
GC%: 0.460058

Number of exactcted ORFs: 308
Select root ORFs and first running of TIS model...
 iteration      Selected as coding    rejected as non-coding
       0                       13                       15
       1                        9                       35
       2                        3                       29
       3                        0                        7
       4                        0                        0
Selected root coding ORFs number: 25
Rejected non-coding ORFs number: 86
Remaining ORFs number: 197

Select coding ORFs from remianing ORFs using a Fisher discriminant function...
Remaining: 185
Process overlapping genes...
Totally predict 61 genes.
Second run of TIS model.
Extract TUI and TUL genes (length >300bp)
TUI genes number: 28
TUL genes number: 6
Compare TUI TIS model with TUL TIS model...
Train TUI TIS model..
Train TUL TIS model..
Lamda < 0: TUL TIS model differs from TUI TIS model
Re-train TUI TIS model....
Re-train TUL TIS model..
Choose final TIS...
Predicted genes have been saved in file: /home3/katelyn/PATRIC/fna/1903260.5.fna.MED
Detailed information for predicted TIS has been saved in /home3/katelyn/PATRIC/fna/1903260.5.fna.MED.para
