Welcome to MED2.0
Genome file is /home3/katelyn/PATRIC/fna/1904491.5.fna
sequence size: 134073
GC%: 0.261962

Number of exactcted ORFs: 706
Select root ORFs and first running of TIS model...
 iteration      Selected as coding    rejected as non-coding
       0                        6                        0
       1                       42                        0
       2                       62                        0
       3                       17                        0
       4                        1                        0
       5                        1                        0
       6                        0                        0
Selected root coding ORFs number: 129
Rejected non-coding ORFs number: 0
Remaining ORFs number: 577

Select coding ORFs from remianing ORFs using a Fisher discriminant function...
Remaining: 640
Process overlapping genes...
Totally predict 182 genes.
Second run of TIS model.
Extract TUI and TUL genes (length >300bp)
TUI genes number: 84
TUL genes number: 49
Compare TUI TIS model with TUL TIS model...
Train TUI TIS model..
Train TUL TIS model..
Lamda > 0: TUL TIS model is similar to TUI TIS model.
Re-train TIS model........
Choose final TIS...
Predicted genes have been saved in file: /home3/katelyn/PATRIC/fna/1904491.5.fna.MED
Detailed information for predicted TIS has been saved in /home3/katelyn/PATRIC/fna/1904491.5.fna.MED.para
