Welcome to MED2.0
Genome file is /home3/katelyn/PATRIC/fna/1905713.5.fna
sequence size: 87308
GC%: 0.393755

Number of exactcted ORFs: 591
Select root ORFs and first running of TIS model...
 iteration      Selected as coding    rejected as non-coding
       0                       16                       15
       1                        9                       21
       2                        1                       16
       3                        2                       11
       4                        0                        5
       5                        0                        2
       6                        0                        0
Selected root coding ORFs number: 28
Rejected non-coding ORFs number: 70
Remaining ORFs number: 493

Select coding ORFs from remianing ORFs using a Fisher discriminant function...
Remaining: 306
Process overlapping genes...
Totally predict 123 genes.
Second run of TIS model.
Extract TUI and TUL genes (length >300bp)
TUI genes number: 45
TUL genes number: 35
Compare TUI TIS model with TUL TIS model...
Train TUI TIS model..
Train TUL TIS model..
Lamda < 0: TUL TIS model differs from TUI TIS model
Re-train TUI TIS model...
Re-train TUL TIS model...
Choose final TIS...
Predicted genes have been saved in file: /home3/katelyn/PATRIC/fna/1905713.5.fna.MED
Detailed information for predicted TIS has been saved in /home3/katelyn/PATRIC/fna/1905713.5.fna.MED.para
