Welcome to MED2.0
Genome file is /home3/katelyn/PATRIC/fna/1907784.7.fna
sequence size: 147443
GC%: 0.44622

Number of exactcted ORFs: 1539
Select root ORFs and first running of TIS model...
 iteration      Selected as coding    rejected as non-coding
       0                       52                       86
       1                       19                      209
       2                        4                      171
       3                        2                       62
       4                        4                       12
       5                        0                        2
       6                        0                        0
Selected root coding ORFs number: 81
Rejected non-coding ORFs number: 542
Remaining ORFs number: 916

Select coding ORFs from remianing ORFs using a Fisher discriminant function...
Remaining: 459
Process overlapping genes...
Totally predict 284 genes.
Second run of TIS model.
Extract TUI and TUL genes (length >300bp)
TUI genes number: 115
TUL genes number: 41
Compare TUI TIS model with TUL TIS model...
Train TUI TIS model..
Train TUL TIS model..
Lamda > 0: TUL TIS model is similar to TUI TIS model.
Re-train TIS model.....
Choose final TIS...
Predicted genes have been saved in file: /home3/katelyn/PATRIC/fna/1907784.7.fna.MED
Detailed information for predicted TIS has been saved in /home3/katelyn/PATRIC/fna/1907784.7.fna.MED.para
