Welcome to MED2.0
Genome file is /home3/katelyn/PATRIC/fna/1909403.5.fna
sequence size: 164911
GC%: 0.398979

Number of exactcted ORFs: 1281
Select root ORFs and first running of TIS model...
 iteration      Selected as coding    rejected as non-coding
       0                       80                       54
       1                       74                      213
       2                        8                      134
       3                        0                       50
       4                        0                       26
       5                        0                       10
       6                        0                        3
       7                        0                        3
       8                        0                        1
       9                        0                        0
Selected root coding ORFs number: 162
Rejected non-coding ORFs number: 494
Remaining ORFs number: 625

Select coding ORFs from remianing ORFs using a Fisher discriminant function...
Remaining: 348
Process overlapping genes...
Totally predict 293 genes.
Second run of TIS model.
Extract TUI and TUL genes (length >300bp)
TUI genes number: 114
TUL genes number: 60
Compare TUI TIS model with TUL TIS model...
Train TUI TIS model..
Train TUL TIS model..
Lamda > 0: TUL TIS model is similar to TUI TIS model.
Re-train TIS model....
Choose final TIS...
Predicted genes have been saved in file: /home3/katelyn/PATRIC/fna/1909403.5.fna.MED
Detailed information for predicted TIS has been saved in /home3/katelyn/PATRIC/fna/1909403.5.fna.MED.para
