Welcome to MED2.0
Genome file is /home3/katelyn/PATRIC/fna/1912318.7.fna
sequence size: 123490
GC%: 0.453721

Number of exactcted ORFs: 1051
Select root ORFs and first running of TIS model...
 iteration      Selected as coding    rejected as non-coding
       0                       29                       33
       1                       21                      100
       2                        4                      109
       3                        0                       38
       4                        0                       10
       5                        0                        5
       6                        0                        2
       7                        0                        0
Selected root coding ORFs number: 54
Rejected non-coding ORFs number: 297
Remaining ORFs number: 700

Select coding ORFs from remianing ORFs using a Fisher discriminant function...
Remaining: 352
Process overlapping genes...
Totally predict 187 genes.
Second run of TIS model.
Extract TUI and TUL genes (length >300bp)
TUI genes number: 62
TUL genes number: 49
Compare TUI TIS model with TUL TIS model...
Train TUI TIS model..
Train TUL TIS model..
Lamda > 0: TUL TIS model is similar to TUI TIS model.
Re-train TIS model....
Choose final TIS...
Predicted genes have been saved in file: /home3/katelyn/PATRIC/fna/1912318.7.fna.MED
Detailed information for predicted TIS has been saved in /home3/katelyn/PATRIC/fna/1912318.7.fna.MED.para
