Welcome to MED2.0
Genome file is /home3/katelyn/PATRIC/fna/1912326.5.fna
sequence size: 21012
GC%: 0.463545

Number of exactcted ORFs: 230
Select root ORFs and first running of TIS model...
 iteration      Selected as coding    rejected as non-coding
       0                        2                        5
       1                        1                        5
       2                        0                        4
       3                        0                        2
       4                        0                        0
Selected root coding ORFs number: 3
Rejected non-coding ORFs number: 16
Remaining ORFs number: 211

Select coding ORFs from remianing ORFs using a Fisher discriminant function...
Remaining: 37
Process overlapping genes...
Totally predict 28 genes.
Second run of TIS model.
Extract TUI and TUL genes (length >300bp)
TUI genes number: 3
TUL genes number: 9
Compare TUI TIS model with TUL TIS model...
Train TUI TIS model..
Train TUL TIS model..
Lamda > 0: TUL TIS model is similar to TUI TIS model.
Re-train TIS model..
Choose final TIS...
Predicted genes have been saved in file: /home3/katelyn/PATRIC/fna/1912326.5.fna.MED
Detailed information for predicted TIS has been saved in /home3/katelyn/PATRIC/fna/1912326.5.fna.MED.para
