Welcome to MED2.0
Genome file is /home3/katelyn/PATRIC/fna/1913145.5.fna
sequence size: 38122
GC%: 0.345417

Number of exactcted ORFs: 292
Select root ORFs and first running of TIS model...
 iteration      Selected as coding    rejected as non-coding
       0                       13                        6
       1                       24                       20
       2                        3                       13
       3                        0                        8
       4                        0                        3
       5                        0                        0
Selected root coding ORFs number: 40
Rejected non-coding ORFs number: 50
Remaining ORFs number: 202

Select coding ORFs from remianing ORFs using a Fisher discriminant function...
Remaining: 150
Process overlapping genes...
Totally predict 66 genes.
Second run of TIS model.
Extract TUI and TUL genes (length >300bp)
TUI genes number: 28
TUL genes number: 15
Compare TUI TIS model with TUL TIS model...
Train TUI TIS model..
Train TUL TIS model..
Lamda > 0: TUL TIS model is similar to TUI TIS model.
Re-train TIS model....
Choose final TIS...
Predicted genes have been saved in file: /home3/katelyn/PATRIC/fna/1913145.5.fna.MED
Detailed information for predicted TIS has been saved in /home3/katelyn/PATRIC/fna/1913145.5.fna.MED.para
