Welcome to MED2.0
Genome file is /home3/katelyn/PATRIC/fna/1913080.5.fna
sequence size: 69978
GC%: 0.616894

Number of exactcted ORFs: 814
Select root ORFs and first running of TIS model...
 iteration      Selected as coding    rejected as non-coding
       0                       81                      261
       1                       11                       88
       2                        0                       16
       3                        0                        4
       4                        0                        0
Selected root coding ORFs number: 92
Rejected non-coding ORFs number: 429
Remaining ORFs number: 293
Select coding ORFs from remianing ORFs using Fisher discriminant functions...
Remaining: 196
Process overlapping genes...
Totally predict 120 genes.
Second run of TIS model.
Extract TUI and TUL genes (length >300bp)
TUI genes number: 51
TUL genes number: 30
Compare TUI TIS model with TUL TIS model...
Train TUI TIS model..
Train TUL TIS model..
Lamda > 0: TUL TIS model is similar to TUI TIS model.
Re-train TIS model......
Choose final TIS...
Predicted genes have been saved in file: /home3/katelyn/PATRIC/fna/1913080.5.fna.MED
Detailed information for predicted TIS has been saved in /home3/katelyn/PATRIC/fna/1913080.5.fna.MED.para
