Welcome to MED2.0
Genome file is /home3/katelyn/PATRIC/fna/1913036.5.fna
sequence size: 51374
GC%: 0.638592

Number of exactcted ORFs: 548
Select root ORFs and first running of TIS model...
 iteration      Selected as coding    rejected as non-coding
       0                       63                      213
       1                        4                       25
       2                        0                        4
       3                        0                        0
Selected root coding ORFs number: 67
Rejected non-coding ORFs number: 277
Remaining ORFs number: 204
Select coding ORFs from remianing ORFs using Fisher discriminant functions...
Remaining: 147
Process overlapping genes...
Totally predict 92 genes.
Second run of TIS model.
Extract TUI and TUL genes (length >300bp)
TUI genes number: 41
TUL genes number: 17
Compare TUI TIS model with TUL TIS model...
Train TUI TIS model..
Train TUL TIS model..
Lamda > 0: TUL TIS model is similar to TUI TIS model.
Re-train TIS model.....
Choose final TIS...
Predicted genes have been saved in file: /home3/katelyn/PATRIC/fna/1913036.5.fna.MED
Detailed information for predicted TIS has been saved in /home3/katelyn/PATRIC/fna/1913036.5.fna.MED.para
