Welcome to MED2.0
Genome file is /home3/katelyn/PATRIC/fna/1913083.5.fna
sequence size: 33507
GC%: 0.384726

Number of exactcted ORFs: 268
Select root ORFs and first running of TIS model...
 iteration      Selected as coding    rejected as non-coding
       0                        8                        7
       1                       12                       15
       2                        3                       13
       3                        0                        9
       4                        0                        6
       5                        0                        4
       6                        0                        2
       7                        0                        1
       8                        0                        1
       9                        0                        2
      10                        0                        0
Selected root coding ORFs number: 23
Rejected non-coding ORFs number: 60
Remaining ORFs number: 185

Select coding ORFs from remianing ORFs using a Fisher discriminant function...
Remaining: 157
Process overlapping genes...
Totally predict 54 genes.
Second run of TIS model.
Extract TUI and TUL genes (length >300bp)
TUI genes number: 24
TUL genes number: 4
Compare TUI TIS model with TUL TIS model...
Train TUI TIS model..
Train TUL TIS model..
Lamda < 0: TUL TIS model differs from TUI TIS model
Re-train TUI TIS model...
Re-train TUL TIS model..
Choose final TIS...
Predicted genes have been saved in file: /home3/katelyn/PATRIC/fna/1913083.5.fna.MED
Detailed information for predicted TIS has been saved in /home3/katelyn/PATRIC/fna/1913083.5.fna.MED.para
