Welcome to MED2.0
Genome file is /home3/katelyn/PATRIC/fna/1913575.5.fna
sequence size: 91212
GC%: 0.493049

Number of exactcted ORFs: 932
Select root ORFs and first running of TIS model...
 iteration      Selected as coding    rejected as non-coding
       0                       29                       68
       1                       16                      155
       2                        1                       86
       3                        0                       27
       4                        0                        7
       5                        0                        2
       6                        0                        1
       7                        0                        1
       8                        0                        0
Selected root coding ORFs number: 46
Rejected non-coding ORFs number: 347
Remaining ORFs number: 539

Select coding ORFs from remianing ORFs using a Fisher discriminant function...
Remaining: 289
Process overlapping genes...
Totally predict 179 genes.
Second run of TIS model.
Extract TUI and TUL genes (length >300bp)
TUI genes number: 73
TUL genes number: 31
Compare TUI TIS model with TUL TIS model...
Train TUI TIS model..
Train TUL TIS model..
Lamda > 0: TUL TIS model is similar to TUI TIS model.
Re-train TIS model......
Choose final TIS...
Predicted genes have been saved in file: /home3/katelyn/PATRIC/fna/1913575.5.fna.MED
Detailed information for predicted TIS has been saved in /home3/katelyn/PATRIC/fna/1913575.5.fna.MED.para
