Welcome to MED2.0
Genome file is /home3/katelyn/PATRIC/fna/1913118.5.fna
sequence size: 57155
GC%: 0.615187

Number of exactcted ORFs: 685
Select root ORFs and first running of TIS model...
 iteration      Selected as coding    rejected as non-coding
       0                       59                      100
       1                       15                       45
       2                        0                       14
       3                        0                        4
       4                        0                        4
       5                        0                        0
Selected root coding ORFs number: 74
Rejected non-coding ORFs number: 232
Remaining ORFs number: 379
Select coding ORFs from remianing ORFs using Fisher discriminant functions...
Remaining: 259
Process overlapping genes...
Totally predict 111 genes.
Second run of TIS model.
Extract TUI and TUL genes (length >300bp)
TUI genes number: 41
TUL genes number: 17
Compare TUI TIS model with TUL TIS model...
Train TUI TIS model..
Train TUL TIS model..
Lamda < 0: TUL TIS model differs from TUI TIS model
Re-train TUI TIS model....
Re-train TUL TIS model.....
Choose final TIS...
Predicted genes have been saved in file: /home3/katelyn/PATRIC/fna/1913118.5.fna.MED
Detailed information for predicted TIS has been saved in /home3/katelyn/PATRIC/fna/1913118.5.fna.MED.para
