Welcome to MED2.0
Genome file is /home3/katelyn/PATRIC/fna/1913571.11.fna
sequence size: 97139
GC%: 0.372538

Number of exactcted ORFs: 766
Select root ORFs and first running of TIS model...
 iteration      Selected as coding    rejected as non-coding
       0                       38                       33
       1                       39                       78
       2                       13                       42
       3                        1                       14
       4                        0                       10
       5                        0                        1
       6                        0                        0
Selected root coding ORFs number: 91
Rejected non-coding ORFs number: 178
Remaining ORFs number: 497

Select coding ORFs from remianing ORFs using a Fisher discriminant function...
Remaining: 468
Process overlapping genes...
Totally predict 199 genes.
Second run of TIS model.
Extract TUI and TUL genes (length >300bp)
TUI genes number: 73
TUL genes number: 27
Compare TUI TIS model with TUL TIS model...
Train TUI TIS model..
Train TUL TIS model..
Lamda > 0: TUL TIS model is similar to TUI TIS model.
Re-train TIS model.......
Choose final TIS...
Predicted genes have been saved in file: /home3/katelyn/PATRIC/fna/1913571.11.fna.MED
Detailed information for predicted TIS has been saved in /home3/katelyn/PATRIC/fna/1913571.11.fna.MED.para
