Welcome to MED2.0
Genome file is /home3/katelyn/PATRIC/fna/1916207.5.fna
sequence size: 41185
GC%: 0.399903

Number of exactcted ORFs: 384
Select root ORFs and first running of TIS model...
 iteration      Selected as coding    rejected as non-coding
       0                       18                       19
       1                        7                       57
       2                        1                       39
       3                        0                       18
       4                        0                        2
       5                        0                        0
Selected root coding ORFs number: 26
Rejected non-coding ORFs number: 135
Remaining ORFs number: 223

Select coding ORFs from remianing ORFs using a Fisher discriminant function...
Remaining: 99
Process overlapping genes...
Totally predict 65 genes.
Second run of TIS model.
Extract TUI and TUL genes (length >300bp)
TUI genes number: 33
TUL genes number: 8
Compare TUI TIS model with TUL TIS model...
Train TUI TIS model..
Train TUL TIS model..
Lamda > 0: TUL TIS model is similar to TUI TIS model.
Re-train TIS model....
Choose final TIS...
Predicted genes have been saved in file: /home3/katelyn/PATRIC/fna/1916207.5.fna.MED
Detailed information for predicted TIS has been saved in /home3/katelyn/PATRIC/fna/1916207.5.fna.MED.para
