Welcome to MED2.0
Genome file is /home3/katelyn/PATRIC/fna/1916185.5.fna
sequence size: 40232
GC%: 0.412433

Number of exactcted ORFs: 356
Select root ORFs and first running of TIS model...
 iteration      Selected as coding    rejected as non-coding
       0                       23                        6
       1                       15                       10
       2                        0                       11
       3                        0                       10
       4                        0                        8
       5                        0                        3
       6                        0                        5
       7                        0                        5
       8                        0                        0
Selected root coding ORFs number: 38
Rejected non-coding ORFs number: 58
Remaining ORFs number: 260

Select coding ORFs from remianing ORFs using a Fisher discriminant function...
Remaining: 159
Process overlapping genes...
Totally predict 71 genes.
Second run of TIS model.
Extract TUI and TUL genes (length >300bp)
TUI genes number: 31
TUL genes number: 8
Compare TUI TIS model with TUL TIS model...
Train TUI TIS model..
Train TUL TIS model..
Lamda < 0: TUL TIS model differs from TUI TIS model
Re-train TUI TIS model...
Re-train TUL TIS model...
Choose final TIS...
Predicted genes have been saved in file: /home3/katelyn/PATRIC/fna/1916185.5.fna.MED
Detailed information for predicted TIS has been saved in /home3/katelyn/PATRIC/fna/1916185.5.fna.MED.para
