Welcome to MED2.0
Genome file is /home3/katelyn/PATRIC/fna/1916101.5.fna
sequence size: 39790
GC%: 0.486353

Number of exactcted ORFs: 390
Select root ORFs and first running of TIS model...
 iteration      Selected as coding    rejected as non-coding
       0                       17                       35
       1                        2                       68
       2                        0                       33
       3                        0                       10
       4                        0                        4
       5                        0                        1
       6                        0                        0
Selected root coding ORFs number: 19
Rejected non-coding ORFs number: 151
Remaining ORFs number: 220

Select coding ORFs from remianing ORFs using a Fisher discriminant function...
Remaining: 141
Process overlapping genes...
Totally predict 57 genes.
Second run of TIS model.
Extract TUI and TUL genes (length >300bp)
TUI genes number: 15
TUL genes number: 14
Compare TUI TIS model with TUL TIS model...
Train TUI TIS model..
Train TUL TIS model..
Lamda > 0: TUL TIS model is similar to TUI TIS model.
Re-train TIS model....
Choose final TIS...
Predicted genes have been saved in file: /home3/katelyn/PATRIC/fna/1916101.5.fna.MED
Detailed information for predicted TIS has been saved in /home3/katelyn/PATRIC/fna/1916101.5.fna.MED.para
