Welcome to MED2.0
Genome file is /home3/katelyn/PATRIC/fna/1916111.5.fna
sequence size: 69396
GC%: 0.345726

Number of exactcted ORFs: 427
Select root ORFs and first running of TIS model...
 iteration      Selected as coding    rejected as non-coding
       0                        8                        0
       1                        8                        0
       2                        2                        0
       3                        0                        0
Selected root coding ORFs number: 18
Rejected non-coding ORFs number: 0
Remaining ORFs number: 409

Select coding ORFs from remianing ORFs using a Fisher discriminant function...
Remaining: 329
Process overlapping genes...
Totally predict 129 genes.
Second run of TIS model.
Extract TUI and TUL genes (length >300bp)
TUI genes number: 29
TUL genes number: 18
Compare TUI TIS model with TUL TIS model...
Train TUI TIS model..
Train TUL TIS model..
Lamda > 0: TUL TIS model is similar to TUI TIS model.
Re-train TIS model......
Choose final TIS...
Predicted genes have been saved in file: /home3/katelyn/PATRIC/fna/1916111.5.fna.MED
Detailed information for predicted TIS has been saved in /home3/katelyn/PATRIC/fna/1916111.5.fna.MED.para
