Welcome to MED2.0
Genome file is /home3/katelyn/PATRIC/fna/1916184.5.fna
sequence size: 37387
GC%: 0.404392

Number of exactcted ORFs: 330
Select root ORFs and first running of TIS model...
 iteration      Selected as coding    rejected as non-coding
       0                        4                        2
       1                        1                        9
       2                        0                       29
       3                        0                       27
       4                        0                       17
       5                        0                        6
       6                        0                        3
       7                        0                        2
       8                        0                        3
       9                        0                        4
      10                        0                        4
      11                        0                        5
      12                        0                        4
      13                        0                        0
Selected root coding ORFs number: 5
Rejected non-coding ORFs number: 115
Remaining ORFs number: 210

Select coding ORFs from remianing ORFs using a Fisher discriminant function...
Remaining: 116
Process overlapping genes...
Totally predict 59 genes.
Second run of TIS model.
Extract TUI and TUL genes (length >300bp)
TUI genes number: 25
TUL genes number: 8
Compare TUI TIS model with TUL TIS model...
Train TUI TIS model..
Train TUL TIS model..
Lamda > 0: TUL TIS model is similar to TUI TIS model.
Re-train TIS model...
Choose final TIS...
Predicted genes have been saved in file: /home3/katelyn/PATRIC/fna/1916184.5.fna.MED
Detailed information for predicted TIS has been saved in /home3/katelyn/PATRIC/fna/1916184.5.fna.MED.para
