Welcome to MED2.0
Genome file is /home3/katelyn/PATRIC/fna/1916114.5.fna
sequence size: 51374
GC%: 0.63902

Number of exactcted ORFs: 541
Select root ORFs and first running of TIS model...
 iteration      Selected as coding    rejected as non-coding
       0                       62                      213
       1                        5                       26
       2                        0                        6
       3                        0                        0
Selected root coding ORFs number: 67
Rejected non-coding ORFs number: 289
Remaining ORFs number: 185
Select coding ORFs from remianing ORFs using Fisher discriminant functions...
Remaining: 132
Process overlapping genes...
Totally predict 89 genes.
Second run of TIS model.
Extract TUI and TUL genes (length >300bp)
TUI genes number: 38
TUL genes number: 20
Compare TUI TIS model with TUL TIS model...
Train TUI TIS model..
Train TUL TIS model..
Lamda > 0: TUL TIS model is similar to TUI TIS model.
Re-train TIS model...
Choose final TIS...
Predicted genes have been saved in file: /home3/katelyn/PATRIC/fna/1916114.5.fna.MED
Detailed information for predicted TIS has been saved in /home3/katelyn/PATRIC/fna/1916114.5.fna.MED.para
