Welcome to MED2.0
Genome file is /home3/katelyn/PATRIC/fna/1916155.5.fna
sequence size: 38083
GC%: 0.402568

Number of exactcted ORFs: 334
Select root ORFs and first running of TIS model...
 iteration      Selected as coding    rejected as non-coding
       0                       22                        5
       1                       16                        5
       2                        1                       10
       3                        0                       20
       4                        0                       11
       5                        0                        6
       6                        0                        4
       7                        0                        0
Selected root coding ORFs number: 39
Rejected non-coding ORFs number: 61
Remaining ORFs number: 234

Select coding ORFs from remianing ORFs using a Fisher discriminant function...
Remaining: 100
Process overlapping genes...
Totally predict 59 genes.
Second run of TIS model.
Extract TUI and TUL genes (length >300bp)
TUI genes number: 31
TUL genes number: 7
Compare TUI TIS model with TUL TIS model...
Train TUI TIS model..
Train TUL TIS model..
Lamda > 0: TUL TIS model is similar to TUI TIS model.
Re-train TIS model...
Choose final TIS...
Predicted genes have been saved in file: /home3/katelyn/PATRIC/fna/1916155.5.fna.MED
Detailed information for predicted TIS has been saved in /home3/katelyn/PATRIC/fna/1916155.5.fna.MED.para
