Welcome to MED2.0
Genome file is /home3/katelyn/PATRIC/fna/1916188.5.fna
sequence size: 40284
GC%: 0.398049

Number of exactcted ORFs: 353
Select root ORFs and first running of TIS model...
 iteration      Selected as coding    rejected as non-coding
       0                        9                        8
       1                       12                       21
       2                        3                       38
       3                        1                       15
       4                        0                        4
       5                        0                        3
       6                        0                        2
       7                        0                        2
       8                        0                        4
       9                        0                        0
Selected root coding ORFs number: 25
Rejected non-coding ORFs number: 97
Remaining ORFs number: 231

Select coding ORFs from remianing ORFs using a Fisher discriminant function...
Remaining: 94
Process overlapping genes...
Totally predict 62 genes.
Second run of TIS model.
Extract TUI and TUL genes (length >300bp)
TUI genes number: 34
TUL genes number: 8
Compare TUI TIS model with TUL TIS model...
Train TUI TIS model..
Train TUL TIS model..
Lamda > 0: TUL TIS model is similar to TUI TIS model.
Re-train TIS model..
Choose final TIS...
Predicted genes have been saved in file: /home3/katelyn/PATRIC/fna/1916188.5.fna.MED
Detailed information for predicted TIS has been saved in /home3/katelyn/PATRIC/fna/1916188.5.fna.MED.para
