Welcome to MED2.0
Genome file is /home3/katelyn/PATRIC/fna/1916117.5.fna
sequence size: 51369
GC%: 0.639043

Number of exactcted ORFs: 546
Select root ORFs and first running of TIS model...
 iteration      Selected as coding    rejected as non-coding
       0                       64                      211
       1                        8                       19
       2                        0                        4
       3                        0                        1
       4                        0                        0
Selected root coding ORFs number: 72
Rejected non-coding ORFs number: 265
Remaining ORFs number: 209
Select coding ORFs from remianing ORFs using Fisher discriminant functions...
Remaining: 163
Process overlapping genes...
Totally predict 89 genes.
Second run of TIS model.
Extract TUI and TUL genes (length >300bp)
TUI genes number: 36
TUL genes number: 21
Compare TUI TIS model with TUL TIS model...
Train TUI TIS model..
Train TUL TIS model..
Lamda < 0: TUL TIS model differs from TUI TIS model
Re-train TUI TIS model....
Re-train TUL TIS model....
Choose final TIS...
Predicted genes have been saved in file: /home3/katelyn/PATRIC/fna/1916117.5.fna.MED
Detailed information for predicted TIS has been saved in /home3/katelyn/PATRIC/fna/1916117.5.fna.MED.para
