Welcome to MED2.0
Genome file is /home3/katelyn/PATRIC/fna/1916205.5.fna
sequence size: 40787
GC%: 0.404761

Number of exactcted ORFs: 344
Select root ORFs and first running of TIS model...
 iteration      Selected as coding    rejected as non-coding
       0                       17                       13
       1                       12                       21
       2                        2                       27
       3                        1                       17
       4                        0                       14
       5                        0                        6
       6                        0                        3
       7                        0                        3
       8                        0                        0
Selected root coding ORFs number: 32
Rejected non-coding ORFs number: 104
Remaining ORFs number: 208

Select coding ORFs from remianing ORFs using a Fisher discriminant function...
Remaining: 132
Process overlapping genes...
Totally predict 71 genes.
Second run of TIS model.
Extract TUI and TUL genes (length >300bp)
TUI genes number: 31
TUL genes number: 8
Compare TUI TIS model with TUL TIS model...
Train TUI TIS model..
Train TUL TIS model..
Lamda > 0: TUL TIS model is similar to TUI TIS model.
Re-train TIS model....
Choose final TIS...
Predicted genes have been saved in file: /home3/katelyn/PATRIC/fna/1916205.5.fna.MED
Detailed information for predicted TIS has been saved in /home3/katelyn/PATRIC/fna/1916205.5.fna.MED.para
