Welcome to MED2.0
Genome file is /home3/katelyn/PATRIC/fna/1916099.5.fna
sequence size: 92338
GC%: 0.493177

Number of exactcted ORFs: 942
Select root ORFs and first running of TIS model...
 iteration      Selected as coding    rejected as non-coding
       0                       31                       63
       1                       23                      145
       2                        2                       67
       3                        0                       21
       4                        0                        7
       5                        0                        1
       6                        0                        0
Selected root coding ORFs number: 56
Rejected non-coding ORFs number: 304
Remaining ORFs number: 582

Select coding ORFs from remianing ORFs using a Fisher discriminant function...
Remaining: 389
Process overlapping genes...
Totally predict 190 genes.
Second run of TIS model.
Extract TUI and TUL genes (length >300bp)
TUI genes number: 78
TUL genes number: 33
Compare TUI TIS model with TUL TIS model...
Train TUI TIS model..
Train TUL TIS model..
Lamda > 0: TUL TIS model is similar to TUI TIS model.
Re-train TIS model..
Choose final TIS...
Predicted genes have been saved in file: /home3/katelyn/PATRIC/fna/1916099.5.fna.MED
Detailed information for predicted TIS has been saved in /home3/katelyn/PATRIC/fna/1916099.5.fna.MED.para
