Welcome to MED2.0
Genome file is /home3/katelyn/PATRIC/fna/1916206.5.fna
sequence size: 40080
GC%: 0.401272

Number of exactcted ORFs: 364
Select root ORFs and first running of TIS model...
 iteration      Selected as coding    rejected as non-coding
       0                       14                       17
       1                        7                       43
       2                        2                       37
       3                        0                       16
       4                        0                        8
       5                        0                        1
       6                        0                        0
Selected root coding ORFs number: 23
Rejected non-coding ORFs number: 122
Remaining ORFs number: 219

Select coding ORFs from remianing ORFs using a Fisher discriminant function...
Remaining: 126
Process overlapping genes...
Totally predict 63 genes.
Second run of TIS model.
Extract TUI and TUL genes (length >300bp)
TUI genes number: 32
TUL genes number: 8
Compare TUI TIS model with TUL TIS model...
Train TUI TIS model..
Train TUL TIS model..
Lamda > 0: TUL TIS model is similar to TUI TIS model.
Re-train TIS model......
Choose final TIS...
Predicted genes have been saved in file: /home3/katelyn/PATRIC/fna/1916206.5.fna.MED
Detailed information for predicted TIS has been saved in /home3/katelyn/PATRIC/fna/1916206.5.fna.MED.para
