Welcome to MED2.0
Genome file is /home3/katelyn/PATRIC/fna/1920526.14.fna
sequence size: 99517
GC%: 0.423094

Number of exactcted ORFs: 742
Select root ORFs and first running of TIS model...
 iteration      Selected as coding    rejected as non-coding
       0                       24                       42
       1                       20                      146
       2                        7                      124
       3                        0                       42
       4                        0                       18
       5                        0                        3
       6                        0                        1
       7                        0                        0
Selected root coding ORFs number: 51
Rejected non-coding ORFs number: 376
Remaining ORFs number: 315

Select coding ORFs from remianing ORFs using a Fisher discriminant function...
Remaining: 211
Process overlapping genes...
Totally predict 73 genes.
Second run of TIS model.
Extract TUI and TUL genes (length >300bp)
TUI genes number: 42
TUL genes number: 11
Compare TUI TIS model with TUL TIS model...
Train TUI TIS model..
Train TUL TIS model..
Lamda < 0: TUL TIS model differs from TUI TIS model
Re-train TUI TIS model...
Re-train TUL TIS model...
Choose final TIS...
Predicted genes have been saved in file: /home3/katelyn/PATRIC/fna/1920526.14.fna.MED
Detailed information for predicted TIS has been saved in /home3/katelyn/PATRIC/fna/1920526.14.fna.MED.para
