Welcome to MED2.0
Genome file is /home3/katelyn/PATRIC/fna/1920294.5.fna
sequence size: 117842
GC%: 0.389819

Number of exactcted ORFs: 849
Select root ORFs and first running of TIS model...
 iteration      Selected as coding    rejected as non-coding
       0                       50                       16
       1                       31                       42
       2                        5                       44
       3                        1                       21
       4                        0                        4
       5                        0                        3
       6                        0                        3
       7                        0                        1
       8                        0                        0
Selected root coding ORFs number: 87
Rejected non-coding ORFs number: 134
Remaining ORFs number: 628

Select coding ORFs from remianing ORFs using a Fisher discriminant function...
Remaining: 372
Process overlapping genes...
Totally predict 211 genes.
Second run of TIS model.
Extract TUI and TUL genes (length >300bp)
TUI genes number: 64
TUL genes number: 42
Compare TUI TIS model with TUL TIS model...
Train TUI TIS model..
Train TUL TIS model..
Lamda > 0: TUL TIS model is similar to TUI TIS model.
Re-train TIS model...
Choose final TIS...
Predicted genes have been saved in file: /home3/katelyn/PATRIC/fna/1920294.5.fna.MED
Detailed information for predicted TIS has been saved in /home3/katelyn/PATRIC/fna/1920294.5.fna.MED.para
