Welcome to MED2.0
Genome file is /home3/katelyn/PATRIC/fna/1923890.5.fna
sequence size: 276958
GC%: 0.53346

Number of exactcted ORFs: 2628
Select root ORFs and first running of TIS model...
 iteration      Selected as coding    rejected as non-coding
       0                      124                      263
       1                       56                      712
       2                        9                      209
       3                       57                       68
       4                       55                       19
       5                        8                        7
       6                        1                        0
       7                        0                        0
Selected root coding ORFs number: 310
Rejected non-coding ORFs number: 1278
Remaining ORFs number: 1040

Select coding ORFs from remianing ORFs using a Fisher discriminant function...
Remaining: 802
Process overlapping genes...
Totally predict 304 genes.
Second run of TIS model.
Extract TUI and TUL genes (length >300bp)
TUI genes number: 79
TUL genes number: 163
Compare TUI TIS model with TUL TIS model...
Train TUI TIS model..
Train TUL TIS model..
Lamda > 0: TUL TIS model is similar to TUI TIS model.
Re-train TIS model...
Choose final TIS...
Predicted genes have been saved in file: /home3/katelyn/PATRIC/fna/1923890.5.fna.MED
Detailed information for predicted TIS has been saved in /home3/katelyn/PATRIC/fna/1923890.5.fna.MED.para
