Welcome to MED2.0
Genome file is /home3/katelyn/PATRIC/fna/1923889.5.fna
sequence size: 279845
GC%: 0.534042

Number of exactcted ORFs: 2665
Select root ORFs and first running of TIS model...
 iteration      Selected as coding    rejected as non-coding
       0                      132                      271
       1                       46                      703
       2                       22                      238
       3                       68                       71
       4                       44                       19
       5                        3                        2
       6                        0                        0
Selected root coding ORFs number: 315
Rejected non-coding ORFs number: 1304
Remaining ORFs number: 1046

Select coding ORFs from remianing ORFs using a Fisher discriminant function...
Remaining: 775
Process overlapping genes...
Totally predict 303 genes.
Second run of TIS model.
Extract TUI and TUL genes (length >300bp)
TUI genes number: 84
TUL genes number: 165
Compare TUI TIS model with TUL TIS model...
Train TUI TIS model..
Train TUL TIS model..
Lamda > 0: TUL TIS model is similar to TUI TIS model.
Re-train TIS model...
Choose final TIS...
Predicted genes have been saved in file: /home3/katelyn/PATRIC/fna/1923889.5.fna.MED
Detailed information for predicted TIS has been saved in /home3/katelyn/PATRIC/fna/1923889.5.fna.MED.para
