Welcome to MED2.0
Genome file is /home3/katelyn/PATRIC/fna/1926594.5.fna
sequence size: 155053
GC%: 0.370183

Number of exactcted ORFs: 1076
Select root ORFs and first running of TIS model...
 iteration      Selected as coding    rejected as non-coding
       0                       50                       13
       1                       45                       85
       2                        9                      151
       3                        2                       80
       4                        0                       39
       5                        0                       16
       6                        0                       10
       7                        0                        3
       8                        0                        5
       9                        0                        3
      10                        0                        1
      11                        0                        1
      12                        0                        0
Selected root coding ORFs number: 106
Rejected non-coding ORFs number: 407
Remaining ORFs number: 563

Select coding ORFs from remianing ORFs using a Fisher discriminant function...
Remaining: 258
Process overlapping genes...
Totally predict 212 genes.
Second run of TIS model.
Extract TUI and TUL genes (length >300bp)
TUI genes number: 74
TUL genes number: 69
Compare TUI TIS model with TUL TIS model...
Train TUI TIS model..
Train TUL TIS model..
Lamda > 0: TUL TIS model is similar to TUI TIS model.
Re-train TIS model...
Choose final TIS...
Predicted genes have been saved in file: /home3/katelyn/PATRIC/fna/1926594.5.fna.MED
Detailed information for predicted TIS has been saved in /home3/katelyn/PATRIC/fna/1926594.5.fna.MED.para
