Welcome to MED2.0
Genome file is /home3/katelyn/PATRIC/fna/1927018.5.fna
sequence size: 49531
GC%: 0.638206

Number of exactcted ORFs: 452
Select root ORFs and first running of TIS model...
 iteration      Selected as coding    rejected as non-coding
       0                       62                      145
       1                        7                       18
       2                        0                        1
       3                        0                        1
       4                        0                        0
Selected root coding ORFs number: 69
Rejected non-coding ORFs number: 202
Remaining ORFs number: 181
Select coding ORFs from remianing ORFs using Fisher discriminant functions...
Remaining: 137
Process overlapping genes...
Totally predict 95 genes.
Second run of TIS model.
Extract TUI and TUL genes (length >300bp)
TUI genes number: 35
TUL genes number: 16
Compare TUI TIS model with TUL TIS model...
Train TUI TIS model..
Train TUL TIS model..
Lamda < 0: TUL TIS model differs from TUI TIS model
Re-train TUI TIS model....
Re-train TUL TIS model....
Choose final TIS...
Predicted genes have been saved in file: /home3/katelyn/PATRIC/fna/1927018.5.fna.MED
Detailed information for predicted TIS has been saved in /home3/katelyn/PATRIC/fna/1927018.5.fna.MED.para
