Welcome to MED2.0
Genome file is /home3/katelyn/PATRIC/fna/1932905.5.fna
sequence size: 173578
GC%: 0.438644

Number of exactcted ORFs: 1860
Select root ORFs and first running of TIS model...
 iteration      Selected as coding    rejected as non-coding
       0                       76                       84
       1                       26                      215
       2                        4                      175
       3                        0                       70
       4                        0                       21
       5                        0                        4
       6                        0                        1
       7                        0                        1
       8                        0                        0
Selected root coding ORFs number: 106
Rejected non-coding ORFs number: 571
Remaining ORFs number: 1183

Select coding ORFs from remianing ORFs using a Fisher discriminant function...
Remaining: 586
Process overlapping genes...
Totally predict 269 genes.
Second run of TIS model.
Extract TUI and TUL genes (length >300bp)
TUI genes number: 106
TUL genes number: 75
Compare TUI TIS model with TUL TIS model...
Train TUI TIS model..
Train TUL TIS model..
Lamda > 0: TUL TIS model is similar to TUI TIS model.
Re-train TIS model.....
Choose final TIS...
Predicted genes have been saved in file: /home3/katelyn/PATRIC/fna/1932905.5.fna.MED
Detailed information for predicted TIS has been saved in /home3/katelyn/PATRIC/fna/1932905.5.fna.MED.para
