Welcome to MED2.0
Genome file is /home3/katelyn/PATRIC/fna/1932896.5.fna
sequence size: 236567
GC%: 0.371548

Number of exactcted ORFs: 2067
Select root ORFs and first running of TIS model...
 iteration      Selected as coding    rejected as non-coding
       0                      118                       59
       1                      146                      159
       2                       12                      120
       3                        0                       59
       4                        0                       27
       5                        0                       12
       6                        0                        5
       7                        0                        2
       8                        0                        1
       9                        0                        3
      10                        0                        0
Selected root coding ORFs number: 276
Rejected non-coding ORFs number: 447
Remaining ORFs number: 1344

Select coding ORFs from remianing ORFs using a Fisher discriminant function...
Remaining: 707
Process overlapping genes...
Totally predict 434 genes.
Second run of TIS model.
Extract TUI and TUL genes (length >300bp)
TUI genes number: 200
TUL genes number: 63
Compare TUI TIS model with TUL TIS model...
Train TUI TIS model..
Train TUL TIS model..
Lamda > 0: TUL TIS model is similar to TUI TIS model.
Re-train TIS model....
Choose final TIS...
Predicted genes have been saved in file: /home3/katelyn/PATRIC/fna/1932896.5.fna.MED
Detailed information for predicted TIS has been saved in /home3/katelyn/PATRIC/fna/1932896.5.fna.MED.para
