Welcome to MED2.0
Genome file is /home3/katelyn/PATRIC/fna/1932906.5.fna
sequence size: 174311
GC%: 0.438309

Number of exactcted ORFs: 1869
Select root ORFs and first running of TIS model...
 iteration      Selected as coding    rejected as non-coding
       0                       76                       88
       1                       25                      205
       2                        4                      180
       3                        1                       72
       4                        0                       19
       5                        0                        4
       6                        0                        0
Selected root coding ORFs number: 106
Rejected non-coding ORFs number: 568
Remaining ORFs number: 1195

Select coding ORFs from remianing ORFs using a Fisher discriminant function...
Remaining: 602
Process overlapping genes...
Totally predict 266 genes.
Second run of TIS model.
Extract TUI and TUL genes (length >300bp)
TUI genes number: 108
TUL genes number: 77
Compare TUI TIS model with TUL TIS model...
Train TUI TIS model..
Train TUL TIS model..
Lamda > 0: TUL TIS model is similar to TUI TIS model.
Re-train TIS model....
Choose final TIS...
Predicted genes have been saved in file: /home3/katelyn/PATRIC/fna/1932906.5.fna.MED
Detailed information for predicted TIS has been saved in /home3/katelyn/PATRIC/fna/1932906.5.fna.MED.para
