Welcome to MED2.0
Genome file is /home3/katelyn/PATRIC/fna/1932903.5.fna
sequence size: 46057
GC%: 0.539744

Number of exactcted ORFs: 542
Select root ORFs and first running of TIS model...
 iteration      Selected as coding    rejected as non-coding
       0                        8                       41
       1                        2                       97
       2                        1                       36
       3                        0                        8
       4                        0                        6
       5                        0                        4
       6                        0                        3
       7                        0                        0
Selected root coding ORFs number: 11
Rejected non-coding ORFs number: 195
Remaining ORFs number: 336

Select coding ORFs from remianing ORFs using a Fisher discriminant function...
Remaining: 295
Process overlapping genes...
Totally predict 100 genes.
Second run of TIS model.
Extract TUI and TUL genes (length >300bp)
TUI genes number: 32
TUL genes number: 22
Compare TUI TIS model with TUL TIS model...
Train TUI TIS model..
Train TUL TIS model..
Lamda > 0: TUL TIS model is similar to TUI TIS model.
Re-train TIS model....
Choose final TIS...
Predicted genes have been saved in file: /home3/katelyn/PATRIC/fna/1932903.5.fna.MED
Detailed information for predicted TIS has been saved in /home3/katelyn/PATRIC/fna/1932903.5.fna.MED.para
