Welcome to MED2.0
Genome file is /home3/katelyn/PATRIC/fna/1932886.7.fna
sequence size: 41642
GC%: 0.392921

Number of exactcted ORFs: 264
Select root ORFs and first running of TIS model...
 iteration      Selected as coding    rejected as non-coding
       0                        9                        0
       1                        4                        0
       2                        2                        0
       3                        0                        0
Selected root coding ORFs number: 15
Rejected non-coding ORFs number: 0
Remaining ORFs number: 249

Select coding ORFs from remianing ORFs using a Fisher discriminant function...
Remaining: 133
Process overlapping genes...
Totally predict 53 genes.
Second run of TIS model.
Extract TUI and TUL genes (length >300bp)
TUI genes number: 28
TUL genes number: 7
Compare TUI TIS model with TUL TIS model...
Train TUI TIS model..
Train TUL TIS model..
Lamda > 0: TUL TIS model is similar to TUI TIS model.
Re-train TIS model..
Choose final TIS...
Predicted genes have been saved in file: /home3/katelyn/PATRIC/fna/1932886.7.fna.MED
Detailed information for predicted TIS has been saved in /home3/katelyn/PATRIC/fna/1932886.7.fna.MED.para
