Welcome to MED2.0
Genome file is /home3/katelyn/PATRIC/fna/1932889.6.fna
sequence size: 169621
GC%: 0.35363

Number of exactcted ORFs: 1269
Select root ORFs and first running of TIS model...
 iteration      Selected as coding    rejected as non-coding
       0                       84                       34
       1                       73                       79
       2                       20                       76
       3                        2                       48
       4                        0                       26
       5                        0                       13
       6                        0                        3
       7                        0                        0
Selected root coding ORFs number: 179
Rejected non-coding ORFs number: 279
Remaining ORFs number: 811

Select coding ORFs from remianing ORFs using a Fisher discriminant function...
Remaining: 510
Process overlapping genes...
Totally predict 286 genes.
Second run of TIS model.
Extract TUI and TUL genes (length >300bp)
TUI genes number: 119
TUL genes number: 54
Compare TUI TIS model with TUL TIS model...
Train TUI TIS model..
Train TUL TIS model..
Lamda > 0: TUL TIS model is similar to TUI TIS model.
Re-train TIS model.....
Choose final TIS...
Predicted genes have been saved in file: /home3/katelyn/PATRIC/fna/1932889.6.fna.MED
Detailed information for predicted TIS has been saved in /home3/katelyn/PATRIC/fna/1932889.6.fna.MED.para
