Welcome to MED2.0
Genome file is /home3/katelyn/PATRIC/fna/1933693.5.fna
sequence size: 32296
GC%: 0.402527

Number of exactcted ORFs: 287
Select root ORFs and first running of TIS model...
 iteration      Selected as coding    rejected as non-coding
       0                        2                        8
       1                        0                       36
       2                        0                       55
       3                        0                       27
       4                        0                       10
       5                        0                        7
       6                        0                        2
       7                        0                        0
Selected root coding ORFs number: 2
Rejected non-coding ORFs number: 145
Remaining ORFs number: 140

Select coding ORFs from remianing ORFs using a Fisher discriminant function...
Remaining: 67
Process overlapping genes...
Totally predict 47 genes.
Second run of TIS model.
Extract TUI and TUL genes (length >300bp)
TUI genes number: 21
TUL genes number: 11
Compare TUI TIS model with TUL TIS model...
Train TUI TIS model..
Train TUL TIS model..
Lamda > 0: TUL TIS model is similar to TUI TIS model.
Re-train TIS model....
Choose final TIS...
Predicted genes have been saved in file: /home3/katelyn/PATRIC/fna/1933693.5.fna.MED
Detailed information for predicted TIS has been saved in /home3/katelyn/PATRIC/fna/1933693.5.fna.MED.para
