Welcome to MED2.0
Genome file is /home3/katelyn/PATRIC/fna/1933109.5.fna
sequence size: 44931
GC%: 0.449801

Number of exactcted ORFs: 403
Select root ORFs and first running of TIS model...
 iteration      Selected as coding    rejected as non-coding
       0                       17                       25
       1                        7                       54
       2                        1                       36
       3                        0                       23
       4                        0                       11
       5                        0                        0
Selected root coding ORFs number: 25
Rejected non-coding ORFs number: 149
Remaining ORFs number: 229

Select coding ORFs from remianing ORFs using a Fisher discriminant function...
Remaining: 202
Process overlapping genes...
Totally predict 66 genes.
Second run of TIS model.
Extract TUI and TUL genes (length >300bp)
TUI genes number: 13
TUL genes number: 18
Compare TUI TIS model with TUL TIS model...
Train TUI TIS model..
Train TUL TIS model..
Lamda > 0: TUL TIS model is similar to TUI TIS model.
Re-train TIS model....
Choose final TIS...
Predicted genes have been saved in file: /home3/katelyn/PATRIC/fna/1933109.5.fna.MED
Detailed information for predicted TIS has been saved in /home3/katelyn/PATRIC/fna/1933109.5.fna.MED.para
