Welcome to MED2.0
Genome file is /home3/katelyn/PATRIC/fna/1933689.5.fna
sequence size: 69082
GC%: 0.663414

Number of exactcted ORFs: 769
Select root ORFs and first running of TIS model...
 iteration      Selected as coding    rejected as non-coding
       0                       66                      342
       1                        6                       54
       2                        1                        6
       3                        0                        1
       4                        0                        0
Selected root coding ORFs number: 73
Rejected non-coding ORFs number: 438
Remaining ORFs number: 258
Select coding ORFs from remianing ORFs using Fisher discriminant functions...
Remaining: 197
Process overlapping genes...
Totally predict 110 genes.
Second run of TIS model.
Extract TUI and TUL genes (length >300bp)
TUI genes number: 35
TUL genes number: 39
Compare TUI TIS model with TUL TIS model...
Train TUI TIS model..
Train TUL TIS model..
Lamda < 0: TUL TIS model differs from TUI TIS model
Re-train TUI TIS model.....
Re-train TUL TIS model...
Choose final TIS...
Predicted genes have been saved in file: /home3/katelyn/PATRIC/fna/1933689.5.fna.MED
Detailed information for predicted TIS has been saved in /home3/katelyn/PATRIC/fna/1933689.5.fna.MED.para
