Welcome to MED2.0
Genome file is /home3/katelyn/PATRIC/fna/194949.11.fna
sequence size: 62706
GC%: 0.499011

Number of exactcted ORFs: 702
Select root ORFs and first running of TIS model...
 iteration      Selected as coding    rejected as non-coding
       0                       19                       38
       1                        8                       71
       2                        2                       54
       3                        0                       18
       4                        0                        8
       5                        0                        3
       6                        0                        0
Selected root coding ORFs number: 29
Rejected non-coding ORFs number: 192
Remaining ORFs number: 481

Select coding ORFs from remianing ORFs using a Fisher discriminant function...
Remaining: 299
Process overlapping genes...
Totally predict 113 genes.
Second run of TIS model.
Extract TUI and TUL genes (length >300bp)
TUI genes number: 28
TUL genes number: 26
Compare TUI TIS model with TUL TIS model...
Train TUI TIS model..
Train TUL TIS model..
Lamda > 0: TUL TIS model is similar to TUI TIS model.
Re-train TIS model..
Choose final TIS...
Predicted genes have been saved in file: /home3/katelyn/PATRIC/fna/194949.11.fna.MED
Detailed information for predicted TIS has been saved in /home3/katelyn/PATRIC/fna/194949.11.fna.MED.para
