Welcome to MED2.0
Genome file is /home3/katelyn/PATRIC/fna/194966.10.fna
sequence size: 43769
GC%: 0.472275

Number of exactcted ORFs: 412
Select root ORFs and first running of TIS model...
 iteration      Selected as coding    rejected as non-coding
       0                       13                       11
       1                        5                       39
       2                        2                       69
       3                        1                       26
       4                        1                       10
       5                        0                        4
       6                        0                        1
       7                        0                        0
Selected root coding ORFs number: 22
Rejected non-coding ORFs number: 160
Remaining ORFs number: 230

Select coding ORFs from remianing ORFs using a Fisher discriminant function...
Remaining: 163
Process overlapping genes...
Totally predict 55 genes.
Second run of TIS model.
Extract TUI and TUL genes (length >300bp)
TUI genes number: 14
TUL genes number: 17
Compare TUI TIS model with TUL TIS model...
Train TUI TIS model..
Train TUL TIS model..
Lamda > 0: TUL TIS model is similar to TUI TIS model.
Re-train TIS model....
Choose final TIS...
Predicted genes have been saved in file: /home3/katelyn/PATRIC/fna/194966.10.fna.MED
Detailed information for predicted TIS has been saved in /home3/katelyn/PATRIC/fna/194966.10.fna.MED.para
