Welcome to MED2.0
Genome file is /home3/katelyn/PATRIC/fna/1958965.6.fna
sequence size: 43211
GC%: 0.61482

Number of exactcted ORFs: 475
Select root ORFs and first running of TIS model...
 iteration      Selected as coding    rejected as non-coding
       0                       45                      189
       1                        3                       28
       2                        0                        3
       3                        0                        0
Selected root coding ORFs number: 48
Rejected non-coding ORFs number: 242
Remaining ORFs number: 185
Select coding ORFs from remianing ORFs using Fisher discriminant functions...
Remaining: 110
Process overlapping genes...
Totally predict 57 genes.
Second run of TIS model.
Extract TUI and TUL genes (length >300bp)
TUI genes number: 22
TUL genes number: 14
Compare TUI TIS model with TUL TIS model...
Train TUI TIS model..
Train TUL TIS model..
Lamda < 0: TUL TIS model differs from TUI TIS model
Re-train TUI TIS model....
Re-train TUL TIS model...
Choose final TIS...
Predicted genes have been saved in file: /home3/katelyn/PATRIC/fna/1958965.6.fna.MED
Detailed information for predicted TIS has been saved in /home3/katelyn/PATRIC/fna/1958965.6.fna.MED.para
