Welcome to MED2.0
Genome file is /home3/katelyn/PATRIC/fna/1958895.5.fna
sequence size: 49156
GC%: 0.637928

Number of exactcted ORFs: 513
Select root ORFs and first running of TIS model...
 iteration      Selected as coding    rejected as non-coding
       0                       57                      191
       1                        8                       26
       2                        0                        2
       3                        0                        1
       4                        0                        0
Selected root coding ORFs number: 65
Rejected non-coding ORFs number: 258
Remaining ORFs number: 190
Select coding ORFs from remianing ORFs using Fisher discriminant functions...
Remaining: 128
Process overlapping genes...
Totally predict 95 genes.
Second run of TIS model.
Extract TUI and TUL genes (length >300bp)
TUI genes number: 32
TUL genes number: 24
Compare TUI TIS model with TUL TIS model...
Train TUI TIS model..
Train TUL TIS model..
Lamda > 0: TUL TIS model is similar to TUI TIS model.
Re-train TIS model...
Choose final TIS...
Predicted genes have been saved in file: /home3/katelyn/PATRIC/fna/1958895.5.fna.MED
Detailed information for predicted TIS has been saved in /home3/katelyn/PATRIC/fna/1958895.5.fna.MED.para
