Welcome to MED2.0
Genome file is /home3/katelyn/PATRIC/fna/1958921.5.fna
sequence size: 231998
GC%: 0.445758

Number of exactcted ORFs: 2045
Select root ORFs and first running of TIS model...
 iteration      Selected as coding    rejected as non-coding
       0                      118                      113
       1                       71                      397
       2                        5                      236
       3                        0                       99
       4                        0                       49
       5                        0                       16
       6                        0                        7
       7                        0                        4
       8                        0                        1
       9                        0                        0
Selected root coding ORFs number: 194
Rejected non-coding ORFs number: 922
Remaining ORFs number: 929

Select coding ORFs from remianing ORFs using a Fisher discriminant function...
Remaining: 415
Process overlapping genes...
Totally predict 277 genes.
Second run of TIS model.
Extract TUI and TUL genes (length >300bp)
TUI genes number: 140
TUL genes number: 87
Compare TUI TIS model with TUL TIS model...
Train TUI TIS model..
Train TUL TIS model..
Lamda > 0: TUL TIS model is similar to TUI TIS model.
Re-train TIS model....
Choose final TIS...
Predicted genes have been saved in file: /home3/katelyn/PATRIC/fna/1958921.5.fna.MED
Detailed information for predicted TIS has been saved in /home3/katelyn/PATRIC/fna/1958921.5.fna.MED.para
