Welcome to MED2.0
Genome file is /home3/katelyn/PATRIC/fna/1959736.5.fna
sequence size: 220299
GC%: 0.661292

Number of exactcted ORFs: 1994
Select root ORFs and first running of TIS model...
 iteration      Selected as coding    rejected as non-coding
       0                      235                      784
       1                       26                      128
       2                        2                       32
       3                        0                        6
       4                        0                        0
Selected root coding ORFs number: 263
Rejected non-coding ORFs number: 1018
Remaining ORFs number: 713
Select coding ORFs from remianing ORFs using Fisher discriminant functions...
Remaining: 532
Process overlapping genes...
Totally predict 380 genes.
Second run of TIS model.
Extract TUI and TUL genes (length >300bp)
TUI genes number: 130
TUL genes number: 132
Compare TUI TIS model with TUL TIS model...
Train TUI TIS model..
Train TUL TIS model..
Lamda > 0: TUL TIS model is similar to TUI TIS model.
Re-train TIS model....
Choose final TIS...
Predicted genes have been saved in file: /home3/katelyn/PATRIC/fna/1959736.5.fna.MED
Detailed information for predicted TIS has been saved in /home3/katelyn/PATRIC/fna/1959736.5.fna.MED.para
