Welcome to MED2.0
Genome file is /home3/katelyn/PATRIC/fna/1959484.5.fna
sequence size: 52715
GC%: 0.637314

Number of exactcted ORFs: 553
Select root ORFs and first running of TIS model...
 iteration      Selected as coding    rejected as non-coding
       0                       58                      222
       1                        5                       50
       2                        2                       10
       3                        0                        0
Selected root coding ORFs number: 65
Rejected non-coding ORFs number: 345
Remaining ORFs number: 143
Select coding ORFs from remianing ORFs using Fisher discriminant functions...
Remaining: 116
Process overlapping genes...
Totally predict 98 genes.
Second run of TIS model.
Extract TUI and TUL genes (length >300bp)
TUI genes number: 33
TUL genes number: 21
Compare TUI TIS model with TUL TIS model...
Train TUI TIS model..
Train TUL TIS model..
Lamda > 0: TUL TIS model is similar to TUI TIS model.
Re-train TIS model..
Choose final TIS...
Predicted genes have been saved in file: /home3/katelyn/PATRIC/fna/1959484.5.fna.MED
Detailed information for predicted TIS has been saved in /home3/katelyn/PATRIC/fna/1959484.5.fna.MED.para
