Welcome to MED2.0
Genome file is /home3/katelyn/PATRIC/fna/1959735.6.fna
sequence size: 219348
GC%: 0.661237

Number of exactcted ORFs: 1998
Select root ORFs and first running of TIS model...
 iteration      Selected as coding    rejected as non-coding
       0                      238                      811
       1                       18                      135
       2                        2                       31
       3                        4                        3
       4                        0                        0
Selected root coding ORFs number: 262
Rejected non-coding ORFs number: 1056
Remaining ORFs number: 680
Select coding ORFs from remianing ORFs using Fisher discriminant functions...
Remaining: 518
Process overlapping genes...
Totally predict 378 genes.
Second run of TIS model.
Extract TUI and TUL genes (length >300bp)
TUI genes number: 132
TUL genes number: 124
Compare TUI TIS model with TUL TIS model...
Train TUI TIS model..
Train TUL TIS model..
Lamda > 0: TUL TIS model is similar to TUI TIS model.
Re-train TIS model....
Choose final TIS...
Predicted genes have been saved in file: /home3/katelyn/PATRIC/fna/1959735.6.fna.MED
Detailed information for predicted TIS has been saved in /home3/katelyn/PATRIC/fna/1959735.6.fna.MED.para
