Welcome to MED2.0
Genome file is /home3/katelyn/PATRIC/fna/1960658.7.fna
sequence size: 33540
GC%: 0.504025

Number of exactcted ORFs: 328
Select root ORFs and first running of TIS model...
 iteration      Selected as coding    rejected as non-coding
       0                       10                       13
       1                        5                       30
       2                        1                       18
       3                        0                        1
       4                        0                        0
Selected root coding ORFs number: 16
Rejected non-coding ORFs number: 62
Remaining ORFs number: 250

Select coding ORFs from remianing ORFs using a Fisher discriminant function...
Remaining: 185
Process overlapping genes...
Totally predict 47 genes.
Second run of TIS model.
Extract TUI and TUL genes (length >300bp)
TUI genes number: 20
TUL genes number: 17
Compare TUI TIS model with TUL TIS model...
Train TUI TIS model..
Train TUL TIS model..
Lamda < 0: TUL TIS model differs from TUI TIS model
Re-train TUI TIS model...
Re-train TUL TIS model....
Choose final TIS...
Predicted genes have been saved in file: /home3/katelyn/PATRIC/fna/1960658.7.fna.MED
Detailed information for predicted TIS has been saved in /home3/katelyn/PATRIC/fna/1960658.7.fna.MED.para
