Welcome to MED2.0
Genome file is /home3/katelyn/PATRIC/fna/1962671.5.fna
sequence size: 357154
GC%: 0.344227

Number of exactcted ORFs: 2785
Select root ORFs and first running of TIS model...
 iteration      Selected as coding    rejected as non-coding
       0                      145                       47
       1                      183                      155
       2                       43                      177
       3                        4                      176
       4                        0                      170
       5                        0                      111
       6                        0                       60
       7                        0                       32
       8                        0                        8
       9                        0                        2
      10                        0                        1
      11                        0                        0
Selected root coding ORFs number: 375
Rejected non-coding ORFs number: 939
Remaining ORFs number: 1471

Select coding ORFs from remianing ORFs using a Fisher discriminant function...
Remaining: 935
Process overlapping genes...
Totally predict 600 genes.
Second run of TIS model.
Extract TUI and TUL genes (length >300bp)
TUI genes number: 271
TUL genes number: 139
Compare TUI TIS model with TUL TIS model...
Train TUI TIS model..
Train TUL TIS model..
Lamda > 0: TUL TIS model is similar to TUI TIS model.
Re-train TIS model....
Choose final TIS...
Predicted genes have been saved in file: /home3/katelyn/PATRIC/fna/1962671.5.fna.MED
Detailed information for predicted TIS has been saved in /home3/katelyn/PATRIC/fna/1962671.5.fna.MED.para
