Welcome to MED2.0
Genome file is /home3/katelyn/PATRIC/fna/1962768.5.fna
sequence size: 50800
GC%: 0.460846

Number of exactcted ORFs: 492
Select root ORFs and first running of TIS model...
 iteration      Selected as coding    rejected as non-coding
       0                       24                       34
       1                        7                       74
       2                        2                       41
       3                        0                        9
       4                        0                        0
Selected root coding ORFs number: 33
Rejected non-coding ORFs number: 158
Remaining ORFs number: 301

Select coding ORFs from remianing ORFs using a Fisher discriminant function...
Remaining: 136
Process overlapping genes...
Totally predict 87 genes.
Second run of TIS model.
Extract TUI and TUL genes (length >300bp)
TUI genes number: 25
TUL genes number: 25
Compare TUI TIS model with TUL TIS model...
Train TUI TIS model..
Train TUL TIS model..
Lamda > 0: TUL TIS model is similar to TUI TIS model.
Re-train TIS model...
Choose final TIS...
Predicted genes have been saved in file: /home3/katelyn/PATRIC/fna/1962768.5.fna.MED
Detailed information for predicted TIS has been saved in /home3/katelyn/PATRIC/fna/1962768.5.fna.MED.para
