Welcome to MED2.0
Genome file is /home3/katelyn/PATRIC/fna/1965372.5.fna
sequence size: 43567
GC%: 0.557234

Number of exactcted ORFs: 310
Select root ORFs and first running of TIS model...
 iteration      Selected as coding    rejected as non-coding
       0                        4                       18
       1                        7                       48
       2                        3                       31
       3                        1                       13
       4                        0                        1
       5                        0                        0
Selected root coding ORFs number: 15
Rejected non-coding ORFs number: 111
Remaining ORFs number: 184

Select coding ORFs from remianing ORFs using a Fisher discriminant function...
Remaining: 121
Process overlapping genes...
Totally predict 56 genes.
Second run of TIS model.
Extract TUI and TUL genes (length >300bp)
TUI genes number: 33
TUL genes number: 8
Compare TUI TIS model with TUL TIS model...
Train TUI TIS model..
Train TUL TIS model..
Lamda > 0: TUL TIS model is similar to TUI TIS model.
Re-train TIS model...
Choose final TIS...
Predicted genes have been saved in file: /home3/katelyn/PATRIC/fna/1965372.5.fna.MED
Detailed information for predicted TIS has been saved in /home3/katelyn/PATRIC/fna/1965372.5.fna.MED.para
