Welcome to MED2.0
Genome file is /home3/katelyn/PATRIC/fna/1965473.5.fna
sequence size: 128178
GC%: 0.325516

Number of exactcted ORFs: 947
Select root ORFs and first running of TIS model...
 iteration      Selected as coding    rejected as non-coding
       0                       49                       25
       1                       42                       96
       2                        9                      102
       3                        2                       62
       4                        0                       54
       5                        0                       33
       6                        0                       13
       7                        0                        4
       8                        0                        2
       9                        0                        0
Selected root coding ORFs number: 102
Rejected non-coding ORFs number: 391
Remaining ORFs number: 454

Select coding ORFs from remianing ORFs using a Fisher discriminant function...
Remaining: 307
Process overlapping genes...
Totally predict 202 genes.
Second run of TIS model.
Extract TUI and TUL genes (length >300bp)
TUI genes number: 70
TUL genes number: 46
Compare TUI TIS model with TUL TIS model...
Train TUI TIS model..
Train TUL TIS model..
Lamda > 0: TUL TIS model is similar to TUI TIS model.
Re-train TIS model.....
Choose final TIS...
Predicted genes have been saved in file: /home3/katelyn/PATRIC/fna/1965473.5.fna.MED
Detailed information for predicted TIS has been saved in /home3/katelyn/PATRIC/fna/1965473.5.fna.MED.para
