Welcome to MED2.0
Genome file is /home3/katelyn/PATRIC/fna/1965470.5.fna
sequence size: 125656
GC%: 0.325317

Number of exactcted ORFs: 919
Select root ORFs and first running of TIS model...
 iteration      Selected as coding    rejected as non-coding
       0                       52                       21
       1                       35                      106
       2                       10                      132
       3                        1                       71
       4                        0                       40
       5                        0                       17
       6                        0                        6
       7                        0                        3
       8                        0                        0
Selected root coding ORFs number: 98
Rejected non-coding ORFs number: 396
Remaining ORFs number: 425

Select coding ORFs from remianing ORFs using a Fisher discriminant function...
Remaining: 273
Process overlapping genes...
Totally predict 192 genes.
Second run of TIS model.
Extract TUI and TUL genes (length >300bp)
TUI genes number: 60
TUL genes number: 54
Compare TUI TIS model with TUL TIS model...
Train TUI TIS model..
Train TUL TIS model..
Lamda > 0: TUL TIS model is similar to TUI TIS model.
Re-train TIS model....
Choose final TIS...
Predicted genes have been saved in file: /home3/katelyn/PATRIC/fna/1965470.5.fna.MED
Detailed information for predicted TIS has been saved in /home3/katelyn/PATRIC/fna/1965470.5.fna.MED.para
