Welcome to MED2.0
Genome file is /home3/katelyn/PATRIC/fna/1965458.5.fna
sequence size: 46157
GC%: 0.431354

Number of exactcted ORFs: 422
Select root ORFs and first running of TIS model...
 iteration      Selected as coding    rejected as non-coding
       0                       17                       11
       1                       12                       19
       2                        1                       12
       3                        0                        7
       4                        0                        1
       5                        0                        0
Selected root coding ORFs number: 30
Rejected non-coding ORFs number: 50
Remaining ORFs number: 342

Select coding ORFs from remianing ORFs using a Fisher discriminant function...
Remaining: 232
Process overlapping genes...
Totally predict 83 genes.
Second run of TIS model.
Extract TUI and TUL genes (length >300bp)
TUI genes number: 37
TUL genes number: 16
Compare TUI TIS model with TUL TIS model...
Train TUI TIS model..
Train TUL TIS model..
Lamda < 0: TUL TIS model differs from TUI TIS model
Re-train TUI TIS model...
Re-train TUL TIS model..
Choose final TIS...
Predicted genes have been saved in file: /home3/katelyn/PATRIC/fna/1965458.5.fna.MED
Detailed information for predicted TIS has been saved in /home3/katelyn/PATRIC/fna/1965458.5.fna.MED.para
