Welcome to MED2.0
Genome file is /home3/katelyn/PATRIC/fna/1965452.5.fna
sequence size: 39693
GC%: 0.725115

Number of exactcted ORFs: 314
Select root ORFs and first running of TIS model...
 iteration      Selected as coding    rejected as non-coding
       0                       24                      174
Extrem low percentage for certain TIS.
Will omit the start codon column in the weight
matrix of starts
       1                        5                       25
Extrem low percentage for certain TIS.
Will omit the start codon column in the weight
matrix of starts
       2                        0                        2
Extrem low percentage for certain TIS.
Will omit the start codon column in the weight
matrix of starts
       3                        0                        0
Extrem low percentage for certain TIS.
Will omit the start codon column in the weight
matrix of starts
Selected root coding ORFs number: 29
Rejected non-coding ORFs number: 228
Remaining ORFs number: 57
Select coding ORFs from remianing ORFs using Fisher discriminant functions...
Remaining: 53
Process overlapping genes...
Totally predict 45 genes.
Second run of TIS model.
Extract TUI and TUL genes (length >300bp)
TUI genes number: 16
TUL genes number: 22
Compare TUI TIS model with TUL TIS model...
Train TUI TIS model.Extrem low percentage for certain TIS.
Will omit the start codon column in the weight
matrix of starts
.
Train TUL TIS model.Extrem low percentage for certain TIS.
Will omit the start codon column in the weight
matrix of starts
.Extrem low percentage for certain TIS.
Will omit the start codon column in the weight
matrix of starts

Lamda > 0: TUL TIS model is similar to TUI TIS model.
Re-train TIS model..Extrem low percentage for certain TIS.
Will omit the start codon column in the weight
matrix of starts
.Extrem low percentage for certain TIS.
Will omit the start codon column in the weight
matrix of starts

Choose final TIS...
Predicted genes have been saved in file: /home3/katelyn/PATRIC/fna/1965452.5.fna.MED
Detailed information for predicted TIS has been saved in /home3/katelyn/PATRIC/fna/1965452.5.fna.MED.para
