Welcome to MED2.0
Genome file is /home3/katelyn/PATRIC/fna/1965368.6.fna
sequence size: 77874
GC%: 0.615456

Number of exactcted ORFs: 831
Select root ORFs and first running of TIS model...
 iteration      Selected as coding    rejected as non-coding
       0                       86                      296
       1                       10                       54
       2                        1                       10
       3                        0                        3
       4                        0                        0
Selected root coding ORFs number: 97
Rejected non-coding ORFs number: 464
Remaining ORFs number: 270
Select coding ORFs from remianing ORFs using Fisher discriminant functions...
Remaining: 221
Process overlapping genes...
Totally predict 129 genes.
Second run of TIS model.
Extract TUI and TUL genes (length >300bp)
TUI genes number: 55
TUL genes number: 34
Compare TUI TIS model with TUL TIS model...
Train TUI TIS model..
Train TUL TIS model..
Lamda > 0: TUL TIS model is similar to TUI TIS model.
Re-train TIS model..Extrem low percentage for certain TIS.
Will omit the start codon column in the weight
matrix of starts
.Extrem low percentage for certain TIS.
Will omit the start codon column in the weight
matrix of starts

Choose final TIS...
Predicted genes have been saved in file: /home3/katelyn/PATRIC/fna/1965368.6.fna.MED
Detailed information for predicted TIS has been saved in /home3/katelyn/PATRIC/fna/1965368.6.fna.MED.para
