Welcome to MED2.0
Genome file is /home3/katelyn/PATRIC/fna/1965489.5.fna
sequence size: 42371
GC%: 0.346865

Number of exactcted ORFs: 308
Select root ORFs and first running of TIS model...
 iteration      Selected as coding    rejected as non-coding
       0                        2                        5
       1                        9                       44
       2                        7                       61
       3                        2                       13
       4                        2                        4
       5                        0                        1
       6                        0                        1
       7                        0                        0
Selected root coding ORFs number: 22
Rejected non-coding ORFs number: 129
Remaining ORFs number: 157

Select coding ORFs from remianing ORFs using a Fisher discriminant function...
Remaining: 109
Process overlapping genes...
Totally predict 67 genes.
Second run of TIS model.
Extract TUI and TUL genes (length >300bp)
TUI genes number: 37
TUL genes number: 8
Compare TUI TIS model with TUL TIS model...
Train TUI TIS model..
Train TUL TIS model..
Lamda > 0: TUL TIS model is similar to TUI TIS model.
Re-train TIS model....
Choose final TIS...
Predicted genes have been saved in file: /home3/katelyn/PATRIC/fna/1965489.5.fna.MED
Detailed information for predicted TIS has been saved in /home3/katelyn/PATRIC/fna/1965489.5.fna.MED.para
