Welcome to MED2.0
Genome file is /home3/katelyn/PATRIC/fna/1965365.5.fna
sequence size: 168188
GC%: 0.353729

Number of exactcted ORFs: 1256
Select root ORFs and first running of TIS model...
 iteration      Selected as coding    rejected as non-coding
       0                       65                       30
       1                       55                       83
       2                        4                       70
       3                        0                       60
       4                        0                       41
       5                        0                       22
       6                        0                       12
       7                        0                        7
       8                        0                        0
Selected root coding ORFs number: 124
Rejected non-coding ORFs number: 325
Remaining ORFs number: 807

Select coding ORFs from remianing ORFs using a Fisher discriminant function...
Remaining: 438
Process overlapping genes...
Totally predict 282 genes.
Second run of TIS model.
Extract TUI and TUL genes (length >300bp)
TUI genes number: 119
TUL genes number: 54
Compare TUI TIS model with TUL TIS model...
Train TUI TIS model..
Train TUL TIS model..
Lamda > 0: TUL TIS model is similar to TUI TIS model.
Re-train TIS model.....
Choose final TIS...
Predicted genes have been saved in file: /home3/katelyn/PATRIC/fna/1965365.5.fna.MED
Detailed information for predicted TIS has been saved in /home3/katelyn/PATRIC/fna/1965365.5.fna.MED.para
