Welcome to MED2.0
Genome file is /home3/katelyn/PATRIC/fna/1965472.5.fna
sequence size: 132949
GC%: 0.32508

Number of exactcted ORFs: 986
Select root ORFs and first running of TIS model...
 iteration      Selected as coding    rejected as non-coding
       0                       46                       33
       1                       41                      133
       2                        8                      127
       3                        0                       76
       4                        0                       38
       5                        0                       16
       6                        0                       11
       7                        0                        4
       8                        0                        1
       9                        0                        0
Selected root coding ORFs number: 95
Rejected non-coding ORFs number: 439
Remaining ORFs number: 452

Select coding ORFs from remianing ORFs using a Fisher discriminant function...
Remaining: 285
Process overlapping genes...
Totally predict 207 genes.
Second run of TIS model.
Extract TUI and TUL genes (length >300bp)
TUI genes number: 74
TUL genes number: 52
Compare TUI TIS model with TUL TIS model...
Train TUI TIS model..
Train TUL TIS model..
Lamda > 0: TUL TIS model is similar to TUI TIS model.
Re-train TIS model.....
Choose final TIS...
Predicted genes have been saved in file: /home3/katelyn/PATRIC/fna/1965472.5.fna.MED
Detailed information for predicted TIS has been saved in /home3/katelyn/PATRIC/fna/1965472.5.fna.MED.para
