Welcome to MED2.0
Genome file is /home3/katelyn/PATRIC/fna/1965461.5.fna
sequence size: 54344
GC%: 0.430627

Number of exactcted ORFs: 496
Select root ORFs and first running of TIS model...
 iteration      Selected as coding    rejected as non-coding
       0                       16                       10
       1                       12                       19
       2                        0                       15
       3                        0                        7
       4                        0                        3
       5                        0                        3
       6                        0                        3
       7                        0                        2
       8                        0                        1
       9                        0                        0
Selected root coding ORFs number: 28
Rejected non-coding ORFs number: 63
Remaining ORFs number: 405

Select coding ORFs from remianing ORFs using a Fisher discriminant function...
Remaining: 264
Process overlapping genes...
Totally predict 106 genes.
Second run of TIS model.
Extract TUI and TUL genes (length >300bp)
TUI genes number: 43
TUL genes number: 18
Compare TUI TIS model with TUL TIS model...
Train TUI TIS model..
Train TUL TIS model..
Lamda < 0: TUL TIS model differs from TUI TIS model
Re-train TUI TIS model...
Re-train TUL TIS model...
Choose final TIS...
Predicted genes have been saved in file: /home3/katelyn/PATRIC/fna/1965461.5.fna.MED
Detailed information for predicted TIS has been saved in /home3/katelyn/PATRIC/fna/1965461.5.fna.MED.para
