Welcome to MED2.0
Genome file is /home3/katelyn/PATRIC/fna/1968339.5.fna
sequence size: 5688
GC%: 0.580345

Number of exactcted ORFs: 56
Select root ORFs and first running of TIS model...
 iteration      Selected as coding    rejected as non-coding
       0                        4                        3
       1                        3                        0
       2                        1                        0
       3                        0                        0
Selected root coding ORFs number: 8
Rejected non-coding ORFs number: 39
Remaining ORFs number: 9
Select coding ORFs from remianing ORFs using Fisher discriminant functions...
Remaining: 9
Process overlapping genes...
Totally predict 6 genes.
Second run of TIS model.
Extract TUI and TUL genes (length >300bp)
TUL genes number: 2
Compare TUI TIS model with TUL TIS model...
Train TUL TIS model..
Lamda > 0: TUL TIS model is similar to TUI TIS model.
Re-train TIS model..
Choose final TIS...
Predicted genes have been saved in file: /home3/katelyn/PATRIC/fna/1968339.5.fna.MED
Detailed information for predicted TIS has been saved in /home3/katelyn/PATRIC/fna/1968339.5.fna.MED.para
