Welcome to MED2.0
Genome file is /home3/katelyn/PATRIC/fna/1970747.5.fna
sequence size: 51738
GC%: 0.484151

Number of exactcted ORFs: 549
Select root ORFs and first running of TIS model...
 iteration      Selected as coding    rejected as non-coding
       0                       19                       34
       1                        4                       47
       2                        0                       32
       3                        0                       17
       4                        0                        9
       5                        0                        2
       6                        0                        0
Selected root coding ORFs number: 23
Rejected non-coding ORFs number: 141
Remaining ORFs number: 385

Select coding ORFs from remianing ORFs using a Fisher discriminant function...
Remaining: 237
Process overlapping genes...
Totally predict 101 genes.
Second run of TIS model.
Extract TUI and TUL genes (length >300bp)
TUI genes number: 35
TUL genes number: 20
Compare TUI TIS model with TUL TIS model...
Train TUI TIS model..
Train TUL TIS model..
Lamda > 0: TUL TIS model is similar to TUI TIS model.
Re-train TIS model...
Choose final TIS...
Predicted genes have been saved in file: /home3/katelyn/PATRIC/fna/1970747.5.fna.MED
Detailed information for predicted TIS has been saved in /home3/katelyn/PATRIC/fna/1970747.5.fna.MED.para
