Welcome to MED2.0
Genome file is /home3/katelyn/PATRIC/fna/1970794.5.fna
sequence size: 60300
GC%: 0.613798

Number of exactcted ORFs: 704
Select root ORFs and first running of TIS model...
 iteration      Selected as coding    rejected as non-coding
       0                       41                       95
       1                       18                       53
       2                        3                       19
       3                        1                        1
       4                        0                        1
       5                        0                        3
       6                        0                        1
       7                        0                        1
       8                        0                        0
Selected root coding ORFs number: 63
Rejected non-coding ORFs number: 287
Remaining ORFs number: 354
Select coding ORFs from remianing ORFs using Fisher discriminant functions...
Remaining: 198
Process overlapping genes...
Totally predict 104 genes.
Second run of TIS model.
Extract TUI and TUL genes (length >300bp)
TUI genes number: 25
TUL genes number: 32
Compare TUI TIS model with TUL TIS model...
Train TUI TIS model..
Train TUL TIS model..
Lamda > 0: TUL TIS model is similar to TUI TIS model.
Re-train TIS model...
Choose final TIS...
Predicted genes have been saved in file: /home3/katelyn/PATRIC/fna/1970794.5.fna.MED
Detailed information for predicted TIS has been saved in /home3/katelyn/PATRIC/fna/1970794.5.fna.MED.para
