Welcome to MED2.0
Genome file is /home3/katelyn/PATRIC/fna/1971440.5.fna
sequence size: 36931
GC%: 0.389348

Number of exactcted ORFs: 302
Select root ORFs and first running of TIS model...
 iteration      Selected as coding    rejected as non-coding
       0                       16                        6
       1                       18                       14
       2                        1                        8
       3                        0                        4
       4                        0                        2
       5                        0                        0
Selected root coding ORFs number: 35
Rejected non-coding ORFs number: 34
Remaining ORFs number: 233

Select coding ORFs from remianing ORFs using a Fisher discriminant function...
Remaining: 197
Process overlapping genes...
Totally predict 59 genes.
Second run of TIS model.
Extract TUI and TUL genes (length >300bp)
TUI genes number: 28
TUL genes number: 5
Compare TUI TIS model with TUL TIS model...
Train TUI TIS model..
Train TUL TIS model..
Lamda < 0: TUL TIS model differs from TUI TIS model
Re-train TUI TIS model..
Re-train TUL TIS model..
Choose final TIS...
Predicted genes have been saved in file: /home3/katelyn/PATRIC/fna/1971440.5.fna.MED
Detailed information for predicted TIS has been saved in /home3/katelyn/PATRIC/fna/1971440.5.fna.MED.para
