Welcome to MED2.0
Genome file is /home3/katelyn/PATRIC/fna/1971439.5.fna
sequence size: 35688
GC%: 0.388618

Number of exactcted ORFs: 285
Select root ORFs and first running of TIS model...
 iteration      Selected as coding    rejected as non-coding
       0                       18                       12
       1                       11                       13
       2                        1                       12
       3                        0                        4
       4                        0                        3
       5                        0                        0
Selected root coding ORFs number: 30
Rejected non-coding ORFs number: 44
Remaining ORFs number: 211

Select coding ORFs from remianing ORFs using a Fisher discriminant function...
Remaining: 138
Process overlapping genes...
Totally predict 44 genes.
Second run of TIS model.
Extract TUI and TUL genes (length >300bp)
TUI genes number: 23
TUL genes number: 8
Compare TUI TIS model with TUL TIS model...
Train TUI TIS model..
Train TUL TIS model..
Lamda > 0: TUL TIS model is similar to TUI TIS model.
Re-train TIS model...
Choose final TIS...
Predicted genes have been saved in file: /home3/katelyn/PATRIC/fna/1971439.5.fna.MED
Detailed information for predicted TIS has been saved in /home3/katelyn/PATRIC/fna/1971439.5.fna.MED.para
