Welcome to MED2.0
Genome file is /home3/katelyn/PATRIC/fna/1971411.5.fna
sequence size: 34580
GC%: 0.384384

Number of exactcted ORFs: 281
Select root ORFs and first running of TIS model...
 iteration      Selected as coding    rejected as non-coding
       0                        7                        9
       1                       15                       14
       2                        4                       13
       3                        0                       12
       4                        0                        8
       5                        0                        5
       6                        0                        3
       7                        0                        0
Selected root coding ORFs number: 26
Rejected non-coding ORFs number: 64
Remaining ORFs number: 191

Select coding ORFs from remianing ORFs using a Fisher discriminant function...
Remaining: 121
Process overlapping genes...
Totally predict 54 genes.
Second run of TIS model.
Extract TUI and TUL genes (length >300bp)
TUI genes number: 25
TUL genes number: 5
Compare TUI TIS model with TUL TIS model...
Train TUI TIS model..
Train TUL TIS model..
Lamda > 0: TUL TIS model is similar to TUI TIS model.
Re-train TIS model....
Choose final TIS...
Predicted genes have been saved in file: /home3/katelyn/PATRIC/fna/1971411.5.fna.MED
Detailed information for predicted TIS has been saved in /home3/katelyn/PATRIC/fna/1971411.5.fna.MED.para
