Welcome to MED2.0
Genome file is /home3/katelyn/PATRIC/fna/1971434.5.fna
sequence size: 35988
GC%: 0.390964

Number of exactcted ORFs: 304
Select root ORFs and first running of TIS model...
 iteration      Selected as coding    rejected as non-coding
       0                        1                        2
       1                        1                       18
       2                        3                       28
       3                        2                       21
       4                        1                       12
       5                        0                        5
       6                        0                        1
       7                        0                        0
Selected root coding ORFs number: 8
Rejected non-coding ORFs number: 87
Remaining ORFs number: 209

Select coding ORFs from remianing ORFs using a Fisher discriminant function...
Remaining: 162
Process overlapping genes...
Totally predict 53 genes.
Second run of TIS model.
Extract TUI and TUL genes (length >300bp)
TUI genes number: 24
TUL genes number: 9
Compare TUI TIS model with TUL TIS model...
Train TUI TIS model..
Train TUL TIS model..
Lamda < 0: TUL TIS model differs from TUI TIS model
Re-train TUI TIS model....
Re-train TUL TIS model..
Choose final TIS...
Predicted genes have been saved in file: /home3/katelyn/PATRIC/fna/1971434.5.fna.MED
Detailed information for predicted TIS has been saved in /home3/katelyn/PATRIC/fna/1971434.5.fna.MED.para
