Welcome to MED2.0
Genome file is /home3/katelyn/PATRIC/fna/1973454.5.fna
sequence size: 47657
GC%: 0.455316

Number of exactcted ORFs: 514
Select root ORFs and first running of TIS model...
 iteration      Selected as coding    rejected as non-coding
       0                       16                       31
       1                       10                       55
       2                        1                       33
       3                        0                        8
       4                        0                        2
       5                        0                        0
Selected root coding ORFs number: 27
Rejected non-coding ORFs number: 129
Remaining ORFs number: 358

Select coding ORFs from remianing ORFs using a Fisher discriminant function...
Remaining: 284
Process overlapping genes...
Totally predict 101 genes.
Second run of TIS model.
Extract TUI and TUL genes (length >300bp)
TUI genes number: 31
TUL genes number: 15
Compare TUI TIS model with TUL TIS model...
Train TUI TIS model..
Train TUL TIS model..
Lamda < 0: TUL TIS model differs from TUI TIS model
Re-train TUI TIS model....
Re-train TUL TIS model..
Choose final TIS...
Predicted genes have been saved in file: /home3/katelyn/PATRIC/fna/1973454.5.fna.MED
Detailed information for predicted TIS has been saved in /home3/katelyn/PATRIC/fna/1973454.5.fna.MED.para
