Welcome to MED2.0
Genome file is /home3/katelyn/PATRIC/fna/1981514.6.fna
sequence size: 142934
GC%: 0.30512

Number of exactcted ORFs: 758
Select root ORFs and first running of TIS model...
 iteration      Selected as coding    rejected as non-coding
       0                       14                        3
       1                       55                       32
       2                       50                      128
       3                        9                       73
       4                        1                       23
       5                        0                       11
       6                        0                        9
       7                        0                        2
       8                        0                        2
       9                        0                        0
Selected root coding ORFs number: 129
Rejected non-coding ORFs number: 283
Remaining ORFs number: 346

Select coding ORFs from remianing ORFs using a Fisher discriminant function...
Remaining: 284
Process overlapping genes...
Totally predict 231 genes.
Second run of TIS model.
Extract TUI and TUL genes (length >300bp)
TUI genes number: 96
TUL genes number: 47
Compare TUI TIS model with TUL TIS model...
Train TUI TIS model..
Train TUL TIS model..
Lamda > 0: TUL TIS model is similar to TUI TIS model.
Re-train TIS model....
Choose final TIS...
Predicted genes have been saved in file: /home3/katelyn/PATRIC/fna/1981514.6.fna.MED
Detailed information for predicted TIS has been saved in /home3/katelyn/PATRIC/fna/1981514.6.fna.MED.para
