Welcome to MED2.0
Genome file is /home3/katelyn/PATRIC/fna/1981499.5.fna
sequence size: 164706
GC%: 0.405419

Number of exactcted ORFs: 1460
Select root ORFs and first running of TIS model...
 iteration      Selected as coding    rejected as non-coding
       0                       71                       72
       1                       53                      237
       2                       10                      143
       3                        0                       36
       4                        0                       14
       5                        0                        5
       6                        0                        0
Selected root coding ORFs number: 134
Rejected non-coding ORFs number: 507
Remaining ORFs number: 819

Select coding ORFs from remianing ORFs using a Fisher discriminant function...
Remaining: 430
Process overlapping genes...
Totally predict 275 genes.
Second run of TIS model.
Extract TUI and TUL genes (length >300bp)
TUI genes number: 110
TUL genes number: 59
Compare TUI TIS model with TUL TIS model...
Train TUI TIS model..
Train TUL TIS model..
Lamda > 0: TUL TIS model is similar to TUI TIS model.
Re-train TIS model.....
Choose final TIS...
Predicted genes have been saved in file: /home3/katelyn/PATRIC/fna/1981499.5.fna.MED
Detailed information for predicted TIS has been saved in /home3/katelyn/PATRIC/fna/1981499.5.fna.MED.para
