Welcome to MED2.0
Genome file is /home3/katelyn/PATRIC/fna/1983579.5.fna
sequence size: 40375
GC%: 0.351579

Number of exactcted ORFs: 280
Select root ORFs and first running of TIS model...
 iteration      Selected as coding    rejected as non-coding
       0                        4                        0
       1                       10                        0
       2                        4                        0
       3                        1                        0
       4                        0                        0
Selected root coding ORFs number: 19
Rejected non-coding ORFs number: 0
Remaining ORFs number: 261

Select coding ORFs from remianing ORFs using a Fisher discriminant function...
Remaining: 212
Process overlapping genes...
Totally predict 62 genes.
Second run of TIS model.
Extract TUI and TUL genes (length >300bp)
TUI genes number: 19
TUL genes number: 17
Compare TUI TIS model with TUL TIS model...
Train TUI TIS model..
Train TUL TIS model..
Lamda > 0: TUL TIS model is similar to TUI TIS model.
Re-train TIS model...
Choose final TIS...
Predicted genes have been saved in file: /home3/katelyn/PATRIC/fna/1983579.5.fna.MED
Detailed information for predicted TIS has been saved in /home3/katelyn/PATRIC/fna/1983579.5.fna.MED.para
