Welcome to MED2.0
Genome file is /home3/katelyn/PATRIC/fna/1983572.5.fna
sequence size: 174231
GC%: 0.411878

Number of exactcted ORFs: 1662
Select root ORFs and first running of TIS model...
 iteration      Selected as coding    rejected as non-coding
       0                       41                       42
       1                       31                      191
       2                        9                      243
       3                        1                      127
       4                        0                       46
       5                        0                       15
       6                        0                       11
       7                        0                        2
       8                        0                        0
Selected root coding ORFs number: 82
Rejected non-coding ORFs number: 677
Remaining ORFs number: 903

Select coding ORFs from remianing ORFs using a Fisher discriminant function...
Remaining: 506
Process overlapping genes...
Totally predict 246 genes.
Second run of TIS model.
Extract TUI and TUL genes (length >300bp)
TUI genes number: 93
TUL genes number: 39
Compare TUI TIS model with TUL TIS model...
Train TUI TIS model..
Train TUL TIS model..
Lamda > 0: TUL TIS model is similar to TUI TIS model.
Re-train TIS model....
Choose final TIS...
Predicted genes have been saved in file: /home3/katelyn/PATRIC/fna/1983572.5.fna.MED
Detailed information for predicted TIS has been saved in /home3/katelyn/PATRIC/fna/1983572.5.fna.MED.para
