Welcome to MED2.0
Genome file is /home3/katelyn/PATRIC/fna/1983465.5.fna
sequence size: 166137
GC%: 0.375991

Number of exactcted ORFs: 1147
Select root ORFs and first running of TIS model...
 iteration      Selected as coding    rejected as non-coding
       0                       64                       21
       1                       93                      139
       2                       20                      164
       3                        4                       62
       4                        0                       18
       5                        0                        6
       6                        0                        1
       7                        0                        2
       8                        0                        0
Selected root coding ORFs number: 181
Rejected non-coding ORFs number: 413
Remaining ORFs number: 553

Select coding ORFs from remianing ORFs using a Fisher discriminant function...
Remaining: 414
Process overlapping genes...
Totally predict 304 genes.
Second run of TIS model.
Extract TUI and TUL genes (length >300bp)
TUI genes number: 98
TUL genes number: 55
Compare TUI TIS model with TUL TIS model...
Train TUI TIS model..
Train TUL TIS model..
Lamda > 0: TUL TIS model is similar to TUI TIS model.
Re-train TIS model....
Choose final TIS...
Predicted genes have been saved in file: /home3/katelyn/PATRIC/fna/1983465.5.fna.MED
Detailed information for predicted TIS has been saved in /home3/katelyn/PATRIC/fna/1983465.5.fna.MED.para
