Welcome to MED2.0
Genome file is /home3/katelyn/PATRIC/fna/2006941.5.fna
sequence size: 171175
GC%: 0.387352

Number of exactcted ORFs: 1386
Select root ORFs and first running of TIS model...
 iteration      Selected as coding    rejected as non-coding
       0                       68                       65
       1                       41                      139
       2                        4                      166
       3                        0                       86
       4                        0                       40
       5                        0                       13
       6                        0                        6
       7                        0                        5
       8                        0                        1
       9                        0                        0
Selected root coding ORFs number: 113
Rejected non-coding ORFs number: 521
Remaining ORFs number: 752

Select coding ORFs from remianing ORFs using a Fisher discriminant function...
Remaining: 499
Process overlapping genes...
Totally predict 293 genes.
Second run of TIS model.
Extract TUI and TUL genes (length >300bp)
TUI genes number: 130
TUL genes number: 60
Compare TUI TIS model with TUL TIS model...
Train TUI TIS model..
Train TUL TIS model..
Lamda > 0: TUL TIS model is similar to TUI TIS model.
Re-train TIS model....
Choose final TIS...
Predicted genes have been saved in file: /home3/katelyn/PATRIC/fna/2006941.5.fna.MED
Detailed information for predicted TIS has been saved in /home3/katelyn/PATRIC/fna/2006941.5.fna.MED.para
