Welcome to MED2.0
Genome file is /home3/katelyn/PATRIC/fna/2011087.4.fna
sequence size: 6867
GC%: 0.611038

Number of exactcted ORFs: 90
Select root ORFs and first running of TIS model...
 iteration      Selected as coding    rejected as non-coding
       0                        7                       10
       1                        3                        0
       2                        0                        0
Selected root coding ORFs number: 10
Rejected non-coding ORFs number: 27
Remaining ORFs number: 53
Select coding ORFs from remianing ORFs using Fisher discriminant functions...
Remaining: 36
Process overlapping genes...
Totally predict 13 genes.
Second run of TIS model.
Extract TUI and TUL genes (length >300bp)
TUI genes number: 2
TUL genes number: 1
Compare TUI TIS model with TUL TIS model...
