Welcome to MED2.0
Genome file is /home3/katelyn/PATRIC/fna/2014348.5.fna
sequence size: 58405
GC%: 0.499118

Number of exactcted ORFs: 641
Select root ORFs and first running of TIS model...
 iteration      Selected as coding    rejected as non-coding
       0                       14                       48
       1                        8                      113
       2                        1                       43
       3                        2                       10
       4                        1                        1
       5                        0                        0
Selected root coding ORFs number: 26
Rejected non-coding ORFs number: 215
Remaining ORFs number: 400

Select coding ORFs from remianing ORFs using a Fisher discriminant function...
Remaining: 336
Process overlapping genes...
Totally predict 99 genes.
Second run of TIS model.
Extract TUI and TUL genes (length >300bp)
TUI genes number: 37
TUL genes number: 25
Compare TUI TIS model with TUL TIS model...
Train TUI TIS model..
Train TUL TIS model..
Lamda > 0: TUL TIS model is similar to TUI TIS model.
Re-train TIS model.....
Choose final TIS...
Predicted genes have been saved in file: /home3/katelyn/PATRIC/fna/2014348.5.fna.MED
Detailed information for predicted TIS has been saved in /home3/katelyn/PATRIC/fna/2014348.5.fna.MED.para
