Welcome to MED2.0
Genome file is /home3/katelyn/PATRIC/fna/2014349.5.fna
sequence size: 108627
GC%: 0.611459

Number of exactcted ORFs: 1363
Select root ORFs and first running of TIS model...
 iteration      Selected as coding    rejected as non-coding
       0                      150                      254
       1                       31                       90
       2                        4                       11
       3                        0                        7
       4                        0                        2
       5                        0                        0
Selected root coding ORFs number: 185
Rejected non-coding ORFs number: 419
Remaining ORFs number: 759
Select coding ORFs from remianing ORFs using Fisher discriminant functions...
Remaining: 483
Process overlapping genes...
Totally predict 259 genes.
Second run of TIS model.
Extract TUI and TUL genes (length >300bp)
TUI genes number: 70
TUL genes number: 51
Compare TUI TIS model with TUL TIS model...
Train TUI TIS model..
Train TUL TIS model..
Lamda > 0: TUL TIS model is similar to TUI TIS model.
Re-train TIS model......
Choose final TIS...
Predicted genes have been saved in file: /home3/katelyn/PATRIC/fna/2014349.5.fna.MED
Detailed information for predicted TIS has been saved in /home3/katelyn/PATRIC/fna/2014349.5.fna.MED.para
