Welcome to MED2.0
Genome file is /home3/katelyn/PATRIC/fna/2014434.5.fna
sequence size: 91159
GC%: 0.470102

Number of exactcted ORFs: 949
Select root ORFs and first running of TIS model...
 iteration      Selected as coding    rejected as non-coding
       0                       36                       37
       1                       12                       97
       2                        0                       69
       3                        0                       28
       4                        0                        4
       5                        0                        0
Selected root coding ORFs number: 48
Rejected non-coding ORFs number: 235
Remaining ORFs number: 666

Select coding ORFs from remianing ORFs using a Fisher discriminant function...
Remaining: 453
Process overlapping genes...
Totally predict 143 genes.
Second run of TIS model.
Extract TUI and TUL genes (length >300bp)
TUI genes number: 47
TUL genes number: 47
Compare TUI TIS model with TUL TIS model...
Train TUI TIS model..
Train TUL TIS model..
Lamda > 0: TUL TIS model is similar to TUI TIS model.
Re-train TIS model......
Choose final TIS...
Predicted genes have been saved in file: /home3/katelyn/PATRIC/fna/2014434.5.fna.MED
Detailed information for predicted TIS has been saved in /home3/katelyn/PATRIC/fna/2014434.5.fna.MED.para
