Welcome to MED2.0
Genome file is /home3/katelyn/PATRIC/fna/2015809.5.fna
sequence size: 50053
GC%: 0.639742

Number of exactcted ORFs: 537
Select root ORFs and first running of TIS model...
 iteration      Selected as coding    rejected as non-coding
       0                       54                      208
       1                        2                       36
       2                        0                        6
       3                        0                        0
Selected root coding ORFs number: 56
Rejected non-coding ORFs number: 330
Remaining ORFs number: 151
Select coding ORFs from remianing ORFs using Fisher discriminant functions...
Remaining: 116
Process overlapping genes...
Totally predict 87 genes.
Second run of TIS model.
Extract TUI and TUL genes (length >300bp)
TUI genes number: 29
TUL genes number: 24
Compare TUI TIS model with TUL TIS model...
Train TUI TIS model..
Train TUL TIS model..
Lamda > 0: TUL TIS model is similar to TUI TIS model.
Re-train TIS model....
Choose final TIS...
Predicted genes have been saved in file: /home3/katelyn/PATRIC/fna/2015809.5.fna.MED
Detailed information for predicted TIS has been saved in /home3/katelyn/PATRIC/fna/2015809.5.fna.MED.para
