Welcome to MED2.0
Genome file is /home3/katelyn/PATRIC/fna/2015843.5.fna
sequence size: 63344
GC%: 0.653258

Number of exactcted ORFs: 731
Select root ORFs and first running of TIS model...
 iteration      Selected as coding    rejected as non-coding
       0                       62                      289
       1                        4                       89
       2                        0                       11
       3                        0                        4
       4                        0                        0
Selected root coding ORFs number: 66
Rejected non-coding ORFs number: 491
Remaining ORFs number: 174
Select coding ORFs from remianing ORFs using Fisher discriminant functions...
Remaining: 126
Process overlapping genes...
Totally predict 104 genes.
Second run of TIS model.
Extract TUI and TUL genes (length >300bp)
TUI genes number: 29
TUL genes number: 30
Compare TUI TIS model with TUL TIS model...
Train TUI TIS model..
Train TUL TIS model..
Lamda < 0: TUL TIS model differs from TUI TIS model
Re-train TUI TIS model..
Re-train TUL TIS model..
Choose final TIS...
Predicted genes have been saved in file: /home3/katelyn/PATRIC/fna/2015843.5.fna.MED
Detailed information for predicted TIS has been saved in /home3/katelyn/PATRIC/fna/2015843.5.fna.MED.para
