Welcome to MED2.0
Genome file is /home3/katelyn/PATRIC/fna/2015874.5.fna
sequence size: 61761
GC%: 0.672463

Number of exactcted ORFs: 619
Select root ORFs and first running of TIS model...
 iteration      Selected as coding    rejected as non-coding
       0                       48                      300
       1                        5                       61
       2                        0                        8
       3                        0                        0
Selected root coding ORFs number: 53
Rejected non-coding ORFs number: 441
Remaining ORFs number: 125
Select coding ORFs from remianing ORFs using Fisher discriminant functions...
Remaining: 99
Process overlapping genes...
Totally predict 83 genes.
Second run of TIS model.
Extract TUI and TUL genes (length >300bp)
TUI genes number: 19
TUL genes number: 35
Compare TUI TIS model with TUL TIS model...
Train TUI TIS model..
Train TUL TIS model..Extrem low percentage for certain TIS.
Will omit the start codon column in the weight
matrix of starts

Lamda > 0: TUL TIS model is similar to TUI TIS model.
Re-train TIS model..Extrem low percentage for certain TIS.
Will omit the start codon column in the weight
matrix of starts
.Extrem low percentage for certain TIS.
Will omit the start codon column in the weight
matrix of starts
.Extrem low percentage for certain TIS.
Will omit the start codon column in the weight
matrix of starts
.Extrem low percentage for certain TIS.
Will omit the start codon column in the weight
matrix of starts
.Extrem low percentage for certain TIS.
Will omit the start codon column in the weight
matrix of starts

Choose final TIS...
Predicted genes have been saved in file: /home3/katelyn/PATRIC/fna/2015874.5.fna.MED
Detailed information for predicted TIS has been saved in /home3/katelyn/PATRIC/fna/2015874.5.fna.MED.para
