Welcome to MED2.0
Genome file is /home3/katelyn/PATRIC/fna/2015804.10.fna
sequence size: 45373
GC%: 0.378375

Number of exactcted ORFs: 396
Select root ORFs and first running of TIS model...
 iteration      Selected as coding    rejected as non-coding
       0                       17                       10
       1                       13                       21
       2                        1                       14
       3                        1                        9
       4                        0                        9
       5                        0                        3
       6                        0                        5
       7                        0                        4
       8                        0                        2
       9                        0                        0
Selected root coding ORFs number: 32
Rejected non-coding ORFs number: 77
Remaining ORFs number: 287

Select coding ORFs from remianing ORFs using a Fisher discriminant function...
Remaining: 257
Process overlapping genes...
Totally predict 95 genes.
Second run of TIS model.
Extract TUI and TUL genes (length >300bp)
TUI genes number: 33
TUL genes number: 14
Compare TUI TIS model with TUL TIS model...
Train TUI TIS model..
Train TUL TIS model..
Lamda > 0: TUL TIS model is similar to TUI TIS model.
Re-train TIS model..
Choose final TIS...
Predicted genes have been saved in file: /home3/katelyn/PATRIC/fna/2015804.10.fna.MED
Detailed information for predicted TIS has been saved in /home3/katelyn/PATRIC/fna/2015804.10.fna.MED.para
