Welcome to MED2.0
Genome file is /home3/katelyn/PATRIC/fna/2015828.5.fna
sequence size: 46854
GC%: 0.587186

Number of exactcted ORFs: 557
Select root ORFs and first running of TIS model...
 iteration      Selected as coding    rejected as non-coding
       0                       45                      106
       1                       15                       51
       2                        9                        9
       3                       13                        1
       4                        8                        0
       5                        5                        0
       6                        1                        0
       7                        0                        0
Selected root coding ORFs number: 96
Rejected non-coding ORFs number: 228
Remaining ORFs number: 233
Select coding ORFs from remianing ORFs using Fisher discriminant functions...
Remaining: 216
Process overlapping genes...
Totally predict 84 genes.
Second run of TIS model.
Extract TUI and TUL genes (length >300bp)
TUI genes number: 31
TUL genes number: 27
Compare TUI TIS model with TUL TIS model...
Train TUI TIS model..
Train TUL TIS model..
Lamda > 0: TUL TIS model is similar to TUI TIS model.
Re-train TIS model...
Choose final TIS...
Predicted genes have been saved in file: /home3/katelyn/PATRIC/fna/2015828.5.fna.MED
Detailed information for predicted TIS has been saved in /home3/katelyn/PATRIC/fna/2015828.5.fna.MED.para
