Welcome to MED2.0
Genome file is /home3/katelyn/PATRIC/fna/2015805.5.fna
sequence size: 132996
GC%: 0.495631

Number of exactcted ORFs: 1482
Select root ORFs and first running of TIS model...
 iteration      Selected as coding    rejected as non-coding
       0                       34                       88
       1                       16                      377
       2                        2                      181
       3                        0                       50
       4                        0                       14
       5                        0                        6
       6                        0                        0
Selected root coding ORFs number: 52
Rejected non-coding ORFs number: 716
Remaining ORFs number: 714

Select coding ORFs from remianing ORFs using a Fisher discriminant function...
Remaining: 464
Process overlapping genes...
Totally predict 267 genes.
Second run of TIS model.
Extract TUI and TUL genes (length >300bp)
TUI genes number: 69
TUL genes number: 52
Compare TUI TIS model with TUL TIS model...
Train TUI TIS model..
Train TUL TIS model..
Lamda > 0: TUL TIS model is similar to TUI TIS model.
Re-train TIS model.......
Choose final TIS...
Predicted genes have been saved in file: /home3/katelyn/PATRIC/fna/2015805.5.fna.MED
Detailed information for predicted TIS has been saved in /home3/katelyn/PATRIC/fna/2015805.5.fna.MED.para
