Welcome to MED2.0
Genome file is /home3/katelyn/PATRIC/fna/2015806.5.fna
sequence size: 133917
GC%: 0.499787

Number of exactcted ORFs: 1448
Select root ORFs and first running of TIS model...
 iteration      Selected as coding    rejected as non-coding
       0                       44                      110
       1                       28                      302
       2                        4                      139
       3                        2                       30
       4                        1                        5
       5                        0                        0
Selected root coding ORFs number: 79
Rejected non-coding ORFs number: 586
Remaining ORFs number: 783

Select coding ORFs from remianing ORFs using a Fisher discriminant function...
Remaining: 446
Process overlapping genes...
Totally predict 250 genes.
Second run of TIS model.
Extract TUI and TUL genes (length >300bp)
TUI genes number: 62
TUL genes number: 62
Compare TUI TIS model with TUL TIS model...
Train TUI TIS model..
Train TUL TIS model..
Lamda > 0: TUL TIS model is similar to TUI TIS model.
Re-train TIS model....
Choose final TIS...
Predicted genes have been saved in file: /home3/katelyn/PATRIC/fna/2015806.5.fna.MED
Detailed information for predicted TIS has been saved in /home3/katelyn/PATRIC/fna/2015806.5.fna.MED.para
