Welcome to MED2.0
Genome file is /home3/katelyn/PATRIC/fna/2015826.5.fna
sequence size: 46673
GC%: 0.586506

Number of exactcted ORFs: 529
Select root ORFs and first running of TIS model...
 iteration      Selected as coding    rejected as non-coding
       0                       45                       82
       1                       11                       46
       2                        8                        9
       3                       10                        1
       4                        9                        0
       5                       12                        0
       6                        4                        0
       7                        0                        0
Selected root coding ORFs number: 99
Rejected non-coding ORFs number: 217
Remaining ORFs number: 213
Select coding ORFs from remianing ORFs using Fisher discriminant functions...
Remaining: 212
Process overlapping genes...
Totally predict 82 genes.
Second run of TIS model.
Extract TUI and TUL genes (length >300bp)
TUI genes number: 34
TUL genes number: 19
Compare TUI TIS model with TUL TIS model...
Train TUI TIS model..
Train TUL TIS model..
Lamda > 0: TUL TIS model is similar to TUI TIS model.
Re-train TIS model..
Choose final TIS...
Predicted genes have been saved in file: /home3/katelyn/PATRIC/fna/2015826.5.fna.MED
Detailed information for predicted TIS has been saved in /home3/katelyn/PATRIC/fna/2015826.5.fna.MED.para
