Welcome to MED2.0
Genome file is /home3/katelyn/PATRIC/fna/2015842.5.fna
sequence size: 50400
GC%: 0.632857

Number of exactcted ORFs: 547
Select root ORFs and first running of TIS model...
 iteration      Selected as coding    rejected as non-coding
       0                       55                      208
       1                        4                       37
       2                        0                        8
       3                        0                        3
       4                        0                        0
Selected root coding ORFs number: 59
Rejected non-coding ORFs number: 293
Remaining ORFs number: 195
Select coding ORFs from remianing ORFs using Fisher discriminant functions...
Remaining: 125
Process overlapping genes...
Totally predict 96 genes.
Second run of TIS model.
Extract TUI and TUL genes (length >300bp)
TUI genes number: 32
TUL genes number: 23
Compare TUI TIS model with TUL TIS model...
Train TUI TIS model..
Train TUL TIS model..
Lamda < 0: TUL TIS model differs from TUI TIS model
Re-train TUI TIS model.....
Re-train TUL TIS model....
Choose final TIS...
Predicted genes have been saved in file: /home3/katelyn/PATRIC/fna/2015842.5.fna.MED
Detailed information for predicted TIS has been saved in /home3/katelyn/PATRIC/fna/2015842.5.fna.MED.para
