Welcome to MED2.0
Genome file is /home3/katelyn/PATRIC/fna/2015835.5.fna
sequence size: 70035
GC%: 0.616934

Number of exactcted ORFs: 817
Select root ORFs and first running of TIS model...
 iteration      Selected as coding    rejected as non-coding
       0                       80                      268
       1                        8                       94
       2                        0                       23
       3                        0                        4
       4                        0                        0
Selected root coding ORFs number: 88
Rejected non-coding ORFs number: 467
Remaining ORFs number: 262
Select coding ORFs from remianing ORFs using Fisher discriminant functions...
Remaining: 176
Process overlapping genes...
Totally predict 116 genes.
Second run of TIS model.
Extract TUI and TUL genes (length >300bp)
TUI genes number: 50
TUL genes number: 32
Compare TUI TIS model with TUL TIS model...
Train TUI TIS model..
Train TUL TIS model..
Lamda < 0: TUL TIS model differs from TUI TIS model
Re-train TUI TIS model....
Re-train TUL TIS model..
Choose final TIS...
Predicted genes have been saved in file: /home3/katelyn/PATRIC/fna/2015835.5.fna.MED
Detailed information for predicted TIS has been saved in /home3/katelyn/PATRIC/fna/2015835.5.fna.MED.para
