Welcome to MED2.0
Genome file is /home3/katelyn/PATRIC/fna/2015850.5.fna
sequence size: 50841
GC%: 0.640133

Number of exactcted ORFs: 541
Select root ORFs and first running of TIS model...
 iteration      Selected as coding    rejected as non-coding
       0                       63                      218
       1                        5                       32
       2                        0                        4
       3                        0                        1
       4                        0                        0
Selected root coding ORFs number: 68
Rejected non-coding ORFs number: 320
Remaining ORFs number: 153
Select coding ORFs from remianing ORFs using Fisher discriminant functions...
Remaining: 124
Process overlapping genes...
Totally predict 88 genes.
Second run of TIS model.
Extract TUI and TUL genes (length >300bp)
TUI genes number: 32
TUL genes number: 24
Compare TUI TIS model with TUL TIS model...
Train TUI TIS model..
Train TUL TIS model..
Lamda > 0: TUL TIS model is similar to TUI TIS model.
Re-train TIS model...
Choose final TIS...
Predicted genes have been saved in file: /home3/katelyn/PATRIC/fna/2015850.5.fna.MED
Detailed information for predicted TIS has been saved in /home3/katelyn/PATRIC/fna/2015850.5.fna.MED.para
