Welcome to MED2.0
Genome file is /home3/katelyn/PATRIC/fna/2015885.5.fna
sequence size: 76075
GC%: 0.592678

Number of exactcted ORFs: 751
Select root ORFs and first running of TIS model...
 iteration      Selected as coding    rejected as non-coding
       0                       79                      149
       1                       22                       69
       2                        4                       15
       3                        0                        3
       4                        0                        1
       5                        0                        0
Selected root coding ORFs number: 105
Rejected non-coding ORFs number: 259
Remaining ORFs number: 387
Select coding ORFs from remianing ORFs using Fisher discriminant functions...
Remaining: 275
Process overlapping genes...
Totally predict 140 genes.
Second run of TIS model.
Extract TUI and TUL genes (length >300bp)
TUI genes number: 49
TUL genes number: 30
Compare TUI TIS model with TUL TIS model...
Train TUI TIS model..
Train TUL TIS model..
Lamda > 0: TUL TIS model is similar to TUI TIS model.
Re-train TIS model..
Choose final TIS...
Predicted genes have been saved in file: /home3/katelyn/PATRIC/fna/2015885.5.fna.MED
Detailed information for predicted TIS has been saved in /home3/katelyn/PATRIC/fna/2015885.5.fna.MED.para
