Welcome to MED2.0
Genome file is /home3/katelyn/PATRIC/fna/2015878.5.fna
sequence size: 72055
GC%: 0.591909

Number of exactcted ORFs: 714
Select root ORFs and first running of TIS model...
 iteration      Selected as coding    rejected as non-coding
       0                       80                      118
       1                       32                       49
       2                        6                       14
       3                        2                        3
       4                        1                        1
       5                        0                        0
Selected root coding ORFs number: 121
Rejected non-coding ORFs number: 199
Remaining ORFs number: 394
Select coding ORFs from remianing ORFs using Fisher discriminant functions...
Remaining: 325
Process overlapping genes...
Totally predict 146 genes.
Second run of TIS model.
Extract TUI and TUL genes (length >300bp)
TUI genes number: 45
TUL genes number: 31
Compare TUI TIS model with TUL TIS model...
Train TUI TIS model..
Train TUL TIS model..
Lamda > 0: TUL TIS model is similar to TUI TIS model.
Re-train TIS model.......
Choose final TIS...
Predicted genes have been saved in file: /home3/katelyn/PATRIC/fna/2015878.5.fna.MED
Detailed information for predicted TIS has been saved in /home3/katelyn/PATRIC/fna/2015878.5.fna.MED.para
