Welcome to MED2.0
Genome file is /home3/katelyn/PATRIC/fna/2016051.7.fna
sequence size: 41608
GC%: 0.393097

Number of exactcted ORFs: 274
Select root ORFs and first running of TIS model...
 iteration      Selected as coding    rejected as non-coding
       0                        9                        5
       1                        4                       11
       2                        0                       21
       3                        0                       26
       4                        0                       18
       5                        0                        5
       6                        0                        3
       7                        0                        3
       8                        0                        3
       9                        0                        0
Selected root coding ORFs number: 13
Rejected non-coding ORFs number: 95
Remaining ORFs number: 166

Select coding ORFs from remianing ORFs using a Fisher discriminant function...
Remaining: 83
Process overlapping genes...
Totally predict 55 genes.
Second run of TIS model.
