Welcome to MED2.0
Genome file is /home3/katelyn/PATRIC/fna/2020879.6.fna
sequence size: 110901
GC%: 0.39162

Number of exactcted ORFs: 822
Select root ORFs and first running of TIS model...
 iteration      Selected as coding    rejected as non-coding
       0                       42                       10
       1                       15                       25
       2                        5                       37
       3                        0                       41
       4                        0                       21
       5                        0                       11
       6                        0                       10
       7                        0                       10
       8                        0                       10
       9                        0                       10
      10                        0                        5
      11                        0                        1
      12                        0                        0
Selected root coding ORFs number: 62
Rejected non-coding ORFs number: 191
Remaining ORFs number: 569

Select coding ORFs from remianing ORFs using a Fisher discriminant function...
Remaining: 345
Process overlapping genes...
Totally predict 206 genes.
Second run of TIS model.
Extract TUI and TUL genes (length >300bp)
TUI genes number: 58
TUL genes number: 44
Compare TUI TIS model with TUL TIS model...
Train TUI TIS model..
Train TUL TIS model..
Lamda > 0: TUL TIS model is similar to TUI TIS model.
Re-train TIS model....
Choose final TIS...
Predicted genes have been saved in file: /home3/katelyn/PATRIC/fna/2020879.6.fna.MED
Detailed information for predicted TIS has been saved in /home3/katelyn/PATRIC/fna/2020879.6.fna.MED.para
