Welcome to MED2.0
Genome file is /home3/katelyn/PATRIC/fna/2022859.5.fna
sequence size: 45385
GC%: 0.432169

Number of exactcted ORFs: 305
Select root ORFs and first running of TIS model...
 iteration      Selected as coding    rejected as non-coding
       0                       10                        7
       1                        3                       26
       2                        0                       41
       3                        0                       28
       4                        0                        8
       5                        0                        6
       6                        0                        4
       7                        0                        0
Selected root coding ORFs number: 13
Rejected non-coding ORFs number: 120
Remaining ORFs number: 172

Select coding ORFs from remianing ORFs using a Fisher discriminant function...
Remaining: 99
Process overlapping genes...
Totally predict 54 genes.
Second run of TIS model.
Extract TUI and TUL genes (length >300bp)
TUI genes number: 31
TUL genes number: 9
Compare TUI TIS model with TUL TIS model...
Train TUI TIS model..
Train TUL TIS model..
Lamda > 0: TUL TIS model is similar to TUI TIS model.
Re-train TIS model...
Choose final TIS...
Predicted genes have been saved in file: /home3/katelyn/PATRIC/fna/2022859.5.fna.MED
Detailed information for predicted TIS has been saved in /home3/katelyn/PATRIC/fna/2022859.5.fna.MED.para
