Welcome to MED2.0
Genome file is /home3/katelyn/PATRIC/fna/2022331.5.fna
sequence size: 42091
GC%: 0.621653

Number of exactcted ORFs: 457
Select root ORFs and first running of TIS model...
 iteration      Selected as coding    rejected as non-coding
       0                       37                      141
       1                       12                       20
       2                        1                        1
       3                        0                        0
Selected root coding ORFs number: 50
Rejected non-coding ORFs number: 173
Remaining ORFs number: 234
Select coding ORFs from remianing ORFs using Fisher discriminant functions...
Remaining: 175
Process overlapping genes...
Totally predict 71 genes.
Second run of TIS model.
Extract TUI and TUL genes (length >300bp)
TUI genes number: 20
TUL genes number: 17
Compare TUI TIS model with TUL TIS model...
Train TUI TIS model..
