Welcome to MED2.0
Genome file is /home3/katelyn/PATRIC/fna/2023950.5.fna
sequence size: 26061
GC%: 0.301255

Number of exactcted ORFs: 158
Select root ORFs and first running of TIS model...
 iteration      Selected as coding    rejected as non-coding
       0                        2                        1
       1                        1                        4
       2                        1                       20
       3                        0                       17
       4                        0                        7
       5                        0                        5
       6                        0                        2
       7                        0                        0
Selected root coding ORFs number: 4
Rejected non-coding ORFs number: 56
Remaining ORFs number: 98

Select coding ORFs from remianing ORFs using a Fisher discriminant function...
Remaining: 63
Process overlapping genes...
Totally predict 47 genes.
Second run of TIS model.
Extract TUI and TUL genes (length >300bp)
TUI genes number: 13
TUL genes number: 7
Compare TUI TIS model with TUL TIS model...
Train TUI TIS model..
Train TUL TIS model..
Lamda > 0: TUL TIS model is similar to TUI TIS model.
Re-train TIS model....
Choose final TIS...
Predicted genes have been saved in file: /home3/katelyn/PATRIC/fna/2023950.5.fna.MED
Detailed information for predicted TIS has been saved in /home3/katelyn/PATRIC/fna/2023950.5.fna.MED.para
