Welcome to MED2.0
Genome file is /home3/katelyn/PATRIC/fna/2023996.5.fna
sequence size: 204930
GC%: 0.411053

Number of exactcted ORFs: 1919
Select root ORFs and first running of TIS model...
 iteration      Selected as coding    rejected as non-coding
       0                       62                       65
       1                       39                      240
       2                       13                      287
       3                        9                      149
       4                        1                       51
       5                        0                       10
       6                        0                        7
       7                        0                        1
       8                        0                        0
Selected root coding ORFs number: 124
Rejected non-coding ORFs number: 810
Remaining ORFs number: 985

Select coding ORFs from remianing ORFs using a Fisher discriminant function...
Remaining: 486
Process overlapping genes...
Totally predict 264 genes.
Second run of TIS model.
Extract TUI and TUL genes (length >300bp)
TUI genes number: 139
TUL genes number: 35
Compare TUI TIS model with TUL TIS model...
Train TUI TIS model..
Train TUL TIS model..
Lamda > 0: TUL TIS model is similar to TUI TIS model.
Re-train TIS model....
Choose final TIS...
Predicted genes have been saved in file: /home3/katelyn/PATRIC/fna/2023996.5.fna.MED
Detailed information for predicted TIS has been saved in /home3/katelyn/PATRIC/fna/2023996.5.fna.MED.para
