Welcome to MED2.0
Genome file is /home3/katelyn/PATRIC/fna/2024006.5.fna
sequence size: 51138
GC%: 0.609156

Number of exactcted ORFs: 524
Select root ORFs and first running of TIS model...
 iteration      Selected as coding    rejected as non-coding
       0                       60                       81
       1                       13                      117
       2                        2                       40
       3                        0                        3
       4                        0                        1
       5                        0                        0
Selected root coding ORFs number: 75
Rejected non-coding ORFs number: 246
Remaining ORFs number: 203
Select coding ORFs from remianing ORFs using Fisher discriminant functions...
Remaining: 122
Process overlapping genes...
Totally predict 81 genes.
Second run of TIS model.
Extract TUI and TUL genes (length >300bp)
TUI genes number: 36
TUL genes number: 15
Compare TUI TIS model with TUL TIS model...
Train TUI TIS model..
Train TUL TIS model..
Lamda > 0: TUL TIS model is similar to TUI TIS model.
Re-train TIS model......
Choose final TIS...
Predicted genes have been saved in file: /home3/katelyn/PATRIC/fna/2024006.5.fna.MED
Detailed information for predicted TIS has been saved in /home3/katelyn/PATRIC/fna/2024006.5.fna.MED.para
