Welcome to MED2.0
Genome file is /home3/katelyn/PATRIC/fna/2024315.5.fna
sequence size: 47647
GC%: 0.443281

Number of exactcted ORFs: 423
Select root ORFs and first running of TIS model...
 iteration      Selected as coding    rejected as non-coding
       0                       15                       17
       1                       10                       32
       2                        4                       27
       3                        0                       14
       4                        0                        5
       5                        0                        1
       6                        0                        0
Selected root coding ORFs number: 29
Rejected non-coding ORFs number: 96
Remaining ORFs number: 298

Select coding ORFs from remianing ORFs using a Fisher discriminant function...
Remaining: 158
Process overlapping genes...
Totally predict 87 genes.
Second run of TIS model.
Extract TUI and TUL genes (length >300bp)
TUI genes number: 31
TUL genes number: 15
Compare TUI TIS model with TUL TIS model...
Train TUI TIS model..
Train TUL TIS model..
Lamda > 0: TUL TIS model is similar to TUI TIS model.
Re-train TIS model...
Choose final TIS...
Predicted genes have been saved in file: /home3/katelyn/PATRIC/fna/2024315.5.fna.MED
Detailed information for predicted TIS has been saved in /home3/katelyn/PATRIC/fna/2024315.5.fna.MED.para
