Welcome to MED2.0
Genome file is /home3/katelyn/PATRIC/fna/2024232.5.fna
sequence size: 160705
GC%: 0.37964

Number of exactcted ORFs: 1138
Select root ORFs and first running of TIS model...
 iteration      Selected as coding    rejected as non-coding
       0                       65                       41
       1                       76                      186
       2                        9                      116
       3                        0                       55
       4                        0                       16
       5                        0                        6
       6                        0                        0
Selected root coding ORFs number: 150
Rejected non-coding ORFs number: 420
Remaining ORFs number: 568

Select coding ORFs from remianing ORFs using a Fisher discriminant function...
Remaining: 420
Process overlapping genes...
Totally predict 294 genes.
Second run of TIS model.
Extract TUI and TUL genes (length >300bp)
TUI genes number: 111
TUL genes number: 42
Compare TUI TIS model with TUL TIS model...
Train TUI TIS model..
Train TUL TIS model..
Lamda > 0: TUL TIS model is similar to TUI TIS model.
Re-train TIS model....
Choose final TIS...
Predicted genes have been saved in file: /home3/katelyn/PATRIC/fna/2024232.5.fna.MED
Detailed information for predicted TIS has been saved in /home3/katelyn/PATRIC/fna/2024232.5.fna.MED.para
