Welcome to MED2.0
Genome file is /home3/katelyn/PATRIC/fna/2024214.5.fna
sequence size: 42425
GC%: 0.499823

Number of exactcted ORFs: 392
Select root ORFs and first running of TIS model...
 iteration      Selected as coding    rejected as non-coding
       0                       11                       16
       1                        6                       50
       2                        1                       45
       3                        0                       16
       4                        0                        2
       5                        0                        0
Selected root coding ORFs number: 18
Rejected non-coding ORFs number: 129
Remaining ORFs number: 245

Select coding ORFs from remianing ORFs using a Fisher discriminant function...
Remaining: 157
Process overlapping genes...
Totally predict 67 genes.
Second run of TIS model.
Extract TUI and TUL genes (length >300bp)
TUI genes number: 22
TUL genes number: 18
Compare TUI TIS model with TUL TIS model...
Train TUI TIS model..
Train TUL TIS model..
Lamda > 0: TUL TIS model is similar to TUI TIS model.
Re-train TIS model...
Choose final TIS...
Predicted genes have been saved in file: /home3/katelyn/PATRIC/fna/2024214.5.fna.MED
Detailed information for predicted TIS has been saved in /home3/katelyn/PATRIC/fna/2024214.5.fna.MED.para
