Welcome to MED2.0
Genome file is /home3/katelyn/PATRIC/fna/2024318.5.fna
sequence size: 88580
GC%: 0.390167

Number of exactcted ORFs: 732
Select root ORFs and first running of TIS model...
 iteration      Selected as coding    rejected as non-coding
       0                       41                        9
       1                       33                       34
       2                        6                       68
       3                        0                       62
       4                        0                       32
       5                        0                       18
       6                        0                        9
       7                        0                        2
       8                        0                        1
       9                        0                        0
Selected root coding ORFs number: 80
Rejected non-coding ORFs number: 235
Remaining ORFs number: 417

Select coding ORFs from remianing ORFs using a Fisher discriminant function...
Remaining: 221
Process overlapping genes...
Totally predict 148 genes.
Second run of TIS model.
Extract TUI and TUL genes (length >300bp)
TUI genes number: 63
TUL genes number: 25
Compare TUI TIS model with TUL TIS model...
Train TUI TIS model..
Train TUL TIS model..
Lamda > 0: TUL TIS model is similar to TUI TIS model.
Re-train TIS model....
Choose final TIS...
Predicted genes have been saved in file: /home3/katelyn/PATRIC/fna/2024318.5.fna.MED
Detailed information for predicted TIS has been saved in /home3/katelyn/PATRIC/fna/2024318.5.fna.MED.para
