Welcome to MED2.0
Genome file is /home3/katelyn/PATRIC/fna/2024277.5.fna
sequence size: 58208
GC%: 0.451261

Number of exactcted ORFs: 545
Select root ORFs and first running of TIS model...
 iteration      Selected as coding    rejected as non-coding
       0                       21                       27
       1                       10                       64
       2                        1                       40
       3                        0                       23
       4                        0                        2
       5                        0                        0
Selected root coding ORFs number: 32
Rejected non-coding ORFs number: 156
Remaining ORFs number: 357

Select coding ORFs from remianing ORFs using a Fisher discriminant function...
Remaining: 255
Process overlapping genes...
Totally predict 102 genes.
Second run of TIS model.
Extract TUI and TUL genes (length >300bp)
TUI genes number: 46
TUL genes number: 15
Compare TUI TIS model with TUL TIS model...
Train TUI TIS model..
Train TUL TIS model..
Lamda < 0: TUL TIS model differs from TUI TIS model
Re-train TUI TIS model.......
Re-train TUL TIS model...
Choose final TIS...
Predicted genes have been saved in file: /home3/katelyn/PATRIC/fna/2024277.5.fna.MED
Detailed information for predicted TIS has been saved in /home3/katelyn/PATRIC/fna/2024277.5.fna.MED.para
