Welcome to MED2.0
Genome file is /home3/katelyn/PATRIC/fna/2024253.5.fna
sequence size: 159983
GC%: 0.380478

Number of exactcted ORFs: 1153
Select root ORFs and first running of TIS model...
 iteration      Selected as coding    rejected as non-coding
       0                       55                       11
       1                       77                       90
       2                       23                      191
       3                        4                       67
       4                        0                       19
       5                        0                        6
       6                        0                        1
       7                        0                        0
Selected root coding ORFs number: 159
Rejected non-coding ORFs number: 385
Remaining ORFs number: 609

Select coding ORFs from remianing ORFs using a Fisher discriminant function...
Remaining: 382
Process overlapping genes...
Totally predict 291 genes.
Second run of TIS model.
Extract TUI and TUL genes (length >300bp)
TUI genes number: 107
TUL genes number: 41
Compare TUI TIS model with TUL TIS model...
Train TUI TIS model..
Train TUL TIS model..
Lamda > 0: TUL TIS model is similar to TUI TIS model.
Re-train TIS model..
Choose final TIS...
Predicted genes have been saved in file: /home3/katelyn/PATRIC/fna/2024253.5.fna.MED
Detailed information for predicted TIS has been saved in /home3/katelyn/PATRIC/fna/2024253.5.fna.MED.para
