Welcome to MED2.0
Genome file is /home3/katelyn/PATRIC/fna/2024543.5.fna
sequence size: 148464
GC%: 0.302235

Number of exactcted ORFs: 781
Select root ORFs and first running of TIS model...
 iteration      Selected as coding    rejected as non-coding
       0                       15                        2
       1                       63                       38
       2                       55                      145
       3                       10                       65
       4                        2                       17
       5                        0                        5
       6                        0                        0
Selected root coding ORFs number: 145
Rejected non-coding ORFs number: 272
Remaining ORFs number: 364

Select coding ORFs from remianing ORFs using a Fisher discriminant function...
Remaining: 340
Process overlapping genes...
Totally predict 244 genes.
Second run of TIS model.
Extract TUI and TUL genes (length >300bp)
TUI genes number: 90
TUL genes number: 58
Compare TUI TIS model with TUL TIS model...
Train TUI TIS model..
Train TUL TIS model..
Lamda > 0: TUL TIS model is similar to TUI TIS model.
Re-train TIS model...
Choose final TIS...
Predicted genes have been saved in file: /home3/katelyn/PATRIC/fna/2024543.5.fna.MED
Detailed information for predicted TIS has been saved in /home3/katelyn/PATRIC/fna/2024543.5.fna.MED.para
