Welcome to MED2.0
Genome file is /home3/katelyn/PATRIC/fna/2024275.5.fna
sequence size: 57401
GC%: 0.452327

Number of exactcted ORFs: 544
Select root ORFs and first running of TIS model...
 iteration      Selected as coding    rejected as non-coding
       0                       19                       33
       1                        7                       73
       2                        1                       39
       3                        0                       15
       4                        0                        5
       5                        0                        0
Selected root coding ORFs number: 27
Rejected non-coding ORFs number: 165
Remaining ORFs number: 352

Select coding ORFs from remianing ORFs using a Fisher discriminant function...
Remaining: 305
Process overlapping genes...
Totally predict 103 genes.
Second run of TIS model.
Extract TUI and TUL genes (length >300bp)
TUI genes number: 41
TUL genes number: 16
Compare TUI TIS model with TUL TIS model...
Train TUI TIS model..
Train TUL TIS model..
Lamda > 0: TUL TIS model is similar to TUI TIS model.
Re-train TIS model.....
Choose final TIS...
Predicted genes have been saved in file: /home3/katelyn/PATRIC/fna/2024275.5.fna.MED
Detailed information for predicted TIS has been saved in /home3/katelyn/PATRIC/fna/2024275.5.fna.MED.para
