Welcome to MED2.0
Genome file is /home3/katelyn/PATRIC/fna/2024289.5.fna
sequence size: 50976
GC%: 0.657917

Number of exactcted ORFs: 474
Select root ORFs and first running of TIS model...
 iteration      Selected as coding    rejected as non-coding
       0                       59                      227
       1                        6                       17
       2                        0                        0
Selected root coding ORFs number: 65
Rejected non-coding ORFs number: 270
Remaining ORFs number: 139
Select coding ORFs from remianing ORFs using Fisher discriminant functions...
Remaining: 108
Process overlapping genes...
Totally predict 75 genes.
Second run of TIS model.
Extract TUI and TUL genes (length >300bp)
TUI genes number: 28
TUL genes number: 28
Compare TUI TIS model with TUL TIS model...
Train TUI TIS model..
Train TUL TIS model..
Lamda < 0: TUL TIS model differs from TUI TIS model
Re-train TUI TIS model....
Re-train TUL TIS model....
Choose final TIS...
Predicted genes have been saved in file: /home3/katelyn/PATRIC/fna/2024289.5.fna.MED
Detailed information for predicted TIS has been saved in /home3/katelyn/PATRIC/fna/2024289.5.fna.MED.para
