Welcome to MED2.0
Genome file is /home3/katelyn/PATRIC/fna/2024233.5.fna
sequence size: 161807
GC%: 0.37884

Number of exactcted ORFs: 1165
Select root ORFs and first running of TIS model...
 iteration      Selected as coding    rejected as non-coding
       0                       38                       30
       1                       72                      188
       2                       16                      126
       3                        4                       58
       4                        0                       28
       5                        0                       11
       6                        0                        0
Selected root coding ORFs number: 130
Rejected non-coding ORFs number: 441
Remaining ORFs number: 594

Select coding ORFs from remianing ORFs using a Fisher discriminant function...
Remaining: 422
Process overlapping genes...
Totally predict 302 genes.
Second run of TIS model.
Extract TUI and TUL genes (length >300bp)
TUI genes number: 109
TUL genes number: 42
Compare TUI TIS model with TUL TIS model...
Train TUI TIS model..
Train TUL TIS model..
Lamda > 0: TUL TIS model is similar to TUI TIS model.
Re-train TIS model..
Choose final TIS...
Predicted genes have been saved in file: /home3/katelyn/PATRIC/fna/2024233.5.fna.MED
Detailed information for predicted TIS has been saved in /home3/katelyn/PATRIC/fna/2024233.5.fna.MED.para
