Welcome to MED2.0
Genome file is /home3/katelyn/PATRIC/fna/2024316.5.fna
sequence size: 87570
GC%: 0.389106

Number of exactcted ORFs: 716
Select root ORFs and first running of TIS model...
 iteration      Selected as coding    rejected as non-coding
       0                       47                        2
       1                       42                       10
       2                        7                       20
       3                        0                       28
       4                        0                       30
       5                        0                       25
       6                        0                       26
       7                        0                       15
       8                        0                        8
       9                        0                        4
      10                        0                        7
      11                        0                        5
      12                        0                        0
Selected root coding ORFs number: 96
Rejected non-coding ORFs number: 180
Remaining ORFs number: 440

Select coding ORFs from remianing ORFs using a Fisher discriminant function...
Remaining: 183
Process overlapping genes...
Totally predict 138 genes.
Second run of TIS model.
Extract TUI and TUL genes (length >300bp)
TUI genes number: 59
TUL genes number: 27
Compare TUI TIS model with TUL TIS model...
Train TUI TIS model..
Train TUL TIS model..
Lamda > 0: TUL TIS model is similar to TUI TIS model.
Re-train TIS model....
Choose final TIS...
Predicted genes have been saved in file: /home3/katelyn/PATRIC/fna/2024316.5.fna.MED
Detailed information for predicted TIS has been saved in /home3/katelyn/PATRIC/fna/2024316.5.fna.MED.para
