Welcome to MED2.0
Genome file is /home3/katelyn/PATRIC/fna/2024278.5.fna
sequence size: 58059
GC%: 0.451489

Number of exactcted ORFs: 545
Select root ORFs and first running of TIS model...
 iteration      Selected as coding    rejected as non-coding
       0                       18                       19
       1                        6                       41
       2                        2                       37
       3                        0                       13
       4                        0                        3
       5                        0                        1
       6                        0                        0
Selected root coding ORFs number: 26
Rejected non-coding ORFs number: 114
Remaining ORFs number: 405

Select coding ORFs from remianing ORFs using a Fisher discriminant function...
Remaining: 313
Process overlapping genes...
Totally predict 98 genes.
Second run of TIS model.
Extract TUI and TUL genes (length >300bp)
TUI genes number: 41
TUL genes number: 21
Compare TUI TIS model with TUL TIS model...
Train TUI TIS model..
Train TUL TIS model..
Lamda > 0: TUL TIS model is similar to TUI TIS model.
Re-train TIS model....
Choose final TIS...
Predicted genes have been saved in file: /home3/katelyn/PATRIC/fna/2024278.5.fna.MED
Detailed information for predicted TIS has been saved in /home3/katelyn/PATRIC/fna/2024278.5.fna.MED.para
