Welcome to MED2.0
Genome file is /home3/katelyn/PATRIC/fna/2024231.5.fna
sequence size: 162449
GC%: 0.387796

Number of exactcted ORFs: 1194
Select root ORFs and first running of TIS model...
 iteration      Selected as coding    rejected as non-coding
       0                       70                       81
       1                       52                      216
       2                       15                      106
       3                        1                       37
       4                        0                       12
       5                        0                        9
       6                        0                        4
       7                        0                        2
       8                        0                        1
       9                        0                        1
      10                        0                        1
      11                        0                        0
Selected root coding ORFs number: 138
Rejected non-coding ORFs number: 470
Remaining ORFs number: 586

Select coding ORFs from remianing ORFs using a Fisher discriminant function...
Remaining: 433
Process overlapping genes...
Totally predict 313 genes.
Second run of TIS model.
Extract TUI and TUL genes (length >300bp)
TUI genes number: 116
TUL genes number: 53
Compare TUI TIS model with TUL TIS model...
Train TUI TIS model..
Train TUL TIS model..
Lamda > 0: TUL TIS model is similar to TUI TIS model.
Re-train TIS model....................
Choose final TIS...
Predicted genes have been saved in file: /home3/katelyn/PATRIC/fna/2024231.5.fna.MED
Detailed information for predicted TIS has been saved in /home3/katelyn/PATRIC/fna/2024231.5.fna.MED.para
