Welcome to MED2.0
Genome file is /home3/katelyn/PATRIC/fna/2024264.5.fna
sequence size: 490380
GC%: 0.370604

Number of exactcted ORFs: 4518
Select root ORFs and first running of TIS model...
 iteration      Selected as coding    rejected as non-coding
       0                      161                      195
       1                      151                      737
       2                       40                      543
       3                        2                      178
       4                        0                       50
       5                        0                       13
       6                        0                        1
       7                        0                        1
       8                        0                        0
Selected root coding ORFs number: 354
Rejected non-coding ORFs number: 1718
Remaining ORFs number: 2446

Select coding ORFs from remianing ORFs using a Fisher discriminant function...
Remaining: 1488
Process overlapping genes...
Totally predict 886 genes.
Second run of TIS model.
Extract TUI and TUL genes (length >300bp)
TUI genes number: 396
TUL genes number: 226
Compare TUI TIS model with TUL TIS model...
Train TUI TIS model..
Train TUL TIS model..
Lamda > 0: TUL TIS model is similar to TUI TIS model.
Re-train TIS model....
Choose final TIS...
Predicted genes have been saved in file: /home3/katelyn/PATRIC/fna/2024264.5.fna.MED
Detailed information for predicted TIS has been saved in /home3/katelyn/PATRIC/fna/2024264.5.fna.MED.para
