Welcome to MED2.0
Genome file is /home3/katelyn/PATRIC/fna/2024287.5.fna
sequence size: 50066
GC%: 0.65929

Number of exactcted ORFs: 465
Select root ORFs and first running of TIS model...
 iteration      Selected as coding    rejected as non-coding
       0                       49                      237
       1                        8                       28
       2                        2                        2
       3                        0                        0
Selected root coding ORFs number: 59
Rejected non-coding ORFs number: 292
Remaining ORFs number: 114
Select coding ORFs from remianing ORFs using Fisher discriminant functions...
Remaining: 93
Process overlapping genes...
Totally predict 71 genes.
Second run of TIS model.
Extract TUI and TUL genes (length >300bp)
TUI genes number: 21
TUL genes number: 34
Compare TUI TIS model with TUL TIS model...
Train TUI TIS model..
Train TUL TIS model..
Lamda > 0: TUL TIS model is similar to TUI TIS model.
Re-train TIS model.....
Choose final TIS...
Predicted genes have been saved in file: /home3/katelyn/PATRIC/fna/2024287.5.fna.MED
Detailed information for predicted TIS has been saved in /home3/katelyn/PATRIC/fna/2024287.5.fna.MED.para
