Welcome to MED2.0
Genome file is /home3/katelyn/PATRIC/fna/2026082.5.fna
sequence size: 162422
GC%: 0.411317

Number of exactcted ORFs: 1640
Select root ORFs and first running of TIS model...
 iteration      Selected as coding    rejected as non-coding
       0                       43                       65
       1                       22                      155
       2                        8                      128
       3                        0                       71
       4                        0                       35
       5                        0                       13
       6                        0                        4
       7                        0                        3
       8                        0                        0
Selected root coding ORFs number: 73
Rejected non-coding ORFs number: 474
Remaining ORFs number: 1093

Select coding ORFs from remianing ORFs using a Fisher discriminant function...
Remaining: 480
Process overlapping genes...
Totally predict 252 genes.
Second run of TIS model.
Extract TUI and TUL genes (length >300bp)
TUI genes number: 102
TUL genes number: 59
Compare TUI TIS model with TUL TIS model...
Train TUI TIS model..
Train TUL TIS model..
Lamda > 0: TUL TIS model is similar to TUI TIS model.
Re-train TIS model....
Choose final TIS...
Predicted genes have been saved in file: /home3/katelyn/PATRIC/fna/2026082.5.fna.MED
Detailed information for predicted TIS has been saved in /home3/katelyn/PATRIC/fna/2026082.5.fna.MED.para
