Welcome to MED2.0
Genome file is /home3/katelyn/PATRIC/fna/2026080.6.fna
sequence size: 235108
GC%: 0.483182

Number of exactcted ORFs: 2112
Select root ORFs and first running of TIS model...
 iteration      Selected as coding    rejected as non-coding
       0                      107                      153
       1                       55                      522
       2                        3                      210
       3                        0                       39
       4                        0                        7
       5                        0                        1
       6                        0                        0
Selected root coding ORFs number: 165
Rejected non-coding ORFs number: 932
Remaining ORFs number: 1015

Select coding ORFs from remianing ORFs using a Fisher discriminant function...
Remaining: 518
Process overlapping genes...
Totally predict 252 genes.
Second run of TIS model.
Extract TUI and TUL genes (length >300bp)
TUI genes number: 106
TUL genes number: 110
Compare TUI TIS model with TUL TIS model...
Train TUI TIS model..
Train TUL TIS model..
Lamda > 0: TUL TIS model is similar to TUI TIS model.
Re-train TIS model....
Choose final TIS...
Predicted genes have been saved in file: /home3/katelyn/PATRIC/fna/2026080.6.fna.MED
Detailed information for predicted TIS has been saved in /home3/katelyn/PATRIC/fna/2026080.6.fna.MED.para
