Welcome to MED2.0
Genome file is /home3/katelyn/PATRIC/fna/2026102.7.fna
sequence size: 58387
GC%: 0.588795

Number of exactcted ORFs: 572
Select root ORFs and first running of TIS model...
 iteration      Selected as coding    rejected as non-coding
       0                       54                      143
       1                        4                       47
       2                        1                        9
       3                        0                        2
       4                        0                        1
       5                        0                        0
Selected root coding ORFs number: 59
Rejected non-coding ORFs number: 282
Remaining ORFs number: 231
Select coding ORFs from remianing ORFs using Fisher discriminant functions...
Remaining: 173
Process overlapping genes...
Totally predict 88 genes.
Second run of TIS model.
Extract TUI and TUL genes (length >300bp)
TUI genes number: 28
TUL genes number: 16
Compare TUI TIS model with TUL TIS model...
Train TUI TIS model..
Train TUL TIS model..
Lamda < 0: TUL TIS model differs from TUI TIS model
Re-train TUI TIS model.....
Re-train TUL TIS model..
Choose final TIS...
Predicted genes have been saved in file: /home3/katelyn/PATRIC/fna/2026102.7.fna.MED
Detailed information for predicted TIS has been saved in /home3/katelyn/PATRIC/fna/2026102.7.fna.MED.para
