Welcome to MED2.0
Genome file is /home3/katelyn/PATRIC/fna/2027884.5.fna
sequence size: 45426
GC%: 0.457403

Number of exactcted ORFs: 460
Select root ORFs and first running of TIS model...
 iteration      Selected as coding    rejected as non-coding
       0                       12                       33
       1                       11                       85
       2                        2                       38
       3                        1                       10
       4                        0                        2
       5                        0                        0
Selected root coding ORFs number: 26
Rejected non-coding ORFs number: 168
Remaining ORFs number: 266

Select coding ORFs from remianing ORFs using a Fisher discriminant function...
Remaining: 246
Process overlapping genes...
Totally predict 66 genes.
Second run of TIS model.
Extract TUI and TUL genes (length >300bp)
TUI genes number: 33
TUL genes number: 9
Compare TUI TIS model with TUL TIS model...
Train TUI TIS model..
Train TUL TIS model..
Lamda > 0: TUL TIS model is similar to TUI TIS model.
Re-train TIS model...
Choose final TIS...
Predicted genes have been saved in file: /home3/katelyn/PATRIC/fna/2027884.5.fna.MED
Detailed information for predicted TIS has been saved in /home3/katelyn/PATRIC/fna/2027884.5.fna.MED.para
