Welcome to MED2.0
Genome file is /home3/katelyn/PATRIC/fna/2027903.5.fna
sequence size: 54513
GC%: 0.616807

Number of exactcted ORFs: 651
Select root ORFs and first running of TIS model...
 iteration      Selected as coding    rejected as non-coding
       0                       52                       83
       1                       25                       44
       2                        5                       11
       3                        0                        0
Selected root coding ORFs number: 82
Rejected non-coding ORFs number: 158
Remaining ORFs number: 411
Select coding ORFs from remianing ORFs using Fisher discriminant functions...
Remaining: 328
Process overlapping genes...
Totally predict 111 genes.
Second run of TIS model.
Extract TUI and TUL genes (length >300bp)
TUI genes number: 29
TUL genes number: 26
Compare TUI TIS model with TUL TIS model...
Train TUI TIS model..
Train TUL TIS model..
Lamda < 0: TUL TIS model differs from TUI TIS model
Re-train TUI TIS model...
Re-train TUL TIS model......
Choose final TIS...
Predicted genes have been saved in file: /home3/katelyn/PATRIC/fna/2027903.5.fna.MED
Detailed information for predicted TIS has been saved in /home3/katelyn/PATRIC/fna/2027903.5.fna.MED.para
