Welcome to MED2.0
Genome file is /home3/katelyn/PATRIC/fna/2029657.5.fna
sequence size: 94005
GC%: 0.654635

Number of exactcted ORFs: 888
Select root ORFs and first running of TIS model...
 iteration      Selected as coding    rejected as non-coding
       0                       92                      392
       1                        7                       58
       2                        0                        3
       3                        0                        0
Selected root coding ORFs number: 99
Rejected non-coding ORFs number: 537
Remaining ORFs number: 252
Select coding ORFs from remianing ORFs using Fisher discriminant functions...
Remaining: 184
Process overlapping genes...
Totally predict 136 genes.
Second run of TIS model.
Extract TUI and TUL genes (length >300bp)
TUI genes number: 44
TUL genes number: 49
Compare TUI TIS model with TUL TIS model...
Train TUI TIS model..
Train TUL TIS model..
Lamda < 0: TUL TIS model differs from TUI TIS model
Re-train TUI TIS model...
Re-train TUL TIS model..
Choose final TIS...
Predicted genes have been saved in file: /home3/katelyn/PATRIC/fna/2029657.5.fna.MED
Detailed information for predicted TIS has been saved in /home3/katelyn/PATRIC/fna/2029657.5.fna.MED.para
