Welcome to MED2.0
Genome file is /home3/katelyn/PATRIC/fna/2041534.5.fna
sequence size: 51374
GC%: 0.638845

Number of exactcted ORFs: 555
Select root ORFs and first running of TIS model...
 iteration      Selected as coding    rejected as non-coding
       0                       62                      216
       1                        6                       23
       2                        0                        3
       3                        0                        1
       4                        0                        0
Selected root coding ORFs number: 68
Rejected non-coding ORFs number: 278
Remaining ORFs number: 209
Select coding ORFs from remianing ORFs using Fisher discriminant functions...
Remaining: 141
Process overlapping genes...
Totally predict 93 genes.
Second run of TIS model.
Extract TUI and TUL genes (length >300bp)
TUI genes number: 33
TUL genes number: 30
Compare TUI TIS model with TUL TIS model...
Train TUI TIS model..
Train TUL TIS model..
Lamda > 0: TUL TIS model is similar to TUI TIS model.
Re-train TIS model.....
Choose final TIS...
Predicted genes have been saved in file: /home3/katelyn/PATRIC/fna/2041534.5.fna.MED
Detailed information for predicted TIS has been saved in /home3/katelyn/PATRIC/fna/2041534.5.fna.MED.para
