Welcome to MED2.0
Genome file is /home3/katelyn/PATRIC/fna/2041561.5.fna
sequence size: 29041
GC%: 0.539754

Number of exactcted ORFs: 300
Select root ORFs and first running of TIS model...
 iteration      Selected as coding    rejected as non-coding
       0                        0                        2
       1                        0                        6
       2                        0                       37
       3                        0                       19
       4                        0                       62
       5                        0                       33
       6                        0                       18
       7                        0                       17
       8                        0                        2
       9                        0                        2
      10                        0                        0
Selected root coding ORFs number: 0
Rejected non-coding ORFs number: 198
Remaining ORFs number: 102

Select coding ORFs from remianing ORFs using a Fisher discriminant function...
Remaining: 1
Process overlapping genes...
Totally predict 1 genes.
Second run of TIS model.
