Welcome to MED2.0
Genome file is /home3/katelyn/PATRIC/fna/2041528.5.fna
sequence size: 57437
GC%: 0.608649

Number of exactcted ORFs: 715
Select root ORFs and first running of TIS model...
 iteration      Selected as coding    rejected as non-coding
       0                       68                      103
       1                       13                       43
       2                        3                       11
       3                        0                        4
       4                        0                        1
       5                        0                        0
Selected root coding ORFs number: 84
Rejected non-coding ORFs number: 219
Remaining ORFs number: 412
Select coding ORFs from remianing ORFs using Fisher discriminant functions...
Remaining: 282
Process overlapping genes...
Totally predict 127 genes.
Second run of TIS model.
Extract TUI and TUL genes (length >300bp)
TUI genes number: 37
TUL genes number: 31
Compare TUI TIS model with TUL TIS model...
Train TUI TIS model..
Train TUL TIS model..
Lamda < 0: TUL TIS model differs from TUI TIS model
Re-train TUI TIS model.....
Re-train TUL TIS model..
Choose final TIS...
Predicted genes have been saved in file: /home3/katelyn/PATRIC/fna/2041528.5.fna.MED
Detailed information for predicted TIS has been saved in /home3/katelyn/PATRIC/fna/2041528.5.fna.MED.para
