Welcome to MED2.0
Genome file is /home3/katelyn/PATRIC/fna/2041519.5.fna
sequence size: 155205
GC%: 0.646609

Number of exactcted ORFs: 1532
Select root ORFs and first running of TIS model...
 iteration      Selected as coding    rejected as non-coding
       0                      162                      599
       1                       11                      120
       2                        0                       16
       3                        0                        1
       4                        0                        0
Selected root coding ORFs number: 173
Rejected non-coding ORFs number: 827
Remaining ORFs number: 532
Select coding ORFs from remianing ORFs using Fisher discriminant functions...
Remaining: 376
Process overlapping genes...
Totally predict 248 genes.
Second run of TIS model.
Extract TUI and TUL genes (length >300bp)
TUI genes number: 73
TUL genes number: 86
Compare TUI TIS model with TUL TIS model...
Train TUI TIS model..
Train TUL TIS model..
Lamda > 0: TUL TIS model is similar to TUI TIS model.
Re-train TIS model....
Choose final TIS...
Predicted genes have been saved in file: /home3/katelyn/PATRIC/fna/2041519.5.fna.MED
Detailed information for predicted TIS has been saved in /home3/katelyn/PATRIC/fna/2041519.5.fna.MED.para
