Welcome to MED2.0
Genome file is /home3/katelyn/PATRIC/fna/2041520.5.fna
sequence size: 154061
GC%: 0.647231

Number of exactcted ORFs: 1543
Select root ORFs and first running of TIS model...
 iteration      Selected as coding    rejected as non-coding
       0                      161                      645
       1                       13                      109
       2                        1                       20
       3                        0                        3
       4                        0                        0
Selected root coding ORFs number: 175
Rejected non-coding ORFs number: 878
Remaining ORFs number: 490
Select coding ORFs from remianing ORFs using Fisher discriminant functions...
Remaining: 361
Process overlapping genes...
Totally predict 241 genes.
Second run of TIS model.
Extract TUI and TUL genes (length >300bp)
TUI genes number: 84
TUL genes number: 76
Compare TUI TIS model with TUL TIS model...
Train TUI TIS model..
Train TUL TIS model..
Lamda > 0: TUL TIS model is similar to TUI TIS model.
Re-train TIS model...
Choose final TIS...
Predicted genes have been saved in file: /home3/katelyn/PATRIC/fna/2041520.5.fna.MED
Detailed information for predicted TIS has been saved in /home3/katelyn/PATRIC/fna/2041520.5.fna.MED.para
