Welcome to MED2.0
Genome file is /home3/katelyn/PATRIC/fna/2041518.5.fna
sequence size: 46732
GC%: 0.674741

Number of exactcted ORFs: 463
Select root ORFs and first running of TIS model...
 iteration      Selected as coding    rejected as non-coding
       0                       39                      166
       1                        7                       38
       2                        0                        3
       3                        0                        0
Selected root coding ORFs number: 46
Rejected non-coding ORFs number: 245
Remaining ORFs number: 172
Select coding ORFs from remianing ORFs using Fisher discriminant functions...
Remaining: 130
Process overlapping genes...
Totally predict 72 genes.
Second run of TIS model.
Extract TUI and TUL genes (length >300bp)
TUI genes number: 26
TUL genes number: 22
Compare TUI TIS model with TUL TIS model...
Train TUI TIS model..
Train TUL TIS model..
Lamda < 0: TUL TIS model differs from TUI TIS model
Re-train TUI TIS model...
Re-train TUL TIS model..
Choose final TIS...
Predicted genes have been saved in file: /home3/katelyn/PATRIC/fna/2041518.5.fna.MED
Detailed information for predicted TIS has been saved in /home3/katelyn/PATRIC/fna/2041518.5.fna.MED.para
