Welcome to MED2.0
Genome file is /home3/katelyn/PATRIC/fna/2041413.5.fna
sequence size: 159323
GC%: 0.36947

Number of exactcted ORFs: 1234
Select root ORFs and first running of TIS model...
 iteration      Selected as coding    rejected as non-coding
       0                       29                        4
       1                       55                       27
       2                       26                       70
       3                        2                       65
       4                        0                       27
       5                        0                       19
       6                        0                       11
       7                        0                        2
       8                        0                        2
       9                        0                        0
Selected root coding ORFs number: 112
Rejected non-coding ORFs number: 227
Remaining ORFs number: 895

Select coding ORFs from remianing ORFs using a Fisher discriminant function...
Remaining: 644
Process overlapping genes...
Totally predict 274 genes.
Second run of TIS model.
Extract TUI and TUL genes (length >300bp)
TUI genes number: 108
TUL genes number: 53
Compare TUI TIS model with TUL TIS model...
Train TUI TIS model..
Train TUL TIS model..
Lamda > 0: TUL TIS model is similar to TUI TIS model.
Re-train TIS model...
Choose final TIS...
Predicted genes have been saved in file: /home3/katelyn/PATRIC/fna/2041413.5.fna.MED
Detailed information for predicted TIS has been saved in /home3/katelyn/PATRIC/fna/2041413.5.fna.MED.para
