Welcome to MED2.0
Genome file is /home3/katelyn/PATRIC/fna/2041206.5.fna
sequence size: 50602
GC%: 0.671199

Number of exactcted ORFs: 465
Select root ORFs and first running of TIS model...
 iteration      Selected as coding    rejected as non-coding
       0                       64                      218
       1                        3                       20
       2                        0                        2
       3                        0                        0
Selected root coding ORFs number: 67
Rejected non-coding ORFs number: 295
Remaining ORFs number: 103
Select coding ORFs from remianing ORFs using Fisher discriminant functions...
Remaining: 103
Process overlapping genes...
Totally predict 82 genes.
Second run of TIS model.
Extract TUI and TUL genes (length >300bp)
TUI genes number: 36
TUL genes number: 23
Compare TUI TIS model with TUL TIS model...
Train TUI TIS model..
Train TUL TIS model..
Lamda < 0: TUL TIS model differs from TUI TIS model
Re-train TUI TIS model....
Re-train TUL TIS model..
Choose final TIS...
Predicted genes have been saved in file: /home3/katelyn/PATRIC/fna/2041206.5.fna.MED
Detailed information for predicted TIS has been saved in /home3/katelyn/PATRIC/fna/2041206.5.fna.MED.para
