Welcome to MED2.0
Genome file is /home3/katelyn/PATRIC/fna/2041530.5.fna
sequence size: 112285
GC%: 0.606332

Number of exactcted ORFs: 1413
Select root ORFs and first running of TIS model...
 iteration      Selected as coding    rejected as non-coding
       0                      182                      256
       1                       45                       71
       2                        6                        6
       3                        1                        3
       4                        0                        0
Selected root coding ORFs number: 234
Rejected non-coding ORFs number: 387
Remaining ORFs number: 792
Select coding ORFs from remianing ORFs using Fisher discriminant functions...
Remaining: 649
Process overlapping genes...
Totally predict 275 genes.
Second run of TIS model.
Extract TUI and TUL genes (length >300bp)
TUI genes number: 80
TUL genes number: 60
Compare TUI TIS model with TUL TIS model...
Train TUI TIS model..
Train TUL TIS model..
Lamda > 0: TUL TIS model is similar to TUI TIS model.
Re-train TIS model......
Choose final TIS...
Predicted genes have been saved in file: /home3/katelyn/PATRIC/fna/2041530.5.fna.MED
Detailed information for predicted TIS has been saved in /home3/katelyn/PATRIC/fna/2041530.5.fna.MED.para
