Welcome to MED2.0
Genome file is /home3/katelyn/PATRIC/fna/2041353.5.fna
sequence size: 57385
GC%: 0.691853

Number of exactcted ORFs: 528
Select root ORFs and first running of TIS model...
 iteration      Selected as coding    rejected as non-coding
       0                       45                      296
       1                        4                       26
       2                        1                        3
       3                        0                        1
       4                        0                        0
Selected root coding ORFs number: 50
Rejected non-coding ORFs number: 352
Remaining ORFs number: 126
Select coding ORFs from remianing ORFs using Fisher discriminant functions...
Remaining: 81
Process overlapping genes...
Totally predict 65 genes.
Second run of TIS model.
Extract TUI and TUL genes (length >300bp)
TUI genes number: 21
TUL genes number: 32
Compare TUI TIS model with TUL TIS model...
Train TUI TIS model..
Train TUL TIS model..
Lamda > 0: TUL TIS model is similar to TUI TIS model.
Re-train TIS model...
Choose final TIS...
Predicted genes have been saved in file: /home3/katelyn/PATRIC/fna/2041353.5.fna.MED
Detailed information for predicted TIS has been saved in /home3/katelyn/PATRIC/fna/2041353.5.fna.MED.para
