Welcome to MED2.0
Genome file is /home3/katelyn/PATRIC/fna/2041454.5.fna
sequence size: 44260
GC%: 0.447808

Number of exactcted ORFs: 445
Select root ORFs and first running of TIS model...
 iteration      Selected as coding    rejected as non-coding
       0                       20                       14
       1                       16                       30
       2                        1                       30
       3                        0                       22
       4                        0                        9
       5                        0                        4
       6                        0                        0
Selected root coding ORFs number: 37
Rejected non-coding ORFs number: 109
Remaining ORFs number: 299

Select coding ORFs from remianing ORFs using a Fisher discriminant function...
Remaining: 210
Process overlapping genes...
Totally predict 74 genes.
Second run of TIS model.
Extract TUI and TUL genes (length >300bp)
TUI genes number: 35
TUL genes number: 11
Compare TUI TIS model with TUL TIS model...
Train TUI TIS model..
Train TUL TIS model..
Lamda > 0: TUL TIS model is similar to TUI TIS model.
Re-train TIS model.....
Choose final TIS...
Predicted genes have been saved in file: /home3/katelyn/PATRIC/fna/2041454.5.fna.MED
Detailed information for predicted TIS has been saved in /home3/katelyn/PATRIC/fna/2041454.5.fna.MED.para
