Welcome to MED2.0
Genome file is /home3/katelyn/PATRIC/fna/2041344.5.fna
sequence size: 70373
GC%: 0.620721

Number of exactcted ORFs: 805
Select root ORFs and first running of TIS model...
 iteration      Selected as coding    rejected as non-coding
       0                       95                      256
       1                        3                       64
       2                        1                       10
       3                        0                        2
       4                        0                        1
       5                        0                        0
Selected root coding ORFs number: 99
Rejected non-coding ORFs number: 441
Remaining ORFs number: 265
Select coding ORFs from remianing ORFs using Fisher discriminant functions...
Remaining: 179
Process overlapping genes...
Totally predict 122 genes.
Second run of TIS model.
Extract TUI and TUL genes (length >300bp)
TUI genes number: 41
TUL genes number: 44
Compare TUI TIS model with TUL TIS model...
Train TUI TIS model..
Train TUL TIS model..
Lamda > 0: TUL TIS model is similar to TUI TIS model.
Re-train TIS model....
Choose final TIS...
Predicted genes have been saved in file: /home3/katelyn/PATRIC/fna/2041344.5.fna.MED
Detailed information for predicted TIS has been saved in /home3/katelyn/PATRIC/fna/2041344.5.fna.MED.para
