Welcome to MED2.0
Genome file is /home3/katelyn/PATRIC/fna/2041547.6.fna
sequence size: 73495
GC%: 0.630342

Number of exactcted ORFs: 842
Select root ORFs and first running of TIS model...
 iteration      Selected as coding    rejected as non-coding
       0                       89                      283
       1                       16                       53
       2                        1                        7
       3                        0                        2
       4                        0                        0
Selected root coding ORFs number: 106
Rejected non-coding ORFs number: 363
Remaining ORFs number: 373
Select coding ORFs from remianing ORFs using Fisher discriminant functions...
Remaining: 300
Process overlapping genes...
Totally predict 155 genes.
Second run of TIS model.
Extract TUI and TUL genes (length >300bp)
TUI genes number: 49
TUL genes number: 44
Compare TUI TIS model with TUL TIS model...
Train TUI TIS model..
Train TUL TIS model..
Lamda > 0: TUL TIS model is similar to TUI TIS model.
Re-train TIS model...
Choose final TIS...
Predicted genes have been saved in file: /home3/katelyn/PATRIC/fna/2041547.6.fna.MED
Detailed information for predicted TIS has been saved in /home3/katelyn/PATRIC/fna/2041547.6.fna.MED.para
