Welcome to MED2.0
Genome file is /home3/katelyn/PATRIC/fna/2041536.5.fna
sequence size: 112329
GC%: 0.607572

Number of exactcted ORFs: 1397
Select root ORFs and first running of TIS model...
 iteration      Selected as coding    rejected as non-coding
       0                      171                      292
       1                       36                       83
       2                       10                        9
       3                        2                        0
       4                        0                        0
Selected root coding ORFs number: 219
Rejected non-coding ORFs number: 475
Remaining ORFs number: 703
Select coding ORFs from remianing ORFs using Fisher discriminant functions...
Remaining: 590
Process overlapping genes...
Totally predict 264 genes.
Second run of TIS model.
Extract TUI and TUL genes (length >300bp)
TUI genes number: 69
TUL genes number: 69
Compare TUI TIS model with TUL TIS model...
Train TUI TIS model..
Train TUL TIS model..
Lamda > 0: TUL TIS model is similar to TUI TIS model.
Re-train TIS model......
Choose final TIS...
Predicted genes have been saved in file: /home3/katelyn/PATRIC/fna/2041536.5.fna.MED
Detailed information for predicted TIS has been saved in /home3/katelyn/PATRIC/fna/2041536.5.fna.MED.para
