Welcome to MED2.0
Genome file is /home3/katelyn/PATRIC/fna/2048005.5.fna
sequence size: 50552
GC%: 0.455847

Number of exactcted ORFs: 476
Select root ORFs and first running of TIS model...
 iteration      Selected as coding    rejected as non-coding
       0                       20                       21
       1                       11                       31
       2                        1                       29
       3                        0                        8
       4                        0                        1
       5                        0                        0
Selected root coding ORFs number: 32
Rejected non-coding ORFs number: 90
Remaining ORFs number: 354

Select coding ORFs from remianing ORFs using a Fisher discriminant function...
Remaining: 154
Process overlapping genes...
Totally predict 86 genes.
Second run of TIS model.
Extract TUI and TUL genes (length >300bp)
TUI genes number: 27
TUL genes number: 26
Compare TUI TIS model with TUL TIS model...
Train TUI TIS model..
Train TUL TIS model..
Lamda > 0: TUL TIS model is similar to TUI TIS model.
Re-train TIS model...
Choose final TIS...
Predicted genes have been saved in file: /home3/katelyn/PATRIC/fna/2048005.5.fna.MED
Detailed information for predicted TIS has been saved in /home3/katelyn/PATRIC/fna/2048005.5.fna.MED.para
