Welcome to MED2.0
Genome file is /home3/katelyn/PATRIC/fna/205877.9.fna
sequence size: 156102
GC%: 0.647698

Number of exactcted ORFs: 1548
Select root ORFs and first running of TIS model...
 iteration      Selected as coding    rejected as non-coding
       0                      169                      615
       1                       15                      121
       2                        1                       19
       3                        0                        3
       4                        0                        0
Selected root coding ORFs number: 185
Rejected non-coding ORFs number: 841
Remaining ORFs number: 522
Select coding ORFs from remianing ORFs using Fisher discriminant functions...
Remaining: 397
Process overlapping genes...
Totally predict 259 genes.
Second run of TIS model.
Extract TUI and TUL genes (length >300bp)
TUI genes number: 79
TUL genes number: 97
Compare TUI TIS model with TUL TIS model...
Train TUI TIS model..
Train TUL TIS model..
Lamda > 0: TUL TIS model is similar to TUI TIS model.
Re-train TIS model...
Choose final TIS...
Predicted genes have been saved in file: /home3/katelyn/PATRIC/fna/205877.9.fna.MED
Detailed information for predicted TIS has been saved in /home3/katelyn/PATRIC/fna/205877.9.fna.MED.para
