Welcome to MED2.0
Genome file is /home3/katelyn/PATRIC/fna/205875.7.fna
sequence size: 69777
GC%: 0.65384

Number of exactcted ORFs: 711
Select root ORFs and first running of TIS model...
 iteration      Selected as coding    rejected as non-coding
       0                       75                      258
       1                       10                       44
       2                        3                       12
       3                        0                        3
       4                        0                        1
       5                        0                        1
       6                        0                        0
Selected root coding ORFs number: 88
Rejected non-coding ORFs number: 366
Remaining ORFs number: 257
Select coding ORFs from remianing ORFs using Fisher discriminant functions...
Remaining: 174
Process overlapping genes...
Totally predict 127 genes.
Second run of TIS model.
Extract TUI and TUL genes (length >300bp)
TUI genes number: 36
TUL genes number: 45
Compare TUI TIS model with TUL TIS model...
Train TUI TIS model..
Train TUL TIS model..
Lamda > 0: TUL TIS model is similar to TUI TIS model.
Re-train TIS model..
Choose final TIS...
Predicted genes have been saved in file: /home3/katelyn/PATRIC/fna/205875.7.fna.MED
Detailed information for predicted TIS has been saved in /home3/katelyn/PATRIC/fna/205875.7.fna.MED.para
