Welcome to MED2.0
Genome file is /home3/katelyn/PATRIC/fna/205870.9.fna
sequence size: 50913
GC%: 0.64184

Number of exactcted ORFs: 551
Select root ORFs and first running of TIS model...
 iteration      Selected as coding    rejected as non-coding
       0                       59                      217
       1                        5                       37
       2                        0                        5
       3                        0                        0
Selected root coding ORFs number: 64
Rejected non-coding ORFs number: 301
Remaining ORFs number: 186
Select coding ORFs from remianing ORFs using Fisher discriminant functions...
Remaining: 128
Process overlapping genes...
Totally predict 93 genes.
Second run of TIS model.
Extract TUI and TUL genes (length >300bp)
TUI genes number: 34
TUL genes number: 24
Compare TUI TIS model with TUL TIS model...
Train TUI TIS model..
Train TUL TIS model..
Lamda < 0: TUL TIS model differs from TUI TIS model
Re-train TUI TIS model...
Re-train TUL TIS model...
Choose final TIS...
Predicted genes have been saved in file: /home3/katelyn/PATRIC/fna/205870.9.fna.MED
Detailed information for predicted TIS has been saved in /home3/katelyn/PATRIC/fna/205870.9.fna.MED.para
