Welcome to MED2.0
Genome file is /home3/katelyn/PATRIC/fna/207597.9.fna
sequence size: 43198
GC%: 0.506389

Number of exactcted ORFs: 473
Select root ORFs and first running of TIS model...
 iteration      Selected as coding    rejected as non-coding
       0                       15                       26
       1                        2                       48
       2                        1                       31
       3                        0                       12
       4                        0                        1
       5                        0                        0
Selected root coding ORFs number: 18
Rejected non-coding ORFs number: 118
Remaining ORFs number: 337

Select coding ORFs from remianing ORFs using a Fisher discriminant function...
Remaining: 281
Process overlapping genes...
Totally predict 83 genes.
Second run of TIS model.
Extract TUI and TUL genes (length >300bp)
TUI genes number: 21
TUL genes number: 20
Compare TUI TIS model with TUL TIS model...
Train TUI TIS model..
Train TUL TIS model..
Lamda < 0: TUL TIS model differs from TUI TIS model
Re-train TUI TIS model...
Re-train TUL TIS model...
Choose final TIS...
Predicted genes have been saved in file: /home3/katelyn/PATRIC/fna/207597.9.fna.MED
Detailed information for predicted TIS has been saved in /home3/katelyn/PATRIC/fna/207597.9.fna.MED.para
