Welcome to MED2.0
Genome file is /home3/katelyn/PATRIC/fna/2115848.4.fna
sequence size: 60030
GC%: 0.43385

Number of exactcted ORFs: 586
Select root ORFs and first running of TIS model...
 iteration      Selected as coding    rejected as non-coding
       0                       16                       11
       1                       12                       18
       2                        4                       32
       3                        1                       33
       4                        0                       13
       5                        0                        6
       6                        0                        7
       7                        0                        6
       8                        0                        2
       9                        0                        1
      10                        0                        0
Selected root coding ORFs number: 33
Rejected non-coding ORFs number: 129
Remaining ORFs number: 424

Select coding ORFs from remianing ORFs using a Fisher discriminant function...
Remaining: 373
Process overlapping genes...
Totally predict 102 genes.
Second run of TIS model.
Extract TUI and TUL genes (length >300bp)
TUI genes number: 48
TUL genes number: 20
Compare TUI TIS model with TUL TIS model...
Train TUI TIS model..
Train TUL TIS model..
Lamda < 0: TUL TIS model differs from TUI TIS model
Re-train TUI TIS model....
Re-train TUL TIS model..
Choose final TIS...
Predicted genes have been saved in file: /home3/katelyn/PATRIC/fna/2115848.4.fna.MED
Detailed information for predicted TIS has been saved in /home3/katelyn/PATRIC/fna/2115848.4.fna.MED.para
