Welcome to MED2.0
Genome file is /home3/katelyn/PATRIC/fna/213777.6.fna
sequence size: 30778
GC%: 0.341445

Number of exactcted ORFs: 229
Select root ORFs and first running of TIS model...
 iteration      Selected as coding    rejected as non-coding
       0                        6                        4
       1                       14                       14
       2                        8                       22
       3                        4                       10
       4                        0                        3
       5                        0                        1
       6                        0                        1
       7                        0                        0
Selected root coding ORFs number: 32
Rejected non-coding ORFs number: 55
Remaining ORFs number: 142

Select coding ORFs from remianing ORFs using a Fisher discriminant function...
Remaining: 112
Process overlapping genes...
Totally predict 63 genes.
Second run of TIS model.
Extract TUI and TUL genes (length >300bp)
TUI genes number: 26
TUL genes number: 9
Compare TUI TIS model with TUL TIS model...
Train TUI TIS model..
Train TUL TIS model..
Lamda > 0: TUL TIS model is similar to TUI TIS model.
Re-train TIS model...
Choose final TIS...
Predicted genes have been saved in file: /home3/katelyn/PATRIC/fna/213777.6.fna.MED
Detailed information for predicted TIS has been saved in /home3/katelyn/PATRIC/fna/213777.6.fna.MED.para
