Welcome to MED2.0
Genome file is /home3/katelyn/PATRIC/fna/227720.9.fna
sequence size: 37555
GC%: 0.483158

Number of exactcted ORFs: 357
Select root ORFs and first running of TIS model...
 iteration      Selected as coding    rejected as non-coding
       0                       11                       20
       1                        2                       60
       2                        0                       56
       3                        0                       20
       4                        0                        8
       5                        0                        4
       6                        0                        1
       7                        0                        0
Selected root coding ORFs number: 13
Rejected non-coding ORFs number: 169
Remaining ORFs number: 175

Select coding ORFs from remianing ORFs using a Fisher discriminant function...
Remaining: 81
Process overlapping genes...
Totally predict 46 genes.
Second run of TIS model.
Extract TUI and TUL genes (length >300bp)
TUI genes number: 15
TUL genes number: 12
Compare TUI TIS model with TUL TIS model...
Train TUI TIS model..
Train TUL TIS model..
Lamda > 0: TUL TIS model is similar to TUI TIS model.
Re-train TIS model...
Choose final TIS...
Predicted genes have been saved in file: /home3/katelyn/PATRIC/fna/227720.9.fna.MED
Detailed information for predicted TIS has been saved in /home3/katelyn/PATRIC/fna/227720.9.fna.MED.para
