Welcome to MED2.0
Genome file is /home3/katelyn/PATRIC/fna/230158.8.fna
sequence size: 43033
GC%: 0.424558

Number of exactcted ORFs: 398
Select root ORFs and first running of TIS model...
 iteration      Selected as coding    rejected as non-coding
       0                       11                       15
       1                        5                       40
       2                        1                       37
       3                        0                       20
       4                        0                        4
       5                        0                        1
       6                        0                        0
Selected root coding ORFs number: 17
Rejected non-coding ORFs number: 117
Remaining ORFs number: 264

Select coding ORFs from remianing ORFs using a Fisher discriminant function...
Remaining: 120
Process overlapping genes...
Totally predict 68 genes.
Second run of TIS model.
Extract TUI and TUL genes (length >300bp)
TUI genes number: 32
TUL genes number: 16
Compare TUI TIS model with TUL TIS model...
Train TUI TIS model..
Train TUL TIS model..
Lamda > 0: TUL TIS model is similar to TUI TIS model.
Re-train TIS model....
Choose final TIS...
Predicted genes have been saved in file: /home3/katelyn/PATRIC/fna/230158.8.fna.MED
Detailed information for predicted TIS has been saved in /home3/katelyn/PATRIC/fna/230158.8.fna.MED.para
