Welcome to MED2.0
Genome file is /home3/katelyn/PATRIC/fna/254397.8.fna
sequence size: 57248
GC%: 0.510533

Number of exactcted ORFs: 626
Select root ORFs and first running of TIS model...
 iteration      Selected as coding    rejected as non-coding
       0                       10                       13
       1                        8                       57
       2                        3                       52
       3                        2                       27
       4                        0                       14
       5                        0                        5
       6                        0                        1
       7                        0                        0
Selected root coding ORFs number: 23
Rejected non-coding ORFs number: 169
Remaining ORFs number: 434

Select coding ORFs from remianing ORFs using a Fisher discriminant function...
Remaining: 449
Process overlapping genes...
Totally predict 116 genes.
Second run of TIS model.
Extract TUI and TUL genes (length >300bp)
TUI genes number: 30
TUL genes number: 29
Compare TUI TIS model with TUL TIS model...
Train TUI TIS model..
Train TUL TIS model..
Lamda < 0: TUL TIS model differs from TUI TIS model
Re-train TUI TIS model...
Re-train TUL TIS model...
Choose final TIS...
Predicted genes have been saved in file: /home3/katelyn/PATRIC/fna/254397.8.fna.MED
Detailed information for predicted TIS has been saved in /home3/katelyn/PATRIC/fna/254397.8.fna.MED.para
