Welcome to MED2.0
Genome file is /home3/katelyn/PATRIC/fna/260372.12.fna
sequence size: 39853
GC%: 0.505583

Number of exactcted ORFs: 431
Select root ORFs and first running of TIS model...
 iteration      Selected as coding    rejected as non-coding
       0                       16                       30
       1                        3                       51
       2                        0                       30
       3                        0                       16
       4                        0                       13
       5                        0                        6
       6                        0                        0
Selected root coding ORFs number: 19
Rejected non-coding ORFs number: 146
Remaining ORFs number: 266

Select coding ORFs from remianing ORFs using a Fisher discriminant function...
Remaining: 128
Process overlapping genes...
Totally predict 52 genes.
Second run of TIS model.
Extract TUI and TUL genes (length >300bp)
TUI genes number: 31
TUL genes number: 9
Compare TUI TIS model with TUL TIS model...
Train TUI TIS model..
Train TUL TIS model..
Lamda > 0: TUL TIS model is similar to TUI TIS model.
Re-train TIS model.....
Choose final TIS...
Predicted genes have been saved in file: /home3/katelyn/PATRIC/fna/260372.12.fna.MED
Detailed information for predicted TIS has been saved in /home3/katelyn/PATRIC/fna/260372.12.fna.MED.para
