Welcome to MED2.0
Genome file is /home3/katelyn/PATRIC/fna/260827.12.fna
sequence size: 39786
GC%: 0.504851

Number of exactcted ORFs: 426
Select root ORFs and first running of TIS model...
 iteration      Selected as coding    rejected as non-coding
       0                       13                       29
       1                        1                       60
       2                        0                       45
       3                        0                       13
       4                        0                        4
       5                        0                        1
       6                        0                        1
       7                        0                        1
       8                        0                        3
       9                        0                        2
      10                        0                        0
Selected root coding ORFs number: 14
Rejected non-coding ORFs number: 159
Remaining ORFs number: 253

Select coding ORFs from remianing ORFs using a Fisher discriminant function...
Remaining: 110
Process overlapping genes...
Totally predict 54 genes.
Second run of TIS model.
Extract TUI and TUL genes (length >300bp)
TUI genes number: 27
TUL genes number: 14
Compare TUI TIS model with TUL TIS model...
Train TUI TIS model..
Train TUL TIS model..
Lamda > 0: TUL TIS model is similar to TUI TIS model.
Re-train TIS model..
Choose final TIS...
Predicted genes have been saved in file: /home3/katelyn/PATRIC/fna/260827.12.fna.MED
Detailed information for predicted TIS has been saved in /home3/katelyn/PATRIC/fna/260827.12.fna.MED.para
