Welcome to MED2.0
Genome file is /home3/katelyn/PATRIC/fna/270182.6.fna
sequence size: 29247
GC%: 0.349779

Number of exactcted ORFs: 208
Select root ORFs and first running of TIS model...
 iteration      Selected as coding    rejected as non-coding
       0                        8                        4
       1                       12                       12
       2                        6                       16
       3                        2                        8
       4                        0                        1
       5                        0                        0
Selected root coding ORFs number: 28
Rejected non-coding ORFs number: 41
Remaining ORFs number: 139

Select coding ORFs from remianing ORFs using a Fisher discriminant function...
Remaining: 116
Process overlapping genes...
Totally predict 60 genes.
Second run of TIS model.
Extract TUI and TUL genes (length >300bp)
TUI genes number: 23
TUL genes number: 6
Compare TUI TIS model with TUL TIS model...
Train TUI TIS model..
Train TUL TIS model..
Lamda < 0: TUL TIS model differs from TUI TIS model
Re-train TUI TIS model...
Re-train TUL TIS model..
Choose final TIS...
Predicted genes have been saved in file: /home3/katelyn/PATRIC/fna/270182.6.fna.MED
Detailed information for predicted TIS has been saved in /home3/katelyn/PATRIC/fna/270182.6.fna.MED.para
