Welcome to MED2.0
Genome file is /home3/katelyn/PATRIC/fna/270673.15.fna
sequence size: 43783
GC%: 0.453646

Number of exactcted ORFs: 303
Select root ORFs and first running of TIS model...
 iteration      Selected as coding    rejected as non-coding
       0                       11                        8
       1                        9                       12
       2                        1                       16
       3                        0                       13
       4                        0                        3
       5                        0                        3
       6                        0                        0
Selected root coding ORFs number: 21
Rejected non-coding ORFs number: 55
Remaining ORFs number: 227

Select coding ORFs from remianing ORFs using a Fisher discriminant function...
Remaining: 145
Process overlapping genes...
Totally predict 58 genes.
Second run of TIS model.
Extract TUI and TUL genes (length >300bp)
TUI genes number: 26
TUL genes number: 16
Compare TUI TIS model with TUL TIS model...
Train TUI TIS model..
Train TUL TIS model..
Lamda > 0: TUL TIS model is similar to TUI TIS model.
Re-train TIS model...
Choose final TIS...
Predicted genes have been saved in file: /home3/katelyn/PATRIC/fna/270673.15.fna.MED
Detailed information for predicted TIS has been saved in /home3/katelyn/PATRIC/fna/270673.15.fna.MED.para
