Welcome to MED2.0
Genome file is /home3/katelyn/PATRIC/fna/279281.9.fna
sequence size: 39166
GC%: 0.445922

Number of exactcted ORFs: 394
Select root ORFs and first running of TIS model...
 iteration      Selected as coding    rejected as non-coding
       0                       11                       10
       1                       14                       10
       2                        1                       16
       3                        0                       19
       4                        0                        9
       5                        0                        5
       6                        0                        1
       7                        0                        1
       8                        0                        1
       9                        0                        0
Selected root coding ORFs number: 26
Rejected non-coding ORFs number: 72
Remaining ORFs number: 296

Select coding ORFs from remianing ORFs using a Fisher discriminant function...
Remaining: 125
Process overlapping genes...
Totally predict 66 genes.
Second run of TIS model.
Extract TUI and TUL genes (length >300bp)
TUI genes number: 29
TUL genes number: 15
Compare TUI TIS model with TUL TIS model...
Train TUI TIS model..
Train TUL TIS model..
Lamda > 0: TUL TIS model is similar to TUI TIS model.
Re-train TIS model.....
Choose final TIS...
Predicted genes have been saved in file: /home3/katelyn/PATRIC/fna/279281.9.fna.MED
Detailed information for predicted TIS has been saved in /home3/katelyn/PATRIC/fna/279281.9.fna.MED.para
