Welcome to MED2.0
Genome file is /home3/katelyn/PATRIC/fna/279303.9.fna
sequence size: 58638
GC%: 0.703878

Number of exactcted ORFs: 474
Select root ORFs and first running of TIS model...
 iteration      Selected as coding    rejected as non-coding
       0                       46                      262
       1                        5                       28
       2                        0                        1
       3                        0                        0
Selected root coding ORFs number: 51
Rejected non-coding ORFs number: 328
Remaining ORFs number: 95
Select coding ORFs from remianing ORFs using Fisher discriminant functions...
Remaining: 84
Process overlapping genes...
Totally predict 72 genes.
Second run of TIS model.
Extract TUI and TUL genes (length >300bp)
TUI genes number: 19
TUL genes number: 38
Compare TUI TIS model with TUL TIS model...
Train TUI TIS model..
Train TUL TIS model..
Lamda < 0: TUL TIS model differs from TUI TIS model
Re-train TUI TIS model..
Re-train TUL TIS model....
Choose final TIS...
Predicted genes have been saved in file: /home3/katelyn/PATRIC/fna/279303.9.fna.MED
Detailed information for predicted TIS has been saved in /home3/katelyn/PATRIC/fna/279303.9.fna.MED.para
