Welcome to MED2.0
Genome file is /home3/katelyn/PATRIC/fna/279530.10.fna
sequence size: 47399
GC%: 0.544526

Number of exactcted ORFs: 581
Select root ORFs and first running of TIS model...
 iteration      Selected as coding    rejected as non-coding
       0                       10                       50
       1                        0                      125
       2                        0                       86
       3                        0                       40
       4                        0                       12
       5                        0                        4
       6                        0                        2
       7                        0                        1
       8                        0                        0
Selected root coding ORFs number: 10
Rejected non-coding ORFs number: 320
Remaining ORFs number: 251

Select coding ORFs from remianing ORFs using a Fisher discriminant function...
Remaining: 249
Process overlapping genes...
Totally predict 73 genes.
Second run of TIS model.
Extract TUI and TUL genes (length >300bp)
TUI genes number: 22
TUL genes number: 26
Compare TUI TIS model with TUL TIS model...
Train TUI TIS model..
Train TUL TIS model..
Lamda > 0: TUL TIS model is similar to TUI TIS model.
Re-train TIS model.....
Choose final TIS...
Predicted genes have been saved in file: /home3/katelyn/PATRIC/fna/279530.10.fna.MED
Detailed information for predicted TIS has been saved in /home3/katelyn/PATRIC/fna/279530.10.fna.MED.para
