Welcome to MED2.0
Genome file is /home3/katelyn/PATRIC/fna/28358.9.fna
sequence size: 42972
GC%: 0.561622

Number of exactcted ORFs: 407
Select root ORFs and first running of TIS model...
 iteration      Selected as coding    rejected as non-coding
       0                       45                       25
       1                       18                       12
       2                        8                        6
       3                        1                        2
       4                        0                        0
Selected root coding ORFs number: 72
Rejected non-coding ORFs number: 61
Remaining ORFs number: 274
Select coding ORFs from remianing ORFs using Fisher discriminant functions...
Remaining: 226
Process overlapping genes...
Totally predict 71 genes.
Second run of TIS model.
Extract TUI and TUL genes (length >300bp)
TUI genes number: 29
TUL genes number: 13
Compare TUI TIS model with TUL TIS model...
Train TUI TIS model..
Train TUL TIS model..
Lamda < 0: TUL TIS model differs from TUI TIS model
Re-train TUI TIS model....
Re-train TUL TIS model...
Choose final TIS...
Predicted genes have been saved in file: /home3/katelyn/PATRIC/fna/28358.9.fna.MED
Detailed information for predicted TIS has been saved in /home3/katelyn/PATRIC/fna/28358.9.fna.MED.para
