Welcome to MED2.0
Genome file is /home3/katelyn/PATRIC/fna/294631.8.fna
sequence size: 36012
GC%: 0.305926

Number of exactcted ORFs: 167
Select root ORFs and first running of TIS model...
 iteration      Selected as coding    rejected as non-coding
       0                        5                        0
       1                        4                        0
       2                        3                        0
       3                        0                        0
Selected root coding ORFs number: 12
Rejected non-coding ORFs number: 0
Remaining ORFs number: 155

Select coding ORFs from remianing ORFs using a Fisher discriminant function...
Remaining: 105
Process overlapping genes...
Totally predict 69 genes.
Second run of TIS model.
Extract TUI and TUL genes (length >300bp)
TUI genes number: 28
TUL genes number: 9
Compare TUI TIS model with TUL TIS model...
Train TUI TIS model..
Train TUL TIS model..
Lamda < 0: TUL TIS model differs from TUI TIS model
Re-train TUI TIS model...
Re-train TUL TIS model..
Choose final TIS...
Predicted genes have been saved in file: /home3/katelyn/PATRIC/fna/294631.8.fna.MED
Detailed information for predicted TIS has been saved in /home3/katelyn/PATRIC/fna/294631.8.fna.MED.para
