Welcome to MED2.0
Genome file is /home3/katelyn/PATRIC/fna/31754.12.fna
sequence size: 40003
GC%: 0.349749

Number of exactcted ORFs: 315
Select root ORFs and first running of TIS model...
 iteration      Selected as coding    rejected as non-coding
       0                        9                        1
       1                       14                        6
       2                        7                       14
       3                        2                        8
       4                        1                       12
       5                        0                        6
       6                        0                        0
Selected root coding ORFs number: 33
Rejected non-coding ORFs number: 47
Remaining ORFs number: 235

Select coding ORFs from remianing ORFs using a Fisher discriminant function...
Remaining: 173
Process overlapping genes...
Totally predict 57 genes.
Second run of TIS model.
Extract TUI and TUL genes (length >300bp)
TUI genes number: 19
TUL genes number: 12
Compare TUI TIS model with TUL TIS model...
Train TUI TIS model..
Train TUL TIS model..
Lamda > 0: TUL TIS model is similar to TUI TIS model.
Re-train TIS model...
Choose final TIS...
Predicted genes have been saved in file: /home3/katelyn/PATRIC/fna/31754.12.fna.MED
Detailed information for predicted TIS has been saved in /home3/katelyn/PATRIC/fna/31754.12.fna.MED.para
