Welcome to MED2.0
Genome file is /home3/katelyn/PATRIC/fna/330396.10.fna
sequence size: 42653
GC%: 0.350995

Number of exactcted ORFs: 325
Select root ORFs and first running of TIS model...
 iteration      Selected as coding    rejected as non-coding
       0                        5                        7
       1                       10                       24
       2                        5                       27
       3                        1                       17
       4                        0                       10
       5                        0                        3
       6                        0                        0
Selected root coding ORFs number: 21
Rejected non-coding ORFs number: 88
Remaining ORFs number: 216

Select coding ORFs from remianing ORFs using a Fisher discriminant function...
Remaining: 181
Process overlapping genes...
Totally predict 76 genes.
Second run of TIS model.
Extract TUI and TUL genes (length >300bp)
TUI genes number: 29
TUL genes number: 13
Compare TUI TIS model with TUL TIS model...
Train TUI TIS model..
Train TUL TIS model..
Lamda > 0: TUL TIS model is similar to TUI TIS model.
Re-train TIS model....
Choose final TIS...
Predicted genes have been saved in file: /home3/katelyn/PATRIC/fna/330396.10.fna.MED
Detailed information for predicted TIS has been saved in /home3/katelyn/PATRIC/fna/330396.10.fna.MED.para
