Welcome to MED2.0
Genome file is /home3/katelyn/PATRIC/fna/331278.8.fna
sequence size: 262391
GC%: 0.324737

Number of exactcted ORFs: 1539
Select root ORFs and first running of TIS model...
 iteration      Selected as coding    rejected as non-coding
       0                       22                       10
       1                       59                      102
       2                       62                      216
       3                       11                      106
       4                        0                       36
       5                        0                       14
       6                        0                        5
       7                        0                        0
Selected root coding ORFs number: 154
Rejected non-coding ORFs number: 489
Remaining ORFs number: 896

Select coding ORFs from remianing ORFs using a Fisher discriminant function...
Remaining: 663
Process overlapping genes...
Totally predict 379 genes.
Second run of TIS model.
Extract TUI and TUL genes (length >300bp)
TUI genes number: 133
TUL genes number: 121
Compare TUI TIS model with TUL TIS model...
Train TUI TIS model..
Train TUL TIS model..
Lamda > 0: TUL TIS model is similar to TUI TIS model.
Re-train TIS model....................
Choose final TIS...
Predicted genes have been saved in file: /home3/katelyn/PATRIC/fna/331278.8.fna.MED
Detailed information for predicted TIS has been saved in /home3/katelyn/PATRIC/fna/331278.8.fna.MED.para
