Welcome to MED2.0
Genome file is /home3/katelyn/PATRIC/fna/341698.8.fna
sequence size: 38893
GC%: 0.381097

Number of exactcted ORFs: 312
Select root ORFs and first running of TIS model...
 iteration      Selected as coding    rejected as non-coding
       0                        7                        2
       1                       20                        5
       2                        8                       12
       3                        0                       14
       4                        0                        6
       5                        0                        3
       6                        0                        0
Selected root coding ORFs number: 35
Rejected non-coding ORFs number: 42
Remaining ORFs number: 235

Select coding ORFs from remianing ORFs using a Fisher discriminant function...
Remaining: 187
Process overlapping genes...
Totally predict 57 genes.
Second run of TIS model.
Extract TUI and TUL genes (length >300bp)
TUI genes number: 31
TUL genes number: 7
Compare TUI TIS model with TUL TIS model...
Train TUI TIS model..
Train TUL TIS model..
Lamda > 0: TUL TIS model is similar to TUI TIS model.
Re-train TIS model...
Choose final TIS...
Predicted genes have been saved in file: /home3/katelyn/PATRIC/fna/341698.8.fna.MED
Detailed information for predicted TIS has been saved in /home3/katelyn/PATRIC/fna/341698.8.fna.MED.para
