Welcome to MED2.0
Genome file is /home3/katelyn/PATRIC/fna/344021.14.fna
sequence size: 39704
GC%: 0.497758

Number of exactcted ORFs: 369
Select root ORFs and first running of TIS model...
 iteration      Selected as coding    rejected as non-coding
       0                       17                       14
       1                        2                       41
       2                        0                       38
       3                        0                       14
       4                        0                        6
       5                        0                        3
       6                        0                        0
Selected root coding ORFs number: 19
Rejected non-coding ORFs number: 116
Remaining ORFs number: 234

Select coding ORFs from remianing ORFs using a Fisher discriminant function...
Remaining: 161
Process overlapping genes...
Totally predict 54 genes.
Second run of TIS model.
Extract TUI and TUL genes (length >300bp)
TUI genes number: 11
TUL genes number: 14
Compare TUI TIS model with TUL TIS model...
Train TUI TIS model..
Train TUL TIS model..
Lamda > 0: TUL TIS model is similar to TUI TIS model.
Re-train TIS model..
Choose final TIS...
Predicted genes have been saved in file: /home3/katelyn/PATRIC/fna/344021.14.fna.MED
Detailed information for predicted TIS has been saved in /home3/katelyn/PATRIC/fna/344021.14.fna.MED.para
