Welcome to MED2.0
Genome file is /home3/katelyn/PATRIC/fna/345922.9.fna
sequence size: 37974
GC%: 0.34945

Number of exactcted ORFs: 268
Select root ORFs and first running of TIS model...
 iteration      Selected as coding    rejected as non-coding
       0                        6                        0
       1                       12                        0
       2                        2                        0
       3                        1                        0
       4                        0                        0
Selected root coding ORFs number: 21
Rejected non-coding ORFs number: 0
Remaining ORFs number: 247

Select coding ORFs from remianing ORFs using a Fisher discriminant function...
Remaining: 132
Process overlapping genes...
Totally predict 61 genes.
Second run of TIS model.
Extract TUI and TUL genes (length >300bp)
TUI genes number: 22
TUL genes number: 9
Compare TUI TIS model with TUL TIS model...
Train TUI TIS model..
Train TUL TIS model..
Lamda > 0: TUL TIS model is similar to TUI TIS model.
Re-train TIS model...
Choose final TIS...
Predicted genes have been saved in file: /home3/katelyn/PATRIC/fna/345922.9.fna.MED
Detailed information for predicted TIS has been saved in /home3/katelyn/PATRIC/fna/345922.9.fna.MED.para
