Welcome to MED2.0
Genome file is /home3/katelyn/PATRIC/fna/347329.10.fna
sequence size: 66015
GC%: 0.549436

Number of exactcted ORFs: 691
Select root ORFs and first running of TIS model...
 iteration      Selected as coding    rejected as non-coding
       0                       16                       71
       1                        3                      131
       2                        0                       66
       3                        0                       11
       4                        0                        3
       5                        0                        1
       6                        0                        0
Selected root coding ORFs number: 19
Rejected non-coding ORFs number: 283
Remaining ORFs number: 389

Select coding ORFs from remianing ORFs using a Fisher discriminant function...
Remaining: 279
Process overlapping genes...
Totally predict 97 genes.
Second run of TIS model.
Extract TUI and TUL genes (length >300bp)
TUI genes number: 25
TUL genes number: 41
Compare TUI TIS model with TUL TIS model...
Train TUI TIS model..
Train TUL TIS model..
Lamda > 0: TUL TIS model is similar to TUI TIS model.
Re-train TIS model...........
Choose final TIS...
Predicted genes have been saved in file: /home3/katelyn/PATRIC/fna/347329.10.fna.MED
Detailed information for predicted TIS has been saved in /home3/katelyn/PATRIC/fna/347329.10.fna.MED.para
