Welcome to MED2.0
Genome file is /home3/katelyn/PATRIC/fna/347330.5.fna
sequence size: 266743
GC%: 0.369333

Number of exactcted ORFs: 1831
Select root ORFs and first running of TIS model...
 iteration      Selected as coding    rejected as non-coding
       0                       88                       33
       1                       95                      116
       2                       23                      149
       3                        3                       92
       4                        0                       59
       5                        0                       45
       6                        0                       27
       7                        0                       20
       8                        0                       11
       9                        0                        7
      10                        0                        3
      11                        0                        2
      12                        0                        0
Selected root coding ORFs number: 209
Rejected non-coding ORFs number: 564
Remaining ORFs number: 1058

Select coding ORFs from remianing ORFs using a Fisher discriminant function...
Remaining: 650
Process overlapping genes...
Totally predict 366 genes.
Second run of TIS model.
Extract TUI and TUL genes (length >300bp)
TUI genes number: 144
TUL genes number: 125
Compare TUI TIS model with TUL TIS model...
Train TUI TIS model..
Train TUL TIS model..
Lamda > 0: TUL TIS model is similar to TUI TIS model.
Re-train TIS model...
Choose final TIS...
Predicted genes have been saved in file: /home3/katelyn/PATRIC/fna/347330.5.fna.MED
Detailed information for predicted TIS has been saved in /home3/katelyn/PATRIC/fna/347330.5.fna.MED.para
