Welcome to MED2.0
Genome file is /home3/katelyn/PATRIC/fna/363555.9.fna
sequence size: 38239
GC%: 0.368969

Number of exactcted ORFs: 264
Select root ORFs and first running of TIS model...
 iteration      Selected as coding    rejected as non-coding
       0                       11                        4
       1                        7                        7
       2                        4                        6
       3                        1                        4
       4                        0                        1
       5                        0                        1
       6                        0                        3
       7                        0                        4
       8                        0                        4
       9                        0                        1
      10                        0                        0
Selected root coding ORFs number: 23
Rejected non-coding ORFs number: 35
Remaining ORFs number: 206

Select coding ORFs from remianing ORFs using a Fisher discriminant function...
Remaining: 141
Process overlapping genes...
Totally predict 68 genes.
Second run of TIS model.
Extract TUI and TUL genes (length >300bp)
TUI genes number: 33
TUL genes number: 12
Compare TUI TIS model with TUL TIS model...
Train TUI TIS model..
Train TUL TIS model..
Lamda > 0: TUL TIS model is similar to TUI TIS model.
Re-train TIS model..
Choose final TIS...
Predicted genes have been saved in file: /home3/katelyn/PATRIC/fna/363555.9.fna.MED
Detailed information for predicted TIS has been saved in /home3/katelyn/PATRIC/fna/363555.9.fna.MED.para
