Welcome to MED2.0
Genome file is /home3/katelyn/PATRIC/fna/369257.10.fna
sequence size: 38564
GC%: 0.471891

Number of exactcted ORFs: 349
Select root ORFs and first running of TIS model...
 iteration      Selected as coding    rejected as non-coding
       0                       16                       19
       1                        6                       36
       2                        0                       39
       3                        0                       23
       4                        0                        7
       5                        0                        2
       6                        0                        2
       7                        0                        1
       8                        0                        0
Selected root coding ORFs number: 22
Rejected non-coding ORFs number: 129
Remaining ORFs number: 198

Select coding ORFs from remianing ORFs using a Fisher discriminant function...
Remaining: 206
Process overlapping genes...
Totally predict 53 genes.
Second run of TIS model.
Extract TUI and TUL genes (length >300bp)
TUI genes number: 15
TUL genes number: 11
Compare TUI TIS model with TUL TIS model...
Train TUI TIS model..
Train TUL TIS model..
Lamda > 0: TUL TIS model is similar to TUI TIS model.
Re-train TIS model..
Choose final TIS...
Predicted genes have been saved in file: /home3/katelyn/PATRIC/fna/369257.10.fna.MED
Detailed information for predicted TIS has been saved in /home3/katelyn/PATRIC/fna/369257.10.fna.MED.para
