Welcome to MED2.0
Genome file is /home3/katelyn/PATRIC/fna/37105.8.fna
sequence size: 49433
GC%: 0.442457

Number of exactcted ORFs: 473
Select root ORFs and first running of TIS model...
 iteration      Selected as coding    rejected as non-coding
       0                       15                        8
       1                       10                       24
       2                        3                       28
       3                        1                       14
       4                        0                        5
       5                        0                        1
       6                        0                        0
Selected root coding ORFs number: 29
Rejected non-coding ORFs number: 80
Remaining ORFs number: 364

Select coding ORFs from remianing ORFs using a Fisher discriminant function...
Remaining: 269
Process overlapping genes...
Totally predict 94 genes.
Second run of TIS model.
Extract TUI and TUL genes (length >300bp)
TUI genes number: 29
TUL genes number: 15
Compare TUI TIS model with TUL TIS model...
Train TUI TIS model..
Train TUL TIS model..
Lamda > 0: TUL TIS model is similar to TUI TIS model.
Re-train TIS model...
Choose final TIS...
Predicted genes have been saved in file: /home3/katelyn/PATRIC/fna/37105.8.fna.MED
Detailed information for predicted TIS has been saved in /home3/katelyn/PATRIC/fna/37105.8.fna.MED.para
