Welcome to MED2.0
Genome file is /home3/katelyn/PATRIC/fna/372457.10.fna
sequence size: 31147
GC%: 0.392108

Number of exactcted ORFs: 237
Select root ORFs and first running of TIS model...
 iteration      Selected as coding    rejected as non-coding
       0                        1                        1
       1                        0                        1
       2                        0                       10
       3                        0                       14
       4                        0                       17
       5                        0                       16
       6                        0                        7
       7                        0                        2
       8                        0                        0
Selected root coding ORFs number: 1
Rejected non-coding ORFs number: 68
Remaining ORFs number: 168

Select coding ORFs from remianing ORFs using a Fisher discriminant function...
Remaining: 109
Process overlapping genes...
Totally predict 42 genes.
Second run of TIS model.
Extract TUI and TUL genes (length >300bp)
TUI genes number: 22
TUL genes number: 6
Compare TUI TIS model with TUL TIS model...
Train TUI TIS model..
Train TUL TIS model..
Lamda > 0: TUL TIS model is similar to TUI TIS model.
Re-train TIS model..
Choose final TIS...
Predicted genes have been saved in file: /home3/katelyn/PATRIC/fna/372457.10.fna.MED
Detailed information for predicted TIS has been saved in /home3/katelyn/PATRIC/fna/372457.10.fna.MED.para
