Welcome to MED2.0
Genome file is /home3/katelyn/PATRIC/fna/373126.11.fna
sequence size: 52162
GC%: 0.508263

Number of exactcted ORFs: 542
Select root ORFs and first running of TIS model...
 iteration      Selected as coding    rejected as non-coding
       0                        2                       33
       1                        1                      104
       2                        0                       50
       3                        0                       14
       4                        0                        1
       5                        0                        0
Selected root coding ORFs number: 3
Rejected non-coding ORFs number: 202
Remaining ORFs number: 337

Select coding ORFs from remianing ORFs using a Fisher discriminant function...
Remaining: 276
Process overlapping genes...
Totally predict 87 genes.
Second run of TIS model.
Extract TUI and TUL genes (length >300bp)
TUI genes number: 26
TUL genes number: 24
Compare TUI TIS model with TUL TIS model...
Train TUI TIS model..
Train TUL TIS model..
Lamda < 0: TUL TIS model differs from TUI TIS model
Re-train TUI TIS model...
Re-train TUL TIS model...
Choose final TIS...
Predicted genes have been saved in file: /home3/katelyn/PATRIC/fna/373126.11.fna.MED
Detailed information for predicted TIS has been saved in /home3/katelyn/PATRIC/fna/373126.11.fna.MED.para
