Welcome to MED2.0
Genome file is /home3/katelyn/PATRIC/fna/373404.9.fna
sequence size: 153766
GC%: 0.647354

Number of exactcted ORFs: 1520
Select root ORFs and first running of TIS model...
 iteration      Selected as coding    rejected as non-coding
       0                      167                      610
       1                        9                      108
       2                        2                       14
       3                        0                        4
       4                        0                        0
Selected root coding ORFs number: 178
Rejected non-coding ORFs number: 837
Remaining ORFs number: 505
Select coding ORFs from remianing ORFs using Fisher discriminant functions...
Remaining: 367
Process overlapping genes...
Totally predict 245 genes.
Second run of TIS model.
Extract TUI and TUL genes (length >300bp)
TUI genes number: 73
TUL genes number: 86
Compare TUI TIS model with TUL TIS model...
Train TUI TIS model..
Train TUL TIS model..
Lamda > 0: TUL TIS model is similar to TUI TIS model.
Re-train TIS model.......
Choose final TIS...
Predicted genes have been saved in file: /home3/katelyn/PATRIC/fna/373404.9.fna.MED
Detailed information for predicted TIS has been saved in /home3/katelyn/PATRIC/fna/373404.9.fna.MED.para
