Welcome to MED2.0
Genome file is /home3/katelyn/PATRIC/fna/374527.6.fna
sequence size: 35992
GC%: 0.359886

Number of exactcted ORFs: 287
Select root ORFs and first running of TIS model...
 iteration      Selected as coding    rejected as non-coding
       0                        2                        2
       1                        2                       13
       2                        1                       30
       3                        0                       18
       4                        0                       14
       5                        0                        9
       6                        0                        2
       7                        0                        1
       8                        0                        0
Selected root coding ORFs number: 5
Rejected non-coding ORFs number: 89
Remaining ORFs number: 193

Select coding ORFs from remianing ORFs using a Fisher discriminant function...
Remaining: 96
Process overlapping genes...
Totally predict 55 genes.
Second run of TIS model.
Extract TUI and TUL genes (length >300bp)
TUI genes number: 25
TUL genes number: 12
Compare TUI TIS model with TUL TIS model...
Train TUI TIS model..
Train TUL TIS model..
Lamda > 0: TUL TIS model is similar to TUI TIS model.
Re-train TIS model...
Choose final TIS...
Predicted genes have been saved in file: /home3/katelyn/PATRIC/fna/374527.6.fna.MED
Detailed information for predicted TIS has been saved in /home3/katelyn/PATRIC/fna/374527.6.fna.MED.para
