Welcome to MED2.0
Genome file is /home3/katelyn/PATRIC/fna/382275.5.fna
sequence size: 47039
GC%: 0.391866

Number of exactcted ORFs: 317
Select root ORFs and first running of TIS model...
 iteration      Selected as coding    rejected as non-coding
       0                        9                        2
       1                        5                        0
       2                        2                        0
       3                        0                        0
Selected root coding ORFs number: 16
Rejected non-coding ORFs number: 2
Remaining ORFs number: 299

Select coding ORFs from remianing ORFs using a Fisher discriminant function...
Remaining: 213
Process overlapping genes...
Totally predict 73 genes.
Second run of TIS model.
Extract TUI and TUL genes (length >300bp)
TUI genes number: 33
TUL genes number: 9
Compare TUI TIS model with TUL TIS model...
Train TUI TIS model..
Train TUL TIS model..
Lamda > 0: TUL TIS model is similar to TUI TIS model.
Re-train TIS model....
Choose final TIS...
Predicted genes have been saved in file: /home3/katelyn/PATRIC/fna/382275.5.fna.MED
Detailed information for predicted TIS has been saved in /home3/katelyn/PATRIC/fna/382275.5.fna.MED.para
