Welcome to MED2.0
Genome file is /home3/katelyn/PATRIC/fna/384360.9.fna
sequence size: 6662
GC%: 0.626088

Number of exactcted ORFs: 77
Select root ORFs and first running of TIS model...
 iteration      Selected as coding    rejected as non-coding
Extrem low percentage for certain TIS.
Will omit the start codon column in the weight
matrix of starts
       0                        3                       10
Extrem low percentage for certain TIS.
Will omit the start codon column in the weight
matrix of starts
       1                        1                        3
Extrem low percentage for certain TIS.
Will omit the start codon column in the weight
matrix of starts
       2                        1                        2
Extrem low percentage for certain TIS.
Will omit the start codon column in the weight
matrix of starts
       3                        0                        2
Extrem low percentage for certain TIS.
Will omit the start codon column in the weight
matrix of starts
       4                        0                        0
Extrem low percentage for certain TIS.
Will omit the start codon column in the weight
matrix of starts
Selected root coding ORFs number: 5
Rejected non-coding ORFs number: 62
Remaining ORFs number: 10
Select coding ORFs from remianing ORFs using Fisher discriminant functions...
Remaining: 6
Process overlapping genes...
Totally predict 6 genes.
Second run of TIS model.
