Welcome to MED2.0
Genome file is /home3/katelyn/PATRIC/fna/387909.17.fna
sequence size: 44061
GC%: 0.329929

Number of exactcted ORFs: 317
Select root ORFs and first running of TIS model...
 iteration      Selected as coding    rejected as non-coding
       0                        4                        3
       1                       10                       17
       2                        2                       38
       3                        2                       24
       4                        0                        9
       5                        0                        5
       6                        0                        2
       7                        0                        0
Selected root coding ORFs number: 18
Rejected non-coding ORFs number: 98
Remaining ORFs number: 201

Select coding ORFs from remianing ORFs using a Fisher discriminant function...
Remaining: 130
Process overlapping genes...
Totally predict 79 genes.
Second run of TIS model.
Extract TUI and TUL genes (length >300bp)
TUI genes number: 25
TUL genes number: 15
Compare TUI TIS model with TUL TIS model...
Train TUI TIS model..
Train TUL TIS model..
Lamda > 0: TUL TIS model is similar to TUI TIS model.
Re-train TIS model....
Choose final TIS...
Predicted genes have been saved in file: /home3/katelyn/PATRIC/fna/387909.17.fna.MED
Detailed information for predicted TIS has been saved in /home3/katelyn/PATRIC/fna/387909.17.fna.MED.para
