Welcome to MED2.0
Genome file is /home3/katelyn/PATRIC/fna/407392.11.fna
sequence size: 152372
GC%: 0.32586

Number of exactcted ORFs: 928
Select root ORFs and first running of TIS model...
 iteration      Selected as coding    rejected as non-coding
       0                       12                        6
       1                       56                       49
       2                       47                      100
       3                       15                       58
       4                        3                       22
       5                        0                        8
       6                        0                        3
       7                        0                        1
       8                        0                        0
Selected root coding ORFs number: 133
Rejected non-coding ORFs number: 247
Remaining ORFs number: 548

Select coding ORFs from remianing ORFs using a Fisher discriminant function...
Remaining: 281
Process overlapping genes...
Totally predict 179 genes.
Second run of TIS model.
Extract TUI and TUL genes (length >300bp)
TUI genes number: 105
TUL genes number: 40
Compare TUI TIS model with TUL TIS model...
Train TUI TIS model..
Train TUL TIS model..
Lamda > 0: TUL TIS model is similar to TUI TIS model.
Re-train TIS model......
Choose final TIS...
Predicted genes have been saved in file: /home3/katelyn/PATRIC/fna/407392.11.fna.MED
Detailed information for predicted TIS has been saved in /home3/katelyn/PATRIC/fna/407392.11.fna.MED.para
