Welcome to MED2.0
Genome file is /home3/katelyn/PATRIC/fna/414970.9.fna
sequence size: 47021
GC%: 0.491164

Number of exactcted ORFs: 469
Select root ORFs and first running of TIS model...
 iteration      Selected as coding    rejected as non-coding
       0                        4                       12
       1                        1                       28
       2                        1                       25
       3                        0                       17
       4                        0                        8
       5                        0                        2
       6                        0                        0
Selected root coding ORFs number: 6
Rejected non-coding ORFs number: 92
Remaining ORFs number: 371

Select coding ORFs from remianing ORFs using a Fisher discriminant function...
Remaining: 360
Process overlapping genes...
Totally predict 80 genes.
Second run of TIS model.
Extract TUI and TUL genes (length >300bp)
TUI genes number: 27
TUL genes number: 19
Compare TUI TIS model with TUL TIS model...
Train TUI TIS model..
Train TUL TIS model..
Lamda > 0: TUL TIS model is similar to TUI TIS model.
Re-train TIS model....
Choose final TIS...
Predicted genes have been saved in file: /home3/katelyn/PATRIC/fna/414970.9.fna.MED
Detailed information for predicted TIS has been saved in /home3/katelyn/PATRIC/fna/414970.9.fna.MED.para
