Welcome to MED2.0
Genome file is /home3/katelyn/PATRIC/fna/430796.22.fna
sequence size: 47342
GC%: 0.330425

Number of exactcted ORFs: 305
Select root ORFs and first running of TIS model...
 iteration      Selected as coding    rejected as non-coding
       0                        6                        1
       1                        7                        8
       2                        4                       24
       3                        1                       38
       4                        0                       22
       5                        0                       10
       6                        0                        6
       7                        0                        7
       8                        0                        1
       9                        0                        1
      10                        0                        1
      11                        0                        1
      12                        0                        0
Selected root coding ORFs number: 18
Rejected non-coding ORFs number: 120
Remaining ORFs number: 167

Select coding ORFs from remianing ORFs using a Fisher discriminant function...
Remaining: 101
Process overlapping genes...
Totally predict 66 genes.
Second run of TIS model.
Extract TUI and TUL genes (length >300bp)
TUI genes number: 24
TUL genes number: 15
Compare TUI TIS model with TUL TIS model...
Train TUI TIS model..
Train TUL TIS model..
Lamda > 0: TUL TIS model is similar to TUI TIS model.
Re-train TIS model...
Choose final TIS...
Predicted genes have been saved in file: /home3/katelyn/PATRIC/fna/430796.22.fna.MED
Detailed information for predicted TIS has been saved in /home3/katelyn/PATRIC/fna/430796.22.fna.MED.para
