Welcome to MED2.0
Genome file is /home3/katelyn/PATRIC/fna/439809.9.fna
sequence size: 58692
GC%: 0.617392

Number of exactcted ORFs: 708
Select root ORFs and first running of TIS model...
 iteration      Selected as coding    rejected as non-coding
       0                       61                      101
       1                       24                       51
       2                        4                       12
       3                        3                        1
       4                        1                        0
       5                        0                        0
Selected root coding ORFs number: 93
Rejected non-coding ORFs number: 196
Remaining ORFs number: 419
Select coding ORFs from remianing ORFs using Fisher discriminant functions...
Remaining: 337
Process overlapping genes...
Totally predict 121 genes.
Second run of TIS model.
Extract TUI and TUL genes (length >300bp)
TUI genes number: 34
TUL genes number: 36
Compare TUI TIS model with TUL TIS model...
Train TUI TIS model..
Train TUL TIS model..
Lamda > 0: TUL TIS model is similar to TUI TIS model.
Re-train TIS model.......
Choose final TIS...
Predicted genes have been saved in file: /home3/katelyn/PATRIC/fna/439809.9.fna.MED
Detailed information for predicted TIS has been saved in /home3/katelyn/PATRIC/fna/439809.9.fna.MED.para
