Welcome to MED2.0
Genome file is /home3/katelyn/PATRIC/fna/444861.11.fna
sequence size: 191195
GC%: 0.406166

Number of exactcted ORFs: 1702
Select root ORFs and first running of TIS model...
 iteration      Selected as coding    rejected as non-coding
       0                       38                       57
       1                       46                      229
       2                        5                      274
       3                        1                      119
       4                        1                       57
       5                        0                       21
       6                        0                        5
       7                        0                        3
       8                        0                        4
       9                        0                        2
      10                        0                        1
      11                        0                        0
Selected root coding ORFs number: 91
Rejected non-coding ORFs number: 772
Remaining ORFs number: 839

Select coding ORFs from remianing ORFs using a Fisher discriminant function...
Remaining: 434
Process overlapping genes...
Totally predict 232 genes.
Second run of TIS model.
Extract TUI and TUL genes (length >300bp)
TUI genes number: 100
TUL genes number: 33
Compare TUI TIS model with TUL TIS model...
Train TUI TIS model..
Train TUL TIS model..
Lamda > 0: TUL TIS model is similar to TUI TIS model.
Re-train TIS model..
Choose final TIS...
Predicted genes have been saved in file: /home3/katelyn/PATRIC/fna/444861.11.fna.MED
Detailed information for predicted TIS has been saved in /home3/katelyn/PATRIC/fna/444861.11.fna.MED.para
