Welcome to MED2.0
Genome file is /home3/katelyn/PATRIC/fna/444862.11.fna
sequence size: 176428
GC%: 0.376443

Number of exactcted ORFs: 1408
Select root ORFs and first running of TIS model...
 iteration      Selected as coding    rejected as non-coding
       0                       38                        7
       1                       50                       31
       2                       22                      100
       3                        3                      176
       4                        2                      131
       5                        0                       47
       6                        0                       13
       7                        0                        2
       8                        0                        2
       9                        0                        1
      10                        0                        2
      11                        0                        0
Selected root coding ORFs number: 115
Rejected non-coding ORFs number: 512
Remaining ORFs number: 781

Select coding ORFs from remianing ORFs using a Fisher discriminant function...
Remaining: 610
Process overlapping genes...
Totally predict 248 genes.
Second run of TIS model.
Extract TUI and TUL genes (length >300bp)
TUI genes number: 101
TUL genes number: 32
Compare TUI TIS model with TUL TIS model...
Train TUI TIS model..
Train TUL TIS model..
Lamda > 0: TUL TIS model is similar to TUI TIS model.
Re-train TIS model...
Choose final TIS...
Predicted genes have been saved in file: /home3/katelyn/PATRIC/fna/444862.11.fna.MED
Detailed information for predicted TIS has been saved in /home3/katelyn/PATRIC/fna/444862.11.fna.MED.para
