Welcome to MED2.0
Genome file is /home3/katelyn/PATRIC/fna/444859.11.fna
sequence size: 174079
GC%: 0.411376

Number of exactcted ORFs: 1608
Select root ORFs and first running of TIS model...
 iteration      Selected as coding    rejected as non-coding
       0                       24                       44
       1                       26                      322
       2                       28                      293
       3                        9                       79
       4                        0                       14
       5                        0                        1
       6                        0                        0
Selected root coding ORFs number: 87
Rejected non-coding ORFs number: 753
Remaining ORFs number: 768

Select coding ORFs from remianing ORFs using a Fisher discriminant function...
Remaining: 461
Process overlapping genes...
Totally predict 234 genes.
Second run of TIS model.
Extract TUI and TUL genes (length >300bp)
TUI genes number: 105
TUL genes number: 29
Compare TUI TIS model with TUL TIS model...
Train TUI TIS model..
Train TUL TIS model..
Lamda > 0: TUL TIS model is similar to TUI TIS model.
Re-train TIS model...
Choose final TIS...
Predicted genes have been saved in file: /home3/katelyn/PATRIC/fna/444859.11.fna.MED
Detailed information for predicted TIS has been saved in /home3/katelyn/PATRIC/fna/444859.11.fna.MED.para
