Welcome to MED2.0
Genome file is /home3/katelyn/PATRIC/fna/445693.9.fna
sequence size: 47741
GC%: 0.387319

Number of exactcted ORFs: 331
Select root ORFs and first running of TIS model...
 iteration      Selected as coding    rejected as non-coding
       0                       12                        4
       1                        7                        2
       2                        1                        6
       3                        1                       20
       4                        0                       17
       5                        0                        9
       6                        0                        1
       7                        0                        0
Selected root coding ORFs number: 21
Rejected non-coding ORFs number: 59
Remaining ORFs number: 251

Select coding ORFs from remianing ORFs using a Fisher discriminant function...
Remaining: 180
Process overlapping genes...
Totally predict 75 genes.
Second run of TIS model.
Extract TUI and TUL genes (length >300bp)
