Welcome to MED2.0
Genome file is /home3/katelyn/PATRIC/fna/445696.11.fna
sequence size: 183806
GC%: 0.381152

Number of exactcted ORFs: 1481
Select root ORFs and first running of TIS model...
 iteration      Selected as coding    rejected as non-coding
       0                       48                       34
       1                       50                      123
       2                       19                      202
       3                        3                      157
       4                        1                       77
       5                        1                       23
       6                        1                       12
       7                        0                        7
       8                        0                        4
       9                        0                        1
      10                        0                        0
Selected root coding ORFs number: 123
Rejected non-coding ORFs number: 640
Remaining ORFs number: 718

Select coding ORFs from remianing ORFs using a Fisher discriminant function...
Remaining: 580
Process overlapping genes...
Totally predict 243 genes.
Second run of TIS model.
Extract TUI and TUL genes (length >300bp)
TUI genes number: 111
TUL genes number: 32
Compare TUI TIS model with TUL TIS model...
Train TUI TIS model..
Train TUL TIS model..
Lamda < 0: TUL TIS model differs from TUI TIS model
Re-train TUI TIS model....
Re-train TUL TIS model....
Choose final TIS...
Predicted genes have been saved in file: /home3/katelyn/PATRIC/fna/445696.11.fna.MED
Detailed information for predicted TIS has been saved in /home3/katelyn/PATRIC/fna/445696.11.fna.MED.para
