Welcome to MED2.0
Genome file is /home3/katelyn/PATRIC/fna/445686.11.fna
sequence size: 232878
GC%: 0.391162

Number of exactcted ORFs: 2022
Select root ORFs and first running of TIS model...
 iteration      Selected as coding    rejected as non-coding
       0                       78                       56
       1                       60                      215
       2                       11                      271
       3                        0                      153
       4                        0                       57
       5                        0                       29
       6                        0                       10
       7                        0                        3
       8                        0                        0
Selected root coding ORFs number: 149
Rejected non-coding ORFs number: 794
Remaining ORFs number: 1079

Select coding ORFs from remianing ORFs using a Fisher discriminant function...
Remaining: 581
Process overlapping genes...
Totally predict 320 genes.
Second run of TIS model.
Extract TUI and TUL genes (length >300bp)
TUI genes number: 150
TUL genes number: 41
Compare TUI TIS model with TUL TIS model...
Train TUI TIS model..
Train TUL TIS model..
Lamda < 0: TUL TIS model differs from TUI TIS model
Re-train TUI TIS model..
Re-train TUL TIS model...
Choose final TIS...
Predicted genes have been saved in file: /home3/katelyn/PATRIC/fna/445686.11.fna.MED
Detailed information for predicted TIS has been saved in /home3/katelyn/PATRIC/fna/445686.11.fna.MED.para
