Welcome to MED2.0
Genome file is /home3/katelyn/PATRIC/fna/445692.9.fna
sequence size: 47536
GC%: 0.398729

Number of exactcted ORFs: 361
Select root ORFs and first running of TIS model...
 iteration      Selected as coding    rejected as non-coding
       0                        3                        8
       1                        2                       12
       2                        0                       22
       3                        0                       33
       4                        0                       13
       5                        0                        3
       6                        0                        2
       7                        0                        4
       8                        0                        0
Selected root coding ORFs number: 5
Rejected non-coding ORFs number: 97
Remaining ORFs number: 259

Select coding ORFs from remianing ORFs using a Fisher discriminant function...
Remaining: 198
Process overlapping genes...
Totally predict 81 genes.
Second run of TIS model.
Extract TUI and TUL genes (length >300bp)
TUI genes number: 30
TUL genes number: 12
Compare TUI TIS model with TUL TIS model...
Train TUI TIS model..
Train TUL TIS model..
Lamda < 0: TUL TIS model differs from TUI TIS model
Re-train TUI TIS model...
Re-train TUL TIS model...
Choose final TIS...
Predicted genes have been saved in file: /home3/katelyn/PATRIC/fna/445692.9.fna.MED
Detailed information for predicted TIS has been saved in /home3/katelyn/PATRIC/fna/445692.9.fna.MED.para
