Welcome to MED2.0
Genome file is /home3/katelyn/PATRIC/fna/448384.9.fna
sequence size: 164270
GC%: 0.404992

Number of exactcted ORFs: 1449
Select root ORFs and first running of TIS model...
 iteration      Selected as coding    rejected as non-coding
       0                       79                       73
       1                       40                      185
       2                       11                      137
       3                        0                       63
       4                        0                        7
       5                        0                        1
       6                        0                        0
Selected root coding ORFs number: 130
Rejected non-coding ORFs number: 466
Remaining ORFs number: 853

Select coding ORFs from remianing ORFs using a Fisher discriminant function...
Remaining: 409
Process overlapping genes...
Totally predict 275 genes.
Second run of TIS model.
Extract TUI and TUL genes (length >300bp)
TUI genes number: 110
TUL genes number: 55
Compare TUI TIS model with TUL TIS model...
Train TUI TIS model..
Train TUL TIS model..
Lamda > 0: TUL TIS model is similar to TUI TIS model.
Re-train TIS model....
Choose final TIS...
Predicted genes have been saved in file: /home3/katelyn/PATRIC/fna/448384.9.fna.MED
Detailed information for predicted TIS has been saved in /home3/katelyn/PATRIC/fna/448384.9.fna.MED.para
