Welcome to MED2.0
Genome file is /home3/katelyn/PATRIC/fna/476523.8.fna
sequence size: 42954
GC%: 0.623318

Number of exactcted ORFs: 443
Select root ORFs and first running of TIS model...
 iteration      Selected as coding    rejected as non-coding
       0                       40                      166
       1                        3                       37
       2                        1                        5
       3                        0                        0
Selected root coding ORFs number: 44
Rejected non-coding ORFs number: 300
Remaining ORFs number: 99
Select coding ORFs from remianing ORFs using Fisher discriminant functions...
Remaining: 77
Process overlapping genes...
Totally predict 57 genes.
Second run of TIS model.
Extract TUI and TUL genes (length >300bp)
TUI genes number: 26
TUL genes number: 12
Compare TUI TIS model with TUL TIS model...
Train TUI TIS model..
Train TUL TIS model.Extrem low percentage for certain TIS.
Will omit the start codon column in the weight
matrix of starts
.Extrem low percentage for certain TIS.
Will omit the start codon column in the weight
matrix of starts

Lamda < 0: TUL TIS model differs from TUI TIS model
Re-train TUI TIS model...Extrem low percentage for certain TIS.
Will omit the start codon column in the weight
matrix of starts
..Extrem low percentage for certain TIS.
Will omit the start codon column in the weight
matrix of starts
....
Re-train TUL TIS model.Extrem low percentage for certain TIS.
Will omit the start codon column in the weight
matrix of starts
.Extrem low percentage for certain TIS.
Will omit the start codon column in the weight
matrix of starts

Choose final TIS...
Predicted genes have been saved in file: /home3/katelyn/PATRIC/fna/476523.8.fna.MED
Detailed information for predicted TIS has been saved in /home3/katelyn/PATRIC/fna/476523.8.fna.MED.para
