Welcome to MED2.0
Genome file is /home3/katelyn/PATRIC/fna/482822.6.fna
sequence size: 42925
GC%: 0.518835

Number of exactcted ORFs: 451
Select root ORFs and first running of TIS model...
 iteration      Selected as coding    rejected as non-coding
       0                        5                       32
       1                        3                       87
       2                        3                       44
       3                        1                        9
       4                        0                        2
       5                        0                        0
Selected root coding ORFs number: 12
Rejected non-coding ORFs number: 174
Remaining ORFs number: 265

Select coding ORFs from remianing ORFs using a Fisher discriminant function...
Remaining: 193
Process overlapping genes...
Totally predict 70 genes.
Second run of TIS model.
Extract TUI and TUL genes (length >300bp)
TUI genes number: 30
TUL genes number: 10
Compare TUI TIS model with TUL TIS model...
Train TUI TIS model..
Train TUL TIS model..
Lamda < 0: TUL TIS model differs from TUI TIS model
Re-train TUI TIS model..
Re-train TUL TIS model..
Choose final TIS...
Predicted genes have been saved in file: /home3/katelyn/PATRIC/fna/482822.6.fna.MED
Detailed information for predicted TIS has been saved in /home3/katelyn/PATRIC/fna/482822.6.fna.MED.para
