Welcome to MED2.0
Genome file is /home3/katelyn/PATRIC/fna/490913.10.fna
sequence size: 73325
GC%: 0.470399

Number of exactcted ORFs: 772
Select root ORFs and first running of TIS model...
 iteration      Selected as coding    rejected as non-coding
       0                       28                       30
       1                        8                      100
       2                        2                      103
       3                        0                       59
       4                        0                       15
       5                        0                        7
       6                        0                        0
Selected root coding ORFs number: 38
Rejected non-coding ORFs number: 314
Remaining ORFs number: 420

Select coding ORFs from remianing ORFs using a Fisher discriminant function...
Remaining: 198
Process overlapping genes...
Totally predict 86 genes.
Second run of TIS model.
Extract TUI and TUL genes (length >300bp)
TUI genes number: 38
TUL genes number: 21
Compare TUI TIS model with TUL TIS model...
Train TUI TIS model..
Train TUL TIS model..
Lamda > 0: TUL TIS model is similar to TUI TIS model.
Re-train TIS model....
Choose final TIS...
Predicted genes have been saved in file: /home3/katelyn/PATRIC/fna/490913.10.fna.MED
Detailed information for predicted TIS has been saved in /home3/katelyn/PATRIC/fna/490913.10.fna.MED.para
