Welcome to MED2.0
Genome file is /home3/katelyn/PATRIC/fna/526118.9.fna
sequence size: 38457
GC%: 0.465195

Number of exactcted ORFs: 306
Select root ORFs and first running of TIS model...
 iteration      Selected as coding    rejected as non-coding
       0                       11                       14
       1                        3                       53
       2                        0                       49
       3                        0                       12
       4                        0                        4
       5                        0                        3
       6                        0                        1
       7                        0                        0
Selected root coding ORFs number: 14
Rejected non-coding ORFs number: 136
Remaining ORFs number: 156

Select coding ORFs from remianing ORFs using a Fisher discriminant function...
Remaining: 111
Process overlapping genes...
Totally predict 53 genes.
Second run of TIS model.
Extract TUI and TUL genes (length >300bp)
TUI genes number: 17
TUL genes number: 10
Compare TUI TIS model with TUL TIS model...
Train TUI TIS model..
Train TUL TIS model..
Lamda > 0: TUL TIS model is similar to TUI TIS model.
Re-train TIS model....
Choose final TIS...
Predicted genes have been saved in file: /home3/katelyn/PATRIC/fna/526118.9.fna.MED
Detailed information for predicted TIS has been saved in /home3/katelyn/PATRIC/fna/526118.9.fna.MED.para
