Welcome to MED2.0
Genome file is /home3/katelyn/PATRIC/fna/532074.9.fna
sequence size: 39816
GC%: 0.487769

Number of exactcted ORFs: 403
Select root ORFs and first running of TIS model...
 iteration      Selected as coding    rejected as non-coding
       0                       17                       32
       1                        5                       95
       2                        0                       40
       3                        0                        9
       4                        0                        1
       5                        0                        1
       6                        0                        1
       7                        0                        1
       8                        0                        2
       9                        0                        0
Selected root coding ORFs number: 22
Rejected non-coding ORFs number: 182
Remaining ORFs number: 199

Select coding ORFs from remianing ORFs using a Fisher discriminant function...
Remaining: 202
Process overlapping genes...
Totally predict 60 genes.
Second run of TIS model.
Extract TUI and TUL genes (length >300bp)
TUI genes number: 15
TUL genes number: 15
Compare TUI TIS model with TUL TIS model...
Train TUI TIS model..
Train TUL TIS model..
Lamda > 0: TUL TIS model is similar to TUI TIS model.
Re-train TIS model...
Choose final TIS...
Predicted genes have been saved in file: /home3/katelyn/PATRIC/fna/532074.9.fna.MED
Detailed information for predicted TIS has been saved in /home3/katelyn/PATRIC/fna/532074.9.fna.MED.para
