Welcome to MED2.0
Genome file is /home3/katelyn/PATRIC/fna/536474.7.fna
sequence size: 178807
GC%: 0.399475

Number of exactcted ORFs: 1628
Select root ORFs and first running of TIS model...
 iteration      Selected as coding    rejected as non-coding
       0                       34                       48
       1                       45                      183
       2                       12                      214
       3                        2                      141
       4                        1                       62
       5                        2                       16
       6                        0                        8
       7                        0                        4
       8                        0                        1
       9                        0                        0
Selected root coding ORFs number: 96
Rejected non-coding ORFs number: 677
Remaining ORFs number: 855

Select coding ORFs from remianing ORFs using a Fisher discriminant function...
Remaining: 523
Process overlapping genes...
Totally predict 246 genes.
Second run of TIS model.
Extract TUI and TUL genes (length >300bp)
TUI genes number: 100
TUL genes number: 34
Compare TUI TIS model with TUL TIS model...
Train TUI TIS model..
Train TUL TIS model..
Lamda > 0: TUL TIS model is similar to TUI TIS model.
Re-train TIS model......
Choose final TIS...
Predicted genes have been saved in file: /home3/katelyn/PATRIC/fna/536474.7.fna.MED
Detailed information for predicted TIS has been saved in /home3/katelyn/PATRIC/fna/536474.7.fna.MED.para
