Welcome to MED2.0
Genome file is /home3/katelyn/PATRIC/fna/536446.6.fna
sequence size: 178750
GC%: 0.367469

Number of exactcted ORFs: 1389
Select root ORFs and first running of TIS model...
 iteration      Selected as coding    rejected as non-coding
       0                       16                       28
       1                       32                      170
       2                       28                      247
       3                        6                      155
       4                        2                       59
       5                        1                       14
       6                        0                        5
       7                        0                        1
       8                        0                        2
       9                        0                        3
      10                        0                        1
      11                        0                        0
Selected root coding ORFs number: 85
Rejected non-coding ORFs number: 685
Remaining ORFs number: 619

Select coding ORFs from remianing ORFs using a Fisher discriminant function...
Remaining: 368
Process overlapping genes...
Totally predict 230 genes.
Second run of TIS model.
Extract TUI and TUL genes (length >300bp)
TUI genes number: 93
TUL genes number: 35
Compare TUI TIS model with TUL TIS model...
Train TUI TIS model..
Train TUL TIS model..
Lamda > 0: TUL TIS model is similar to TUI TIS model.
Re-train TIS model....
Choose final TIS...
Predicted genes have been saved in file: /home3/katelyn/PATRIC/fna/536446.6.fna.MED
Detailed information for predicted TIS has been saved in /home3/katelyn/PATRIC/fna/536446.6.fna.MED.para
