Welcome to MED2.0
Genome file is /home3/katelyn/PATRIC/fna/538398.49.fna
sequence size: 65764
GC%: 0.549282

Number of exactcted ORFs: 688
Select root ORFs and first running of TIS model...
 iteration      Selected as coding    rejected as non-coding
       0                       20                       90
       1                        5                      142
       2                        0                       40
       3                        0                        7
       4                        0                        4
       5                        0                        1
       6                        0                        0
Selected root coding ORFs number: 25
Rejected non-coding ORFs number: 284
Remaining ORFs number: 379

Select coding ORFs from remianing ORFs using a Fisher discriminant function...
Remaining: 345
Process overlapping genes...
Totally predict 95 genes.
Second run of TIS model.
Extract TUI and TUL genes (length >300bp)
TUI genes number: 21
TUL genes number: 44
Compare TUI TIS model with TUL TIS model...
Train TUI TIS model..
Train TUL TIS model..
Lamda < 0: TUL TIS model differs from TUI TIS model
Re-train TUI TIS model...
Re-train TUL TIS model.....
Choose final TIS...
Predicted genes have been saved in file: /home3/katelyn/PATRIC/fna/538398.49.fna.MED
Detailed information for predicted TIS has been saved in /home3/katelyn/PATRIC/fna/538398.49.fna.MED.para
