Welcome to MED2.0
Genome file is /home3/katelyn/PATRIC/fna/547228.8.fna
sequence size: 50861
GC%: 0.412851

Number of exactcted ORFs: 463
Select root ORFs and first running of TIS model...
 iteration      Selected as coding    rejected as non-coding
       0                       26                       38
       1                       16                       73
       2                        2                       14
       3                        0                        3
       4                        0                        0
Selected root coding ORFs number: 44
Rejected non-coding ORFs number: 128
Remaining ORFs number: 291

Select coding ORFs from remianing ORFs using a Fisher discriminant function...
Remaining: 160
Process overlapping genes...
Totally predict 95 genes.
Second run of TIS model.
Extract TUI and TUL genes (length >300bp)
TUI genes number: 34
TUL genes number: 15
Compare TUI TIS model with TUL TIS model...
Train TUI TIS model..
Train TUL TIS model..
Lamda > 0: TUL TIS model is similar to TUI TIS model.
Re-train TIS model...
Choose final TIS...
Predicted genes have been saved in file: /home3/katelyn/PATRIC/fna/547228.8.fna.MED
Detailed information for predicted TIS has been saved in /home3/katelyn/PATRIC/fna/547228.8.fna.MED.para
