Welcome to MED2.0
Genome file is /home3/katelyn/PATRIC/fna/563124.7.fna
sequence size: 68450
GC%: 0.664982

Number of exactcted ORFs: 772
Select root ORFs and first running of TIS model...
 iteration      Selected as coding    rejected as non-coding
       0                       61                      352
       1                        2                       71
       2                        0                       10
       3                        0                        1
       4                        0                        3
       5                        0                        0
Selected root coding ORFs number: 63
Rejected non-coding ORFs number: 492
Remaining ORFs number: 217
Select coding ORFs from remianing ORFs using Fisher discriminant functions...
Remaining: 144
Process overlapping genes...
Totally predict 100 genes.
Second run of TIS model.
Extract TUI and TUL genes (length >300bp)
TUI genes number: 31
TUL genes number: 35
Compare TUI TIS model with TUL TIS model...
Train TUI TIS model..
Train TUL TIS model..
Lamda < 0: TUL TIS model differs from TUI TIS model
Re-train TUI TIS model......
Re-train TUL TIS model....
Choose final TIS...
Predicted genes have been saved in file: /home3/katelyn/PATRIC/fna/563124.7.fna.MED
Detailed information for predicted TIS has been saved in /home3/katelyn/PATRIC/fna/563124.7.fna.MED.para
