Welcome to MED2.0
Genome file is /home3/katelyn/PATRIC/fna/563769.10.fna
sequence size: 62147
GC%: 0.509148

Number of exactcted ORFs: 677
Select root ORFs and first running of TIS model...
 iteration      Selected as coding    rejected as non-coding
       0                       18                       13
       1                       16                       38
       2                        2                       34
       3                        0                       17
       4                        0                        9
       5                        0                        9
       6                        0                        1
       7                        0                        0
Selected root coding ORFs number: 36
Rejected non-coding ORFs number: 121
Remaining ORFs number: 520

Select coding ORFs from remianing ORFs using a Fisher discriminant function...
Remaining: 400
Process overlapping genes...
Totally predict 120 genes.
Second run of TIS model.
Extract TUI and TUL genes (length >300bp)
TUI genes number: 24
TUL genes number: 37
Compare TUI TIS model with TUL TIS model...
Train TUI TIS model..
Train TUL TIS model..
Lamda > 0: TUL TIS model is similar to TUI TIS model.
Re-train TIS model....
Choose final TIS...
Predicted genes have been saved in file: /home3/katelyn/PATRIC/fna/563769.10.fna.MED
Detailed information for predicted TIS has been saved in /home3/katelyn/PATRIC/fna/563769.10.fna.MED.para
