Welcome to MED2.0
Genome file is /home3/katelyn/PATRIC/fna/564886.8.fna
sequence size: 54896
GC%: 0.511294

Number of exactcted ORFs: 573
Select root ORFs and first running of TIS model...
 iteration      Selected as coding    rejected as non-coding
       0                        8                       19
       1                        2                       49
       2                        1                       48
       3                        0                       23
       4                        0                       13
       5                        0                        7
       6                        0                        4
       7                        0                        2
       8                        0                        2
       9                        0                        1
      10                        0                        0
Selected root coding ORFs number: 11
Rejected non-coding ORFs number: 168
Remaining ORFs number: 394

Select coding ORFs from remianing ORFs using a Fisher discriminant function...
Remaining: 372
Process overlapping genes...
Totally predict 111 genes.
Second run of TIS model.
Extract TUI and TUL genes (length >300bp)
TUI genes number: 27
TUL genes number: 24
Compare TUI TIS model with TUL TIS model...
Train TUI TIS model..
Train TUL TIS model..
Lamda > 0: TUL TIS model is similar to TUI TIS model.
Re-train TIS model...
Choose final TIS...
Predicted genes have been saved in file: /home3/katelyn/PATRIC/fna/564886.8.fna.MED
Detailed information for predicted TIS has been saved in /home3/katelyn/PATRIC/fna/564886.8.fna.MED.para
