Welcome to MED2.0
Genome file is /home3/katelyn/PATRIC/fna/573176.5.fna
sequence size: 40557
GC%: 0.422837

Number of exactcted ORFs: 364
Select root ORFs and first running of TIS model...
 iteration      Selected as coding    rejected as non-coding
       0                       15                        9
       1                       12                       16
       2                        3                       13
       3                        0                        5
       4                        0                        1
       5                        0                        1
       6                        0                        1
       7                        0                        0
Selected root coding ORFs number: 30
Rejected non-coding ORFs number: 46
Remaining ORFs number: 288

Select coding ORFs from remianing ORFs using a Fisher discriminant function...
Remaining: 186
Process overlapping genes...
Totally predict 77 genes.
Second run of TIS model.
Extract TUI and TUL genes (length >300bp)
TUI genes number: 25
TUL genes number: 19
Compare TUI TIS model with TUL TIS model...
Train TUI TIS model..
Train TUL TIS model..
Lamda > 0: TUL TIS model is similar to TUI TIS model.
Re-train TIS model...
Choose final TIS...
Predicted genes have been saved in file: /home3/katelyn/PATRIC/fna/573176.5.fna.MED
Detailed information for predicted TIS has been saved in /home3/katelyn/PATRIC/fna/573176.5.fna.MED.para
