Welcome to MED2.0
Genome file is /home3/katelyn/PATRIC/fna/573171.7.fna
sequence size: 57611
GC%: 0.389561

Number of exactcted ORFs: 463
Select root ORFs and first running of TIS model...
 iteration      Selected as coding    rejected as non-coding
       0                       19                        6
       1                       14                       14
       2                        3                       25
       3                        0                       16
       4                        0                       15
       5                        0                        8
       6                        0                        8
       7                        0                        7
       8                        0                        1
       9                        0                        1
      10                        0                        0
Selected root coding ORFs number: 36
Rejected non-coding ORFs number: 101
Remaining ORFs number: 326

Select coding ORFs from remianing ORFs using a Fisher discriminant function...
Remaining: 244
Process overlapping genes...
Totally predict 79 genes.
Second run of TIS model.
Extract TUI and TUL genes (length >300bp)
TUI genes number: 35
TUL genes number: 14
Compare TUI TIS model with TUL TIS model...
Train TUI TIS model..
Train TUL TIS model..
Lamda < 0: TUL TIS model differs from TUI TIS model
Re-train TUI TIS model...
Re-train TUL TIS model..
Choose final TIS...
Predicted genes have been saved in file: /home3/katelyn/PATRIC/fna/573171.7.fna.MED
Detailed information for predicted TIS has been saved in /home3/katelyn/PATRIC/fna/573171.7.fna.MED.para
