Welcome to MED2.0
Genome file is /home3/katelyn/PATRIC/fna/576791.11.fna
sequence size: 88487
GC%: 0.38895

Number of exactcted ORFs: 738
Select root ORFs and first running of TIS model...
 iteration      Selected as coding    rejected as non-coding
       0                       59                       25
       1                       24                       40
       2                        1                       34
       3                        0                       22
       4                        0                       19
       5                        0                       25
       6                        0                       15
       7                        0                        8
       8                        0                        2
       9                        0                        1
      10                        0                        0
Selected root coding ORFs number: 84
Rejected non-coding ORFs number: 191
Remaining ORFs number: 463

Select coding ORFs from remianing ORFs using a Fisher discriminant function...
Remaining: 231
Process overlapping genes...
Totally predict 147 genes.
Second run of TIS model.
Extract TUI and TUL genes (length >300bp)
TUI genes number: 62
TUL genes number: 27
Compare TUI TIS model with TUL TIS model...
Train TUI TIS model..
Train TUL TIS model..
Lamda > 0: TUL TIS model is similar to TUI TIS model.
Re-train TIS model....
Choose final TIS...
Predicted genes have been saved in file: /home3/katelyn/PATRIC/fna/576791.11.fna.MED
Detailed information for predicted TIS has been saved in /home3/katelyn/PATRIC/fna/576791.11.fna.MED.para
