Welcome to MED2.0
Genome file is /home3/katelyn/PATRIC/fna/576790.9.fna
sequence size: 171451
GC%: 0.395151

Number of exactcted ORFs: 1448
Select root ORFs and first running of TIS model...
 iteration      Selected as coding    rejected as non-coding
       0                       35                       28
       1                       41                      120
       2                        9                      167
       3                        1                      133
       4                        0                       65
       5                        0                       24
       6                        0                       21
       7                        0                       15
       8                        0                       12
       9                        0                        1
      10                        0                        0
Selected root coding ORFs number: 86
Rejected non-coding ORFs number: 586
Remaining ORFs number: 776

Select coding ORFs from remianing ORFs using a Fisher discriminant function...
Remaining: 470
Process overlapping genes...
Totally predict 286 genes.
Second run of TIS model.
Extract TUI and TUL genes (length >300bp)
TUI genes number: 111
TUL genes number: 56
Compare TUI TIS model with TUL TIS model...
Train TUI TIS model..
Train TUL TIS model..
Lamda > 0: TUL TIS model is similar to TUI TIS model.
Re-train TIS model.....
Choose final TIS...
Predicted genes have been saved in file: /home3/katelyn/PATRIC/fna/576790.9.fna.MED
Detailed information for predicted TIS has been saved in /home3/katelyn/PATRIC/fna/576790.9.fna.MED.para
