Welcome to MED2.0
Genome file is /home3/katelyn/PATRIC/fna/578234.9.fna
sequence size: 38934
GC%: 0.370422

Number of exactcted ORFs: 315
Select root ORFs and first running of TIS model...
 iteration      Selected as coding    rejected as non-coding
       0                       10                        4
       1                       16                        8
       2                        3                        7
       3                        0                        6
       4                        0                        2
       5                        0                        0
Selected root coding ORFs number: 29
Rejected non-coding ORFs number: 27
Remaining ORFs number: 259

Select coding ORFs from remianing ORFs using a Fisher discriminant function...
Remaining: 194
Process overlapping genes...
Totally predict 68 genes.
Second run of TIS model.
Extract TUI and TUL genes (length >300bp)
TUI genes number: 25
TUL genes number: 11
Compare TUI TIS model with TUL TIS model...
Train TUI TIS model..
Train TUL TIS model..
Lamda > 0: TUL TIS model is similar to TUI TIS model.
Re-train TIS model....
Choose final TIS...
Predicted genes have been saved in file: /home3/katelyn/PATRIC/fna/578234.9.fna.MED
Detailed information for predicted TIS has been saved in /home3/katelyn/PATRIC/fna/578234.9.fna.MED.para
