Welcome to MED2.0
Genome file is /home3/katelyn/PATRIC/fna/584892.8.fna
sequence size: 152778
GC%: 0.39757

Number of exactcted ORFs: 1117
Select root ORFs and first running of TIS model...
 iteration      Selected as coding    rejected as non-coding
       0                       97                       57
       1                       36                      154
       2                        5                      106
       3                        0                       52
       4                        0                       26
       5                        0                        8
       6                        0                        3
       7                        0                        1
       8                        0                        0
Selected root coding ORFs number: 138
Rejected non-coding ORFs number: 407
Remaining ORFs number: 572

Select coding ORFs from remianing ORFs using a Fisher discriminant function...
Remaining: 307
Process overlapping genes...
Totally predict 246 genes.
Second run of TIS model.
Extract TUI and TUL genes (length >300bp)
TUI genes number: 97
TUL genes number: 51
Compare TUI TIS model with TUL TIS model...
Train TUI TIS model..
Train TUL TIS model..
Lamda > 0: TUL TIS model is similar to TUI TIS model.
Re-train TIS model....
Choose final TIS...
Predicted genes have been saved in file: /home3/katelyn/PATRIC/fna/584892.8.fna.MED
Detailed information for predicted TIS has been saved in /home3/katelyn/PATRIC/fna/584892.8.fna.MED.para
