Welcome to MED2.0
Genome file is /home3/katelyn/PATRIC/fna/637730.10.fna
sequence size: 158006
GC%: 0.503981

Number of exactcted ORFs: 1651
Select root ORFs and first running of TIS model...
 iteration      Selected as coding    rejected as non-coding
       0                       67                      169
       1                       36                      394
       2                        2                      140
       3                        0                       28
       4                        0                        6
       5                        0                        3
       6                        0                        1
       7                        0                        0
Selected root coding ORFs number: 105
Rejected non-coding ORFs number: 741
Remaining ORFs number: 805

Select coding ORFs from remianing ORFs using a Fisher discriminant function...
Remaining: 442
Process overlapping genes...
Totally predict 220 genes.
Second run of TIS model.
Extract TUI and TUL genes (length >300bp)
TUI genes number: 77
TUL genes number: 79
Compare TUI TIS model with TUL TIS model...
Train TUI TIS model..
Train TUL TIS model..
Lamda > 0: TUL TIS model is similar to TUI TIS model.
Re-train TIS model....
Choose final TIS...
Predicted genes have been saved in file: /home3/katelyn/PATRIC/fna/637730.10.fna.MED
Detailed information for predicted TIS has been saved in /home3/katelyn/PATRIC/fna/637730.10.fna.MED.para
