Welcome to MED2.0
Genome file is /home3/katelyn/PATRIC/fna/645664.9.fna
sequence size: 170605
GC%: 0.404449

Number of exactcted ORFs: 1666
Select root ORFs and first running of TIS model...
 iteration      Selected as coding    rejected as non-coding
       0                       71                       53
       1                       54                      198
       2                        5                      196
       3                        0                       90
       4                        0                       38
       5                        0                       11
       6                        0                        4
       7                        0                        1
       8                        0                        1
       9                        0                        0
Selected root coding ORFs number: 130
Rejected non-coding ORFs number: 592
Remaining ORFs number: 944

Select coding ORFs from remianing ORFs using a Fisher discriminant function...
Remaining: 541
Process overlapping genes...
Totally predict 300 genes.
Second run of TIS model.
Extract TUI and TUL genes (length >300bp)
TUI genes number: 113
TUL genes number: 57
Compare TUI TIS model with TUL TIS model...
Train TUI TIS model..
Train TUL TIS model..
Lamda > 0: TUL TIS model is similar to TUI TIS model.
Re-train TIS model..
Choose final TIS...
Predicted genes have been saved in file: /home3/katelyn/PATRIC/fna/645664.9.fna.MED
Detailed information for predicted TIS has been saved in /home3/katelyn/PATRIC/fna/645664.9.fna.MED.para
