Welcome to MED2.0
Genome file is /home3/katelyn/PATRIC/fna/648017.10.fna
sequence size: 44492
GC%: 0.335701

Number of exactcted ORFs: 335
Select root ORFs and first running of TIS model...
 iteration      Selected as coding    rejected as non-coding
       0                        7                       12
       1                       18                       42
       2                        9                       26
       3                        3                       13
       4                        1                        9
       5                        0                        2
       6                        0                        1
       7                        0                        0
Selected root coding ORFs number: 38
Rejected non-coding ORFs number: 105
Remaining ORFs number: 192

Select coding ORFs from remianing ORFs using a Fisher discriminant function...
Remaining: 158
Process overlapping genes...
Totally predict 86 genes.
Second run of TIS model.
Extract TUI and TUL genes (length >300bp)
TUI genes number: 29
TUL genes number: 19
Compare TUI TIS model with TUL TIS model...
Train TUI TIS model..
Train TUL TIS model..
Lamda > 0: TUL TIS model is similar to TUI TIS model.
Re-train TIS model....
Choose final TIS...
Predicted genes have been saved in file: /home3/katelyn/PATRIC/fna/648017.10.fna.MED
Detailed information for predicted TIS has been saved in /home3/katelyn/PATRIC/fna/648017.10.fna.MED.para
