Welcome to MED2.0
Genome file is /home3/katelyn/PATRIC/fna/655098.10.fna
sequence size: 72544
GC%: 0.55019

Number of exactcted ORFs: 728
Select root ORFs and first running of TIS model...
 iteration      Selected as coding    rejected as non-coding
       0                       18                       16
       1                        8                      121
       2                        0                      186
       3                        0                       47
       4                        0                        7
       5                        0                        1
       6                        0                        0
Selected root coding ORFs number: 26
Rejected non-coding ORFs number: 378
Remaining ORFs number: 324

Select coding ORFs from remianing ORFs using a Fisher discriminant function...
Remaining: 203
Process overlapping genes...
Totally predict 97 genes.
Second run of TIS model.
Extract TUI and TUL genes (length >300bp)
TUI genes number: 35
TUL genes number: 28
Compare TUI TIS model with TUL TIS model...
Train TUI TIS model..
Train TUL TIS model..
Lamda > 0: TUL TIS model is similar to TUI TIS model.
Re-train TIS model..
Choose final TIS...
Predicted genes have been saved in file: /home3/katelyn/PATRIC/fna/655098.10.fna.MED
Detailed information for predicted TIS has been saved in /home3/katelyn/PATRIC/fna/655098.10.fna.MED.para
