Welcome to MED2.0
Genome file is /home3/katelyn/PATRIC/fna/66284.8.fna
sequence size: 41475
GC%: 0.491742

Number of exactcted ORFs: 433
Select root ORFs and first running of TIS model...
 iteration      Selected as coding    rejected as non-coding
       0                        5                        8
       1                        1                       40
       2                        0                       41
       3                        0                       21
       4                        0                        7
       5                        0                        1
       6                        0                        0
Selected root coding ORFs number: 6
Rejected non-coding ORFs number: 118
Remaining ORFs number: 309

Select coding ORFs from remianing ORFs using a Fisher discriminant function...
Remaining: 154
Process overlapping genes...
Totally predict 66 genes.
Second run of TIS model.
Extract TUI and TUL genes (length >300bp)
TUI genes number: 31
TUL genes number: 14
Compare TUI TIS model with TUL TIS model...
Train TUI TIS model..
Train TUL TIS model..
Lamda > 0: TUL TIS model is similar to TUI TIS model.
Re-train TIS model....
Choose final TIS...
Predicted genes have been saved in file: /home3/katelyn/PATRIC/fna/66284.8.fna.MED
Detailed information for predicted TIS has been saved in /home3/katelyn/PATRIC/fna/66284.8.fna.MED.para
