Welcome to MED2.0
Genome file is /home3/katelyn/PATRIC/fna/663241.10.fna
sequence size: 42822
GC%: 0.343889

Number of exactcted ORFs: 325
Select root ORFs and first running of TIS model...
 iteration      Selected as coding    rejected as non-coding
       0                        9                        3
       1                       10                        9
       2                        2                       22
       3                        0                       25
       4                        0                       11
       5                        0                        7
       6                        0                        2
       7                        0                        0
Selected root coding ORFs number: 21
Rejected non-coding ORFs number: 79
Remaining ORFs number: 225

Select coding ORFs from remianing ORFs using a Fisher discriminant function...
Remaining: 129
Process overlapping genes...
Totally predict 67 genes.
Second run of TIS model.
Extract TUI and TUL genes (length >300bp)
TUI genes number: 28
TUL genes number: 15
Compare TUI TIS model with TUL TIS model...
Train TUI TIS model..
Train TUL TIS model..
Lamda > 0: TUL TIS model is similar to TUI TIS model.
Re-train TIS model.....
Choose final TIS...
Predicted genes have been saved in file: /home3/katelyn/PATRIC/fna/663241.10.fna.MED
Detailed information for predicted TIS has been saved in /home3/katelyn/PATRIC/fna/663241.10.fna.MED.para
