Welcome to MED2.0
Genome file is /home3/katelyn/PATRIC/fna/663558.7.fna
sequence size: 68323
GC%: 0.663817

Number of exactcted ORFs: 774
Select root ORFs and first running of TIS model...
 iteration      Selected as coding    rejected as non-coding
       0                       62                      351
       1                        3                       67
       2                        0                        8
       3                        0                        0
Selected root coding ORFs number: 65
Rejected non-coding ORFs number: 451
Remaining ORFs number: 258
Select coding ORFs from remianing ORFs using Fisher discriminant functions...
Remaining: 187
Process overlapping genes...
Totally predict 110 genes.
Second run of TIS model.
Extract TUI and TUL genes (length >300bp)
TUI genes number: 31
TUL genes number: 42
Compare TUI TIS model with TUL TIS model...
Train TUI TIS model..
Train TUL TIS model..
Lamda > 0: TUL TIS model is similar to TUI TIS model.
Re-train TIS model.....
Choose final TIS...
Predicted genes have been saved in file: /home3/katelyn/PATRIC/fna/663558.7.fna.MED
Detailed information for predicted TIS has been saved in /home3/katelyn/PATRIC/fna/663558.7.fna.MED.para
