Welcome to MED2.0
Genome file is /home3/katelyn/PATRIC/fna/663554.9.fna
sequence size: 155445
GC%: 0.646029

Number of exactcted ORFs: 1557
Select root ORFs and first running of TIS model...
 iteration      Selected as coding    rejected as non-coding
       0                      160                      624
       1                       16                      138
       2                        0                       21
       3                        0                        1
       4                        0                        1
       5                        0                        0
Selected root coding ORFs number: 176
Rejected non-coding ORFs number: 889
Remaining ORFs number: 492
Select coding ORFs from remianing ORFs using Fisher discriminant functions...
Remaining: 366
Process overlapping genes...
Totally predict 244 genes.
Second run of TIS model.
Extract TUI and TUL genes (length >300bp)
TUI genes number: 79
TUL genes number: 76
Compare TUI TIS model with TUL TIS model...
Train TUI TIS model..
Train TUL TIS model..
Lamda > 0: TUL TIS model is similar to TUI TIS model.
Re-train TIS model....
Choose final TIS...
Predicted genes have been saved in file: /home3/katelyn/PATRIC/fna/663554.9.fna.MED
Detailed information for predicted TIS has been saved in /home3/katelyn/PATRIC/fna/663554.9.fna.MED.para
