Welcome to MED2.0
Genome file is /home3/katelyn/PATRIC/fna/663555.5.fna
sequence size: 41901
GC%: 0.66564

Number of exactcted ORFs: 409
Select root ORFs and first running of TIS model...
 iteration      Selected as coding    rejected as non-coding
       0                       42                      137
       1                        3                       25
       2                        0                        2
       3                        0                        1
       4                        0                        0
Selected root coding ORFs number: 45
Rejected non-coding ORFs number: 202
Remaining ORFs number: 162
Select coding ORFs from remianing ORFs using Fisher discriminant functions...
Remaining: 100
Process overlapping genes...
Totally predict 61 genes.
Second run of TIS model.
Extract TUI and TUL genes (length >300bp)
TUI genes number: 26
TUL genes number: 19
Compare TUI TIS model with TUL TIS model...
Train TUI TIS model..
Train TUL TIS model..
Lamda > 0: TUL TIS model is similar to TUI TIS model.
Re-train TIS model..Extrem low percentage for certain TIS.
Will omit the start codon column in the weight
matrix of starts
.Extrem low percentage for certain TIS.
Will omit the start codon column in the weight
matrix of starts
.Extrem low percentage for certain TIS.
Will omit the start codon column in the weight
matrix of starts

Choose final TIS...
Predicted genes have been saved in file: /home3/katelyn/PATRIC/fna/663555.5.fna.MED
Detailed information for predicted TIS has been saved in /home3/katelyn/PATRIC/fna/663555.5.fna.MED.para
