Welcome to MED2.0
Genome file is /home3/katelyn/PATRIC/fna/673839.9.fna
sequence size: 37856
GC%: 0.377774

Number of exactcted ORFs: 284
Select root ORFs and first running of TIS model...
 iteration      Selected as coding    rejected as non-coding
       0                       10                       11
       1                       10                       28
       2                        7                       27
       3                        5                       12
       4                        0                        5
       5                        0                        3
       6                        0                        0
Selected root coding ORFs number: 32
Rejected non-coding ORFs number: 86
Remaining ORFs number: 166

Select coding ORFs from remianing ORFs using a Fisher discriminant function...
Remaining: 102
Process overlapping genes...
Totally predict 58 genes.
Second run of TIS model.
Extract TUI and TUL genes (length >300bp)
TUI genes number: 24
TUL genes number: 10
Compare TUI TIS model with TUL TIS model...
Train TUI TIS model..
Train TUL TIS model..
Lamda > 0: TUL TIS model is similar to TUI TIS model.
Re-train TIS model...
Choose final TIS...
Predicted genes have been saved in file: /home3/katelyn/PATRIC/fna/673839.9.fna.MED
Detailed information for predicted TIS has been saved in /home3/katelyn/PATRIC/fna/673839.9.fna.MED.para
