Welcome to MED2.0
Genome file is /home3/katelyn/PATRIC/fna/687800.159.fna
sequence size: 175436
GC%: 0.421544

Number of exactcted ORFs: 1638
Select root ORFs and first running of TIS model...
 iteration      Selected as coding    rejected as non-coding
       0                       50                       98
       1                       36                      330
       2                       11                      185
       3                        2                       88
       4                        0                       51
       5                        0                       25
       6                        0                       10
       7                        0                        3
       8                        0                        0
Selected root coding ORFs number: 99
Rejected non-coding ORFs number: 790
Remaining ORFs number: 749

Select coding ORFs from remianing ORFs using a Fisher discriminant function...
Remaining: 444
Process overlapping genes...
Totally predict 223 genes.
Second run of TIS model.
Extract TUI and TUL genes (length >300bp)
TUI genes number: 97
TUL genes number: 34
Compare TUI TIS model with TUL TIS model...
Train TUI TIS model..
Train TUL TIS model..
Lamda < 0: TUL TIS model differs from TUI TIS model
Re-train TUI TIS model....
Re-train TUL TIS model...
Choose final TIS...
Predicted genes have been saved in file: /home3/katelyn/PATRIC/fna/687800.159.fna.MED
Detailed information for predicted TIS has been saved in /home3/katelyn/PATRIC/fna/687800.159.fna.MED.para
