Welcome to MED2.0
Genome file is /home3/katelyn/PATRIC/fna/687800.165.fna
sequence size: 174272
GC%: 0.421823

Number of exactcted ORFs: 1630
Select root ORFs and first running of TIS model...
 iteration      Selected as coding    rejected as non-coding
       0                       50                      100
       1                       33                      328
       2                       11                      183
       3                        2                       89
       4                        0                       48
       5                        0                       20
       6                        0                        6
       7                        0                        2
       8                        0                        4
       9                        0                        4
      10                        0                        1
      11                        0                        1
      12                        0                        0
Selected root coding ORFs number: 96
Rejected non-coding ORFs number: 786
Remaining ORFs number: 748

Select coding ORFs from remianing ORFs using a Fisher discriminant function...
Remaining: 435
Process overlapping genes...
Totally predict 221 genes.
Second run of TIS model.
Extract TUI and TUL genes (length >300bp)
TUI genes number: 97
TUL genes number: 32
Compare TUI TIS model with TUL TIS model...
Train TUI TIS model..
Train TUL TIS model..
Lamda < 0: TUL TIS model differs from TUI TIS model
Re-train TUI TIS model....
Re-train TUL TIS model....
Choose final TIS...
Predicted genes have been saved in file: /home3/katelyn/PATRIC/fna/687800.165.fna.MED
Detailed information for predicted TIS has been saved in /home3/katelyn/PATRIC/fna/687800.165.fna.MED.para
