Welcome to MED2.0
Genome file is /home3/katelyn/PATRIC/fna/687800.141.fna
sequence size: 175439
GC%: 0.421634

Number of exactcted ORFs: 1635
Select root ORFs and first running of TIS model...
 iteration      Selected as coding    rejected as non-coding
       0                       50                       97
       1                       34                      322
       2                       11                      186
       3                        2                       85
       4                        0                       55
       5                        0                       27
       6                        0                        8
       7                        0                        1
       8                        0                        1
       9                        0                        1
      10                        0                        0
Selected root coding ORFs number: 97
Rejected non-coding ORFs number: 783
Remaining ORFs number: 755

Select coding ORFs from remianing ORFs using a Fisher discriminant function...
Remaining: 484
Process overlapping genes...
Totally predict 222 genes.
Second run of TIS model.
Extract TUI and TUL genes (length >300bp)
TUI genes number: 97
TUL genes number: 35
Compare TUI TIS model with TUL TIS model...
Train TUI TIS model..
Train TUL TIS model..
Lamda > 0: TUL TIS model is similar to TUI TIS model.
Re-train TIS model....
Choose final TIS...
Predicted genes have been saved in file: /home3/katelyn/PATRIC/fna/687800.141.fna.MED
Detailed information for predicted TIS has been saved in /home3/katelyn/PATRIC/fna/687800.141.fna.MED.para
