Welcome to MED2.0
Genome file is /home3/katelyn/PATRIC/fna/687800.154.fna
sequence size: 175381
GC%: 0.421596

Number of exactcted ORFs: 1632
Select root ORFs and first running of TIS model...
 iteration      Selected as coding    rejected as non-coding
       0                       33                       68
       1                       41                      318
       2                       13                      230
       3                        4                       91
       4                        0                       47
       5                        0                       28
       6                        0                       11
       7                        0                        4
       8                        0                        4
       9                        0                        2
      10                        0                        1
      11                        0                        1
      12                        0                        0
Selected root coding ORFs number: 91
Rejected non-coding ORFs number: 805
Remaining ORFs number: 736

Select coding ORFs from remianing ORFs using a Fisher discriminant function...
Remaining: 458
Process overlapping genes...
Totally predict 223 genes.
Second run of TIS model.
Extract TUI and TUL genes (length >300bp)
TUI genes number: 97
TUL genes number: 35
Compare TUI TIS model with TUL TIS model...
Train TUI TIS model..
Train TUL TIS model..
Lamda < 0: TUL TIS model differs from TUI TIS model
Re-train TUI TIS model...
Re-train TUL TIS model....
Choose final TIS...
Predicted genes have been saved in file: /home3/katelyn/PATRIC/fna/687800.154.fna.MED
Detailed information for predicted TIS has been saved in /home3/katelyn/PATRIC/fna/687800.154.fna.MED.para
