Welcome to MED2.0
Genome file is /home3/katelyn/PATRIC/fna/687800.136.fna
sequence size: 174281
GC%: 0.421905

Number of exactcted ORFs: 1621
Select root ORFs and first running of TIS model...
 iteration      Selected as coding    rejected as non-coding
       0                       31                       63
       1                       41                      308
       2                       13                      219
       3                        4                      102
       4                        0                       46
       5                        0                       30
       6                        0                       19
       7                        0                        3
       8                        0                        1
       9                        0                        0
Selected root coding ORFs number: 89
Rejected non-coding ORFs number: 791
Remaining ORFs number: 741

Select coding ORFs from remianing ORFs using a Fisher discriminant function...
Remaining: 488
Process overlapping genes...
Totally predict 223 genes.
Second run of TIS model.
Extract TUI and TUL genes (length >300bp)
TUI genes number: 95
TUL genes number: 35
Compare TUI TIS model with TUL TIS model...
Train TUI TIS model..
Train TUL TIS model..
Lamda < 0: TUL TIS model differs from TUI TIS model
Re-train TUI TIS model...
Re-train TUL TIS model...
Choose final TIS...
Predicted genes have been saved in file: /home3/katelyn/PATRIC/fna/687800.136.fna.MED
Detailed information for predicted TIS has been saved in /home3/katelyn/PATRIC/fna/687800.136.fna.MED.para
