Welcome to MED2.0
Genome file is /home3/katelyn/PATRIC/fna/687800.129.fna
sequence size: 175083
GC%: 0.421571

Number of exactcted ORFs: 1639
Select root ORFs and first running of TIS model...
 iteration      Selected as coding    rejected as non-coding
       0                       56                       94
       1                       32                      346
       2                        7                      213
       3                        1                       88
       4                        0                       31
       5                        0                        5
       6                        0                        1
       7                        0                        1
       8                        0                        2
       9                        0                        0
Selected root coding ORFs number: 96
Rejected non-coding ORFs number: 781
Remaining ORFs number: 762

Select coding ORFs from remianing ORFs using a Fisher discriminant function...
Remaining: 504
Process overlapping genes...
Totally predict 224 genes.
Second run of TIS model.
Extract TUI and TUL genes (length >300bp)
TUI genes number: 96
TUL genes number: 35
Compare TUI TIS model with TUL TIS model...
Train TUI TIS model..
Train TUL TIS model..
Lamda < 0: TUL TIS model differs from TUI TIS model
Re-train TUI TIS model...
Re-train TUL TIS model...
Choose final TIS...
Predicted genes have been saved in file: /home3/katelyn/PATRIC/fna/687800.129.fna.MED
Detailed information for predicted TIS has been saved in /home3/katelyn/PATRIC/fna/687800.129.fna.MED.para
