Welcome to MED2.0
Genome file is /home3/katelyn/PATRIC/fna/687800.161.fna
sequence size: 175145
GC%: 0.421359

Number of exactcted ORFs: 1633
Select root ORFs and first running of TIS model...
 iteration      Selected as coding    rejected as non-coding
       0                       49                       98
       1                       36                      333
       2                       12                      189
       3                        1                       71
       4                        0                       50
       5                        0                       30
       6                        0                        8
       7                        0                        5
       8                        0                        3
       9                        0                        1
      10                        0                        0
Selected root coding ORFs number: 98
Rejected non-coding ORFs number: 788
Remaining ORFs number: 747

Select coding ORFs from remianing ORFs using a Fisher discriminant function...
Remaining: 441
Process overlapping genes...
Totally predict 222 genes.
Second run of TIS model.
Extract TUI and TUL genes (length >300bp)
TUI genes number: 97
TUL genes number: 34
Compare TUI TIS model with TUL TIS model...
Train TUI TIS model..
Train TUL TIS model..
Lamda < 0: TUL TIS model differs from TUI TIS model
Re-train TUI TIS model...
Re-train TUL TIS model...
Choose final TIS...
Predicted genes have been saved in file: /home3/katelyn/PATRIC/fna/687800.161.fna.MED
Detailed information for predicted TIS has been saved in /home3/katelyn/PATRIC/fna/687800.161.fna.MED.para
