Welcome to MED2.0
Genome file is /home3/katelyn/PATRIC/fna/687800.163.fna
sequence size: 175434
GC%: 0.421594

Number of exactcted ORFs: 1634
Select root ORFs and first running of TIS model...
 iteration      Selected as coding    rejected as non-coding
       0                       49                       98
       1                       35                      331
       2                       12                      182
       3                        1                       87
       4                        0                       47
       5                        0                       21
       6                        0                        7
       7                        0                        3
       8                        0                        3
       9                        0                        2
      10                        0                        1
      11                        0                        1
      12                        0                        0
Selected root coding ORFs number: 97
Rejected non-coding ORFs number: 783
Remaining ORFs number: 754

Select coding ORFs from remianing ORFs using a Fisher discriminant function...
Remaining: 447
Process overlapping genes...
Totally predict 222 genes.
Second run of TIS model.
Extract TUI and TUL genes (length >300bp)
TUI genes number: 98
TUL genes number: 35
Compare TUI TIS model with TUL TIS model...
Train TUI TIS model..
Train TUL TIS model..
Lamda < 0: TUL TIS model differs from TUI TIS model
Re-train TUI TIS model...
Re-train TUL TIS model....
Choose final TIS...
Predicted genes have been saved in file: /home3/katelyn/PATRIC/fna/687800.163.fna.MED
Detailed information for predicted TIS has been saved in /home3/katelyn/PATRIC/fna/687800.163.fna.MED.para
