Welcome to MED2.0
Genome file is /home3/katelyn/PATRIC/fna/687800.143.fna
sequence size: 175442
GC%: 0.421587

Number of exactcted ORFs: 1634
Select root ORFs and first running of TIS model...
 iteration      Selected as coding    rejected as non-coding
       0                       57                       92
       1                       31                      302
       2                        9                      218
       3                        0                      108
       4                        0                       48
       5                        0                        4
       6                        0                        0
Selected root coding ORFs number: 97
Rejected non-coding ORFs number: 772
Remaining ORFs number: 765

Select coding ORFs from remianing ORFs using a Fisher discriminant function...
Remaining: 504
Process overlapping genes...
Totally predict 225 genes.
Second run of TIS model.
Extract TUI and TUL genes (length >300bp)
TUI genes number: 97
TUL genes number: 33
Compare TUI TIS model with TUL TIS model...
Train TUI TIS model..
Train TUL TIS model..
Lamda < 0: TUL TIS model differs from TUI TIS model
Re-train TUI TIS model....
Re-train TUL TIS model.....
Choose final TIS...
Predicted genes have been saved in file: /home3/katelyn/PATRIC/fna/687800.143.fna.MED
Detailed information for predicted TIS has been saved in /home3/katelyn/PATRIC/fna/687800.143.fna.MED.para
