Welcome to MED2.0
Genome file is /home3/katelyn/PATRIC/fna/687800.139.fna
sequence size: 175434
GC%: 0.421612

Number of exactcted ORFs: 1630
Select root ORFs and first running of TIS model...
 iteration      Selected as coding    rejected as non-coding
       0                       50                       98
       1                       36                      329
       2                       11                      189
       3                        1                       85
       4                        0                       49
       5                        0                       25
       6                        0                       11
       7                        0                        3
       8                        0                        2
       9                        0                        0
Selected root coding ORFs number: 98
Rejected non-coding ORFs number: 791
Remaining ORFs number: 741

Select coding ORFs from remianing ORFs using a Fisher discriminant function...
Remaining: 482
Process overlapping genes...
Totally predict 223 genes.
Second run of TIS model.
Extract TUI and TUL genes (length >300bp)
TUI genes number: 97
TUL genes number: 34
Compare TUI TIS model with TUL TIS model...
Train TUI TIS model..
Train TUL TIS model..
Lamda > 0: TUL TIS model is similar to TUI TIS model.
Re-train TIS model....
Choose final TIS...
Predicted genes have been saved in file: /home3/katelyn/PATRIC/fna/687800.139.fna.MED
Detailed information for predicted TIS has been saved in /home3/katelyn/PATRIC/fna/687800.139.fna.MED.para
