Welcome to MED2.0
Genome file is /home3/katelyn/PATRIC/fna/687800.126.fna
sequence size: 175410
GC%: 0.421612

Number of exactcted ORFs: 1635
Select root ORFs and first running of TIS model...
 iteration      Selected as coding    rejected as non-coding
       0                       50                       98
       1                       35                      319
       2                       11                      180
       3                        2                       83
       4                        0                       46
       5                        0                       33
       6                        0                       14
       7                        0                        5
       8                        0                        4
       9                        0                        5
      10                        0                        1
      11                        0                        0
Selected root coding ORFs number: 98
Rejected non-coding ORFs number: 788
Remaining ORFs number: 749

Select coding ORFs from remianing ORFs using a Fisher discriminant function...
Remaining: 440
Process overlapping genes...
Totally predict 223 genes.
Second run of TIS model.
Extract TUI and TUL genes (length >300bp)
TUI genes number: 97
TUL genes number: 33
Compare TUI TIS model with TUL TIS model...
Train TUI TIS model..
Train TUL TIS model..
Lamda < 0: TUL TIS model differs from TUI TIS model
Re-train TUI TIS model....
Re-train TUL TIS model...
Choose final TIS...
Predicted genes have been saved in file: /home3/katelyn/PATRIC/fna/687800.126.fna.MED
Detailed information for predicted TIS has been saved in /home3/katelyn/PATRIC/fna/687800.126.fna.MED.para
