Welcome to MED2.0
Genome file is /home3/katelyn/PATRIC/fna/687800.153.fna
sequence size: 175441
GC%: 0.421481

Number of exactcted ORFs: 1636
Select root ORFs and first running of TIS model...
 iteration      Selected as coding    rejected as non-coding
       0                       56                       94
       1                       34                      304
       2                        9                      203
       3                        0                      105
       4                        0                       55
       5                        0                       13
       6                        0                        0
Selected root coding ORFs number: 99
Rejected non-coding ORFs number: 774
Remaining ORFs number: 763

Select coding ORFs from remianing ORFs using a Fisher discriminant function...
Remaining: 437
Process overlapping genes...
Totally predict 224 genes.
Second run of TIS model.
Extract TUI and TUL genes (length >300bp)
TUI genes number: 97
TUL genes number: 34
Compare TUI TIS model with TUL TIS model...
Train TUI TIS model..
Train TUL TIS model..
Lamda < 0: TUL TIS model differs from TUI TIS model
Re-train TUI TIS model...
Re-train TUL TIS model...
Choose final TIS...
Predicted genes have been saved in file: /home3/katelyn/PATRIC/fna/687800.153.fna.MED
Detailed information for predicted TIS has been saved in /home3/katelyn/PATRIC/fna/687800.153.fna.MED.para
