Welcome to MED2.0
Genome file is /home3/katelyn/PATRIC/fna/687800.173.fna
sequence size: 175648
GC%: 0.42169

Number of exactcted ORFs: 1636
Select root ORFs and first running of TIS model...
 iteration      Selected as coding    rejected as non-coding
       0                       53                       96
       1                       34                      344
       2                        8                      203
       3                        0                       74
       4                        0                       41
       5                        0                       18
       6                        0                        6
       7                        0                        1
       8                        0                        2
       9                        0                        1
      10                        0                        1
      11                        0                        1
      12                        0                        1
      13                        0                        0
Selected root coding ORFs number: 95
Rejected non-coding ORFs number: 789
Remaining ORFs number: 752

Select coding ORFs from remianing ORFs using a Fisher discriminant function...
Remaining: 464
Process overlapping genes...
Totally predict 223 genes.
Second run of TIS model.
Extract TUI and TUL genes (length >300bp)
TUI genes number: 95
TUL genes number: 37
Compare TUI TIS model with TUL TIS model...
Train TUI TIS model..
Train TUL TIS model..
Lamda > 0: TUL TIS model is similar to TUI TIS model.
Re-train TIS model....
Choose final TIS...
Predicted genes have been saved in file: /home3/katelyn/PATRIC/fna/687800.173.fna.MED
Detailed information for predicted TIS has been saved in /home3/katelyn/PATRIC/fna/687800.173.fna.MED.para
