Welcome to MED2.0
Genome file is /home3/katelyn/PATRIC/fna/687800.184.fna
sequence size: 175436
GC%: 0.42147

Number of exactcted ORFs: 1641
Select root ORFs and first running of TIS model...
 iteration      Selected as coding    rejected as non-coding
       0                       50                       97
       1                       36                      320
       2                       11                      190
       3                        2                       86
       4                        0                       53
       5                        0                       32
       6                        0                        8
       7                        0                        5
       8                        0                        4
       9                        0                        2
      10                        0                        0
Selected root coding ORFs number: 99
Rejected non-coding ORFs number: 797
Remaining ORFs number: 745

Select coding ORFs from remianing ORFs using a Fisher discriminant function...
Remaining: 495
Process overlapping genes...
Totally predict 223 genes.
Second run of TIS model.
Extract TUI and TUL genes (length >300bp)
TUI genes number: 96
TUL genes number: 37
Compare TUI TIS model with TUL TIS model...
Train TUI TIS model..
Train TUL TIS model..
Lamda > 0: TUL TIS model is similar to TUI TIS model.
Re-train TIS model....
Choose final TIS...
Predicted genes have been saved in file: /home3/katelyn/PATRIC/fna/687800.184.fna.MED
Detailed information for predicted TIS has been saved in /home3/katelyn/PATRIC/fna/687800.184.fna.MED.para
