Welcome to MED2.0
Genome file is /home3/katelyn/PATRIC/fna/687800.133.fna
sequence size: 175447
GC%: 0.421615

Number of exactcted ORFs: 1639
Select root ORFs and first running of TIS model...
 iteration      Selected as coding    rejected as non-coding
       0                       54                       95
       1                       32                      312
       2                       11                      206
       3                        2                       99
       4                        0                       49
       5                        0                        9
       6                        0                        2
       7                        0                        1
       8                        0                        0
Selected root coding ORFs number: 99
Rejected non-coding ORFs number: 773
Remaining ORFs number: 767

Select coding ORFs from remianing ORFs using a Fisher discriminant function...
Remaining: 450
Process overlapping genes...
Totally predict 223 genes.
Second run of TIS model.
Extract TUI and TUL genes (length >300bp)
TUI genes number: 97
TUL genes number: 34
Compare TUI TIS model with TUL TIS model...
Train TUI TIS model..
Train TUL TIS model..
Lamda > 0: TUL TIS model is similar to TUI TIS model.
Re-train TIS model....
Choose final TIS...
Predicted genes have been saved in file: /home3/katelyn/PATRIC/fna/687800.133.fna.MED
Detailed information for predicted TIS has been saved in /home3/katelyn/PATRIC/fna/687800.133.fna.MED.para
