Welcome to MED2.0
Genome file is /home3/katelyn/PATRIC/fna/687800.170.fna
sequence size: 175439
GC%: 0.421679

Number of exactcted ORFs: 1634
Select root ORFs and first running of TIS model...
 iteration      Selected as coding    rejected as non-coding
       0                       32                       70
       1                       41                      324
       2                       12                      227
       3                        4                       93
       4                        0                       43
       5                        0                       28
       6                        0                        8
       7                        0                        2
       8                        0                        4
       9                        0                        3
      10                        0                        1
      11                        0                        1
      12                        0                        0
Selected root coding ORFs number: 89
Rejected non-coding ORFs number: 804
Remaining ORFs number: 741

Select coding ORFs from remianing ORFs using a Fisher discriminant function...
Remaining: 429
Process overlapping genes...
Totally predict 222 genes.
Second run of TIS model.
Extract TUI and TUL genes (length >300bp)
TUI genes number: 98
TUL genes number: 32
Compare TUI TIS model with TUL TIS model...
Train TUI TIS model..
Train TUL TIS model..
Lamda > 0: TUL TIS model is similar to TUI TIS model.
Re-train TIS model....
Choose final TIS...
Predicted genes have been saved in file: /home3/katelyn/PATRIC/fna/687800.170.fna.MED
Detailed information for predicted TIS has been saved in /home3/katelyn/PATRIC/fna/687800.170.fna.MED.para
