Welcome to MED2.0
Genome file is /home3/katelyn/PATRIC/fna/687800.180.fna
sequence size: 175440
GC%: 0.421643

Number of exactcted ORFs: 1633
Select root ORFs and first running of TIS model...
 iteration      Selected as coding    rejected as non-coding
       0                       56                       94
       1                       33                      303
       2                       10                      203
       3                        1                      100
       4                        0                       45
       5                        0                       10
       6                        0                        1
       7                        0                        2
       8                        0                        0
Selected root coding ORFs number: 100
Rejected non-coding ORFs number: 758
Remaining ORFs number: 775

Select coding ORFs from remianing ORFs using a Fisher discriminant function...
Remaining: 473
Process overlapping genes...
Totally predict 222 genes.
Second run of TIS model.
Extract TUI and TUL genes (length >300bp)
TUI genes number: 96
TUL genes number: 35
Compare TUI TIS model with TUL TIS model...
Train TUI TIS model..
Train TUL TIS model..
Lamda > 0: TUL TIS model is similar to TUI TIS model.
Re-train TIS model....
Choose final TIS...
Predicted genes have been saved in file: /home3/katelyn/PATRIC/fna/687800.180.fna.MED
Detailed information for predicted TIS has been saved in /home3/katelyn/PATRIC/fna/687800.180.fna.MED.para
