Welcome to MED2.0
Genome file is /home3/katelyn/PATRIC/fna/687800.172.fna
sequence size: 175311
GC%: 0.421702

Number of exactcted ORFs: 1647
Select root ORFs and first running of TIS model...
 iteration      Selected as coding    rejected as non-coding
       0                       60                      105
       1                       38                      342
       2                        8                      182
       3                        0                       61
       4                        0                       35
       5                        0                       20
       6                        0                       15
       7                        0                        5
       8                        0                        3
       9                        0                        2
      10                        0                        1
      11                        0                        0
Selected root coding ORFs number: 106
Rejected non-coding ORFs number: 771
Remaining ORFs number: 770

Select coding ORFs from remianing ORFs using a Fisher discriminant function...
Remaining: 498
Process overlapping genes...
Totally predict 225 genes.
Second run of TIS model.
Extract TUI and TUL genes (length >300bp)
TUI genes number: 95
TUL genes number: 35
Compare TUI TIS model with TUL TIS model...
Train TUI TIS model..
Train TUL TIS model..
Lamda > 0: TUL TIS model is similar to TUI TIS model.
Re-train TIS model...
Choose final TIS...
Predicted genes have been saved in file: /home3/katelyn/PATRIC/fna/687800.172.fna.MED
Detailed information for predicted TIS has been saved in /home3/katelyn/PATRIC/fna/687800.172.fna.MED.para
