Welcome to MED2.0
Genome file is /home3/katelyn/PATRIC/fna/687800.149.fna
sequence size: 175438
GC%: 0.421482

Number of exactcted ORFs: 1629
Select root ORFs and first running of TIS model...
 iteration      Selected as coding    rejected as non-coding
       0                       50                       98
       1                       37                      328
       2                       11                      192
       3                        2                       88
       4                        0                       48
       5                        0                       26
       6                        0                        7
       7                        0                        2
       8                        0                        0
Selected root coding ORFs number: 100
Rejected non-coding ORFs number: 789
Remaining ORFs number: 740

Select coding ORFs from remianing ORFs using a Fisher discriminant function...
Remaining: 472
Process overlapping genes...
Totally predict 222 genes.
Second run of TIS model.
Extract TUI and TUL genes (length >300bp)
TUI genes number: 96
TUL genes number: 36
Compare TUI TIS model with TUL TIS model...
Train TUI TIS model..
Train TUL TIS model..
Lamda > 0: TUL TIS model is similar to TUI TIS model.
Re-train TIS model....
Choose final TIS...
Predicted genes have been saved in file: /home3/katelyn/PATRIC/fna/687800.149.fna.MED
Detailed information for predicted TIS has been saved in /home3/katelyn/PATRIC/fna/687800.149.fna.MED.para
