Welcome to MED2.0
Genome file is /home3/katelyn/PATRIC/fna/691318.10.fna
sequence size: 41526
GC%: 0.390864

Number of exactcted ORFs: 258
Select root ORFs and first running of TIS model...
 iteration      Selected as coding    rejected as non-coding
       0                        9                        1
       1                        5                        2
       2                        0                        3
       3                        0                        6
       4                        0                       11
       5                        0                       17
       6                        0                       13
       7                        0                       10
       8                        0                       10
       9                        0                        1
      10                        0                        1
      11                        0                        0
Selected root coding ORFs number: 14
Rejected non-coding ORFs number: 75
Remaining ORFs number: 169

Select coding ORFs from remianing ORFs using a Fisher discriminant function...
Remaining: 93
Process overlapping genes...
Totally predict 52 genes.
Second run of TIS model.
Extract TUI and TUL genes (length >300bp)
TUI genes number: 27
TUL genes number: 7
Compare TUI TIS model with TUL TIS model...
Train TUI TIS model..
Train TUL TIS model..
Lamda > 0: TUL TIS model is similar to TUI TIS model.
Re-train TIS model....
Choose final TIS...
Predicted genes have been saved in file: /home3/katelyn/PATRIC/fna/691318.10.fna.MED
Detailed information for predicted TIS has been saved in /home3/katelyn/PATRIC/fna/691318.10.fna.MED.para
