Welcome to MED2.0
Genome file is /home3/katelyn/PATRIC/fna/693582.9.fna
sequence size: 43144
GC%: 0.589143

Number of exactcted ORFs: 465
Select root ORFs and first running of TIS model...
 iteration      Selected as coding    rejected as non-coding
       0                       41                      125
       1                        1                       44
       2                        1                        6
       3                        0                        0
Selected root coding ORFs number: 43
Rejected non-coding ORFs number: 268
Remaining ORFs number: 154
Select coding ORFs from remianing ORFs using Fisher discriminant functions...
Remaining: 90
Process overlapping genes...
Totally predict 56 genes.
Second run of TIS model.
Extract TUI and TUL genes (length >300bp)
TUI genes number: 27
TUL genes number: 8
Compare TUI TIS model with TUL TIS model...
Train TUI TIS model..
Train TUL TIS model..
Lamda > 0: TUL TIS model is similar to TUI TIS model.
Re-train TIS model....
Choose final TIS...
Predicted genes have been saved in file: /home3/katelyn/PATRIC/fna/693582.9.fna.MED
Detailed information for predicted TIS has been saved in /home3/katelyn/PATRIC/fna/693582.9.fna.MED.para
