Welcome to MED2.0
Genome file is /home3/katelyn/PATRIC/fna/69612.5.fna
sequence size: 168395
GC%: 0.353722

Number of exactcted ORFs: 1275
Select root ORFs and first running of TIS model...
 iteration      Selected as coding    rejected as non-coding
       0                       74                       23
       1                       65                       58
       2                       16                       66
       3                        1                       39
       4                        0                       32
       5                        0                       16
       6                        0                        5
       7                        0                        2
       8                        0                        2
       9                        0                        1
      10                        0                        0
Selected root coding ORFs number: 156
Rejected non-coding ORFs number: 244
Remaining ORFs number: 875

Select coding ORFs from remianing ORFs using a Fisher discriminant function...
Remaining: 615
Process overlapping genes...
Totally predict 292 genes.
Second run of TIS model.
Extract TUI and TUL genes (length >300bp)
TUI genes number: 120
TUL genes number: 54
Compare TUI TIS model with TUL TIS model...
Train TUI TIS model..
Train TUL TIS model..
Lamda > 0: TUL TIS model is similar to TUI TIS model.
Re-train TIS model......
Choose final TIS...
Predicted genes have been saved in file: /home3/katelyn/PATRIC/fna/69612.5.fna.MED
Detailed information for predicted TIS has been saved in /home3/katelyn/PATRIC/fna/69612.5.fna.MED.para
