Welcome to MED2.0
Genome file is /home3/katelyn/PATRIC/fna/697289.6.fna
sequence size: 168896
GC%: 0.352909

Number of exactcted ORFs: 1262
Select root ORFs and first running of TIS model...
 iteration      Selected as coding    rejected as non-coding
       0                       92                       29
       1                       81                       94
       2                        7                       82
       3                        0                       48
       4                        0                       29
       5                        0                       14
       6                        0                        3
       7                        0                        4
       8                        0                        3
       9                        0                        0
Selected root coding ORFs number: 180
Rejected non-coding ORFs number: 306
Remaining ORFs number: 776

Select coding ORFs from remianing ORFs using a Fisher discriminant function...
Remaining: 487
Process overlapping genes...
Totally predict 283 genes.
Second run of TIS model.
Extract TUI and TUL genes (length >300bp)
TUI genes number: 115
TUL genes number: 61
Compare TUI TIS model with TUL TIS model...
Train TUI TIS model..
Train TUL TIS model..
Lamda > 0: TUL TIS model is similar to TUI TIS model.
Re-train TIS model.......
Choose final TIS...
Predicted genes have been saved in file: /home3/katelyn/PATRIC/fna/697289.6.fna.MED
Detailed information for predicted TIS has been saved in /home3/katelyn/PATRIC/fna/697289.6.fna.MED.para
