Welcome to MED2.0
Genome file is /home3/katelyn/PATRIC/fna/697227.12.fna
sequence size: 172253
GC%: 0.395906

Number of exactcted ORFs: 1449
Select root ORFs and first running of TIS model...
 iteration      Selected as coding    rejected as non-coding
       0                       61                       72
       1                       43                      219
       2                       11                      169
       3                        1                       51
       4                        1                       19
       5                        0                        2
       6                        0                        0
Selected root coding ORFs number: 117
Rejected non-coding ORFs number: 532
Remaining ORFs number: 800

Select coding ORFs from remianing ORFs using a Fisher discriminant function...
Remaining: 439
Process overlapping genes...
Totally predict 283 genes.
Second run of TIS model.
Extract TUI and TUL genes (length >300bp)
TUI genes number: 106
TUL genes number: 65
Compare TUI TIS model with TUL TIS model...
Train TUI TIS model..
Train TUL TIS model..
Lamda > 0: TUL TIS model is similar to TUI TIS model.
Re-train TIS model...
Choose final TIS...
Predicted genes have been saved in file: /home3/katelyn/PATRIC/fna/697227.12.fna.MED
Detailed information for predicted TIS has been saved in /home3/katelyn/PATRIC/fna/697227.12.fna.MED.para
