Welcome to MED2.0
Genome file is /home3/katelyn/PATRIC/fna/698486.18.fna
sequence size: 43587
GC%: 0.51068

Number of exactcted ORFs: 410
Select root ORFs and first running of TIS model...
 iteration      Selected as coding    rejected as non-coding
       0                        9                       15
       1                        9                       50
       2                        2                       52
       3                        0                       24
       4                        0                        7
       5                        0                        1
       6                        0                        0
Selected root coding ORFs number: 20
Rejected non-coding ORFs number: 149
Remaining ORFs number: 241

Select coding ORFs from remianing ORFs using a Fisher discriminant function...
Remaining: 145
Process overlapping genes...
Totally predict 75 genes.
Second run of TIS model.
Extract TUI and TUL genes (length >300bp)
TUI genes number: 23
TUL genes number: 15
Compare TUI TIS model with TUL TIS model...
Train TUI TIS model..
Train TUL TIS model..
Lamda > 0: TUL TIS model is similar to TUI TIS model.
Re-train TIS model....
Choose final TIS...
Predicted genes have been saved in file: /home3/katelyn/PATRIC/fna/698486.18.fna.MED
Detailed information for predicted TIS has been saved in /home3/katelyn/PATRIC/fna/698486.18.fna.MED.para
