Welcome to MED2.0
Genome file is /home3/katelyn/PATRIC/fna/699370.10.fna
sequence size: 151483
GC%: 0.326254

Number of exactcted ORFs: 930
Select root ORFs and first running of TIS model...
 iteration      Selected as coding    rejected as non-coding
       0                       15                       10
       1                       63                       78
       2                       43                      109
       3                        9                       58
       4                        0                       17
       5                        0                        6
       6                        0                        3
       7                        0                        0
Selected root coding ORFs number: 130
Rejected non-coding ORFs number: 281
Remaining ORFs number: 519

Select coding ORFs from remianing ORFs using a Fisher discriminant function...
Remaining: 303
Process overlapping genes...
Totally predict 177 genes.
Second run of TIS model.
Extract TUI and TUL genes (length >300bp)
TUI genes number: 104
TUL genes number: 36
Compare TUI TIS model with TUL TIS model...
Train TUI TIS model..
Train TUL TIS model..
Lamda > 0: TUL TIS model is similar to TUI TIS model.
Re-train TIS model.....
Choose final TIS...
Predicted genes have been saved in file: /home3/katelyn/PATRIC/fna/699370.10.fna.MED
Detailed information for predicted TIS has been saved in /home3/katelyn/PATRIC/fna/699370.10.fna.MED.para
