Welcome to MED2.0
Genome file is /home3/katelyn/PATRIC/fna/700939.9.fna
sequence size: 169285
GC%: 0.403332

Number of exactcted ORFs: 1611
Select root ORFs and first running of TIS model...
 iteration      Selected as coding    rejected as non-coding
       0                       60                      111
       1                       37                      309
       2                        8                      179
       3                        1                       50
       4                        0                       10
       5                        0                        3
       6                        0                        0
Selected root coding ORFs number: 106
Rejected non-coding ORFs number: 662
Remaining ORFs number: 843

Select coding ORFs from remianing ORFs using a Fisher discriminant function...
Remaining: 472
Process overlapping genes...
Totally predict 287 genes.
Second run of TIS model.
Extract TUI and TUL genes (length >300bp)
TUI genes number: 108
TUL genes number: 59
Compare TUI TIS model with TUL TIS model...
Train TUI TIS model..
Train TUL TIS model..
Lamda > 0: TUL TIS model is similar to TUI TIS model.
Re-train TIS model.......
Choose final TIS...
Predicted genes have been saved in file: /home3/katelyn/PATRIC/fna/700939.9.fna.MED
Detailed information for predicted TIS has been saved in /home3/katelyn/PATRIC/fna/700939.9.fna.MED.para
