Welcome to MED2.0
Genome file is /home3/katelyn/PATRIC/fna/707757.16.fna
sequence size: 174436
GC%: 0.418314

Number of exactcted ORFs: 1667
Select root ORFs and first running of TIS model...
 iteration      Selected as coding    rejected as non-coding
       0                       94                       93
       1                       46                      203
       2                        6                      172
       3                        0                       78
       4                        0                       21
       5                        0                        2
       6                        0                        1
       7                        0                        1
       8                        0                        0
Selected root coding ORFs number: 146
Rejected non-coding ORFs number: 571
Remaining ORFs number: 950

Select coding ORFs from remianing ORFs using a Fisher discriminant function...
Remaining: 357
Process overlapping genes...
Totally predict 278 genes.
Second run of TIS model.
Extract TUI and TUL genes (length >300bp)
TUI genes number: 141
TUL genes number: 39
Compare TUI TIS model with TUL TIS model...
Train TUI TIS model..
Train TUL TIS model..
Lamda > 0: TUL TIS model is similar to TUI TIS model.
Re-train TIS model....
Choose final TIS...
Predicted genes have been saved in file: /home3/katelyn/PATRIC/fna/707757.16.fna.MED
Detailed information for predicted TIS has been saved in /home3/katelyn/PATRIC/fna/707757.16.fna.MED.para
