Welcome to MED2.0
Genome file is /home3/katelyn/PATRIC/fna/709484.17.fna
sequence size: 165540
GC%: 0.399184

Number of exactcted ORFs: 1474
Select root ORFs and first running of TIS model...
 iteration      Selected as coding    rejected as non-coding
       0                       43                       37
       1                       47                      156
       2                       14                      200
       3                        1                      113
       4                        0                       42
       5                        0                       15
       6                        0                       10
       7                        0                        7
       8                        0                        0
Selected root coding ORFs number: 105
Rejected non-coding ORFs number: 580
Remaining ORFs number: 789

Select coding ORFs from remianing ORFs using a Fisher discriminant function...
Remaining: 492
Process overlapping genes...
Totally predict 283 genes.
Second run of TIS model.
Extract TUI and TUL genes (length >300bp)
TUI genes number: 134
TUL genes number: 45
Compare TUI TIS model with TUL TIS model...
Train TUI TIS model..
Train TUL TIS model..
Lamda > 0: TUL TIS model is similar to TUI TIS model.
Re-train TIS model.....
Choose final TIS...
Predicted genes have been saved in file: /home3/katelyn/PATRIC/fna/709484.17.fna.MED
Detailed information for predicted TIS has been saved in /home3/katelyn/PATRIC/fna/709484.17.fna.MED.para
