Welcome to MED2.0
Genome file is /home3/katelyn/PATRIC/fna/711470.6.fna
sequence size: 53332
GC%: 0.645297

Number of exactcted ORFs: 558
Select root ORFs and first running of TIS model...
 iteration      Selected as coding    rejected as non-coding
       0                       68                      232
       1                        5                       40
       2                        1                        6
       3                        0                        1
       4                        0                        0
Selected root coding ORFs number: 74
Rejected non-coding ORFs number: 331
Remaining ORFs number: 153
Select coding ORFs from remianing ORFs using Fisher discriminant functions...
Remaining: 105
Process overlapping genes...
Totally predict 92 genes.
Second run of TIS model.
Extract TUI and TUL genes (length >300bp)
TUI genes number: 33
TUL genes number: 20
Compare TUI TIS model with TUL TIS model...
Train TUI TIS model..
Train TUL TIS model..
Lamda > 0: TUL TIS model is similar to TUI TIS model.
Re-train TIS model.....
Choose final TIS...
Predicted genes have been saved in file: /home3/katelyn/PATRIC/fna/711470.6.fna.MED
Detailed information for predicted TIS has been saved in /home3/katelyn/PATRIC/fna/711470.6.fna.MED.para
