Welcome to MED2.0
Genome file is /home3/katelyn/PATRIC/fna/741942.9.fna
sequence size: 36892
GC%: 0.510382

Number of exactcted ORFs: 405
Select root ORFs and first running of TIS model...
 iteration      Selected as coding    rejected as non-coding
       0                       16                       39
       1                       10                       90
       2                        1                       43
       3                        0                       13
       4                        0                        4
       5                        0                        3
       6                        0                        1
       7                        0                        0
Selected root coding ORFs number: 27
Rejected non-coding ORFs number: 193
Remaining ORFs number: 185

Select coding ORFs from remianing ORFs using a Fisher discriminant function...
Remaining: 89
Process overlapping genes...
Totally predict 46 genes.
Second run of TIS model.
Extract TUI and TUL genes (length >300bp)
TUI genes number: 18
TUL genes number: 14
Compare TUI TIS model with TUL TIS model...
Train TUI TIS model..
Train TUL TIS model..
Lamda > 0: TUL TIS model is similar to TUI TIS model.
Re-train TIS model.....
Choose final TIS...
Predicted genes have been saved in file: /home3/katelyn/PATRIC/fna/741942.9.fna.MED
Detailed information for predicted TIS has been saved in /home3/katelyn/PATRIC/fna/741942.9.fna.MED.para
