Welcome to MED2.0
Genome file is /home3/katelyn/PATRIC/fna/749413.9.fna
sequence size: 49335
GC%: 0.460099

Number of exactcted ORFs: 536
Select root ORFs and first running of TIS model...
 iteration      Selected as coding    rejected as non-coding
       0                       21                       59
       1                       11                       78
       2                        4                       34
       3                        2                        9
       4                        0                        1
       5                        0                        0
Selected root coding ORFs number: 38
Rejected non-coding ORFs number: 181
Remaining ORFs number: 317

Select coding ORFs from remianing ORFs using a Fisher discriminant function...
Remaining: 238
Process overlapping genes...
Totally predict 93 genes.
Second run of TIS model.
Extract TUI and TUL genes (length >300bp)
TUI genes number: 38
TUL genes number: 15
Compare TUI TIS model with TUL TIS model...
Train TUI TIS model..
Train TUL TIS model..
Lamda > 0: TUL TIS model is similar to TUI TIS model.
Re-train TIS model.....
Choose final TIS...
Predicted genes have been saved in file: /home3/katelyn/PATRIC/fna/749413.9.fna.MED
Detailed information for predicted TIS has been saved in /home3/katelyn/PATRIC/fna/749413.9.fna.MED.para
