Welcome to MED2.0
Genome file is /home3/katelyn/PATRIC/fna/75320.12.fna
sequence size: 244834
GC%: 0.425995

Number of exactcted ORFs: 2410
Select root ORFs and first running of TIS model...
 iteration      Selected as coding    rejected as non-coding
       0                      128                      105
       1                       83                      254
       2                       12                      320
       3                        1                      205
       4                        0                       73
       5                        0                       21
       6                        0                        9
       7                        0                        3
       8                        0                        1
       9                        0                        1
      10                        0                        0
Selected root coding ORFs number: 224
Rejected non-coding ORFs number: 992
Remaining ORFs number: 1194

Select coding ORFs from remianing ORFs using a Fisher discriminant function...
Remaining: 518
Process overlapping genes...
Totally predict 404 genes.
Second run of TIS model.
Extract TUI and TUL genes (length >300bp)
TUI genes number: 175
TUL genes number: 90
Compare TUI TIS model with TUL TIS model...
Train TUI TIS model..
Train TUL TIS model..
Lamda > 0: TUL TIS model is similar to TUI TIS model.
Re-train TIS model...
Choose final TIS...
Predicted genes have been saved in file: /home3/katelyn/PATRIC/fna/75320.12.fna.MED
Detailed information for predicted TIS has been saved in /home3/katelyn/PATRIC/fna/75320.12.fna.MED.para
