Welcome to MED2.0
Genome file is /home3/katelyn/PATRIC/fna/754049.7.fna
sequence size: 46917
GC%: 0.438967

Number of exactcted ORFs: 467
Select root ORFs and first running of TIS model...
 iteration      Selected as coding    rejected as non-coding
       0                       20                       16
       1                       11                       25
       2                        1                       34
       3                        0                       10
       4                        0                        3
       5                        0                        0
Selected root coding ORFs number: 32
Rejected non-coding ORFs number: 88
Remaining ORFs number: 347

Select coding ORFs from remianing ORFs using a Fisher discriminant function...
Remaining: 241
Process overlapping genes...
Totally predict 87 genes.
Second run of TIS model.
Extract TUI and TUL genes (length >300bp)
TUI genes number: 28
TUL genes number: 23
Compare TUI TIS model with TUL TIS model...
Train TUI TIS model..
Train TUL TIS model..
Lamda > 0: TUL TIS model is similar to TUI TIS model.
Re-train TIS model....
Choose final TIS...
Predicted genes have been saved in file: /home3/katelyn/PATRIC/fna/754049.7.fna.MED
Detailed information for predicted TIS has been saved in /home3/katelyn/PATRIC/fna/754049.7.fna.MED.para
