Welcome to MED2.0
Genome file is /home3/katelyn/PATRIC/fna/754041.7.fna
sequence size: 44892
GC%: 0.429297

Number of exactcted ORFs: 437
Select root ORFs and first running of TIS model...
 iteration      Selected as coding    rejected as non-coding
       0                       10                       16
       1                       10                       47
       2                        1                       38
       3                        0                       12
       4                        0                        4
       5                        0                        0
Selected root coding ORFs number: 21
Rejected non-coding ORFs number: 117
Remaining ORFs number: 299

Select coding ORFs from remianing ORFs using a Fisher discriminant function...
Remaining: 253
Process overlapping genes...
Totally predict 78 genes.
Second run of TIS model.
Extract TUI and TUL genes (length >300bp)
TUI genes number: 30
TUL genes number: 11
Compare TUI TIS model with TUL TIS model...
Train TUI TIS model..
Train TUL TIS model..
Lamda > 0: TUL TIS model is similar to TUI TIS model.
Re-train TIS model.....
Choose final TIS...
Predicted genes have been saved in file: /home3/katelyn/PATRIC/fna/754041.7.fna.MED
Detailed information for predicted TIS has been saved in /home3/katelyn/PATRIC/fna/754041.7.fna.MED.para
