Welcome to MED2.0
Genome file is /home3/katelyn/PATRIC/fna/754038.10.fna
sequence size: 171407
GC%: 0.393333

Number of exactcted ORFs: 1545
Select root ORFs and first running of TIS model...
 iteration      Selected as coding    rejected as non-coding
       0                       35                       56
       1                       38                      195
       2                        9                      200
       3                        1                      101
       4                        1                       41
       5                        0                       11
       6                        0                        5
       7                        0                        1
       8                        0                        0
Selected root coding ORFs number: 84
Rejected non-coding ORFs number: 610
Remaining ORFs number: 851

Select coding ORFs from remianing ORFs using a Fisher discriminant function...
Remaining: 380
Process overlapping genes...
Totally predict 226 genes.
Second run of TIS model.
Extract TUI and TUL genes (length >300bp)
TUI genes number: 94
TUL genes number: 34
Compare TUI TIS model with TUL TIS model...
Train TUI TIS model..
Train TUL TIS model..
Lamda > 0: TUL TIS model is similar to TUI TIS model.
Re-train TIS model.....
Choose final TIS...
Predicted genes have been saved in file: /home3/katelyn/PATRIC/fna/754038.10.fna.MED
Detailed information for predicted TIS has been saved in /home3/katelyn/PATRIC/fna/754038.10.fna.MED.para
