Welcome to MED2.0
Genome file is /home3/katelyn/PATRIC/fna/754056.7.fna
sequence size: 40231
GC%: 0.621188

Number of exactcted ORFs: 434
Select root ORFs and first running of TIS model...
 iteration      Selected as coding    rejected as non-coding
       0                       52                      112
       1                       12                       16
       2                        4                        3
       3                        0                        0
Selected root coding ORFs number: 68
Rejected non-coding ORFs number: 136
Remaining ORFs number: 230
Select coding ORFs from remianing ORFs using Fisher discriminant functions...
Remaining: 190
Process overlapping genes...
Totally predict 64 genes.
Second run of TIS model.
Extract TUI and TUL genes (length >300bp)
TUI genes number: 22
TUL genes number: 19
Compare TUI TIS model with TUL TIS model...
Train TUI TIS model..
Train TUL TIS model..
Lamda > 0: TUL TIS model is similar to TUI TIS model.
Re-train TIS model...
Choose final TIS...
Predicted genes have been saved in file: /home3/katelyn/PATRIC/fna/754056.7.fna.MED
Detailed information for predicted TIS has been saved in /home3/katelyn/PATRIC/fna/754056.7.fna.MED.para
