Welcome to MED2.0
Genome file is /home3/katelyn/PATRIC/fna/754039.7.fna
sequence size: 171797
GC%: 0.405723

Number of exactcted ORFs: 1594
Select root ORFs and first running of TIS model...
 iteration      Selected as coding    rejected as non-coding
       0                       45                       59
       1                       25                      173
       2                        6                      250
       3                        0                      148
       4                        0                       50
       5                        0                       12
       6                        0                        1
       7                        0                        2
       8                        0                        1
       9                        0                        0
Selected root coding ORFs number: 76
Rejected non-coding ORFs number: 696
Remaining ORFs number: 822

Select coding ORFs from remianing ORFs using a Fisher discriminant function...
Remaining: 473
Process overlapping genes...
Totally predict 229 genes.
Second run of TIS model.
Extract TUI and TUL genes (length >300bp)
TUI genes number: 84
TUL genes number: 37
Compare TUI TIS model with TUL TIS model...
Train TUI TIS model..
Train TUL TIS model..
Lamda < 0: TUL TIS model differs from TUI TIS model
Re-train TUI TIS model..
Re-train TUL TIS model......
Choose final TIS...
Predicted genes have been saved in file: /home3/katelyn/PATRIC/fna/754039.7.fna.MED
Detailed information for predicted TIS has been saved in /home3/katelyn/PATRIC/fna/754039.7.fna.MED.para
