Welcome to MED2.0
Genome file is /home3/katelyn/PATRIC/fna/756280.11.fna
sequence size: 54566
GC%: 0.334641

Number of exactcted ORFs: 309
Select root ORFs and first running of TIS model...
 iteration      Selected as coding    rejected as non-coding
       0                        3                        2
       1                        3                        7
       2                        2                       26
       3                        1                       33
       4                        6                       13
       5                        2                        8
       6                        1                        7
       7                        0                        5
       8                        0                        3
       9                        0                        0
Selected root coding ORFs number: 18
Rejected non-coding ORFs number: 104
Remaining ORFs number: 187

Select coding ORFs from remianing ORFs using a Fisher discriminant function...
Remaining: 99
Process overlapping genes...
Totally predict 78 genes.
Second run of TIS model.
Extract TUI and TUL genes (length >300bp)
TUI genes number: 41
TUL genes number: 18
Compare TUI TIS model with TUL TIS model...
Train TUI TIS model..
Train TUL TIS model..
Lamda < 0: TUL TIS model differs from TUI TIS model
Re-train TUI TIS model...
Re-train TUL TIS model....
Choose final TIS...
Predicted genes have been saved in file: /home3/katelyn/PATRIC/fna/756280.11.fna.MED
Detailed information for predicted TIS has been saved in /home3/katelyn/PATRIC/fna/756280.11.fna.MED.para
