Welcome to MED2.0
Genome file is /home3/katelyn/PATRIC/fna/756278.15.fna
sequence size: 171770
GC%: 0.405787

Number of exactcted ORFs: 1618
Select root ORFs and first running of TIS model...
 iteration      Selected as coding    rejected as non-coding
       0                       50                       71
       1                       30                      182
       2                        7                      170
       3                        1                       97
       4                        0                       35
       5                        0                       15
       6                        0                        5
       7                        0                        0
Selected root coding ORFs number: 88
Rejected non-coding ORFs number: 575
Remaining ORFs number: 955

Select coding ORFs from remianing ORFs using a Fisher discriminant function...
Remaining: 649
Process overlapping genes...
Totally predict 240 genes.
Second run of TIS model.
Extract TUI and TUL genes (length >300bp)
TUI genes number: 99
TUL genes number: 27
Compare TUI TIS model with TUL TIS model...
Train TUI TIS model..
Train TUL TIS model..
Lamda < 0: TUL TIS model differs from TUI TIS model
Re-train TUI TIS model...
Re-train TUL TIS model.....
Choose final TIS...
Predicted genes have been saved in file: /home3/katelyn/PATRIC/fna/756278.15.fna.MED
Detailed information for predicted TIS has been saved in /home3/katelyn/PATRIC/fna/756278.15.fna.MED.para
