Welcome to MED2.0
Genome file is /home3/katelyn/PATRIC/fna/757342.8.fna
sequence size: 93017
GC%: 0.492609

Number of exactcted ORFs: 956
Select root ORFs and first running of TIS model...
 iteration      Selected as coding    rejected as non-coding
       0                       31                       73
       1                       19                      136
       2                        3                       62
       3                        1                       14
       4                        0                        7
       5                        0                        1
       6                        0                        1
       7                        0                        0
Selected root coding ORFs number: 54
Rejected non-coding ORFs number: 294
Remaining ORFs number: 608

Select coding ORFs from remianing ORFs using a Fisher discriminant function...
Remaining: 356
Process overlapping genes...
Totally predict 179 genes.
Second run of TIS model.
Extract TUI and TUL genes (length >300bp)
TUI genes number: 70
TUL genes number: 38
Compare TUI TIS model with TUL TIS model...
Train TUI TIS model..
Train TUL TIS model..
Lamda > 0: TUL TIS model is similar to TUI TIS model.
Re-train TIS model....
Choose final TIS...
Predicted genes have been saved in file: /home3/katelyn/PATRIC/fna/757342.8.fna.MED
Detailed information for predicted TIS has been saved in /home3/katelyn/PATRIC/fna/757342.8.fna.MED.para
