Welcome to MED2.0
Genome file is /home3/katelyn/PATRIC/fna/760939.9.fna
sequence size: 169947
GC%: 0.400278

Number of exactcted ORFs: 1669
Select root ORFs and first running of TIS model...
 iteration      Selected as coding    rejected as non-coding
       0                       77                       70
       1                       30                       97
       2                        9                      105
       3                        0                       77
       4                        0                       55
       5                        0                       34
       6                        0                       16
       7                        0                        6
       8                        0                        2
       9                        0                        1
      10                        0                        0
Selected root coding ORFs number: 116
Rejected non-coding ORFs number: 463
Remaining ORFs number: 1090

Select coding ORFs from remianing ORFs using a Fisher discriminant function...
Remaining: 512
Process overlapping genes...
Totally predict 268 genes.
Second run of TIS model.
Extract TUI and TUL genes (length >300bp)
TUI genes number: 120
TUL genes number: 70
Compare TUI TIS model with TUL TIS model...
Train TUI TIS model..
Train TUL TIS model..
Lamda > 0: TUL TIS model is similar to TUI TIS model.
Re-train TIS model....
Choose final TIS...
Predicted genes have been saved in file: /home3/katelyn/PATRIC/fna/760939.9.fna.MED
Detailed information for predicted TIS has been saved in /home3/katelyn/PATRIC/fna/760939.9.fna.MED.para
