Welcome to MED2.0
Genome file is /home3/katelyn/PATRIC/fna/764595.8.fna
sequence size: 156897
GC%: 0.364468

Number of exactcted ORFs: 1088
Select root ORFs and first running of TIS model...
 iteration      Selected as coding    rejected as non-coding
       0                       72                       66
       1                       79                      201
       2                       20                      109
       3                        2                       30
       4                        0                        6
       5                        0                        1
       6                        0                        0
Selected root coding ORFs number: 173
Rejected non-coding ORFs number: 413
Remaining ORFs number: 502

Select coding ORFs from remianing ORFs using a Fisher discriminant function...
Remaining: 325
Process overlapping genes...
Totally predict 282 genes.
Second run of TIS model.
Extract TUI and TUL genes (length >300bp)
TUI genes number: 112
TUL genes number: 49
Compare TUI TIS model with TUL TIS model...
Train TUI TIS model..
Train TUL TIS model..
Lamda > 0: TUL TIS model is similar to TUI TIS model.
Re-train TIS model...
Choose final TIS...
Predicted genes have been saved in file: /home3/katelyn/PATRIC/fna/764595.8.fna.MED
Detailed information for predicted TIS has been saved in /home3/katelyn/PATRIC/fna/764595.8.fna.MED.para
