Welcome to MED2.0
Genome file is /home3/katelyn/PATRIC/fna/77775.15.fna
sequence size: 86155
GC%: 0.390064

Number of exactcted ORFs: 696
Select root ORFs and first running of TIS model...
 iteration      Selected as coding    rejected as non-coding
       0                       37                       22
       1                       26                       50
       2                        3                       61
       3                        2                       43
       4                        0                       30
       5                        0                       16
       6                        0                        7
       7                        0                        2
       8                        0                        0
Selected root coding ORFs number: 68
Rejected non-coding ORFs number: 231
Remaining ORFs number: 397

Select coding ORFs from remianing ORFs using a Fisher discriminant function...
Remaining: 297
Process overlapping genes...
Totally predict 148 genes.
Second run of TIS model.
Extract TUI and TUL genes (length >300bp)
TUI genes number: 64
TUL genes number: 29
Compare TUI TIS model with TUL TIS model...
Train TUI TIS model..
Train TUL TIS model..
Lamda > 0: TUL TIS model is similar to TUI TIS model.
Re-train TIS model....
Choose final TIS...
Predicted genes have been saved in file: /home3/katelyn/PATRIC/fna/77775.15.fna.MED
Detailed information for predicted TIS has been saved in /home3/katelyn/PATRIC/fna/77775.15.fna.MED.para
