Welcome to MED2.0
Genome file is /home3/katelyn/PATRIC/fna/857277.12.fna
sequence size: 168920
GC%: 0.352907

Number of exactcted ORFs: 1260
Select root ORFs and first running of TIS model...
 iteration      Selected as coding    rejected as non-coding
       0                       92                       28
       1                       80                       90
       2                        7                       84
       3                        0                       49
       4                        0                       29
       5                        0                       15
       6                        0                        3
       7                        0                        4
       8                        0                        3
       9                        0                        0
Selected root coding ORFs number: 179
Rejected non-coding ORFs number: 305
Remaining ORFs number: 776

Select coding ORFs from remianing ORFs using a Fisher discriminant function...
Remaining: 485
Process overlapping genes...
Totally predict 282 genes.
Second run of TIS model.
Extract TUI and TUL genes (length >300bp)
TUI genes number: 117
TUL genes number: 59
Compare TUI TIS model with TUL TIS model...
Train TUI TIS model..
Train TUL TIS model..
Lamda > 0: TUL TIS model is similar to TUI TIS model.
Re-train TIS model....
Choose final TIS...
Predicted genes have been saved in file: /home3/katelyn/PATRIC/fna/857277.12.fna.MED
Detailed information for predicted TIS has been saved in /home3/katelyn/PATRIC/fna/857277.12.fna.MED.para
