Welcome to MED2.0
Genome file is /home3/katelyn/PATRIC/fna/869661.6.fna
sequence size: 175430
GC%: 0.421672

Number of exactcted ORFs: 1635
Select root ORFs and first running of TIS model...
 iteration      Selected as coding    rejected as non-coding
       0                       50                      100
       1                       35                      333
       2                       11                      187
       3                        2                       80
       4                        0                       42
       5                        0                       22
       6                        0                        9
       7                        0                        2
       8                        0                        2
       9                        0                        0
Selected root coding ORFs number: 98
Rejected non-coding ORFs number: 777
Remaining ORFs number: 760

Select coding ORFs from remianing ORFs using a Fisher discriminant function...
Remaining: 456
Process overlapping genes...
Totally predict 223 genes.
Second run of TIS model.
Extract TUI and TUL genes (length >300bp)
TUI genes number: 97
TUL genes number: 33
Compare TUI TIS model with TUL TIS model...
Train TUI TIS model..
Train TUL TIS model..
Lamda > 0: TUL TIS model is similar to TUI TIS model.
Re-train TIS model....
Choose final TIS...
Predicted genes have been saved in file: /home3/katelyn/PATRIC/fna/869661.6.fna.MED
Detailed information for predicted TIS has been saved in /home3/katelyn/PATRIC/fna/869661.6.fna.MED.para
