Welcome to MED2.0
Genome file is /home3/katelyn/PATRIC/fna/876449.7.fna
sequence size: 41809
GC%: 0.47241

Number of exactcted ORFs: 433
Select root ORFs and first running of TIS model...
 iteration      Selected as coding    rejected as non-coding
       0                        7                       21
       1                        5                       38
       2                        1                       19
       3                        1                        5
       4                        0                        1
       5                        0                        0
Selected root coding ORFs number: 14
Rejected non-coding ORFs number: 84
Remaining ORFs number: 335

Select coding ORFs from remianing ORFs using a Fisher discriminant function...
Remaining: 270
Process overlapping genes...
Totally predict 71 genes.
Second run of TIS model.
Extract TUI and TUL genes (length >300bp)
TUI genes number: 30
TUL genes number: 16
Compare TUI TIS model with TUL TIS model...
Train TUI TIS model..
Train TUL TIS model..
Lamda < 0: TUL TIS model differs from TUI TIS model
Re-train TUI TIS model...
Re-train TUL TIS model...
Choose final TIS...
Predicted genes have been saved in file: /home3/katelyn/PATRIC/fna/876449.7.fna.MED
Detailed information for predicted TIS has been saved in /home3/katelyn/PATRIC/fna/876449.7.fna.MED.para
