Welcome to MED2.0
Genome file is /home3/katelyn/PATRIC/fna/879630.9.fna
sequence size: 225268
GC%: 0.429968

Number of exactcted ORFs: 2160
Select root ORFs and first running of TIS model...
 iteration      Selected as coding    rejected as non-coding
       0                       89                      155
       1                       78                      426
       2                        7                      158
       3                        1                       44
       4                        0                       25
       5                        0                        8
       6                        0                        6
       7                        0                        1
       8                        0                        0
Selected root coding ORFs number: 175
Rejected non-coding ORFs number: 823
Remaining ORFs number: 1162

Select coding ORFs from remianing ORFs using a Fisher discriminant function...
Remaining: 740
Process overlapping genes...
Totally predict 373 genes.
Second run of TIS model.
Extract TUI and TUL genes (length >300bp)
TUI genes number: 145
TUL genes number: 95
Compare TUI TIS model with TUL TIS model...
Train TUI TIS model..
Train TUL TIS model..
Lamda > 0: TUL TIS model is similar to TUI TIS model.
Re-train TIS model....
Choose final TIS...
Predicted genes have been saved in file: /home3/katelyn/PATRIC/fna/879630.9.fna.MED
Detailed information for predicted TIS has been saved in /home3/katelyn/PATRIC/fna/879630.9.fna.MED.para
