Welcome to MED2.0
Genome file is /home3/katelyn/PATRIC/fna/881915.8.fna
sequence size: 44546
GC%: 0.539914

Number of exactcted ORFs: 484
Select root ORFs and first running of TIS model...
 iteration      Selected as coding    rejected as non-coding
       0                       12                       50
       1                        6                      116
       2                        3                       36
       3                        0                       15
       4                        0                        5
       5                        0                        2
       6                        0                        0
Selected root coding ORFs number: 21
Rejected non-coding ORFs number: 224
Remaining ORFs number: 239

Select coding ORFs from remianing ORFs using a Fisher discriminant function...
Remaining: 143
Process overlapping genes...
Totally predict 62 genes.
Second run of TIS model.
Extract TUI and TUL genes (length >300bp)
TUI genes number: 25
TUL genes number: 11
Compare TUI TIS model with TUL TIS model...
Train TUI TIS model..
Train TUL TIS model..
Lamda > 0: TUL TIS model is similar to TUI TIS model.
Re-train TIS model....
Choose final TIS...
Predicted genes have been saved in file: /home3/katelyn/PATRIC/fna/881915.8.fna.MED
Detailed information for predicted TIS has been saved in /home3/katelyn/PATRIC/fna/881915.8.fna.MED.para
