Welcome to MED2.0
Genome file is /home3/katelyn/PATRIC/fna/889876.12.fna
sequence size: 45159
GC%: 0.376891

Number of exactcted ORFs: 405
Select root ORFs and first running of TIS model...
 iteration      Selected as coding    rejected as non-coding
       0                        3                        1
       1                        2                       17
       2                        1                       37
       3                        1                       32
       4                        0                       17
       5                        0                        7
       6                        0                        2
       7                        0                        3
       8                        0                        0
Selected root coding ORFs number: 7
Rejected non-coding ORFs number: 116
Remaining ORFs number: 282

Select coding ORFs from remianing ORFs using a Fisher discriminant function...
Remaining: 212
Process overlapping genes...
Totally predict 91 genes.
Second run of TIS model.
Extract TUI and TUL genes (length >300bp)
TUI genes number: 37
TUL genes number: 14
Compare TUI TIS model with TUL TIS model...
Train TUI TIS model..
Train TUL TIS model..
Lamda > 0: TUL TIS model is similar to TUI TIS model.
Re-train TIS model....
Choose final TIS...
Predicted genes have been saved in file: /home3/katelyn/PATRIC/fna/889876.12.fna.MED
Detailed information for predicted TIS has been saved in /home3/katelyn/PATRIC/fna/889876.12.fna.MED.para
