Welcome to MED2.0
Genome file is /home3/katelyn/PATRIC/fna/889956.7.fna
sequence size: 180977
GC%: 0.377645

Number of exactcted ORFs: 1441
Select root ORFs and first running of TIS model...
 iteration      Selected as coding    rejected as non-coding
       0                       27                       19
       1                       43                      102
       2                       21                      195
       3                        1                      184
       4                        0                      103
       5                        0                       32
       6                        0                       15
       7                        0                        2
       8                        0                        0
Selected root coding ORFs number: 92
Rejected non-coding ORFs number: 652
Remaining ORFs number: 697

Select coding ORFs from remianing ORFs using a Fisher discriminant function...
Remaining: 371
Process overlapping genes...
Totally predict 238 genes.
Second run of TIS model.
Extract TUI and TUL genes (length >300bp)
TUI genes number: 107
TUL genes number: 35
Compare TUI TIS model with TUL TIS model...
Train TUI TIS model..
Train TUL TIS model..
Lamda < 0: TUL TIS model differs from TUI TIS model
Re-train TUI TIS model....
Re-train TUL TIS model...
Choose final TIS...
Predicted genes have been saved in file: /home3/katelyn/PATRIC/fna/889956.7.fna.MED
Detailed information for predicted TIS has been saved in /home3/katelyn/PATRIC/fna/889956.7.fna.MED.para
