Welcome to MED2.0
Genome file is /home3/katelyn/PATRIC/fna/906668.9.fna
sequence size: 36661
GC%: 0.501896

Number of exactcted ORFs: 396
Select root ORFs and first running of TIS model...
 iteration      Selected as coding    rejected as non-coding
       0                       11                       29
       1                        5                       51
       2                        1                       23
       3                        0                        9
       4                        0                        2
       5                        0                        0
Selected root coding ORFs number: 17
Rejected non-coding ORFs number: 114
Remaining ORFs number: 265

Select coding ORFs from remianing ORFs using a Fisher discriminant function...
Remaining: 215
Process overlapping genes...
Totally predict 68 genes.
Second run of TIS model.
Extract TUI and TUL genes (length >300bp)
TUI genes number: 24
TUL genes number: 13
Compare TUI TIS model with TUL TIS model...
Train TUI TIS model..
Train TUL TIS model..
Lamda < 0: TUL TIS model differs from TUI TIS model
Re-train TUI TIS model...
Re-train TUL TIS model..
Choose final TIS...
Predicted genes have been saved in file: /home3/katelyn/PATRIC/fna/906668.9.fna.MED
Detailed information for predicted TIS has been saved in /home3/katelyn/PATRIC/fna/906668.9.fna.MED.para
