Welcome to MED2.0
Genome file is /home3/katelyn/PATRIC/fna/910473.9.fna
sequence size: 37236
GC%: 0.637072

Number of exactcted ORFs: 405
Select root ORFs and first running of TIS model...
 iteration      Selected as coding    rejected as non-coding
       0                       35                      130
       1                        8                       25
       2                        0                        4
       3                        0                        2
       4                        0                        0
Selected root coding ORFs number: 43
Rejected non-coding ORFs number: 183
Remaining ORFs number: 179
Select coding ORFs from remianing ORFs using Fisher discriminant functions...
Remaining: 123
Process overlapping genes...
Totally predict 55 genes.
Second run of TIS model.
Extract TUI and TUL genes (length >300bp)
TUI genes number: 19
TUL genes number: 20
Compare TUI TIS model with TUL TIS model...
Train TUI TIS model..
Train TUL TIS model..
Lamda > 0: TUL TIS model is similar to TUI TIS model.
Re-train TIS model....
Choose final TIS...
Predicted genes have been saved in file: /home3/katelyn/PATRIC/fna/910473.9.fna.MED
Detailed information for predicted TIS has been saved in /home3/katelyn/PATRIC/fna/910473.9.fna.MED.para
