Welcome to MED2.0
Genome file is /home3/katelyn/PATRIC/fna/910474.9.fna
sequence size: 40555
GC%: 0.632252

Number of exactcted ORFs: 428
Select root ORFs and first running of TIS model...
 iteration      Selected as coding    rejected as non-coding
       0                       40                      122
       1                        4                       23
       2                        0                        0
Selected root coding ORFs number: 44
Rejected non-coding ORFs number: 175
Remaining ORFs number: 209
Select coding ORFs from remianing ORFs using Fisher discriminant functions...
Remaining: 143
Process overlapping genes...
Totally predict 55 genes.
Second run of TIS model.
Extract TUI and TUL genes (length >300bp)
TUI genes number: 16
TUL genes number: 22
Compare TUI TIS model with TUL TIS model...
Train TUI TIS model..
Train TUL TIS model..
Lamda > 0: TUL TIS model is similar to TUI TIS model.
Re-train TIS model...
Choose final TIS...
Predicted genes have been saved in file: /home3/katelyn/PATRIC/fna/910474.9.fna.MED
Detailed information for predicted TIS has been saved in /home3/katelyn/PATRIC/fna/910474.9.fna.MED.para
