Welcome to MED2.0
Genome file is /home3/katelyn/PATRIC/fna/925986.10.fna
sequence size: 84565
GC%: 0.438302

Number of exactcted ORFs: 783
Select root ORFs and first running of TIS model...
 iteration      Selected as coding    rejected as non-coding
       0                       24                        1
       1                       18                        1
       2                        3                        2
       3                        0                        3
       4                        0                        7
       5                        0                       17
       6                        0                       52
       7                        0                       59
       8                        0                       33
       9                        0                       36
      10                        0                       26
      11                        0                       26
      12                        0                       16
      13                        0                        7
      14                        0                        1
      15                        0                        0
Selected root coding ORFs number: 45
Rejected non-coding ORFs number: 287
Remaining ORFs number: 451

Select coding ORFs from remianing ORFs using a Fisher discriminant function...
Remaining: 276
Process overlapping genes...
Totally predict 146 genes.
Second run of TIS model.
Extract TUI and TUL genes (length >300bp)
TUI genes number: 55
TUL genes number: 27
Compare TUI TIS model with TUL TIS model...
Train TUI TIS model..
Train TUL TIS model..
Lamda > 0: TUL TIS model is similar to TUI TIS model.
Re-train TIS model....
Choose final TIS...
Predicted genes have been saved in file: /home3/katelyn/PATRIC/fna/925986.10.fna.MED
Detailed information for predicted TIS has been saved in /home3/katelyn/PATRIC/fna/925986.10.fna.MED.para
