Welcome to MED2.0
Genome file is /home3/katelyn/PATRIC/fna/926543.9.fna
sequence size: 5475
GC%: 0.616621

Number of exactcted ORFs: 59
Select root ORFs and first running of TIS model...
 iteration      Selected as coding    rejected as non-coding
Extrem low percentage for certain TIS.
Will omit the start codon column in the weight
matrix of starts
       0                        2                       52
Extrem low percentage for certain TIS.
Will omit the start codon column in the weight
matrix of starts
       1                        0                        0
Extrem low percentage for certain TIS.
Will omit the start codon column in the weight
matrix of starts
Selected root coding ORFs number: 2
Rejected non-coding ORFs number: 52
Remaining ORFs number: 5
Select coding ORFs from remianing ORFs using Fisher discriminant functions...
Remaining: 2
Process overlapping genes...
Totally predict 2 genes.
Second run of TIS model.
