Welcome to MED2.0
Genome file is /home3/katelyn/PATRIC/fna/926589.8.fna
sequence size: 156628
GC%: 0.445329

Number of exactcted ORFs: 1599
Select root ORFs and first running of TIS model...
 iteration      Selected as coding    rejected as non-coding
       0                       66                       96
       1                       30                      209
       2                        2                       97
       3                        0                       29
       4                        0                        9
       5                        0                        2
       6                        0                        0
Selected root coding ORFs number: 98
Rejected non-coding ORFs number: 442
Remaining ORFs number: 1059

Select coding ORFs from remianing ORFs using a Fisher discriminant function...
Remaining: 515
Process overlapping genes...
Totally predict 219 genes.
Second run of TIS model.
Extract TUI and TUL genes (length >300bp)
TUI genes number: 86
TUL genes number: 72
Compare TUI TIS model with TUL TIS model...
Train TUI TIS model..
Train TUL TIS model..
Lamda > 0: TUL TIS model is similar to TUI TIS model.
Re-train TIS model..
Choose final TIS...
Predicted genes have been saved in file: /home3/katelyn/PATRIC/fna/926589.8.fna.MED
Detailed information for predicted TIS has been saved in /home3/katelyn/PATRIC/fna/926589.8.fna.MED.para
