Welcome to MED2.0
Genome file is /home3/katelyn/PATRIC/fna/929833.7.fna
sequence size: 53102
GC%: 0.571636

Number of exactcted ORFs: 638
Select root ORFs and first running of TIS model...
 iteration      Selected as coding    rejected as non-coding
       0                       72                       59
       1                       41                       18
       2                       17                        2
       3                        6                        0
       4                        2                        0
       5                        0                        0
Selected root coding ORFs number: 138
Rejected non-coding ORFs number: 105
Remaining ORFs number: 395
Select coding ORFs from remianing ORFs using Fisher discriminant functions...
Remaining: 338
Process overlapping genes...
Totally predict 86 genes.
Second run of TIS model.
Extract TUI and TUL genes (length >300bp)
TUI genes number: 34
TUL genes number: 27
Compare TUI TIS model with TUL TIS model...
Train TUI TIS model..
Train TUL TIS model..
Lamda < 0: TUL TIS model differs from TUI TIS model
Re-train TUI TIS model...
Re-train TUL TIS model...
Choose final TIS...
Predicted genes have been saved in file: /home3/katelyn/PATRIC/fna/929833.7.fna.MED
Detailed information for predicted TIS has been saved in /home3/katelyn/PATRIC/fna/929833.7.fna.MED.para
