Welcome to MED2.0
Genome file is /home3/katelyn/PATRIC/fna/942016.8.fna
sequence size: 59080
GC%: 0.368754

Number of exactcted ORFs: 405
Select root ORFs and first running of TIS model...
 iteration      Selected as coding    rejected as non-coding
       0                       10                        3
       1                        6                        6
       2                        3                       12
       3                        2                       20
       4                        0                       18
       5                        0                       10
       6                        0                        8
       7                        0                       13
       8                        0                       13
       9                        0                        9
      10                        0                        6
      11                        0                        0
Selected root coding ORFs number: 21
Rejected non-coding ORFs number: 118
Remaining ORFs number: 266

Select coding ORFs from remianing ORFs using a Fisher discriminant function...
Remaining: 199
Process overlapping genes...
Totally predict 79 genes.
Second run of TIS model.
Extract TUI and TUL genes (length >300bp)
TUI genes number: 35
TUL genes number: 12
Compare TUI TIS model with TUL TIS model...
Train TUI TIS model..
Train TUL TIS model..
Lamda > 0: TUL TIS model is similar to TUI TIS model.
Re-train TIS model....
Choose final TIS...
Predicted genes have been saved in file: /home3/katelyn/PATRIC/fna/942016.8.fna.MED
Detailed information for predicted TIS has been saved in /home3/katelyn/PATRIC/fna/942016.8.fna.MED.para
