Welcome to MED2.0
Genome file is /home3/katelyn/PATRIC/fna/942165.9.fna
sequence size: 40973
GC%: 0.562712

Number of exactcted ORFs: 405
Select root ORFs and first running of TIS model...
 iteration      Selected as coding    rejected as non-coding
       0                       41                       94
       1                        7                       30
       2                        2                        7
Extrem low percentage for certain TIS.
Will omit the start codon column in the weight
matrix of starts
       3                        0                        2
Extrem low percentage for certain TIS.
Will omit the start codon column in the weight
matrix of starts
       4                        0                        1
Extrem low percentage for certain TIS.
Will omit the start codon column in the weight
matrix of starts
       5                        0                        0
Extrem low percentage for certain TIS.
Will omit the start codon column in the weight
matrix of starts
Selected root coding ORFs number: 50
Rejected non-coding ORFs number: 187
Remaining ORFs number: 168
Select coding ORFs from remianing ORFs using Fisher discriminant functions...
Remaining: 130
Process overlapping genes...
Totally predict 64 genes.
Second run of TIS model.
Extract TUI and TUL genes (length >300bp)
TUI genes number: 20
TUL genes number: 16
Compare TUI TIS model with TUL TIS model...
Train TUI TIS model.Extrem low percentage for certain TIS.
Will omit the start codon column in the weight
matrix of starts
.Extrem low percentage for certain TIS.
Will omit the start codon column in the weight
matrix of starts

Train TUL TIS model..
Lamda > 0: TUL TIS model is similar to TUI TIS model.
Re-train TIS model..
Choose final TIS...
Predicted genes have been saved in file: /home3/katelyn/PATRIC/fna/942165.9.fna.MED
Detailed information for predicted TIS has been saved in /home3/katelyn/PATRIC/fna/942165.9.fna.MED.para
