Welcome to MED2.0
Genome file is /home3/katelyn/PATRIC/fna/943335.10.fna
sequence size: 43032
GC%: 0.553518

Number of exactcted ORFs: 458
Select root ORFs and first running of TIS model...
 iteration      Selected as coding    rejected as non-coding
       0                        8                       19
       1                        2                       86
       2                        1                       81
       3                        0                       22
       4                        0                        5
       5                        0                        2
       6                        0                        1
       7                        0                        0
Selected root coding ORFs number: 11
Rejected non-coding ORFs number: 216
Remaining ORFs number: 231

Select coding ORFs from remianing ORFs using a Fisher discriminant function...
Remaining: 219
Process overlapping genes...
Totally predict 61 genes.
Second run of TIS model.
Extract TUI and TUL genes (length >300bp)
TUI genes number: 19
TUL genes number: 19
Compare TUI TIS model with TUL TIS model...
Train TUI TIS model..
Train TUL TIS model..
Lamda < 0: TUL TIS model differs from TUI TIS model
Re-train TUI TIS model...
Re-train TUL TIS model....
Choose final TIS...
Predicted genes have been saved in file: /home3/katelyn/PATRIC/fna/943335.10.fna.MED
Detailed information for predicted TIS has been saved in /home3/katelyn/PATRIC/fna/943335.10.fna.MED.para
