Welcome to MED2.0
Genome file is /home3/katelyn/PATRIC/fna/945083.5.fna
sequence size: 43015
GC%: 0.554318

Number of exactcted ORFs: 456
Select root ORFs and first running of TIS model...
 iteration      Selected as coding    rejected as non-coding
       0                        2                       40
       1                        6                      110
       2                        2                       32
       3                        0                        8
       4                        0                        4
       5                        0                        1
       6                        0                        3
       7                        0                        0
Selected root coding ORFs number: 10
Rejected non-coding ORFs number: 198
Remaining ORFs number: 248

Select coding ORFs from remianing ORFs using a Fisher discriminant function...
Remaining: 226
Process overlapping genes...
Totally predict 66 genes.
Second run of TIS model.
Extract TUI and TUL genes (length >300bp)
TUI genes number: 28
TUL genes number: 14
Compare TUI TIS model with TUL TIS model...
Train TUI TIS model..
Train TUL TIS model..
Lamda < 0: TUL TIS model differs from TUI TIS model
Re-train TUI TIS model...
Re-train TUL TIS model..
Choose final TIS...
Predicted genes have been saved in file: /home3/katelyn/PATRIC/fna/945083.5.fna.MED
Detailed information for predicted TIS has been saved in /home3/katelyn/PATRIC/fna/945083.5.fna.MED.para
