Welcome to MED2.0
Genome file is /home3/katelyn/PATRIC/fna/948071.10.fna
sequence size: 55282
GC%: 0.430882

Number of exactcted ORFs: 503
Select root ORFs and first running of TIS model...
 iteration      Selected as coding    rejected as non-coding
       0                        8                        5
       1                        3                       46
       2                        1                       85
       3                        0                       46
       4                        0                       36
       5                        0                       11
       6                        0                        5
       7                        0                        1
       8                        0                        0
Selected root coding ORFs number: 12
Rejected non-coding ORFs number: 235
Remaining ORFs number: 256

Select coding ORFs from remianing ORFs using a Fisher discriminant function...
Remaining: 171
Process overlapping genes...
Totally predict 88 genes.
Second run of TIS model.
Extract TUI and TUL genes (length >300bp)
TUI genes number: 47
TUL genes number: 11
Compare TUI TIS model with TUL TIS model...
Train TUI TIS model..
Train TUL TIS model..
Lamda > 0: TUL TIS model is similar to TUI TIS model.
Re-train TIS model....
Choose final TIS...
Predicted genes have been saved in file: /home3/katelyn/PATRIC/fna/948071.10.fna.MED
Detailed information for predicted TIS has been saved in /home3/katelyn/PATRIC/fna/948071.10.fna.MED.para
