Welcome to MED2.0
Genome file is /home3/katelyn/PATRIC/fna/979527.7.fna
sequence size: 128083
GC%: 0.37165

Number of exactcted ORFs: 1072
Select root ORFs and first running of TIS model...
 iteration      Selected as coding    rejected as non-coding
       0                       59                       38
       1                       55                      112
       2                       14                       71
       3                        0                       34
       4                        0                       16
       5                        0                        8
       6                        0                        2
       7                        0                        1
       8                        0                        0
Selected root coding ORFs number: 128
Rejected non-coding ORFs number: 282
Remaining ORFs number: 662

Select coding ORFs from remianing ORFs using a Fisher discriminant function...
Remaining: 453
Process overlapping genes...
Totally predict 253 genes.
Second run of TIS model.
Extract TUI and TUL genes (length >300bp)
TUI genes number: 86
TUL genes number: 45
Compare TUI TIS model with TUL TIS model...
Train TUI TIS model..
Train TUL TIS model..
Lamda > 0: TUL TIS model is similar to TUI TIS model.
Re-train TIS model......
Choose final TIS...
Predicted genes have been saved in file: /home3/katelyn/PATRIC/fna/979527.7.fna.MED
Detailed information for predicted TIS has been saved in /home3/katelyn/PATRIC/fna/979527.7.fna.MED.para
