Welcome to MED2.0
Genome file is /home3/katelyn/PATRIC/fna/979533.10.fna
sequence size: 49675
GC%: 0.426774

Number of exactcted ORFs: 437
Select root ORFs and first running of TIS model...
 iteration      Selected as coding    rejected as non-coding
       0                       14                       21
       1                        7                       34
       2                        1                       32
       3                        0                       24
       4                        0                        8
       5                        0                        5
       6                        0                        2
       7                        0                        1
       8                        0                        0
Selected root coding ORFs number: 22
Rejected non-coding ORFs number: 127
Remaining ORFs number: 288

Select coding ORFs from remianing ORFs using a Fisher discriminant function...
Remaining: 188
Process overlapping genes...
Totally predict 80 genes.
Second run of TIS model.
Extract TUI and TUL genes (length >300bp)
TUI genes number: 33
TUL genes number: 12
Compare TUI TIS model with TUL TIS model...
Train TUI TIS model..
Train TUL TIS model..
Lamda > 0: TUL TIS model is similar to TUI TIS model.
Re-train TIS model...
Choose final TIS...
Predicted genes have been saved in file: /home3/katelyn/PATRIC/fna/979533.10.fna.MED
Detailed information for predicted TIS has been saved in /home3/katelyn/PATRIC/fna/979533.10.fna.MED.para
