Welcome to MED2.0
Genome file is /home3/katelyn/PATRIC/fna/979531.7.fna
sequence size: 124497
GC%: 0.370941

Number of exactcted ORFs: 1038
Select root ORFs and first running of TIS model...
 iteration      Selected as coding    rejected as non-coding
       0                       57                       33
       1                       60                       95
       2                       13                       82
       3                        0                       42
       4                        0                       12
       5                        0                        6
       6                        0                        1
       7                        0                        0
Selected root coding ORFs number: 130
Rejected non-coding ORFs number: 271
Remaining ORFs number: 637

Select coding ORFs from remianing ORFs using a Fisher discriminant function...
Remaining: 484
Process overlapping genes...
Totally predict 257 genes.
Second run of TIS model.
Extract TUI and TUL genes (length >300bp)
TUI genes number: 83
TUL genes number: 46
Compare TUI TIS model with TUL TIS model...
Train TUI TIS model..
Train TUL TIS model..
Lamda > 0: TUL TIS model is similar to TUI TIS model.
Re-train TIS model.....
Choose final TIS...
Predicted genes have been saved in file: /home3/katelyn/PATRIC/fna/979531.7.fna.MED
Detailed information for predicted TIS has been saved in /home3/katelyn/PATRIC/fna/979531.7.fna.MED.para
