Welcome to MED2.0
Genome file is /home3/katelyn/PATRIC/fna/979528.7.fna
sequence size: 129373
GC%: 0.371028

Number of exactcted ORFs: 1087
Select root ORFs and first running of TIS model...
 iteration      Selected as coding    rejected as non-coding
       0                       59                       40
       1                       53                      112
       2                       14                       80
       3                        2                       35
       4                        0                        8
       5                        0                        3
       6                        0                        1
       7                        0                        0
Selected root coding ORFs number: 128
Rejected non-coding ORFs number: 279
Remaining ORFs number: 680

Select coding ORFs from remianing ORFs using a Fisher discriminant function...
Remaining: 408
Process overlapping genes...
Totally predict 255 genes.
Second run of TIS model.
Extract TUI and TUL genes (length >300bp)
TUI genes number: 86
TUL genes number: 45
Compare TUI TIS model with TUL TIS model...
Train TUI TIS model..
Train TUL TIS model..
Lamda > 0: TUL TIS model is similar to TUI TIS model.
Re-train TIS model.....
Choose final TIS...
Predicted genes have been saved in file: /home3/katelyn/PATRIC/fna/979528.7.fna.MED
Detailed information for predicted TIS has been saved in /home3/katelyn/PATRIC/fna/979528.7.fna.MED.para
