Welcome to MED2.0
Genome file is /home3/katelyn/PATRIC/fna/99179.9.fna
sequence size: 44929
GC%: 0.386276

Number of exactcted ORFs: 339
Select root ORFs and first running of TIS model...
 iteration      Selected as coding    rejected as non-coding
       0                        8                        5
       1                        5                       17
       2                        1                       22
       3                        1                       18
       4                        0                       12
       5                        0                        4
       6                        0                        1
       7                        0                        0
Selected root coding ORFs number: 15
Rejected non-coding ORFs number: 79
Remaining ORFs number: 245

Select coding ORFs from remianing ORFs using a Fisher discriminant function...
Remaining: 136
Process overlapping genes...
Totally predict 68 genes.
Second run of TIS model.
Extract TUI and TUL genes (length >300bp)
TUI genes number: 31
TUL genes number: 15
Compare TUI TIS model with TUL TIS model...
Train TUI TIS model..
Train TUL TIS model..
Lamda > 0: TUL TIS model is similar to TUI TIS model.
Re-train TIS model...
Choose final TIS...
Predicted genes have been saved in file: /home3/katelyn/PATRIC/fna/99179.9.fna.MED
Detailed information for predicted TIS has been saved in /home3/katelyn/PATRIC/fna/99179.9.fna.MED.para
